[2022-11-18 17:34:46,202]: Skip avahi_enable search...
[2022-11-18 17:34:46,203]: SSL is not enabled...
[2022-11-18 17:34:46,205]: [-> CONNECT           ] Connect to Host: 127.0.0.1:11083
[2022-11-18 17:34:46,208]: New staff_thing!!! name = sensor0
[2022-11-18 17:34:46,208]: [-> SUBSCRIBE         ] MT/RESULT/REGISTER/sensor0
[2022-11-18 17:34:46,209]: [-> SUBSCRIBE         ] MT/RESULT/UNREGISTER/sensor0
[2022-11-18 17:34:46,210]: [-> SUBSCRIBE         ] MT/RESULT/BINARY_VALUE/sensor0
[2022-11-18 17:34:46,211]: [_send_staff_RESULT_REGISTER] Register sensor0 complete!!!
[2022-11-18 17:34:46,212]: [TM_REGISTER         ] topic : TM/REGISTER/sensor0 payload : {
    "alive_cycle": 10,
    "functions": [
        {
            "arguments": [],
            "description": "",
            "energy": null,
            "exec_time": -1,
            "name": "__temperature",
            "return_type": "double",
skip... (print_packet mode=SoPPrintMode.ABBR)
[2022-11-18 17:34:46,258]: [MT_RESULT_REGISTER  ] topic : MT/RESULT/REGISTER/sensor0 payload : {
    "error": -4,
    "middleware_name": "SoPIoT-MW-Level1-0_000000000000"
}
[2022-11-18 17:34:46,259]: [DUP✔                 ] Thing lora_manager_thing_D8F3BC801CFB register success!
[2022-11-18 17:34:46,259]: [-> SUBSCRIBE         ] MT/EXECUTE/__temperature/sensor0/+/#
[2022-11-18 17:34:46,261]: [-> SUBSCRIBE         ] MT/EXECUTE/__temperature/sensor0
[2022-11-18 17:34:46,262]: [-> SUBSCRIBE         ] MT/EXECUTE/__humidity/sensor0/+/#
[2022-11-18 17:34:46,263]: [-> SUBSCRIBE         ] MT/EXECUTE/__humidity/sensor0
[2022-11-18 17:34:46,263]: [-> SUBSCRIBE         ] MT/EXECUTE/__pressure/sensor0/+/#
[2022-11-18 17:34:46,263]: [-> SUBSCRIBE         ] MT/EXECUTE/__pressure/sensor0
[2022-11-18 17:34:46,264]: [-> SUBSCRIBE         ] MT/EXECUTE/__ax/sensor0/+/#
[2022-11-18 17:34:46,264]: [-> SUBSCRIBE         ] MT/EXECUTE/__ax/sensor0
[2022-11-18 17:34:46,264]: [-> SUBSCRIBE         ] MT/EXECUTE/__ay/sensor0/+/#
[2022-11-18 17:34:46,265]: [-> SUBSCRIBE         ] MT/EXECUTE/__ay/sensor0
[2022-11-18 17:34:46,265]: [-> SUBSCRIBE         ] MT/EXECUTE/__az/sensor0/+/#
[2022-11-18 17:34:46,265]: [-> SUBSCRIBE         ] MT/EXECUTE/__az/sensor0
[2022-11-18 17:34:46,266]: [-> SUBSCRIBE         ] MT/EXECUTE/__moved/sensor0/+/#
[2022-11-18 17:34:46,266]: [-> SUBSCRIBE         ] MT/EXECUTE/__moved/sensor0
[2022-11-18 17:34:49,213]: [print_packet] Unexpected topic!!! : sensor0/temperature 
[2022-11-18 17:34:52,217]: [print_packet] Unexpected topic!!! : sensor0/humidity 
[2022-11-18 17:34:55,218]: [print_packet] Unexpected topic!!! : sensor0/pressure 
[2022-11-18 17:34:58,219]: [print_packet] Unexpected topic!!! : sensor0/ax 
[2022-11-18 17:35:01,222]: [print_packet] Unexpected topic!!! : sensor0/ay 
[2022-11-18 17:35:04,223]: [print_packet] Unexpected topic!!! : sensor0/az 
[2022-11-18 17:35:07,226]: [print_packet] Unexpected topic!!! : sensor0/moved 
[2022-11-18 17:35:07,228]: New staff_thing!!! name = sensor1
[2022-11-18 17:35:07,231]: [-> SUBSCRIBE         ] MT/RESULT/REGISTER/sensor1
[2022-11-18 17:35:07,234]: [TM_ALIVE            ] topic : TM/ALIVE/sensor0 payload : {}
[2022-11-18 17:35:07,235]: [-> SUBSCRIBE         ] MT/RESULT/UNREGISTER/sensor1
[2022-11-18 17:35:07,236]: [-> SUBSCRIBE         ] MT/RESULT/BINARY_VALUE/sensor1
[2022-11-18 17:35:07,236]: [_send_staff_RESULT_REGISTER] Register sensor1 complete!!!
[2022-11-18 17:35:07,238]: [TM_REGISTER         ] topic : TM/REGISTER/sensor1 payload : {
    "alive_cycle": 10,
    "functions": [
        {
            "arguments": [],
            "description": "",
            "energy": null,
            "exec_time": -1,
            "name": "__temperature",
            "return_type": "double",
skip... (print_packet mode=SoPPrintMode.ABBR)
[2022-11-18 17:35:07,239]: New staff_thing!!! name = sensor2
[2022-11-18 17:35:07,240]: [-> SUBSCRIBE         ] MT/RESULT/REGISTER/sensor2
[2022-11-18 17:35:07,241]: [-> SUBSCRIBE         ] MT/RESULT/UNREGISTER/sensor2
[2022-11-18 17:35:07,241]: [-> SUBSCRIBE         ] MT/RESULT/BINARY_VALUE/sensor2
[2022-11-18 17:35:07,243]: [_send_staff_RESULT_REGISTER] Register sensor2 complete!!!
[2022-11-18 17:35:07,245]: [TM_REGISTER         ] topic : TM/REGISTER/sensor2 payload : {
    "alive_cycle": 10,
    "functions": [
        {
            "arguments": [],
            "description": "",
            "energy": null,
            "exec_time": -1,
            "name": "__temperature",
            "return_type": "double",
skip... (print_packet mode=SoPPrintMode.ABBR)
[2022-11-18 17:35:07,246]: New staff_thing!!! name = sensor3
[2022-11-18 17:35:07,247]: [-> SUBSCRIBE         ] MT/RESULT/REGISTER/sensor3
[2022-11-18 17:35:07,247]: [-> SUBSCRIBE         ] MT/RESULT/UNREGISTER/sensor3
[2022-11-18 17:35:07,248]: [-> SUBSCRIBE         ] MT/RESULT/BINARY_VALUE/sensor3
[2022-11-18 17:35:07,252]: [_send_staff_RESULT_REGISTER] Register sensor3 complete!!!
[2022-11-18 17:35:07,252]: [TM_REGISTER         ] topic : TM/REGISTER/sensor3 payload : {
    "alive_cycle": 10,
    "functions": [
        {
            "arguments": [],
            "description": "",
            "energy": null,
            "exec_time": -1,
            "name": "__temperature",
            "return_type": "double",
skip... (print_packet mode=SoPPrintMode.ABBR)
[2022-11-18 17:35:07,253]: New staff_thing!!! name = sensor4
[2022-11-18 17:35:07,254]: [-> SUBSCRIBE         ] MT/RESULT/REGISTER/sensor4
[2022-11-18 17:35:07,254]: [-> SUBSCRIBE         ] MT/RESULT/UNREGISTER/sensor4
[2022-11-18 17:35:07,255]: [-> SUBSCRIBE         ] MT/RESULT/BINARY_VALUE/sensor4
[2022-11-18 17:35:07,257]: [_send_staff_RESULT_REGISTER] Register sensor4 complete!!!
[2022-11-18 17:35:07,261]: [TM_REGISTER         ] topic : TM/REGISTER/sensor4 payload : {
    "alive_cycle": 10,
    "functions": [
        {
            "arguments": [],
            "description": "",
            "energy": null,
            "exec_time": -1,
            "name": "__temperature",
            "return_type": "double",
skip... (print_packet mode=SoPPrintMode.ABBR)
[2022-11-18 17:35:07,302]: [MT_RESULT_REGISTER  ] topic : MT/RESULT/REGISTER/sensor1 payload : {
    "error": -4,
    "middleware_name": "SoPIoT-MW-Level1-0_000000000000"
}
[2022-11-18 17:35:07,302]: [MT_RESULT_REGISTER  ] topic : MT/RESULT/REGISTER/sensor2 payload : {
    "error": -4,
    "middleware_name": "SoPIoT-MW-Level1-0_000000000000"
}
[2022-11-18 17:35:07,303]: [DUP✔                 ] Thing lora_manager_thing_D8F3BC801CFB register success!
[2022-11-18 17:35:07,303]: [-> SUBSCRIBE         ] MT/EXECUTE/__temperature/sensor1/+/#
[2022-11-18 17:35:07,303]: [MT_RESULT_REGISTER  ] topic : MT/RESULT/REGISTER/sensor3 payload : {
    "error": -4,
    "middleware_name": "SoPIoT-MW-Level1-0_000000000000"
}
[2022-11-18 17:35:07,303]: [-> SUBSCRIBE         ] MT/EXECUTE/__temperature/sensor1
[2022-11-18 17:35:07,303]: [-> SUBSCRIBE         ] MT/EXECUTE/__humidity/sensor1/+/#
[2022-11-18 17:35:07,304]: [-> SUBSCRIBE         ] MT/EXECUTE/__humidity/sensor1
[2022-11-18 17:35:07,304]: [-> SUBSCRIBE         ] MT/EXECUTE/__pressure/sensor1/+/#
[2022-11-18 17:35:07,304]: [-> SUBSCRIBE         ] MT/EXECUTE/__pressure/sensor1
[2022-11-18 17:35:07,305]: [-> SUBSCRIBE         ] MT/EXECUTE/__ax/sensor1/+/#
[2022-11-18 17:35:07,305]: [-> SUBSCRIBE         ] MT/EXECUTE/__ax/sensor1
[2022-11-18 17:35:07,305]: [-> SUBSCRIBE         ] MT/EXECUTE/__ay/sensor1/+/#
[2022-11-18 17:35:07,305]: [-> SUBSCRIBE         ] MT/EXECUTE/__ay/sensor1
[2022-11-18 17:35:07,305]: [-> SUBSCRIBE         ] MT/EXECUTE/__az/sensor1/+/#
[2022-11-18 17:35:07,306]: [-> SUBSCRIBE         ] MT/EXECUTE/__az/sensor1
[2022-11-18 17:35:07,306]: [-> SUBSCRIBE         ] MT/EXECUTE/__moved/sensor1/+/#
[2022-11-18 17:35:07,307]: [-> SUBSCRIBE         ] MT/EXECUTE/__moved/sensor1
[2022-11-18 17:35:07,308]: [DUP✔                 ] Thing lora_manager_thing_D8F3BC801CFB register success!
[2022-11-18 17:35:07,309]: [-> SUBSCRIBE         ] MT/EXECUTE/__temperature/sensor2/+/#
[2022-11-18 17:35:07,309]: [-> SUBSCRIBE         ] MT/EXECUTE/__temperature/sensor2
[2022-11-18 17:35:07,310]: [-> SUBSCRIBE         ] MT/EXECUTE/__humidity/sensor2/+/#
[2022-11-18 17:35:07,310]: [-> SUBSCRIBE         ] MT/EXECUTE/__humidity/sensor2
[2022-11-18 17:35:07,310]: [-> SUBSCRIBE         ] MT/EXECUTE/__pressure/sensor2/+/#
[2022-11-18 17:35:07,310]: [-> SUBSCRIBE         ] MT/EXECUTE/__pressure/sensor2
[2022-11-18 17:35:07,310]: [-> SUBSCRIBE         ] MT/EXECUTE/__ax/sensor2/+/#
[2022-11-18 17:35:07,310]: [-> SUBSCRIBE         ] MT/EXECUTE/__ax/sensor2
[2022-11-18 17:35:07,310]: [-> SUBSCRIBE         ] MT/EXECUTE/__ay/sensor2/+/#
[2022-11-18 17:35:07,311]: [-> SUBSCRIBE         ] MT/EXECUTE/__ay/sensor2
[2022-11-18 17:35:07,311]: [-> SUBSCRIBE         ] MT/EXECUTE/__az/sensor2/+/#
[2022-11-18 17:35:07,311]: [-> SUBSCRIBE         ] MT/EXECUTE/__az/sensor2
[2022-11-18 17:35:07,311]: [-> SUBSCRIBE         ] MT/EXECUTE/__moved/sensor2/+/#
[2022-11-18 17:35:07,311]: [-> SUBSCRIBE         ] MT/EXECUTE/__moved/sensor2
[2022-11-18 17:35:07,313]: [DUP✔                 ] Thing lora_manager_thing_D8F3BC801CFB register success!
[2022-11-18 17:35:07,313]: [-> SUBSCRIBE         ] MT/EXECUTE/__temperature/sensor3/+/#
[2022-11-18 17:35:07,313]: [-> SUBSCRIBE         ] MT/EXECUTE/__temperature/sensor3
[2022-11-18 17:35:07,313]: [-> SUBSCRIBE         ] MT/EXECUTE/__humidity/sensor3/+/#
[2022-11-18 17:35:07,313]: [-> SUBSCRIBE         ] MT/EXECUTE/__humidity/sensor3
[2022-11-18 17:35:07,313]: [-> SUBSCRIBE         ] MT/EXECUTE/__pressure/sensor3/+/#
[2022-11-18 17:35:07,313]: [-> SUBSCRIBE         ] MT/EXECUTE/__pressure/sensor3
[2022-11-18 17:35:07,314]: [-> SUBSCRIBE         ] MT/EXECUTE/__ax/sensor3/+/#
[2022-11-18 17:35:07,314]: [-> SUBSCRIBE         ] MT/EXECUTE/__ax/sensor3
[2022-11-18 17:35:07,314]: [-> SUBSCRIBE         ] MT/EXECUTE/__ay/sensor3/+/#
[2022-11-18 17:35:07,314]: [-> SUBSCRIBE         ] MT/EXECUTE/__ay/sensor3
[2022-11-18 17:35:07,314]: [-> SUBSCRIBE         ] MT/EXECUTE/__az/sensor3/+/#
[2022-11-18 17:35:07,314]: [-> SUBSCRIBE         ] MT/EXECUTE/__az/sensor3
[2022-11-18 17:35:07,314]: [-> SUBSCRIBE         ] MT/EXECUTE/__moved/sensor3/+/#
[2022-11-18 17:35:07,315]: [-> SUBSCRIBE         ] MT/EXECUTE/__moved/sensor3
[2022-11-18 17:35:07,377]: [MT_RESULT_REGISTER  ] topic : MT/RESULT/REGISTER/sensor4 payload : {
    "error": -4,
    "middleware_name": "SoPIoT-MW-Level1-0_000000000000"
}
[2022-11-18 17:35:07,378]: [DUP✔                 ] Thing lora_manager_thing_D8F3BC801CFB register success!
[2022-11-18 17:35:07,378]: [-> SUBSCRIBE         ] MT/EXECUTE/__temperature/sensor4/+/#
[2022-11-18 17:35:07,379]: [-> SUBSCRIBE         ] MT/EXECUTE/__temperature/sensor4
[2022-11-18 17:35:07,379]: [-> SUBSCRIBE         ] MT/EXECUTE/__humidity/sensor4/+/#
[2022-11-18 17:35:07,379]: [-> SUBSCRIBE         ] MT/EXECUTE/__humidity/sensor4
[2022-11-18 17:35:07,380]: [-> SUBSCRIBE         ] MT/EXECUTE/__pressure/sensor4/+/#
[2022-11-18 17:35:07,380]: [-> SUBSCRIBE         ] MT/EXECUTE/__pressure/sensor4
[2022-11-18 17:35:07,380]: [-> SUBSCRIBE         ] MT/EXECUTE/__ax/sensor4/+/#
[2022-11-18 17:35:07,380]: [-> SUBSCRIBE         ] MT/EXECUTE/__ax/sensor4
[2022-11-18 17:35:07,380]: [-> SUBSCRIBE         ] MT/EXECUTE/__ay/sensor4/+/#
[2022-11-18 17:35:07,381]: [-> SUBSCRIBE         ] MT/EXECUTE/__ay/sensor4
[2022-11-18 17:35:07,382]: [-> SUBSCRIBE         ] MT/EXECUTE/__az/sensor4/+/#
[2022-11-18 17:35:07,382]: [-> SUBSCRIBE         ] MT/EXECUTE/__az/sensor4
[2022-11-18 17:35:07,382]: [-> SUBSCRIBE         ] MT/EXECUTE/__moved/sensor4/+/#
[2022-11-18 17:35:07,382]: [-> SUBSCRIBE         ] MT/EXECUTE/__moved/sensor4
[2022-11-18 17:35:10,234]: [print_packet] Unexpected topic!!! : sensor0/temperature 
[2022-11-18 17:35:13,237]: [print_packet] Unexpected topic!!! : sensor0/humidity 
[2022-11-18 17:35:16,237]: [print_packet] Unexpected topic!!! : sensor0/pressure 
[2022-11-18 17:35:17,155]: Ctrl + C Exit
