[2022-11-18 18:09:24,121]: Skip avahi_enable search...
[2022-11-18 18:09:24,121]: SSL is not enabled...
[2022-11-18 18:09:24,123]: [-> CONNECT           ] Connect to Host: 127.0.0.1:11083
[2022-11-18 18:09:24,126]: New staff_thing!!! name = sensor0
[2022-11-18 18:09:24,127]: [-> SUBSCRIBE         ] MT/RESULT/REGISTER/sensor0
[2022-11-18 18:09:24,128]: [MT_EXECUTE          ] topic : MT/EXECUTE/__temperature/sensor0 payload : {
    "type": "double",
    "value": 23.0
}
[2022-11-18 18:09:24,129]: [-> SUBSCRIBE         ] MT/RESULT/UNREGISTER/sensor0
[2022-11-18 18:09:24,130]: [-> SUBSCRIBE         ] MT/RESULT/BINARY_VALUE/sensor0
[2022-11-18 18:09:24,131]: [_send_staff_RESULT_REGISTER] Register sensor0 complete!!!
[2022-11-18 18:09:24,132]: [MT_EXECUTE          ] topic : MT/EXECUTE/__humidity/sensor0 payload : {
    "type": "double",
    "value": 77.1
}
[2022-11-18 18:09:24,134]: [MT_EXECUTE          ] topic : MT/EXECUTE/__pressure/sensor0 payload : {
    "type": "int",
    "value": 1018.4
}
[2022-11-18 18:09:24,135]: [MT_EXECUTE          ] topic : MT/EXECUTE/__ax/sensor0 payload : {
    "type": "int",
    "value": -28
}
[2022-11-18 18:09:24,138]: [MT_EXECUTE          ] topic : MT/EXECUTE/__ay/sensor0 payload : {
    "type": "int",
    "value": -85
}
[2022-11-18 18:09:24,140]: [MT_EXECUTE          ] topic : MT/EXECUTE/__az/sensor0 payload : {
    "type": "int",
    "value": 1044
}
[2022-11-18 18:09:24,141]: [MT_EXECUTE          ] topic : MT/EXECUTE/__moved/sensor0 payload : {
    "type": "int",
    "value": 0
}
[2022-11-18 18:09:24,144]: [TM_REGISTER         ] topic : TM/REGISTER/sensor0 payload : {
    "alive_cycle": 10,
    "functions": [
        {
            "arguments": [],
            "description": "",
            "energy": null,
            "exec_time": -1,
            "name": "__temperature",
            "return_type": "double",
skip... (print_packet mode=SoPPrintMode.ABBR)
[2022-11-18 18:09:24,164]: [MT_RESULT_REGISTER  ] topic : MT/RESULT/REGISTER/sensor0 payload : {
    "error": -4,
    "middleware_name": "SoPIoT-MW-Level1-0_000000000000"
}
[2022-11-18 18:09:24,165]: [DUP✔                 ] Thing lora_manager_thing_D8F3BC801CFB register success!
[2022-11-18 18:09:24,165]: [-> SUBSCRIBE         ] MT/EXECUTE/__temperature/sensor0/+/#
[2022-11-18 18:09:24,166]: [TM_ALIVE            ] topic : TM/ALIVE/sensor0 payload : {}
[2022-11-18 18:09:24,166]: [-> SUBSCRIBE         ] MT/EXECUTE/__temperature/sensor0
[2022-11-18 18:09:24,166]: [-> SUBSCRIBE         ] MT/EXECUTE/__humidity/sensor0/+/#
[2022-11-18 18:09:24,167]: [-> SUBSCRIBE         ] MT/EXECUTE/__humidity/sensor0
[2022-11-18 18:09:24,167]: [-> SUBSCRIBE         ] MT/EXECUTE/__pressure/sensor0/+/#
[2022-11-18 18:09:24,167]: [-> SUBSCRIBE         ] MT/EXECUTE/__pressure/sensor0
[2022-11-18 18:09:24,167]: [-> SUBSCRIBE         ] MT/EXECUTE/__ax/sensor0/+/#
[2022-11-18 18:09:24,168]: [-> SUBSCRIBE         ] MT/EXECUTE/__ax/sensor0
[2022-11-18 18:09:24,168]: [-> SUBSCRIBE         ] MT/EXECUTE/__ay/sensor0/+/#
[2022-11-18 18:09:24,168]: [-> SUBSCRIBE         ] MT/EXECUTE/__ay/sensor0
[2022-11-18 18:09:24,168]: [-> SUBSCRIBE         ] MT/EXECUTE/__az/sensor0/+/#
[2022-11-18 18:09:24,169]: [-> SUBSCRIBE         ] MT/EXECUTE/__az/sensor0
[2022-11-18 18:09:24,169]: [-> SUBSCRIBE         ] MT/EXECUTE/__moved/sensor0/+/#
[2022-11-18 18:09:24,170]: [-> SUBSCRIBE         ] MT/EXECUTE/__moved/sensor0
[2022-11-18 18:09:27,129]: [MT_EXECUTE          ] topic : MT/EXECUTE/__temperature/sensor0 payload : {
    "type": "double",
    "value": 23.0
}
[2022-11-18 18:09:27,133]: [MT_EXECUTE          ] topic : MT/EXECUTE/__humidity/sensor0 payload : {
    "type": "double",
    "value": 77.1
}
[2022-11-18 18:09:27,134]: [MT_EXECUTE          ] topic : MT/EXECUTE/__temperature/sensor0 payload : {
    "type": "double",
    "value": 23.0
}
[2022-11-18 18:09:27,136]: [MT_EXECUTE          ] topic : MT/EXECUTE/__pressure/sensor0 payload : {
    "type": "int",
    "value": 1018.3
}
[2022-11-18 18:09:27,137]: [MT_EXECUTE          ] topic : MT/EXECUTE/__humidity/sensor0 payload : {
    "type": "double",
    "value": 77.1
}
[2022-11-18 18:09:27,138]: Traceback message : Traceback (most recent call last):
  File "/home/jyeom/anaconda3/envs/py37tf26/lib/python3.7/site-packages/big_thing_py/big_thing.py", line 170, in _receive_message_thread_func
    self._handle_mqtt_message(recv_msg)
  File "/home/jyeom/anaconda3/envs/py37tf26/lib/python3.7/site-packages/big_thing_py/big_thing.py", line 253, in _handle_mqtt_message
    self._handle_MT_EXECUTE(msg)
  File "/home/jyeom/anaconda3/envs/py37tf26/lib/python3.7/site-packages/big_thing_py/manager_thing.py", line 380, in _handle_MT_EXECUTE
    execute_msg = SoPExecuteMessage(msg)
  File "/home/jyeom/anaconda3/envs/py37tf26/lib/python3.7/site-packages/big_thing_py/common/mqtt_message.py", line 159, in __init__
    self._scenario: str = self._payload['scenario']
KeyError: 'scenario'

Error: 'scenario'
[2022-11-18 18:09:27,185]: [MT_EXECUTE          ] topic : MT/EXECUTE/__pressure/sensor0 payload : {
    "type": "int",
    "value": 1018.3
}
[2022-11-18 18:09:45,465]: Ctrl + C Exit
