[2022-12-15 12:17:38,700]: Skip avahi_enable search...
[2022-12-15 12:17:38,701]: SSL is not enabled...
[2022-12-15 12:17:38,703]: [-> CONNECT           ] Connect to Host: 127.0.0.1:11083
[2022-12-15 12:17:38,704]: Register try 1
[2022-12-15 12:17:38,704]: [-> SUBSCRIBE         ] MT/RESULT/REGISTER/lora_manager_thing_D8F3BC801CFB
[2022-12-15 12:17:38,704]: [-> SUBSCRIBE         ] MT/RESULT/UNREGISTER/lora_manager_thing_D8F3BC801CFB
[2022-12-15 12:17:38,705]: [-> SUBSCRIBE         ] MT/RESULT/BINARY_VALUE/lora_manager_thing_D8F3BC801CFB
[2022-12-15 12:17:38,706]: [TM_REGISTER         ] topic : TM/REGISTER/lora_manager_thing_D8F3BC801CFB payload : {
    "alive_cycle": 60,
    "functions": [],
    "is_parallel": true,
    "is_super": false,
    "values": []
}
[2022-12-15 12:17:38,707]: Traceback message : Traceback (most recent call last):
  File "/home/jyeom/anaconda3/envs/py37tf26/lib/python3.7/site-packages/big_thing_py/manager_thing.py", line 172, in _scan_staff_message_thread_func
    raise Exception('Scan staff thing error')
Exception: Scan staff thing error

Error: Scan staff thing error
[2022-12-15 12:17:38,748]: [MT_RESULT_REGISTER  ] topic : MT/RESULT/REGISTER/lora_manager_thing_D8F3BC801CFB payload : {
    "error": -4,
    "middleware_name": "SoPIoT-MW-Level1-0_000000000000"
}
[2022-12-15 12:17:38,748]: [print_packet] Unexpected topic!!! : MT/RESULT/REGISTER/lora_manager_thing_D8F3BC801CFB 
[2022-12-15 12:17:38,748]: Wrong payload arrive... lora_manager_thing_D8F3BC801CFB should be arrive, not lora_manager_thing_D8F3BC801CFB
[2022-12-15 12:17:38,749]: Traceback message : Traceback (most recent call last):
  File "/home/jyeom/anaconda3/envs/py37tf26/lib/python3.7/site-packages/big_thing_py/big_thing.py", line 213, in _receive_message_thread_func
    self._handle_mqtt_message(recv_msg)
  File "/home/jyeom/anaconda3/envs/py37tf26/lib/python3.7/site-packages/big_thing_py/big_thing.py", line 286, in _handle_mqtt_message
    self._handle_MT_RESULT_REGISTER(msg)
  File "/home/jyeom/anaconda3/envs/py37tf26/lib/python3.7/site-packages/big_thing_py/manager_thing.py", line 261, in _handle_MT_RESULT_REGISTER
    raise
RuntimeError: No active exception to reraise

Error: No active exception to reraise
[2022-12-15 12:17:43,713]: Register try 2
[2022-12-15 12:17:43,713]: [-> SUBSCRIBE         ] MT/RESULT/REGISTER/lora_manager_thing_D8F3BC801CFB
[2022-12-15 12:17:43,714]: [-> SUBSCRIBE         ] MT/RESULT/UNREGISTER/lora_manager_thing_D8F3BC801CFB
[2022-12-15 12:17:43,714]: [-> SUBSCRIBE         ] MT/RESULT/BINARY_VALUE/lora_manager_thing_D8F3BC801CFB
[2022-12-15 12:17:44,935]: Ctrl + C Exit
[2022-12-15 12:17:44,936]: _alive_thread is terminated
[2022-12-15 12:17:44,936]: _value_publish_thread is terminated
[2022-12-15 12:17:44,936]: _scan_staff_message_thread is terminated
[2022-12-15 12:17:44,936]: _receive_staff_message_thread is terminated
[2022-12-15 12:17:44,936]: _publish_staff_message_thread is terminated
[2022-12-15 12:18:01,147]: Skip avahi_enable search...
[2022-12-15 12:18:01,148]: SSL is not enabled...
[2022-12-15 12:18:01,151]: [-> CONNECT           ] Connect to Host: 127.0.0.1:11083
[2022-12-15 12:18:01,152]: Register try 1
[2022-12-15 12:18:01,152]: [-> SUBSCRIBE         ] MT/RESULT/REGISTER/lora_manager_thing_D8F3BC801CFB
[2022-12-15 12:18:01,153]: [-> SUBSCRIBE         ] MT/RESULT/UNREGISTER/lora_manager_thing_D8F3BC801CFB
[2022-12-15 12:18:01,153]: [-> SUBSCRIBE         ] MT/RESULT/BINARY_VALUE/lora_manager_thing_D8F3BC801CFB
[2022-12-15 12:18:01,154]: [TM_REGISTER         ] topic : TM/REGISTER/lora_manager_thing_D8F3BC801CFB payload : {
    "alive_cycle": 60,
    "functions": [],
    "is_parallel": true,
    "is_super": false,
    "values": []
}
[2022-12-15 12:18:01,155]: Traceback message : Traceback (most recent call last):
  File "/home/jyeom/anaconda3/envs/py37tf26/lib/python3.7/site-packages/big_thing_py/manager_thing.py", line 180, in _scan_staff_message_thread_func
    staff_thing = self._create_staff(staff_thing_info)
  File "/home/jyeom/1214iot/big-thing-py-examples/manager_thing/lora_manager_thing/lora_manager_thing.py", line 199, in _create_staff
    idx = staff_thing_info.idx
AttributeError: 'dict' object has no attribute 'idx'

Error: 'dict' object has no attribute 'idx'
[2022-12-15 12:18:01,156]: [MT_RESULT_REGISTER  ] topic : MT/RESULT/REGISTER/lora_manager_thing_D8F3BC801CFB payload : {
    "error": -4,
    "middleware_name": "SoPIoT-MW-Level1-0_000000000000"
}
[2022-12-15 12:18:01,157]: [print_packet] Unexpected topic!!! : MT/RESULT/REGISTER/lora_manager_thing_D8F3BC801CFB 
[2022-12-15 12:18:01,158]: Wrong payload arrive... lora_manager_thing_D8F3BC801CFB should be arrive, not lora_manager_thing_D8F3BC801CFB
[2022-12-15 12:18:01,159]: Traceback message : Traceback (most recent call last):
  File "/home/jyeom/anaconda3/envs/py37tf26/lib/python3.7/site-packages/big_thing_py/big_thing.py", line 213, in _receive_message_thread_func
    self._handle_mqtt_message(recv_msg)
  File "/home/jyeom/anaconda3/envs/py37tf26/lib/python3.7/site-packages/big_thing_py/big_thing.py", line 286, in _handle_mqtt_message
    self._handle_MT_RESULT_REGISTER(msg)
  File "/home/jyeom/anaconda3/envs/py37tf26/lib/python3.7/site-packages/big_thing_py/manager_thing.py", line 261, in _handle_MT_RESULT_REGISTER
    raise
RuntimeError: No active exception to reraise

Error: No active exception to reraise
[2022-12-15 12:18:06,161]: Register try 2
[2022-12-15 12:18:06,161]: [-> SUBSCRIBE         ] MT/RESULT/REGISTER/lora_manager_thing_D8F3BC801CFB
[2022-12-15 12:18:06,161]: [-> SUBSCRIBE         ] MT/RESULT/UNREGISTER/lora_manager_thing_D8F3BC801CFB
[2022-12-15 12:18:06,161]: [-> SUBSCRIBE         ] MT/RESULT/BINARY_VALUE/lora_manager_thing_D8F3BC801CFB
[2022-12-15 12:18:11,169]: Register try 3
[2022-12-15 12:18:11,169]: [-> SUBSCRIBE         ] MT/RESULT/REGISTER/lora_manager_thing_D8F3BC801CFB
[2022-12-15 12:18:11,169]: [-> SUBSCRIBE         ] MT/RESULT/UNREGISTER/lora_manager_thing_D8F3BC801CFB
[2022-12-15 12:18:11,170]: [-> SUBSCRIBE         ] MT/RESULT/BINARY_VALUE/lora_manager_thing_D8F3BC801CFB
[2022-12-15 12:18:15,790]: Ctrl + C Exit
[2022-12-15 12:18:15,790]: _alive_thread is terminated
[2022-12-15 12:18:15,791]: _value_publish_thread is terminated
[2022-12-15 12:18:15,791]: _scan_staff_message_thread is terminated
[2022-12-15 12:18:15,791]: _receive_staff_message_thread is terminated
[2022-12-15 12:18:15,791]: _publish_staff_message_thread is terminated
