[2022-12-15 18:37:49,559]: Skip avahi_enable search...
[2022-12-15 18:37:49,559]: SSL is not enabled...
[2022-12-15 18:37:49,561]: [-> CONNECT           ] Connect to Host: 127.0.0.1:11083
[2022-12-15 18:37:49,562]: Register try 1
[2022-12-15 18:37:49,562]: [-> SUBSCRIBE         ] MT/RESULT/REGISTER/lora_manager_thing_D8F3BC801CFB
[2022-12-15 18:37:49,563]: [-> SUBSCRIBE         ] MT/RESULT/UNREGISTER/lora_manager_thing_D8F3BC801CFB
[2022-12-15 18:37:49,564]: [-> SUBSCRIBE         ] MT/RESULT/BINARY_VALUE/lora_manager_thing_D8F3BC801CFB
[2022-12-15 18:37:49,565]: New staff_thing!!! name: [sensor1]
[2022-12-15 18:37:49,566]: [-> SUBSCRIBE         ] MT/RESULT/REGISTER/sensor1
[2022-12-15 18:37:49,567]: [TM_REGISTER         ] topic : TM/REGISTER/lora_manager_thing_D8F3BC801CFB payload : {
    "alive_cycle": 60,
    "functions": [],
    "is_parallel": true,
    "is_super": false,
    "values": []
}
[2022-12-15 18:37:49,567]: [-> SUBSCRIBE         ] MT/RESULT/UNREGISTER/sensor1
[2022-12-15 18:37:49,568]: [-> SUBSCRIBE         ] MT/RESULT/BINARY_VALUE/sensor1
[2022-12-15 18:37:49,571]: [TM_REGISTER         ] topic : TM/REGISTER/sensor1 payload : {
    "alive_cycle": 10,
    "functions": [
        {
            "arguments": [],
            "description": "",
            "energy": null,
            "exec_time": 10000,
            "name": "__temperature",
            "return_type": "double",
skip... (print_packet mode=SoPPrintMode.ABBR)
[2022-12-15 18:37:49,573]: [sensor1_temperature ] topic : sensor1/temperature payload : {
    "type": "double",
    "value": 29.3
}
[2022-12-15 18:37:49,575]: [sensor1_humidity    ] topic : sensor1/humidity payload : {
    "type": "double",
    "value": 29.0
}
[2022-12-15 18:37:49,577]: [sensor1_pressure    ] topic : sensor1/pressure payload : {
    "type": "int",
    "value": 996.3
}
[2022-12-15 18:37:49,579]: [sensor1_ax          ] topic : sensor1/ax payload : {
    "type": "int",
    "value": -11
}
[2022-12-15 18:37:49,581]: [sensor1_ay          ] topic : sensor1/ay payload : {
    "type": "int",
    "value": -30
}
[2022-12-15 18:37:49,584]: [sensor1_az          ] topic : sensor1/az payload : {
    "type": "int",
    "value": 1046
}
[2022-12-15 18:37:49,586]: [sensor1_moved       ] topic : sensor1/moved payload : {
    "type": "int",
    "value": 0
}
[2022-12-15 18:37:49,616]: [MT_RESULT_REGISTER  ] topic : MT/RESULT/REGISTER/lora_manager_thing_D8F3BC801CFB payload : {
    "error": -4,
    "middleware_name": "SoPIoT-MW-Level1-0_000000000000"
}
[2022-12-15 18:37:49,617]: [print_packet] Unexpected topic!!! : MT/RESULT/REGISTER/lora_manager_thing_D8F3BC801CFB 
[2022-12-15 18:37:49,618]: Wrong payload arrive... lora_manager_thing_D8F3BC801CFB should be arrive, not lora_manager_thing_D8F3BC801CFB
[2022-12-15 18:37:52,573]: [sensor1_temperature ] topic : sensor1/temperature payload : {
    "type": "double",
    "value": 29.4
}
[2022-12-15 18:37:52,575]: [sensor1_pressure    ] topic : sensor1/pressure payload : {
    "type": "int",
    "value": 995.6
}
[2022-12-15 18:37:52,577]: [sensor1_ax          ] topic : sensor1/ax payload : {
    "type": "int",
    "value": -9
}
[2022-12-15 18:37:52,579]: [sensor1_ay          ] topic : sensor1/ay payload : {
    "type": "int",
    "value": -27
}
[2022-12-15 18:37:52,581]: [sensor1_az          ] topic : sensor1/az payload : {
    "type": "int",
    "value": 1101
}
[2022-12-15 18:37:53,337]: [MT_RESULT_REGISTER  ] topic : MT/RESULT/REGISTER/sensor1 payload : {
    "error": -4,
    "middleware_name": "SoPIoT-MW-Level1-0_000000000000"
}
[2022-12-15 18:37:53,337]: [print_packet] Unexpected topic!!! : MT/RESULT/REGISTER/sensor1 
[2022-12-15 18:37:53,338]: [DUP✔                 ] Thing sensor1 register success!
[2022-12-15 18:37:55,575]: [sensor1_temperature ] topic : sensor1/temperature payload : {
    "type": "double",
    "value": 29.3
}
[2022-12-15 18:37:55,577]: [sensor1_humidity    ] topic : sensor1/humidity payload : {
    "type": "double",
    "value": 28.9
}
[2022-12-15 18:37:55,579]: [sensor1_pressure    ] topic : sensor1/pressure payload : {
    "type": "int",
    "value": 995.7
}
[2022-12-15 18:37:55,580]: [sensor1_ax          ] topic : sensor1/ax payload : {
    "type": "int",
    "value": -11
}
[2022-12-15 18:37:55,583]: [sensor1_ay          ] topic : sensor1/ay payload : {
    "type": "int",
    "value": -30
}
[2022-12-15 18:37:55,585]: [sensor1_az          ] topic : sensor1/az payload : {
    "type": "int",
    "value": 1045
}
[2022-12-15 18:37:58,576]: [sensor1_humidity    ] topic : sensor1/humidity payload : {
    "type": "double",
    "value": 29.0
}
[2022-12-15 18:37:58,578]: [sensor1_pressure    ] topic : sensor1/pressure payload : {
    "type": "int",
    "value": 995.8
}
[2022-12-15 18:37:58,580]: [sensor1_ax          ] topic : sensor1/ax payload : {
    "type": "int",
    "value": -9
}
[2022-12-15 18:37:58,582]: [sensor1_ay          ] topic : sensor1/ay payload : {
    "type": "int",
    "value": -27
}
[2022-12-15 18:37:58,584]: [sensor1_az          ] topic : sensor1/az payload : {
    "type": "int",
    "value": 1102
}
[2022-12-15 18:37:59,567]: New staff_thing!!! name: [sensor2]
[2022-12-15 18:37:59,568]: [-> SUBSCRIBE         ] MT/RESULT/REGISTER/sensor2
[2022-12-15 18:37:59,569]: [-> SUBSCRIBE         ] MT/RESULT/UNREGISTER/sensor2
[2022-12-15 18:37:59,569]: [-> SUBSCRIBE         ] MT/RESULT/BINARY_VALUE/sensor2
[2022-12-15 18:37:59,573]: [TM_REGISTER         ] topic : TM/REGISTER/sensor2 payload : {
    "alive_cycle": 10,
    "functions": [
        {
            "arguments": [],
            "description": "",
            "energy": null,
            "exec_time": 10000,
            "name": "__temperature",
            "return_type": "double",
skip... (print_packet mode=SoPPrintMode.ABBR)
[2022-12-15 18:37:59,574]: [sensor2_temperature ] topic : sensor2/temperature payload : {
    "type": "double",
    "value": 29.3
}
[2022-12-15 18:37:59,577]: [sensor2_humidity    ] topic : sensor2/humidity payload : {
    "type": "double",
    "value": 29.0
}
[2022-12-15 18:37:59,579]: [sensor2_pressure    ] topic : sensor2/pressure payload : {
    "type": "int",
    "value": 995.8
}
[2022-12-15 18:37:59,581]: [sensor2_ax          ] topic : sensor2/ax payload : {
    "type": "int",
    "value": -9
}
[2022-12-15 18:37:59,583]: [sensor2_ay          ] topic : sensor2/ay payload : {
    "type": "int",
    "value": -27
}
[2022-12-15 18:37:59,585]: [sensor2_az          ] topic : sensor2/az payload : {
    "type": "int",
    "value": 1102
}
[2022-12-15 18:37:59,588]: [sensor2_moved       ] topic : sensor2/moved payload : {
    "type": "int",
    "value": 0
}
[2022-12-15 18:37:59,734]: [MT_RESULT_REGISTER  ] topic : MT/RESULT/REGISTER/sensor2 payload : {
    "error": 0,
    "middleware_name": "SoPIoT-MW-Level1-0_000000000000"
}
[2022-12-15 18:37:59,734]: [print_packet] Unexpected topic!!! : MT/RESULT/REGISTER/sensor2 
[2022-12-15 18:37:59,735]: [✔✔✔                  ] Thing sensor2 register success!
[2022-12-15 18:38:02,571]: [sensor2_pressure    ] topic : sensor2/pressure payload : {
    "type": "int",
    "value": 995.4
}
[2022-12-15 18:38:02,574]: [sensor2_ax          ] topic : sensor2/ax payload : {
    "type": "int",
    "value": -10
}
[2022-12-15 18:38:02,578]: [sensor2_ay          ] topic : sensor2/ay payload : {
    "type": "int",
    "value": -31
}
[2022-12-15 18:38:02,581]: [sensor2_az          ] topic : sensor2/az payload : {
    "type": "int",
    "value": 1045
}
[2022-12-15 18:38:05,572]: [sensor2_humidity    ] topic : sensor2/humidity payload : {
    "type": "double",
    "value": 28.9
}
[2022-12-15 18:38:05,574]: [sensor2_pressure    ] topic : sensor2/pressure payload : {
    "type": "int",
    "value": 995.2
}
[2022-12-15 18:38:05,576]: [sensor2_ay          ] topic : sensor2/ay payload : {
    "type": "int",
    "value": -28
}
[2022-12-15 18:38:05,579]: [sensor2_az          ] topic : sensor2/az payload : {
    "type": "int",
    "value": 1101
}
[2022-12-15 18:38:08,573]: [sensor2_ay          ] topic : sensor2/ay payload : {
    "type": "int",
    "value": -30
}
[2022-12-15 18:38:08,575]: [sensor2_az          ] topic : sensor2/az payload : {
    "type": "int",
    "value": 1046
}
[2022-12-15 18:38:09,569]: New staff_thing!!! name: [sensor3]
[2022-12-15 18:38:09,573]: [-> SUBSCRIBE         ] MT/RESULT/REGISTER/sensor3
[2022-12-15 18:38:09,573]: [-> SUBSCRIBE         ] MT/RESULT/UNREGISTER/sensor3
[2022-12-15 18:38:09,574]: [-> SUBSCRIBE         ] MT/RESULT/BINARY_VALUE/sensor3
[2022-12-15 18:38:09,580]: [TM_REGISTER         ] topic : TM/REGISTER/sensor3 payload : {
    "alive_cycle": 10,
    "functions": [
        {
            "arguments": [],
            "description": "",
            "energy": null,
            "exec_time": 10000,
            "name": "__temperature",
            "return_type": "double",
skip... (print_packet mode=SoPPrintMode.ABBR)
[2022-12-15 18:38:09,584]: [sensor3_temperature ] topic : sensor3/temperature payload : {
    "type": "double",
    "value": 29.3
}
[2022-12-15 18:38:09,587]: [sensor3_humidity    ] topic : sensor3/humidity payload : {
    "type": "double",
    "value": 28.9
}
[2022-12-15 18:38:09,590]: [sensor3_pressure    ] topic : sensor3/pressure payload : {
    "type": "int",
    "value": 995.2
}
[2022-12-15 18:38:09,593]: [sensor3_ax          ] topic : sensor3/ax payload : {
    "type": "int",
    "value": -10
}
[2022-12-15 18:38:09,595]: [sensor3_ay          ] topic : sensor3/ay payload : {
    "type": "int",
    "value": -30
}
[2022-12-15 18:38:09,597]: [sensor3_az          ] topic : sensor3/az payload : {
    "type": "int",
    "value": 1046
}
[2022-12-15 18:38:09,599]: [sensor3_moved       ] topic : sensor3/moved payload : {
    "type": "int",
    "value": 0
}
[2022-12-15 18:38:09,744]: [MT_RESULT_REGISTER  ] topic : MT/RESULT/REGISTER/sensor3 payload : {
    "error": 0,
    "middleware_name": "SoPIoT-MW-Level1-0_000000000000"
}
[2022-12-15 18:38:09,744]: [print_packet] Unexpected topic!!! : MT/RESULT/REGISTER/sensor3 
[2022-12-15 18:38:09,746]: [✔✔✔                  ] Thing sensor3 register success!
[2022-12-15 18:38:12,578]: [sensor3_humidity    ] topic : sensor3/humidity payload : {
    "type": "double",
    "value": 28.8
}
[2022-12-15 18:38:12,581]: [sensor3_ax          ] topic : sensor3/ax payload : {
    "type": "int",
    "value": -9
}
[2022-12-15 18:38:12,583]: [sensor3_ay          ] topic : sensor3/ay payload : {
    "type": "int",
    "value": -28
}
[2022-12-15 18:38:12,585]: [sensor3_az          ] topic : sensor3/az payload : {
    "type": "int",
    "value": 1102
}
[2022-12-15 18:38:15,066]: Ctrl + C Exit
[2022-12-15 18:38:15,067]: [TM_UNREGISTER       ] topic : TM/UNREGISTER/sensor3 payload : {}
[2022-12-15 18:38:15,089]: [MT_RESULT_UNREGISTER] topic : MT/RESULT/UNREGISTER/sensor3 payload : {
    "error": -1
}
[2022-12-15 18:38:15,089]: [print_packet] Unexpected topic!!! : MT/RESULT/UNREGISTER/sensor3 
[2022-12-15 18:38:15,091]: [✖✖✖                  ] Thing lora_manager_thing_D8F3BC801CFB register packset was nonvaild
[2022-12-15 18:38:15,091]: [handle_MT_RESULT_UNREGISTER] Unregister failed... error code : -1
