[2022-12-15 17:07:50,279]: Skip avahi_enable search...
[2022-12-15 17:07:50,279]: SSL is not enabled...
[2022-12-15 17:07:50,281]: [-> CONNECT           ] Connect to Host: 127.0.0.1:11083
[2022-12-15 17:07:50,282]: Register try 1
[2022-12-15 17:07:50,282]: [-> SUBSCRIBE         ] MT/RESULT/REGISTER/lora_manager_thing_D8F3BC801CFB
[2022-12-15 17:07:50,282]: [-> SUBSCRIBE         ] MT/RESULT/UNREGISTER/lora_manager_thing_D8F3BC801CFB
[2022-12-15 17:07:50,283]: [-> SUBSCRIBE         ] MT/RESULT/BINARY_VALUE/lora_manager_thing_D8F3BC801CFB
[2022-12-15 17:07:50,283]: New staff_thing!!! name: [sensor0]
[2022-12-15 17:07:50,284]: [TM_REGISTER         ] topic : TM/REGISTER/lora_manager_thing_D8F3BC801CFB payload : {
    "alive_cycle": 60,
    "functions": [],
    "is_parallel": true,
    "is_super": false,
    "values": []
}
[2022-12-15 17:07:50,286]: [TM_ALIVE            ] topic : TM/ALIVE/sensor0 payload : {}
[2022-12-15 17:07:50,288]: [MT_RESULT_REGISTER  ] topic : MT/RESULT/REGISTER/lora_manager_thing_D8F3BC801CFB payload : {
    "error": -4,
    "middleware_name": "SoPIoT-MW-Level1-0_000000000000"
}
[2022-12-15 17:07:50,288]: [sensor0_temperature ] topic : sensor0/temperature payload : {
    "type": "double",
    "value": 28.6
}
[2022-12-15 17:07:50,289]: [print_packet] Unexpected topic!!! : MT/RESULT/REGISTER/lora_manager_thing_D8F3BC801CFB 
[2022-12-15 17:07:50,289]: Wrong payload arrive... lora_manager_thing_D8F3BC801CFB should be arrive, not lora_manager_thing_D8F3BC801CFB
[2022-12-15 17:07:50,291]: [sensor0_humidity    ] topic : sensor0/humidity payload : {
    "type": "double",
    "value": 27.7
}
[2022-12-15 17:07:50,292]: Traceback message : Traceback (most recent call last):
  File "/home/jyeom/anaconda3/envs/py37tf26/lib/python3.7/site-packages/big_thing_py/big_thing.py", line 213, in _receive_message_thread_func
    self._handle_mqtt_message(recv_msg)
  File "/home/jyeom/anaconda3/envs/py37tf26/lib/python3.7/site-packages/big_thing_py/big_thing.py", line 286, in _handle_mqtt_message
    self._handle_MT_RESULT_REGISTER(msg)
  File "/home/jyeom/anaconda3/envs/py37tf26/lib/python3.7/site-packages/big_thing_py/manager_thing.py", line 261, in _handle_MT_RESULT_REGISTER
    raise
RuntimeError: No active exception to reraise

Error: No active exception to reraise
[2022-12-15 17:07:55,290]: Register try 2
[2022-12-15 17:07:55,291]: [-> SUBSCRIBE         ] MT/RESULT/REGISTER/lora_manager_thing_D8F3BC801CFB
[2022-12-15 17:07:55,291]: [-> SUBSCRIBE         ] MT/RESULT/UNREGISTER/lora_manager_thing_D8F3BC801CFB
[2022-12-15 17:07:55,291]: [-> SUBSCRIBE         ] MT/RESULT/BINARY_VALUE/lora_manager_thing_D8F3BC801CFB
[2022-12-15 17:07:59,055]: Ctrl + C Exit
[2022-12-15 17:07:59,056]: _alive_thread is terminated
[2022-12-15 17:07:59,056]: _value_publish_thread is terminated
[2022-12-15 17:07:59,056]: _scan_staff_message_thread is terminated
[2022-12-15 17:07:59,056]: _receive_staff_message_thread is terminated
[2022-12-15 17:07:59,057]: _publish_staff_message_thread is terminated
