[2022-12-15 15:09:31,547]: Skip avahi_enable search...
[2022-12-15 15:09:31,547]: SSL is not enabled...
[2022-12-15 15:09:31,549]: [-> CONNECT           ] Connect to Host: 127.0.0.1:11083
[2022-12-15 15:09:31,550]: Register try 1
[2022-12-15 15:09:31,550]: [-> SUBSCRIBE         ] MT/RESULT/REGISTER/lora_manager_thing_D8F3BC801CFB
[2022-12-15 15:09:31,551]: New staff_thing!!! name: [sensor0]
[2022-12-15 15:09:31,552]: [-> SUBSCRIBE         ] MT/RESULT/UNREGISTER/lora_manager_thing_D8F3BC801CFB
[2022-12-15 15:09:31,553]: [-> SUBSCRIBE         ] MT/RESULT/BINARY_VALUE/lora_manager_thing_D8F3BC801CFB
[2022-12-15 15:09:31,554]: [-> SUBSCRIBE         ] MT/RESULT/REGISTER/sensor0
[2022-12-15 15:09:31,555]: [TM_ALIVE            ] topic : TM/ALIVE/sensor0 payload : {}
[2022-12-15 15:09:31,555]: [-> SUBSCRIBE         ] MT/RESULT/UNREGISTER/sensor0
[2022-12-15 15:09:31,556]: [-> SUBSCRIBE         ] MT/RESULT/BINARY_VALUE/sensor0
[2022-12-15 15:09:31,558]: [TM_REGISTER         ] topic : TM/REGISTER/lora_manager_thing_D8F3BC801CFB payload : {
    "alive_cycle": 60,
    "functions": [],
    "is_parallel": true,
    "is_super": false,
    "values": []
}
[2022-12-15 15:09:31,561]: [TM_ALIVE            ] topic : TM/ALIVE/sensor0 payload : {}
[2022-12-15 15:09:31,562]: [MT_RESULT_REGISTER  ] topic : MT/RESULT/REGISTER/lora_manager_thing_D8F3BC801CFB payload : {
    "error": -4,
    "middleware_name": "SoPIoT-MW-Level1-0_000000000000"
}
[2022-12-15 15:09:31,562]: [print_packet] Unexpected topic!!! : MT/RESULT/REGISTER/lora_manager_thing_D8F3BC801CFB 
[2022-12-15 15:09:31,563]: [TM_ALIVE            ] topic : TM/ALIVE/sensor0 payload : {}
[2022-12-15 15:09:31,563]: Wrong payload arrive... lora_manager_thing_D8F3BC801CFB should be arrive, not lora_manager_thing_D8F3BC801CFB
[2022-12-15 15:09:31,564]: Traceback message : Traceback (most recent call last):
  File "/home/jyeom/anaconda3/envs/py37tf26/lib/python3.7/site-packages/big_thing_py/big_thing.py", line 213, in _receive_message_thread_func
    self._handle_mqtt_message(recv_msg)
  File "/home/jyeom/anaconda3/envs/py37tf26/lib/python3.7/site-packages/big_thing_py/big_thing.py", line 286, in _handle_mqtt_message
    self._handle_MT_RESULT_REGISTER(msg)
  File "/home/jyeom/anaconda3/envs/py37tf26/lib/python3.7/site-packages/big_thing_py/manager_thing.py", line 261, in _handle_MT_RESULT_REGISTER
    raise
RuntimeError: No active exception to reraise

Error: No active exception to reraise
[2022-12-15 15:09:36,561]: Register try 2
[2022-12-15 15:09:36,561]: [-> SUBSCRIBE         ] MT/RESULT/REGISTER/lora_manager_thing_D8F3BC801CFB
[2022-12-15 15:09:36,561]: [-> SUBSCRIBE         ] MT/RESULT/UNREGISTER/lora_manager_thing_D8F3BC801CFB
[2022-12-15 15:09:36,561]: [-> SUBSCRIBE         ] MT/RESULT/BINARY_VALUE/lora_manager_thing_D8F3BC801CFB
[2022-12-15 15:09:41,554]: Traceback message : Traceback (most recent call last):
  File "/home/jyeom/anaconda3/envs/py37tf26/lib/python3.7/site-packages/big_thing_py/manager_thing.py", line 172, in _scan_staff_message_thread_func
    raise Exception('Scan staff thing error')
Exception: Scan staff thing error

Error: Scan staff thing error
[2022-12-15 15:09:41,569]: Register try 3
[2022-12-15 15:09:41,569]: [-> SUBSCRIBE         ] MT/RESULT/REGISTER/lora_manager_thing_D8F3BC801CFB
[2022-12-15 15:09:41,569]: [-> SUBSCRIBE         ] MT/RESULT/UNREGISTER/lora_manager_thing_D8F3BC801CFB
[2022-12-15 15:09:41,569]: [-> SUBSCRIBE         ] MT/RESULT/BINARY_VALUE/lora_manager_thing_D8F3BC801CFB
[2022-12-15 15:09:46,577]: Register try 4
[2022-12-15 15:09:46,577]: [-> SUBSCRIBE         ] MT/RESULT/REGISTER/lora_manager_thing_D8F3BC801CFB
[2022-12-15 15:09:46,577]: [-> SUBSCRIBE         ] MT/RESULT/UNREGISTER/lora_manager_thing_D8F3BC801CFB
[2022-12-15 15:09:46,577]: [-> SUBSCRIBE         ] MT/RESULT/BINARY_VALUE/lora_manager_thing_D8F3BC801CFB
[2022-12-15 15:09:51,585]: Register try 5
[2022-12-15 15:09:51,585]: [-> SUBSCRIBE         ] MT/RESULT/REGISTER/lora_manager_thing_D8F3BC801CFB
[2022-12-15 15:09:51,585]: [-> SUBSCRIBE         ] MT/RESULT/UNREGISTER/lora_manager_thing_D8F3BC801CFB
[2022-12-15 15:09:51,586]: [-> SUBSCRIBE         ] MT/RESULT/BINARY_VALUE/lora_manager_thing_D8F3BC801CFB
