[2022-12-15 15:57:18,475]: Skip avahi_enable search...
[2022-12-15 15:57:18,475]: SSL is not enabled...
[2022-12-15 15:57:18,477]: [-> CONNECT           ] Connect to Host: 127.0.0.1:11083
[2022-12-15 15:57:18,478]: Register try 1
[2022-12-15 15:57:18,479]: [-> SUBSCRIBE         ] MT/RESULT/REGISTER/lora_manager_thing_D8F3BC801CFB
[2022-12-15 15:57:18,480]: [-> SUBSCRIBE         ] MT/RESULT/UNREGISTER/lora_manager_thing_D8F3BC801CFB
[2022-12-15 15:57:18,481]: [-> SUBSCRIBE         ] MT/RESULT/BINARY_VALUE/lora_manager_thing_D8F3BC801CFB
[2022-12-15 15:57:18,482]: New staff_thing!!! name: [sensor0]
[2022-12-15 15:57:18,482]: [TM_REGISTER         ] topic : TM/REGISTER/lora_manager_thing_D8F3BC801CFB payload : {
    "alive_cycle": 60,
    "functions": [],
    "is_parallel": true,
    "is_super": false,
    "values": []
}
[2022-12-15 15:57:18,484]: [TM_ALIVE            ] topic : TM/ALIVE/sensor0 payload : {}
[2022-12-15 15:57:18,485]: Traceback message : Traceback (most recent call last):
  File "/home/jyeom/anaconda3/envs/py37tf26/lib/python3.7/site-packages/big_thing_py/manager_thing.py", line 219, in _receive_staff_message_thread_func
    self._handle_staff_message(staff_msg)
  File "/home/jyeom/1214iot/big-thing-py-examples/manager_thing/lora_manager_thing/lora_manager_thing.py", line 50, in _handle_staff_message
    self._handle_REGISTER_staff_message(msg)
TypeError: _handle_REGISTER_staff_message() missing 1 required positional argument: 'payload'

Error: _handle_REGISTER_staff_message() missing 1 required positional argument: 'payload'
[2022-12-15 15:57:18,497]: [MT_RESULT_REGISTER  ] topic : MT/RESULT/REGISTER/lora_manager_thing_D8F3BC801CFB payload : {
    "error": -4,
    "middleware_name": "SoPIoT-MW-Level1-0_000000000000"
}
[2022-12-15 15:57:18,498]: [print_packet] Unexpected topic!!! : MT/RESULT/REGISTER/lora_manager_thing_D8F3BC801CFB 
[2022-12-15 15:57:18,499]: Wrong payload arrive... lora_manager_thing_D8F3BC801CFB should be arrive, not lora_manager_thing_D8F3BC801CFB
[2022-12-15 15:57:18,500]: Traceback message : Traceback (most recent call last):
  File "/home/jyeom/anaconda3/envs/py37tf26/lib/python3.7/site-packages/big_thing_py/big_thing.py", line 213, in _receive_message_thread_func
    self._handle_mqtt_message(recv_msg)
  File "/home/jyeom/anaconda3/envs/py37tf26/lib/python3.7/site-packages/big_thing_py/big_thing.py", line 286, in _handle_mqtt_message
    self._handle_MT_RESULT_REGISTER(msg)
  File "/home/jyeom/anaconda3/envs/py37tf26/lib/python3.7/site-packages/big_thing_py/manager_thing.py", line 261, in _handle_MT_RESULT_REGISTER
    raise
RuntimeError: No active exception to reraise

Error: No active exception to reraise
[2022-12-15 15:57:20,023]: Ctrl + C Exit
[2022-12-15 15:57:20,023]: _alive_thread is terminated
[2022-12-15 15:57:20,023]: _value_publish_thread is terminated
[2022-12-15 15:57:20,023]: _scan_staff_message_thread is terminated
[2022-12-15 15:57:20,024]: _receive_staff_message_thread is terminated
[2022-12-15 15:57:20,024]: _publish_staff_message_thread is terminated
