[2022-11-18 21:32:50,737]: Skip avahi_enable search...
[2022-11-18 21:32:50,737]: SSL is not enabled...
[2022-11-18 21:32:50,740]: Register try 1
[2022-11-18 21:32:50,741]: [-> SUBSCRIBE         ] MT/RESULT/REGISTER/lora_manager_thing_D8F3BC801CFB
[2022-11-18 21:32:50,742]: New staff_thing!!! name = sensor0
[2022-11-18 21:32:50,743]: [-> SUBSCRIBE         ] MT/RESULT/UNREGISTER/lora_manager_thing_D8F3BC801CFB
[2022-11-18 21:32:50,744]: [-> SUBSCRIBE         ] MT/RESULT/REGISTER/sensor0
[2022-11-18 21:32:50,744]: [MT_EXECUTE          ] topic : MT/EXECUTE/__temperature/sensor0 payload : {
    "type": "double",
    "value": 22.4
}
[2022-11-18 21:32:50,744]: [-> SUBSCRIBE         ] MT/RESULT/BINARY_VALUE/lora_manager_thing_D8F3BC801CFB
[2022-11-18 21:32:50,744]: [-> SUBSCRIBE         ] MT/RESULT/UNREGISTER/sensor0
[2022-11-18 21:32:50,745]: [-> SUBSCRIBE         ] MT/RESULT/BINARY_VALUE/sensor0
[2022-11-18 21:32:50,745]: [_send_staff_RESULT_REGISTER] Register sensor0 complete!!!
[2022-11-18 21:32:50,746]: [MT_EXECUTE          ] topic : MT/EXECUTE/__humidity/sensor0 payload : {
    "type": "double",
    "value": 77.6
}
[2022-11-18 21:32:50,748]: [MT_EXECUTE          ] topic : MT/EXECUTE/__pressure/sensor0 payload : {
    "type": "int",
    "value": 1018.8
}
[2022-11-18 21:32:50,750]: [MT_EXECUTE          ] topic : MT/EXECUTE/__ax/sensor0 payload : {
    "type": "int",
    "value": -16
}
[2022-11-18 21:32:50,750]: [-> CONNECT           ] Connect to Host: 127.0.0.1:11083
[2022-11-18 21:32:50,752]: [MT_EXECUTE          ] topic : MT/EXECUTE/__ay/sensor0 payload : {
    "type": "int",
    "value": -61
}
[2022-11-18 21:32:50,753]: [MT_EXECUTE          ] topic : MT/EXECUTE/__az/sensor0 payload : {
    "type": "int",
    "value": 1099
}
[2022-11-18 21:32:50,755]: [MT_EXECUTE          ] topic : MT/EXECUTE/__moved/sensor0 payload : {
    "type": "int",
    "value": 0
}
[2022-11-18 21:32:50,756]: [TM_REGISTER         ] topic : TM/REGISTER/lora_manager_thing_D8F3BC801CFB payload : {
    "alive_cycle": 60,
    "functions": [],
    "is_parallel": true,
    "is_super": false,
    "values": []
}
[2022-11-18 21:32:50,759]: [MT_RESULT_REGISTER  ] topic : MT/RESULT/REGISTER/lora_manager_thing_D8F3BC801CFB payload : {
    "error": -4,
    "middleware_name": "SoPIoT-MW-Level1-0_000000000000"
}
[2022-11-18 21:32:50,760]: [DUP✔                 ] Thing lora_manager_thing_D8F3BC801CFB register success!
[2022-11-18 21:32:50,762]: [TM_ALIVE            ] topic : TM/ALIVE/lora_manager_thing_D8F3BC801CFB payload : {}
[2022-11-18 21:32:53,744]: [MT_EXECUTE          ] topic : MT/EXECUTE/__temperature/sensor0 payload : {
    "type": "double",
    "value": 22.5
}
[2022-11-18 21:32:53,746]: [MT_EXECUTE          ] topic : MT/EXECUTE/__humidity/sensor0 payload : {
    "type": "double",
    "value": 77.6
}
[2022-11-18 21:32:53,748]: [MT_EXECUTE          ] topic : MT/EXECUTE/__pressure/sensor0 payload : {
    "type": "int",
    "value": 1019.3
}
[2022-11-18 21:32:53,749]: [MT_EXECUTE          ] topic : MT/EXECUTE/__ax/sensor0 payload : {
    "type": "int",
    "value": -16
}
[2022-11-18 21:32:53,751]: [MT_EXECUTE          ] topic : MT/EXECUTE/__ay/sensor0 payload : {
    "type": "int",
    "value": -65
}
[2022-11-18 21:32:53,753]: [MT_EXECUTE          ] topic : MT/EXECUTE/__az/sensor0 payload : {
    "type": "int",
    "value": 1044
}
[2022-11-18 21:32:53,755]: [MT_EXECUTE          ] topic : MT/EXECUTE/__moved/sensor0 payload : {
    "type": "int",
    "value": 0
}
[2022-11-18 21:32:56,745]: [MT_EXECUTE          ] topic : MT/EXECUTE/__temperature/sensor0 payload : {
    "type": "double",
    "value": 22.6
}
[2022-11-18 21:32:56,747]: [MT_EXECUTE          ] topic : MT/EXECUTE/__humidity/sensor0 payload : {
    "type": "double",
    "value": 77.5
}
[2022-11-18 21:32:56,749]: [MT_EXECUTE          ] topic : MT/EXECUTE/__pressure/sensor0 payload : {
    "type": "int",
    "value": 1018.9
}
[2022-11-18 21:32:56,751]: [MT_EXECUTE          ] topic : MT/EXECUTE/__ax/sensor0 payload : {
    "type": "int",
    "value": -16
}
[2022-11-18 21:32:56,752]: [MT_EXECUTE          ] topic : MT/EXECUTE/__ay/sensor0 payload : {
    "type": "int",
    "value": -60
}
[2022-11-18 21:32:56,754]: [MT_EXECUTE          ] topic : MT/EXECUTE/__az/sensor0 payload : {
    "type": "int",
    "value": 1100
}
[2022-11-18 21:32:56,756]: [MT_EXECUTE          ] topic : MT/EXECUTE/__moved/sensor0 payload : {
    "type": "int",
    "value": 0
}
[2022-11-18 21:32:59,746]: [MT_EXECUTE          ] topic : MT/EXECUTE/__temperature/sensor0 payload : {
    "type": "double",
    "value": 21.7
}
[2022-11-18 21:32:59,748]: [MT_EXECUTE          ] topic : MT/EXECUTE/__humidity/sensor0 payload : {
    "type": "double",
    "value": 78.5
}
[2022-11-18 21:32:59,750]: [MT_EXECUTE          ] topic : MT/EXECUTE/__pressure/sensor0 payload : {
    "type": "int",
    "value": 1022.1
}
[2022-11-18 21:32:59,752]: [MT_EXECUTE          ] topic : MT/EXECUTE/__ax/sensor0 payload : {
    "type": "int",
    "value": -118
}
[2022-11-18 21:32:59,755]: [MT_EXECUTE          ] topic : MT/EXECUTE/__ay/sensor0 payload : {
    "type": "int",
    "value": -212
}
[2022-11-18 21:32:59,758]: [MT_EXECUTE          ] topic : MT/EXECUTE/__az/sensor0 payload : {
    "type": "int",
    "value": 1012
}
[2022-11-18 21:32:59,759]: [MT_EXECUTE          ] topic : MT/EXECUTE/__moved/sensor0 payload : {
    "type": "int",
    "value": 0
}
[2022-11-18 21:33:00,743]: New staff_thing!!! name = sensor1
[2022-11-18 21:33:00,743]: [TM_ALIVE            ] topic : TM/ALIVE/sensor0 payload : {}
[2022-11-18 21:33:00,744]: [-> SUBSCRIBE         ] MT/RESULT/REGISTER/sensor1
[2022-11-18 21:33:00,746]: [-> SUBSCRIBE         ] MT/RESULT/UNREGISTER/sensor1
[2022-11-18 21:33:00,746]: [MT_EXECUTE          ] topic : MT/EXECUTE/__temperature/sensor1 payload : {
    "type": "double",
    "value": 22.5
}
[2022-11-18 21:33:00,747]: [-> SUBSCRIBE         ] MT/RESULT/BINARY_VALUE/sensor1
[2022-11-18 21:33:00,747]: [_send_staff_RESULT_REGISTER] Register sensor1 complete!!!
[2022-11-18 21:33:00,748]: [MT_EXECUTE          ] topic : MT/EXECUTE/__humidity/sensor1 payload : {
    "type": "double",
    "value": 77.6
}
[2022-11-18 21:33:00,750]: [MT_EXECUTE          ] topic : MT/EXECUTE/__pressure/sensor1 payload : {
    "type": "int",
    "value": 1019.1
}
[2022-11-18 21:33:00,752]: [MT_EXECUTE          ] topic : MT/EXECUTE/__ax/sensor1 payload : {
    "type": "int",
    "value": -17
}
[2022-11-18 21:33:00,753]: [MT_EXECUTE          ] topic : MT/EXECUTE/__ay/sensor1 payload : {
    "type": "int",
    "value": -65
}
[2022-11-18 21:33:00,755]: [MT_EXECUTE          ] topic : MT/EXECUTE/__az/sensor1 payload : {
    "type": "int",
    "value": 1043
}
[2022-11-18 21:33:00,757]: [MT_EXECUTE          ] topic : MT/EXECUTE/__moved/sensor1 payload : {
    "type": "int",
    "value": 0
}
[2022-11-18 21:33:02,746]: [MT_EXECUTE          ] topic : MT/EXECUTE/__temperature/sensor0 payload : {
    "type": "double",
    "value": 21.6
}
[2022-11-18 21:33:02,748]: [MT_EXECUTE          ] topic : MT/EXECUTE/__humidity/sensor0 payload : {
    "type": "double",
    "value": 78.5
}
[2022-11-18 21:33:02,750]: [MT_EXECUTE          ] topic : MT/EXECUTE/__pressure/sensor0 payload : {
    "type": "int",
    "value": 1022.1
}
[2022-11-18 21:33:02,751]: [MT_EXECUTE          ] topic : MT/EXECUTE/__ax/sensor0 payload : {
    "type": "int",
    "value": -116
}
[2022-11-18 21:33:02,753]: [MT_EXECUTE          ] topic : MT/EXECUTE/__ay/sensor0 payload : {
    "type": "int",
    "value": -208
}
[2022-11-18 21:33:02,755]: [MT_EXECUTE          ] topic : MT/EXECUTE/__az/sensor0 payload : {
    "type": "int",
    "value": 1068
}
[2022-11-18 21:33:02,757]: [MT_EXECUTE          ] topic : MT/EXECUTE/__moved/sensor0 payload : {
    "type": "int",
    "value": 0
}
[2022-11-18 21:33:03,747]: [MT_EXECUTE          ] topic : MT/EXECUTE/__temperature/sensor1 payload : {
    "type": "double",
    "value": 22.5
}
[2022-11-18 21:33:03,749]: [MT_EXECUTE          ] topic : MT/EXECUTE/__humidity/sensor1 payload : {
    "type": "double",
    "value": 77.5
}
[2022-11-18 21:33:03,751]: [MT_EXECUTE          ] topic : MT/EXECUTE/__pressure/sensor1 payload : {
    "type": "int",
    "value": 1018.9
}
[2022-11-18 21:33:03,752]: [MT_EXECUTE          ] topic : MT/EXECUTE/__ax/sensor1 payload : {
    "type": "int",
    "value": -15
}
[2022-11-18 21:33:03,755]: [MT_EXECUTE          ] topic : MT/EXECUTE/__ay/sensor1 payload : {
    "type": "int",
    "value": -61
}
[2022-11-18 21:33:03,758]: [MT_EXECUTE          ] topic : MT/EXECUTE/__az/sensor1 payload : {
    "type": "int",
    "value": 1101
}
[2022-11-18 21:33:03,760]: [MT_EXECUTE          ] topic : MT/EXECUTE/__moved/sensor1 payload : {
    "type": "int",
    "value": 0
}
[2022-11-18 21:33:05,749]: [MT_EXECUTE          ] topic : MT/EXECUTE/__temperature/sensor0 payload : {
    "type": "double",
    "value": 21.6
}
[2022-11-18 21:33:05,752]: [MT_EXECUTE          ] topic : MT/EXECUTE/__humidity/sensor0 payload : {
    "type": "double",
    "value": 78.5
}
[2022-11-18 21:33:05,753]: [MT_EXECUTE          ] topic : MT/EXECUTE/__pressure/sensor0 payload : {
    "type": "int",
    "value": 1022.2
}
[2022-11-18 21:33:05,755]: [MT_EXECUTE          ] topic : MT/EXECUTE/__ax/sensor0 payload : {
    "type": "int",
    "value": -117
}
[2022-11-18 21:33:05,758]: [MT_EXECUTE          ] topic : MT/EXECUTE/__ay/sensor0 payload : {
    "type": "int",
    "value": -211
}
[2022-11-18 21:33:05,759]: [MT_EXECUTE          ] topic : MT/EXECUTE/__az/sensor0 payload : {
    "type": "int",
    "value": 1011
}
[2022-11-18 21:33:05,761]: [MT_EXECUTE          ] topic : MT/EXECUTE/__moved/sensor0 payload : {
    "type": "int",
    "value": 0
}
[2022-11-18 21:33:06,747]: [MT_EXECUTE          ] topic : MT/EXECUTE/__temperature/sensor1 payload : {
    "type": "double",
    "value": 22.6
}
[2022-11-18 21:33:06,750]: [MT_EXECUTE          ] topic : MT/EXECUTE/__humidity/sensor1 payload : {
    "type": "double",
    "value": 77.5
}
[2022-11-18 21:33:06,751]: [MT_EXECUTE          ] topic : MT/EXECUTE/__pressure/sensor1 payload : {
    "type": "int",
    "value": 1019.1
}
[2022-11-18 21:33:06,753]: [MT_EXECUTE          ] topic : MT/EXECUTE/__ax/sensor1 payload : {
    "type": "int",
    "value": -17
}
[2022-11-18 21:33:06,755]: [MT_EXECUTE          ] topic : MT/EXECUTE/__ay/sensor1 payload : {
    "type": "int",
    "value": -65
}
[2022-11-18 21:33:06,757]: [MT_EXECUTE          ] topic : MT/EXECUTE/__az/sensor1 payload : {
    "type": "int",
    "value": 1044
}
[2022-11-18 21:33:06,759]: [MT_EXECUTE          ] topic : MT/EXECUTE/__moved/sensor1 payload : {
    "type": "int",
    "value": 0
}
[2022-11-18 21:33:08,747]: [MT_EXECUTE          ] topic : MT/EXECUTE/__temperature/sensor0 payload : {
    "type": "double",
    "value": 21.6
}
[2022-11-18 21:33:08,749]: [MT_EXECUTE          ] topic : MT/EXECUTE/__humidity/sensor0 payload : {
    "type": "double",
    "value": 78.5
}
[2022-11-18 21:33:08,751]: [MT_EXECUTE          ] topic : MT/EXECUTE/__pressure/sensor0 payload : {
    "type": "int",
    "value": 1022.1
}
[2022-11-18 21:33:08,752]: [MT_EXECUTE          ] topic : MT/EXECUTE/__ax/sensor0 payload : {
    "type": "int",
    "value": -116
}
[2022-11-18 21:33:08,754]: [MT_EXECUTE          ] topic : MT/EXECUTE/__ay/sensor0 payload : {
    "type": "int",
    "value": -208
}
[2022-11-18 21:33:08,756]: [MT_EXECUTE          ] topic : MT/EXECUTE/__az/sensor0 payload : {
    "type": "int",
    "value": 1069
}
[2022-11-18 21:33:08,757]: [MT_EXECUTE          ] topic : MT/EXECUTE/__moved/sensor0 payload : {
    "type": "int",
    "value": 0
}
[2022-11-18 21:33:09,747]: [MT_EXECUTE          ] topic : MT/EXECUTE/__temperature/sensor1 payload : {
    "type": "double",
    "value": 22.5
}
[2022-11-18 21:33:09,748]: [MT_EXECUTE          ] topic : MT/EXECUTE/__humidity/sensor1 payload : {
    "type": "double",
    "value": 77.5
}
[2022-11-18 21:33:09,750]: [MT_EXECUTE          ] topic : MT/EXECUTE/__pressure/sensor1 payload : {
    "type": "int",
    "value": 1019.8
}
[2022-11-18 21:33:09,752]: [MT_EXECUTE          ] topic : MT/EXECUTE/__ax/sensor1 payload : {
    "type": "int",
    "value": -17
}
[2022-11-18 21:33:09,753]: [MT_EXECUTE          ] topic : MT/EXECUTE/__ay/sensor1 payload : {
    "type": "int",
    "value": -59
}
[2022-11-18 21:33:09,755]: [MT_EXECUTE          ] topic : MT/EXECUTE/__az/sensor1 payload : {
    "type": "int",
    "value": 1101
}
[2022-11-18 21:33:09,757]: [MT_EXECUTE          ] topic : MT/EXECUTE/__moved/sensor1 payload : {
    "type": "int",
    "value": 0
}
[2022-11-18 21:33:10,744]: [TM_ALIVE            ] topic : TM/ALIVE/sensor0 payload : {}
[2022-11-18 21:33:10,746]: [TM_ALIVE            ] topic : TM/ALIVE/sensor1 payload : {}
[2022-11-18 21:33:11,748]: [MT_EXECUTE          ] topic : MT/EXECUTE/__temperature/sensor0 payload : {
    "type": "double",
    "value": 21.6
}
[2022-11-18 21:33:11,750]: [MT_EXECUTE          ] topic : MT/EXECUTE/__humidity/sensor0 payload : {
    "type": "double",
    "value": 78.5
}
[2022-11-18 21:33:11,752]: [MT_EXECUTE          ] topic : MT/EXECUTE/__pressure/sensor0 payload : {
    "type": "int",
    "value": 1022.1
}
[2022-11-18 21:33:11,753]: [MT_EXECUTE          ] topic : MT/EXECUTE/__ax/sensor0 payload : {
    "type": "int",
    "value": -118
}
[2022-11-18 21:33:11,755]: [MT_EXECUTE          ] topic : MT/EXECUTE/__ay/sensor0 payload : {
    "type": "int",
    "value": -211
}
[2022-11-18 21:33:11,757]: [MT_EXECUTE          ] topic : MT/EXECUTE/__az/sensor0 payload : {
    "type": "int",
    "value": 1011
}
[2022-11-18 21:33:11,758]: [MT_EXECUTE          ] topic : MT/EXECUTE/__moved/sensor0 payload : {
    "type": "int",
    "value": 0
}
[2022-11-18 21:33:12,749]: [MT_EXECUTE          ] topic : MT/EXECUTE/__temperature/sensor1 payload : {
    "type": "double",
    "value": 22.5
}
[2022-11-18 21:33:12,751]: [MT_EXECUTE          ] topic : MT/EXECUTE/__humidity/sensor1 payload : {
    "type": "double",
    "value": 77.5
}
[2022-11-18 21:33:12,753]: [MT_EXECUTE          ] topic : MT/EXECUTE/__pressure/sensor1 payload : {
    "type": "int",
    "value": 1019.5
}
[2022-11-18 21:33:12,755]: [MT_EXECUTE          ] topic : MT/EXECUTE/__ax/sensor1 payload : {
    "type": "int",
    "value": -17
}
[2022-11-18 21:33:12,757]: [MT_EXECUTE          ] topic : MT/EXECUTE/__ay/sensor1 payload : {
    "type": "int",
    "value": -64
}
[2022-11-18 21:33:12,759]: [MT_EXECUTE          ] topic : MT/EXECUTE/__az/sensor1 payload : {
    "type": "int",
    "value": 1043
}
[2022-11-18 21:33:12,761]: [MT_EXECUTE          ] topic : MT/EXECUTE/__moved/sensor1 payload : {
    "type": "int",
    "value": 0
}
[2022-11-18 21:33:14,749]: [MT_EXECUTE          ] topic : MT/EXECUTE/__temperature/sensor0 payload : {
    "type": "double",
    "value": 21.7
}
[2022-11-18 21:33:14,751]: [MT_EXECUTE          ] topic : MT/EXECUTE/__humidity/sensor0 payload : {
    "type": "double",
    "value": 78.5
}
[2022-11-18 21:33:14,753]: [MT_EXECUTE          ] topic : MT/EXECUTE/__pressure/sensor0 payload : {
    "type": "int",
    "value": 1022.2
}
[2022-11-18 21:33:14,754]: [MT_EXECUTE          ] topic : MT/EXECUTE/__ax/sensor0 payload : {
    "type": "int",
    "value": -116
}
[2022-11-18 21:33:14,756]: [MT_EXECUTE          ] topic : MT/EXECUTE/__ay/sensor0 payload : {
    "type": "int",
    "value": -209
}
[2022-11-18 21:33:14,758]: [MT_EXECUTE          ] topic : MT/EXECUTE/__az/sensor0 payload : {
    "type": "int",
    "value": 1068
}
[2022-11-18 21:33:14,759]: [MT_EXECUTE          ] topic : MT/EXECUTE/__moved/sensor0 payload : {
    "type": "int",
    "value": 0
}
[2022-11-18 21:33:15,748]: [MT_EXECUTE          ] topic : MT/EXECUTE/__temperature/sensor1 payload : {
    "type": "double",
    "value": 22.6
}
[2022-11-18 21:33:15,750]: [MT_EXECUTE          ] topic : MT/EXECUTE/__humidity/sensor1 payload : {
    "type": "double",
    "value": 77.4
}
[2022-11-18 21:33:15,753]: [MT_EXECUTE          ] topic : MT/EXECUTE/__pressure/sensor1 payload : {
    "type": "int",
    "value": 1019.2
}
[2022-11-18 21:33:15,754]: [MT_EXECUTE          ] topic : MT/EXECUTE/__ax/sensor1 payload : {
    "type": "int",
    "value": -16
}
[2022-11-18 21:33:15,756]: [MT_EXECUTE          ] topic : MT/EXECUTE/__ay/sensor1 payload : {
    "type": "int",
    "value": -60
}
[2022-11-18 21:33:15,758]: [MT_EXECUTE          ] topic : MT/EXECUTE/__az/sensor1 payload : {
    "type": "int",
    "value": 1099
}
[2022-11-18 21:33:15,759]: [MT_EXECUTE          ] topic : MT/EXECUTE/__moved/sensor1 payload : {
    "type": "int",
    "value": 0
}
[2022-11-18 21:33:17,750]: [MT_EXECUTE          ] topic : MT/EXECUTE/__temperature/sensor0 payload : {
    "type": "double",
    "value": 21.7
}
[2022-11-18 21:33:17,753]: [MT_EXECUTE          ] topic : MT/EXECUTE/__humidity/sensor0 payload : {
    "type": "double",
    "value": 78.4
}
[2022-11-18 21:33:17,755]: [MT_EXECUTE          ] topic : MT/EXECUTE/__pressure/sensor0 payload : {
    "type": "int",
    "value": 1022.1
}
[2022-11-18 21:33:17,757]: [MT_EXECUTE          ] topic : MT/EXECUTE/__ax/sensor0 payload : {
    "type": "int",
    "value": -118
}
[2022-11-18 21:33:17,759]: [MT_EXECUTE          ] topic : MT/EXECUTE/__ay/sensor0 payload : {
    "type": "int",
    "value": -211
}
[2022-11-18 21:33:17,760]: [MT_EXECUTE          ] topic : MT/EXECUTE/__az/sensor0 payload : {
    "type": "int",
    "value": 1012
}
[2022-11-18 21:33:17,762]: [MT_EXECUTE          ] topic : MT/EXECUTE/__moved/sensor0 payload : {
    "type": "int",
    "value": 0
}
[2022-11-18 21:33:18,749]: [MT_EXECUTE          ] topic : MT/EXECUTE/__temperature/sensor1 payload : {
    "type": "double",
    "value": 22.6
}
[2022-11-18 21:33:18,751]: [MT_EXECUTE          ] topic : MT/EXECUTE/__humidity/sensor1 payload : {
    "type": "double",
    "value": 77.5
}
[2022-11-18 21:33:18,753]: [MT_EXECUTE          ] topic : MT/EXECUTE/__pressure/sensor1 payload : {
    "type": "int",
    "value": 1019.5
}
[2022-11-18 21:33:18,755]: [MT_EXECUTE          ] topic : MT/EXECUTE/__ax/sensor1 payload : {
    "type": "int",
    "value": -12
}
[2022-11-18 21:33:18,756]: [MT_EXECUTE          ] topic : MT/EXECUTE/__ay/sensor1 payload : {
    "type": "int",
    "value": -66
}
[2022-11-18 21:33:18,758]: [MT_EXECUTE          ] topic : MT/EXECUTE/__az/sensor1 payload : {
    "type": "int",
    "value": 1041
}
[2022-11-18 21:33:18,760]: [MT_EXECUTE          ] topic : MT/EXECUTE/__moved/sensor1 payload : {
    "type": "int",
    "value": 0
}
[2022-11-18 21:33:20,744]: [TM_ALIVE            ] topic : TM/ALIVE/sensor0 payload : {}
[2022-11-18 21:33:20,746]: [TM_ALIVE            ] topic : TM/ALIVE/sensor1 payload : {}
[2022-11-18 21:33:20,750]: [MT_EXECUTE          ] topic : MT/EXECUTE/__temperature/sensor0 payload : {
    "type": "double",
    "value": 21.7
}
[2022-11-18 21:33:20,752]: [MT_EXECUTE          ] topic : MT/EXECUTE/__humidity/sensor0 payload : {
    "type": "double",
    "value": 78.4
}
[2022-11-18 21:33:20,753]: [MT_EXECUTE          ] topic : MT/EXECUTE/__pressure/sensor0 payload : {
    "type": "int",
    "value": 1022.1
}
[2022-11-18 21:33:20,757]: [MT_EXECUTE          ] topic : MT/EXECUTE/__ax/sensor0 payload : {
    "type": "int",
    "value": -117
}
[2022-11-18 21:33:20,759]: [MT_EXECUTE          ] topic : MT/EXECUTE/__ay/sensor0 payload : {
    "type": "int",
    "value": -209
}
[2022-11-18 21:33:20,761]: [MT_EXECUTE          ] topic : MT/EXECUTE/__az/sensor0 payload : {
    "type": "int",
    "value": 1069
}
[2022-11-18 21:33:20,763]: [MT_EXECUTE          ] topic : MT/EXECUTE/__moved/sensor0 payload : {
    "type": "int",
    "value": 0
}
[2022-11-18 21:33:21,750]: [MT_EXECUTE          ] topic : MT/EXECUTE/__temperature/sensor1 payload : {
    "type": "double",
    "value": 21.7
}
[2022-11-18 21:33:21,751]: [MT_EXECUTE          ] topic : MT/EXECUTE/__humidity/sensor1 payload : {
    "type": "double",
    "value": 78.4
}
[2022-11-18 21:33:21,754]: [MT_EXECUTE          ] topic : MT/EXECUTE/__pressure/sensor1 payload : {
    "type": "int",
    "value": 1022.1
}
[2022-11-18 21:33:21,755]: [MT_EXECUTE          ] topic : MT/EXECUTE/__ax/sensor1 payload : {
    "type": "int",
    "value": -117
}
[2022-11-18 21:33:21,757]: [MT_EXECUTE          ] topic : MT/EXECUTE/__ay/sensor1 payload : {
    "type": "int",
    "value": -209
}
[2022-11-18 21:33:21,759]: [MT_EXECUTE          ] topic : MT/EXECUTE/__az/sensor1 payload : {
    "type": "int",
    "value": 1069
}
[2022-11-18 21:33:21,760]: [MT_EXECUTE          ] topic : MT/EXECUTE/__moved/sensor1 payload : {
    "type": "int",
    "value": 0
}
[2022-11-18 21:33:23,751]: [MT_EXECUTE          ] topic : MT/EXECUTE/__temperature/sensor0 payload : {
    "type": "double",
    "value": 21.7
}
[2022-11-18 21:33:23,754]: [MT_EXECUTE          ] topic : MT/EXECUTE/__humidity/sensor0 payload : {
    "type": "double",
    "value": 78.4
}
[2022-11-18 21:33:23,756]: [MT_EXECUTE          ] topic : MT/EXECUTE/__pressure/sensor0 payload : {
    "type": "int",
    "value": 1022.1
}
[2022-11-18 21:33:23,757]: [MT_EXECUTE          ] topic : MT/EXECUTE/__ax/sensor0 payload : {
    "type": "int",
    "value": -118
}
[2022-11-18 21:33:23,759]: [MT_EXECUTE          ] topic : MT/EXECUTE/__ay/sensor0 payload : {
    "type": "int",
    "value": -211
}
[2022-11-18 21:33:23,761]: [MT_EXECUTE          ] topic : MT/EXECUTE/__az/sensor0 payload : {
    "type": "int",
    "value": 1010
}
[2022-11-18 21:33:23,763]: [MT_EXECUTE          ] topic : MT/EXECUTE/__moved/sensor0 payload : {
    "type": "int",
    "value": 0
}
[2022-11-18 21:33:24,751]: [MT_EXECUTE          ] topic : MT/EXECUTE/__temperature/sensor1 payload : {
    "type": "double",
    "value": 21.7
}
[2022-11-18 21:33:24,753]: [MT_EXECUTE          ] topic : MT/EXECUTE/__humidity/sensor1 payload : {
    "type": "double",
    "value": 78.4
}
[2022-11-18 21:33:24,755]: [MT_EXECUTE          ] topic : MT/EXECUTE/__pressure/sensor1 payload : {
    "type": "int",
    "value": 1022.1
}
[2022-11-18 21:33:24,757]: [MT_EXECUTE          ] topic : MT/EXECUTE/__ax/sensor1 payload : {
    "type": "int",
    "value": -118
}
[2022-11-18 21:33:24,759]: [MT_EXECUTE          ] topic : MT/EXECUTE/__ay/sensor1 payload : {
    "type": "int",
    "value": -211
}
[2022-11-18 21:33:24,761]: [MT_EXECUTE          ] topic : MT/EXECUTE/__az/sensor1 payload : {
    "type": "int",
    "value": 1010
}
[2022-11-18 21:33:24,763]: [MT_EXECUTE          ] topic : MT/EXECUTE/__moved/sensor1 payload : {
    "type": "int",
    "value": 0
}
[2022-11-18 21:33:26,752]: [MT_EXECUTE          ] topic : MT/EXECUTE/__temperature/sensor0 payload : {
    "type": "double",
    "value": 21.7
}
[2022-11-18 21:33:26,755]: [MT_EXECUTE          ] topic : MT/EXECUTE/__humidity/sensor0 payload : {
    "type": "double",
    "value": 78.4
}
[2022-11-18 21:33:26,757]: [MT_EXECUTE          ] topic : MT/EXECUTE/__pressure/sensor0 payload : {
    "type": "int",
    "value": 1022.2
}
[2022-11-18 21:33:26,758]: [MT_EXECUTE          ] topic : MT/EXECUTE/__ax/sensor0 payload : {
    "type": "int",
    "value": -118
}
[2022-11-18 21:33:26,760]: [MT_EXECUTE          ] topic : MT/EXECUTE/__ay/sensor0 payload : {
    "type": "int",
    "value": -208
}
[2022-11-18 21:33:26,762]: [MT_EXECUTE          ] topic : MT/EXECUTE/__az/sensor0 payload : {
    "type": "int",
    "value": 1068
}
[2022-11-18 21:33:26,763]: [MT_EXECUTE          ] topic : MT/EXECUTE/__moved/sensor0 payload : {
    "type": "int",
    "value": 0
}
[2022-11-18 21:33:27,750]: [MT_EXECUTE          ] topic : MT/EXECUTE/__temperature/sensor1 payload : {
    "type": "double",
    "value": 21.7
}
[2022-11-18 21:33:27,752]: [MT_EXECUTE          ] topic : MT/EXECUTE/__humidity/sensor1 payload : {
    "type": "double",
    "value": 78.4
}
[2022-11-18 21:33:27,755]: [MT_EXECUTE          ] topic : MT/EXECUTE/__pressure/sensor1 payload : {
    "type": "int",
    "value": 1022.2
}
[2022-11-18 21:33:27,757]: [MT_EXECUTE          ] topic : MT/EXECUTE/__ax/sensor1 payload : {
    "type": "int",
    "value": -118
}
[2022-11-18 21:33:27,759]: [MT_EXECUTE          ] topic : MT/EXECUTE/__ay/sensor1 payload : {
    "type": "int",
    "value": -208
}
[2022-11-18 21:33:27,760]: [MT_EXECUTE          ] topic : MT/EXECUTE/__az/sensor1 payload : {
    "type": "int",
    "value": 1068
}
[2022-11-18 21:33:27,762]: [MT_EXECUTE          ] topic : MT/EXECUTE/__moved/sensor1 payload : {
    "type": "int",
    "value": 0
}
[2022-11-18 21:33:29,752]: [MT_EXECUTE          ] topic : MT/EXECUTE/__temperature/sensor0 payload : {
    "type": "double",
    "value": 21.7
}
[2022-11-18 21:33:29,756]: [MT_EXECUTE          ] topic : MT/EXECUTE/__humidity/sensor0 payload : {
    "type": "double",
    "value": 78.4
}
[2022-11-18 21:33:29,757]: [MT_EXECUTE          ] topic : MT/EXECUTE/__pressure/sensor0 payload : {
    "type": "int",
    "value": 1022.1
}
[2022-11-18 21:33:29,759]: [MT_EXECUTE          ] topic : MT/EXECUTE/__ax/sensor0 payload : {
    "type": "int",
    "value": -117
}
[2022-11-18 21:33:29,761]: [MT_EXECUTE          ] topic : MT/EXECUTE/__ay/sensor0 payload : {
    "type": "int",
    "value": -211
}
[2022-11-18 21:33:29,763]: [MT_EXECUTE          ] topic : MT/EXECUTE/__az/sensor0 payload : {
    "type": "int",
    "value": 1011
}
[2022-11-18 21:33:29,765]: [MT_EXECUTE          ] topic : MT/EXECUTE/__moved/sensor0 payload : {
    "type": "int",
    "value": 0
}
[2022-11-18 21:33:30,745]: [TM_ALIVE            ] topic : TM/ALIVE/sensor0 payload : {}
[2022-11-18 21:33:30,747]: [TM_ALIVE            ] topic : TM/ALIVE/sensor1 payload : {}
[2022-11-18 21:33:30,753]: [MT_EXECUTE          ] topic : MT/EXECUTE/__temperature/sensor1 payload : {
    "type": "double",
    "value": 21.7
}
[2022-11-18 21:33:30,756]: [MT_EXECUTE          ] topic : MT/EXECUTE/__humidity/sensor1 payload : {
    "type": "double",
    "value": 78.4
}
[2022-11-18 21:33:30,758]: [MT_EXECUTE          ] topic : MT/EXECUTE/__pressure/sensor1 payload : {
    "type": "int",
    "value": 1022.1
}
[2022-11-18 21:33:30,760]: [MT_EXECUTE          ] topic : MT/EXECUTE/__ax/sensor1 payload : {
    "type": "int",
    "value": -117
}
[2022-11-18 21:33:30,761]: [MT_EXECUTE          ] topic : MT/EXECUTE/__ay/sensor1 payload : {
    "type": "int",
    "value": -211
}
[2022-11-18 21:33:30,763]: [MT_EXECUTE          ] topic : MT/EXECUTE/__az/sensor1 payload : {
    "type": "int",
    "value": 1011
}
[2022-11-18 21:33:30,765]: [MT_EXECUTE          ] topic : MT/EXECUTE/__moved/sensor1 payload : {
    "type": "int",
    "value": 0
}
[2022-11-18 21:33:32,753]: [MT_EXECUTE          ] topic : MT/EXECUTE/__temperature/sensor0 payload : {
    "type": "double",
    "value": 21.7
}
[2022-11-18 21:33:32,755]: [MT_EXECUTE          ] topic : MT/EXECUTE/__humidity/sensor0 payload : {
    "type": "double",
    "value": 78.4
}
[2022-11-18 21:33:32,758]: [MT_EXECUTE          ] topic : MT/EXECUTE/__pressure/sensor0 payload : {
    "type": "int",
    "value": 1022.1
}
[2022-11-18 21:33:32,760]: [MT_EXECUTE          ] topic : MT/EXECUTE/__ax/sensor0 payload : {
    "type": "int",
    "value": -115
}
[2022-11-18 21:33:32,762]: [MT_EXECUTE          ] topic : MT/EXECUTE/__ay/sensor0 payload : {
    "type": "int",
    "value": -208
}
[2022-11-18 21:33:32,764]: [MT_EXECUTE          ] topic : MT/EXECUTE/__az/sensor0 payload : {
    "type": "int",
    "value": 1068
}
[2022-11-18 21:33:32,766]: [MT_EXECUTE          ] topic : MT/EXECUTE/__moved/sensor0 payload : {
    "type": "int",
    "value": 0
}
[2022-11-18 21:33:33,752]: [MT_EXECUTE          ] topic : MT/EXECUTE/__temperature/sensor1 payload : {
    "type": "double",
    "value": 21.7
}
[2022-11-18 21:33:33,753]: [MT_EXECUTE          ] topic : MT/EXECUTE/__humidity/sensor1 payload : {
    "type": "double",
    "value": 78.4
}
[2022-11-18 21:33:33,755]: [MT_EXECUTE          ] topic : MT/EXECUTE/__pressure/sensor1 payload : {
    "type": "int",
    "value": 1022.1
}
[2022-11-18 21:33:33,757]: [MT_EXECUTE          ] topic : MT/EXECUTE/__ax/sensor1 payload : {
    "type": "int",
    "value": -115
}
[2022-11-18 21:33:33,759]: [MT_EXECUTE          ] topic : MT/EXECUTE/__ay/sensor1 payload : {
    "type": "int",
    "value": -208
}
[2022-11-18 21:33:33,761]: [MT_EXECUTE          ] topic : MT/EXECUTE/__az/sensor1 payload : {
    "type": "int",
    "value": 1068
}
[2022-11-18 21:33:33,762]: [MT_EXECUTE          ] topic : MT/EXECUTE/__moved/sensor1 payload : {
    "type": "int",
    "value": 0
}
[2022-11-18 21:33:35,754]: [MT_EXECUTE          ] topic : MT/EXECUTE/__temperature/sensor0 payload : {
    "type": "double",
    "value": 21.7
}
[2022-11-18 21:33:35,756]: [MT_EXECUTE          ] topic : MT/EXECUTE/__humidity/sensor0 payload : {
    "type": "double",
    "value": 78.4
}
[2022-11-18 21:33:35,758]: [MT_EXECUTE          ] topic : MT/EXECUTE/__pressure/sensor0 payload : {
    "type": "int",
    "value": 1022.1
}
[2022-11-18 21:33:35,760]: [MT_EXECUTE          ] topic : MT/EXECUTE/__ax/sensor0 payload : {
    "type": "int",
    "value": -98
}
[2022-11-18 21:33:35,762]: [MT_EXECUTE          ] topic : MT/EXECUTE/__ay/sensor0 payload : {
    "type": "int",
    "value": 327
}
[2022-11-18 21:33:35,764]: [MT_EXECUTE          ] topic : MT/EXECUTE/__az/sensor0 payload : {
    "type": "int",
    "value": 1043
}
[2022-11-18 21:33:35,767]: [MT_EXECUTE          ] topic : MT/EXECUTE/__moved/sensor0 payload : {
    "type": "int",
    "value": 0
}
[2022-11-18 21:33:36,753]: [MT_EXECUTE          ] topic : MT/EXECUTE/__temperature/sensor1 payload : {
    "type": "double",
    "value": 21.7
}
[2022-11-18 21:33:36,755]: [MT_EXECUTE          ] topic : MT/EXECUTE/__humidity/sensor1 payload : {
    "type": "double",
    "value": 78.4
}
[2022-11-18 21:33:36,757]: [MT_EXECUTE          ] topic : MT/EXECUTE/__pressure/sensor1 payload : {
    "type": "int",
    "value": 1022.1
}
[2022-11-18 21:33:36,759]: [MT_EXECUTE          ] topic : MT/EXECUTE/__ax/sensor1 payload : {
    "type": "int",
    "value": -98
}
[2022-11-18 21:33:36,761]: [MT_EXECUTE          ] topic : MT/EXECUTE/__ay/sensor1 payload : {
    "type": "int",
    "value": 327
}
[2022-11-18 21:33:36,763]: [MT_EXECUTE          ] topic : MT/EXECUTE/__az/sensor1 payload : {
    "type": "int",
    "value": 1043
}
[2022-11-18 21:33:36,765]: [MT_EXECUTE          ] topic : MT/EXECUTE/__moved/sensor1 payload : {
    "type": "int",
    "value": 0
}
[2022-11-18 21:33:38,755]: [MT_EXECUTE          ] topic : MT/EXECUTE/__temperature/sensor0 payload : {
    "type": "double",
    "value": 21.7
}
[2022-11-18 21:33:38,766]: [MT_EXECUTE          ] topic : MT/EXECUTE/__humidity/sensor0 payload : {
    "type": "double",
    "value": 78.4
}
[2022-11-18 21:33:38,768]: [MT_EXECUTE          ] topic : MT/EXECUTE/__pressure/sensor0 payload : {
    "type": "int",
    "value": 1022.1
}
[2022-11-18 21:33:38,769]: [MT_EXECUTE          ] topic : MT/EXECUTE/__ax/sensor0 payload : {
    "type": "int",
    "value": -98
}
[2022-11-18 21:33:38,771]: [MT_EXECUTE          ] topic : MT/EXECUTE/__ay/sensor0 payload : {
    "type": "int",
    "value": 327
}
[2022-11-18 21:33:38,773]: [MT_EXECUTE          ] topic : MT/EXECUTE/__az/sensor0 payload : {
    "type": "int",
    "value": 1043
}
[2022-11-18 21:33:38,775]: [MT_EXECUTE          ] topic : MT/EXECUTE/__moved/sensor0 payload : {
    "type": "int",
    "value": 0
}
[2022-11-18 21:33:39,753]: [MT_EXECUTE          ] topic : MT/EXECUTE/__temperature/sensor1 payload : {
    "type": "double",
    "value": 21.7
}
[2022-11-18 21:33:39,754]: [MT_EXECUTE          ] topic : MT/EXECUTE/__humidity/sensor1 payload : {
    "type": "double",
    "value": 78.4
}
[2022-11-18 21:33:39,758]: [MT_EXECUTE          ] topic : MT/EXECUTE/__pressure/sensor1 payload : {
    "type": "int",
    "value": 1022.1
}
[2022-11-18 21:33:39,760]: [MT_EXECUTE          ] topic : MT/EXECUTE/__ax/sensor1 payload : {
    "type": "int",
    "value": -98
}
[2022-11-18 21:33:39,762]: [MT_EXECUTE          ] topic : MT/EXECUTE/__ay/sensor1 payload : {
    "type": "int",
    "value": 327
}
[2022-11-18 21:33:39,763]: [MT_EXECUTE          ] topic : MT/EXECUTE/__az/sensor1 payload : {
    "type": "int",
    "value": 1043
}
[2022-11-18 21:33:39,765]: [MT_EXECUTE          ] topic : MT/EXECUTE/__moved/sensor1 payload : {
    "type": "int",
    "value": 0
}
[2022-11-18 21:33:40,744]: [TM_ALIVE            ] topic : TM/ALIVE/sensor0 payload : {}
[2022-11-18 21:33:40,746]: [TM_ALIVE            ] topic : TM/ALIVE/sensor1 payload : {}
[2022-11-18 21:33:41,755]: [MT_EXECUTE          ] topic : MT/EXECUTE/__temperature/sensor0 payload : {
    "type": "double",
    "value": 21.7
}
[2022-11-18 21:33:41,758]: [MT_EXECUTE          ] topic : MT/EXECUTE/__humidity/sensor0 payload : {
    "type": "double",
    "value": 78.4
}
[2022-11-18 21:33:41,759]: [MT_EXECUTE          ] topic : MT/EXECUTE/__pressure/sensor0 payload : {
    "type": "int",
    "value": 1022.1
}
[2022-11-18 21:33:41,762]: [MT_EXECUTE          ] topic : MT/EXECUTE/__ax/sensor0 payload : {
    "type": "int",
    "value": -98
}
[2022-11-18 21:33:41,764]: [MT_EXECUTE          ] topic : MT/EXECUTE/__ay/sensor0 payload : {
    "type": "int",
    "value": 327
}
[2022-11-18 21:33:41,766]: [MT_EXECUTE          ] topic : MT/EXECUTE/__az/sensor0 payload : {
    "type": "int",
    "value": 1043
}
[2022-11-18 21:33:41,768]: [MT_EXECUTE          ] topic : MT/EXECUTE/__moved/sensor0 payload : {
    "type": "int",
    "value": 0
}
[2022-11-18 21:33:42,753]: [MT_EXECUTE          ] topic : MT/EXECUTE/__temperature/sensor1 payload : {
    "type": "double",
    "value": 21.7
}
[2022-11-18 21:33:42,754]: [MT_EXECUTE          ] topic : MT/EXECUTE/__humidity/sensor1 payload : {
    "type": "double",
    "value": 78.4
}
[2022-11-18 21:33:42,755]: [MT_EXECUTE          ] topic : MT/EXECUTE/__pressure/sensor1 payload : {
    "type": "int",
    "value": 1022.1
}
[2022-11-18 21:33:42,759]: [MT_EXECUTE          ] topic : MT/EXECUTE/__ax/sensor1 payload : {
    "type": "int",
    "value": -98
}
[2022-11-18 21:33:42,761]: [MT_EXECUTE          ] topic : MT/EXECUTE/__ay/sensor1 payload : {
    "type": "int",
    "value": 327
}
[2022-11-18 21:33:42,762]: [MT_EXECUTE          ] topic : MT/EXECUTE/__az/sensor1 payload : {
    "type": "int",
    "value": 1043
}
[2022-11-18 21:33:42,764]: [MT_EXECUTE          ] topic : MT/EXECUTE/__moved/sensor1 payload : {
    "type": "int",
    "value": 0
}
[2022-11-18 21:33:44,755]: [MT_EXECUTE          ] topic : MT/EXECUTE/__temperature/sensor0 payload : {
    "type": "double",
    "value": 21.7
}
[2022-11-18 21:33:44,759]: [MT_EXECUTE          ] topic : MT/EXECUTE/__humidity/sensor0 payload : {
    "type": "double",
    "value": 78.4
}
[2022-11-18 21:33:44,760]: [MT_EXECUTE          ] topic : MT/EXECUTE/__pressure/sensor0 payload : {
    "type": "int",
    "value": 1022.1
}
[2022-11-18 21:33:44,762]: [MT_EXECUTE          ] topic : MT/EXECUTE/__ax/sensor0 payload : {
    "type": "int",
    "value": -98
}
[2022-11-18 21:33:44,764]: [MT_EXECUTE          ] topic : MT/EXECUTE/__ay/sensor0 payload : {
    "type": "int",
    "value": 327
}
[2022-11-18 21:33:44,766]: [MT_EXECUTE          ] topic : MT/EXECUTE/__az/sensor0 payload : {
    "type": "int",
    "value": 1043
}
[2022-11-18 21:33:44,768]: [MT_EXECUTE          ] topic : MT/EXECUTE/__moved/sensor0 payload : {
    "type": "int",
    "value": 0
}
[2022-11-18 21:33:45,753]: [MT_EXECUTE          ] topic : MT/EXECUTE/__temperature/sensor1 payload : {
    "type": "double",
    "value": 21.7
}
[2022-11-18 21:33:45,755]: [MT_EXECUTE          ] topic : MT/EXECUTE/__humidity/sensor1 payload : {
    "type": "double",
    "value": 78.4
}
[2022-11-18 21:33:45,757]: [MT_EXECUTE          ] topic : MT/EXECUTE/__pressure/sensor1 payload : {
    "type": "int",
    "value": 1022.1
}
[2022-11-18 21:33:45,759]: [MT_EXECUTE          ] topic : MT/EXECUTE/__ax/sensor1 payload : {
    "type": "int",
    "value": -98
}
[2022-11-18 21:33:45,761]: [MT_EXECUTE          ] topic : MT/EXECUTE/__ay/sensor1 payload : {
    "type": "int",
    "value": 327
}
[2022-11-18 21:33:45,763]: [MT_EXECUTE          ] topic : MT/EXECUTE/__az/sensor1 payload : {
    "type": "int",
    "value": 1043
}
[2022-11-18 21:33:45,765]: [MT_EXECUTE          ] topic : MT/EXECUTE/__moved/sensor1 payload : {
    "type": "int",
    "value": 0
}
[2022-11-18 21:33:48,029]: Ctrl + C Exit
