[2022-12-15 17:19:40,595]: Skip avahi_enable search...
[2022-12-15 17:19:40,595]: SSL is not enabled...
[2022-12-15 17:19:40,599]: [-> CONNECT           ] Connect to Host: 127.0.0.1:11083
[2022-12-15 17:19:40,600]: Register try 1
[2022-12-15 17:19:40,600]: [-> SUBSCRIBE         ] MT/RESULT/REGISTER/lora_manager_thing_D8F3BC801CFB
[2022-12-15 17:19:40,601]: [-> SUBSCRIBE         ] MT/RESULT/UNREGISTER/lora_manager_thing_D8F3BC801CFB
[2022-12-15 17:19:40,601]: New staff_thing!!! name: [sensor0]
[2022-12-15 17:19:40,602]: [-> SUBSCRIBE         ] MT/RESULT/BINARY_VALUE/lora_manager_thing_D8F3BC801CFB
[2022-12-15 17:19:40,602]: [-> SUBSCRIBE         ] MT/RESULT/REGISTER/sensor0
[2022-12-15 17:19:40,603]: [TM_REGISTER         ] topic : TM/REGISTER/lora_manager_thing_D8F3BC801CFB payload : {
    "alive_cycle": 60,
    "functions": [],
    "is_parallel": true,
    "is_super": false,
    "values": []
}
[2022-12-15 17:19:40,604]: [-> SUBSCRIBE         ] MT/RESULT/UNREGISTER/sensor0
[2022-12-15 17:19:40,604]: [-> SUBSCRIBE         ] MT/RESULT/BINARY_VALUE/sensor0
[2022-12-15 17:19:40,607]: [TM_ALIVE            ] topic : TM/ALIVE/sensor0 payload : {}
[2022-12-15 17:19:40,609]: [TM_ALIVE            ] topic : TM/ALIVE/sensor0 payload : {}
[2022-12-15 17:19:40,611]: [TM_REGISTER         ] topic : TM/REGISTER/sensor0 payload : {
    "alive_cycle": 10,
    "functions": [
        {
            "arguments": [],
            "description": "",
            "energy": null,
            "exec_time": 10000,
            "name": "__temperature",
            "return_type": "double",
skip... (print_packet mode=SoPPrintMode.ABBR)
[2022-12-15 17:19:40,613]: [TM_ALIVE            ] topic : TM/ALIVE/sensor0 payload : {}
[2022-12-15 17:19:40,615]: [sensor0_temperature ] topic : sensor0/temperature payload : {
    "type": "double",
    "value": 28.8
}
[2022-12-15 17:19:40,617]: [sensor0_humidity    ] topic : sensor0/humidity payload : {
    "type": "double",
    "value": 28.8
}
[2022-12-15 17:19:40,619]: [sensor0_pressure    ] topic : sensor0/pressure payload : {
    "type": "int",
    "value": 994.1
}
[2022-12-15 17:19:40,619]: [MT_RESULT_REGISTER  ] topic : MT/RESULT/REGISTER/lora_manager_thing_D8F3BC801CFB payload : {
    "error": -4,
    "middleware_name": "SoPIoT-MW-Level1-0_000000000000"
}
[2022-12-15 17:19:40,620]: [print_packet] Unexpected topic!!! : MT/RESULT/REGISTER/lora_manager_thing_D8F3BC801CFB 
[2022-12-15 17:19:40,621]: Wrong payload arrive... lora_manager_thing_D8F3BC801CFB should be arrive, not lora_manager_thing_D8F3BC801CFB
[2022-12-15 17:19:40,621]: [sensor0_ax          ] topic : sensor0/ax payload : {
    "type": "int",
    "value": -14
}
[2022-12-15 17:19:40,624]: Traceback message : Traceback (most recent call last):
  File "/home/jyeom/anaconda3/envs/py37tf26/lib/python3.7/site-packages/big_thing_py/big_thing.py", line 213, in _receive_message_thread_func
    self._handle_mqtt_message(recv_msg)
  File "/home/jyeom/anaconda3/envs/py37tf26/lib/python3.7/site-packages/big_thing_py/big_thing.py", line 286, in _handle_mqtt_message
    self._handle_MT_RESULT_REGISTER(msg)
  File "/home/jyeom/anaconda3/envs/py37tf26/lib/python3.7/site-packages/big_thing_py/manager_thing.py", line 261, in _handle_MT_RESULT_REGISTER
    raise
RuntimeError: No active exception to reraise

Error: No active exception to reraise
[2022-12-15 17:19:40,720]: [MT_RESULT_REGISTER  ] topic : MT/RESULT/REGISTER/sensor0 payload : {
    "error": 0,
    "middleware_name": "SoPIoT-MW-Level1-0_000000000000"
}
[2022-12-15 17:19:40,720]: [print_packet] Unexpected topic!!! : MT/RESULT/REGISTER/sensor0 
[2022-12-15 17:19:41,768]: Ctrl + C Exit
[2022-12-15 17:19:41,769]: _alive_thread is terminated
[2022-12-15 17:19:41,769]: _value_publish_thread is terminated
[2022-12-15 17:19:41,770]: _scan_staff_message_thread is terminated
[2022-12-15 17:19:41,771]: _receive_staff_message_thread is terminated
[2022-12-15 17:19:41,771]: _publish_staff_message_thread is terminated
