[2022-11-18 18:12:14,634]: Skip avahi_enable search...
[2022-11-18 18:12:14,634]: SSL is not enabled...
[2022-11-18 18:12:14,648]: [-> CONNECT           ] Connect to Host: 127.0.0.1:11083
[2022-11-18 18:12:14,651]: New staff_thing!!! name = sensor0
[2022-11-18 18:12:14,652]: [-> SUBSCRIBE         ] MT/RESULT/REGISTER/sensor0
[2022-11-18 18:12:14,652]: [MT_EXECUTE          ] topic : MT/EXECUTE/__temperature/sensor0 payload : {
    "type": "double",
    "value": 0
}
[2022-11-18 18:12:14,653]: [-> SUBSCRIBE         ] MT/RESULT/UNREGISTER/sensor0
[2022-11-18 18:12:14,654]: [-> SUBSCRIBE         ] MT/RESULT/BINARY_VALUE/sensor0
[2022-11-18 18:12:14,655]: [_send_staff_RESULT_REGISTER] Register sensor0 complete!!!
[2022-11-18 18:12:14,656]: [MT_EXECUTE          ] topic : MT/EXECUTE/__humidity/sensor0 payload : {
    "type": "double",
    "value": 3
}
[2022-11-18 18:12:14,657]: [MT_EXECUTE          ] topic : MT/EXECUTE/__pressure/sensor0 payload : {
    "type": "int",
    "value": 2
}
[2022-11-18 18:12:14,659]: [MT_EXECUTE          ] topic : MT/EXECUTE/__ax/sensor0 payload : {
    "type": "int",
    "value": 4
}
[2022-11-18 18:12:14,661]: [MT_EXECUTE          ] topic : MT/EXECUTE/__ay/sensor0 payload : {
    "type": "int",
    "value": 5
}
[2022-11-18 18:12:14,663]: [MT_EXECUTE          ] topic : MT/EXECUTE/__az/sensor0 payload : {
    "type": "int",
    "value": 6
}
[2022-11-18 18:12:14,665]: [MT_EXECUTE          ] topic : MT/EXECUTE/__moved/sensor0 payload : {
    "type": "int",
    "value": 1
}
[2022-11-18 18:12:14,669]: [TM_REGISTER         ] topic : TM/REGISTER/sensor0 payload : {
    "alive_cycle": 10,
    "functions": [
        {
            "arguments": [],
            "description": "",
            "energy": null,
            "exec_time": -1,
            "name": "__temperature",
            "return_type": "double",
skip... (print_packet mode=SoPPrintMode.ABBR)
[2022-11-18 18:12:14,684]: [MT_RESULT_REGISTER  ] topic : MT/RESULT/REGISTER/sensor0 payload : {
    "error": -4,
    "middleware_name": "SoPIoT-MW-Level1-0_000000000000"
}
[2022-11-18 18:12:14,685]: [DUP✔                 ] Thing lora_manager_thing_D8F3BC801CFB register success!
[2022-11-18 18:12:14,687]: [-> SUBSCRIBE         ] MT/EXECUTE/__temperature/sensor0/+/#
[2022-11-18 18:12:14,687]: [-> SUBSCRIBE         ] MT/EXECUTE/__temperature/sensor0
[2022-11-18 18:12:14,687]: [-> SUBSCRIBE         ] MT/EXECUTE/__humidity/sensor0/+/#
[2022-11-18 18:12:14,688]: [-> SUBSCRIBE         ] MT/EXECUTE/__humidity/sensor0
[2022-11-18 18:12:14,688]: [TM_ALIVE            ] topic : TM/ALIVE/sensor0 payload : {}
[2022-11-18 18:12:14,689]: [-> SUBSCRIBE         ] MT/EXECUTE/__pressure/sensor0/+/#
[2022-11-18 18:12:14,689]: [-> SUBSCRIBE         ] MT/EXECUTE/__pressure/sensor0
[2022-11-18 18:12:14,689]: [-> SUBSCRIBE         ] MT/EXECUTE/__ax/sensor0/+/#
[2022-11-18 18:12:14,690]: [-> SUBSCRIBE         ] MT/EXECUTE/__ax/sensor0
[2022-11-18 18:12:14,690]: [-> SUBSCRIBE         ] MT/EXECUTE/__ay/sensor0/+/#
[2022-11-18 18:12:14,690]: [-> SUBSCRIBE         ] MT/EXECUTE/__ay/sensor0
[2022-11-18 18:12:14,690]: [-> SUBSCRIBE         ] MT/EXECUTE/__az/sensor0/+/#
[2022-11-18 18:12:14,690]: [-> SUBSCRIBE         ] MT/EXECUTE/__az/sensor0
[2022-11-18 18:12:14,690]: [-> SUBSCRIBE         ] MT/EXECUTE/__moved/sensor0/+/#
[2022-11-18 18:12:14,691]: [-> SUBSCRIBE         ] MT/EXECUTE/__moved/sensor0
[2022-11-18 18:12:17,654]: [MT_EXECUTE          ] topic : MT/EXECUTE/__temperature/sensor0 payload : {
    "type": "double",
    "value": 0
}
[2022-11-18 18:12:17,656]: [MT_EXECUTE          ] topic : MT/EXECUTE/__temperature/sensor0 payload : {
    "type": "double",
    "value": 0
}
[2022-11-18 18:12:17,661]: [MT_EXECUTE          ] topic : MT/EXECUTE/__humidity/sensor0 payload : {
    "type": "double",
    "value": 3
}
[2022-11-18 18:12:17,663]: Traceback message : Traceback (most recent call last):
  File "/home/jyeom/anaconda3/envs/py37tf26/lib/python3.7/site-packages/big_thing_py/big_thing.py", line 170, in _receive_message_thread_func
    self._handle_mqtt_message(recv_msg)
  File "/home/jyeom/anaconda3/envs/py37tf26/lib/python3.7/site-packages/big_thing_py/big_thing.py", line 253, in _handle_mqtt_message
    self._handle_MT_EXECUTE(msg)
  File "/home/jyeom/anaconda3/envs/py37tf26/lib/python3.7/site-packages/big_thing_py/manager_thing.py", line 380, in _handle_MT_EXECUTE
    execute_msg = SoPExecuteMessage(msg)
  File "/home/jyeom/anaconda3/envs/py37tf26/lib/python3.7/site-packages/big_thing_py/common/mqtt_message.py", line 159, in __init__
    self._scenario: str = self._payload['scenario']
KeyError: 'scenario'

Error: 'scenario'
[2022-11-18 18:12:17,705]: [MT_EXECUTE          ] topic : MT/EXECUTE/__humidity/sensor0 payload : {
    "type": "double",
    "value": 3
}
[2022-11-18 18:12:52,022]: Ctrl + C Exit
