[2022-12-15 18:21:03,571]: Skip avahi_enable search...
[2022-12-15 18:21:03,571]: SSL is not enabled...
[2022-12-15 18:21:03,574]: [-> CONNECT           ] Connect to Host: 127.0.0.1:11083
[2022-12-15 18:21:03,576]: Register try 1
[2022-12-15 18:21:03,576]: [-> SUBSCRIBE         ] MT/RESULT/REGISTER/lora_manager_thing_D8F3BC801CFB
[2022-12-15 18:21:03,578]: New staff_thing!!! name: [sensor0]
[2022-12-15 18:21:03,578]: [-> SUBSCRIBE         ] MT/RESULT/UNREGISTER/lora_manager_thing_D8F3BC801CFB
[2022-12-15 18:21:03,579]: [-> SUBSCRIBE         ] MT/RESULT/BINARY_VALUE/lora_manager_thing_D8F3BC801CFB
[2022-12-15 18:21:03,580]: [-> SUBSCRIBE         ] MT/RESULT/REGISTER/sensor0
[2022-12-15 18:21:03,581]: [TM_REGISTER         ] topic : TM/REGISTER/lora_manager_thing_D8F3BC801CFB payload : {
    "alive_cycle": 60,
    "functions": [],
    "is_parallel": true,
    "is_super": false,
    "values": []
}
[2022-12-15 18:21:03,581]: [-> SUBSCRIBE         ] MT/RESULT/UNREGISTER/sensor0
[2022-12-15 18:21:03,582]: [-> SUBSCRIBE         ] MT/RESULT/BINARY_VALUE/sensor0
[2022-12-15 18:21:03,585]: [TM_REGISTER         ] topic : TM/REGISTER/sensor0 payload : {
    "alive_cycle": 10,
    "functions": [
        {
            "arguments": [],
            "description": "",
            "energy": null,
            "exec_time": 10000,
            "name": "__temperature",
            "return_type": "double",
skip... (print_packet mode=SoPPrintMode.ABBR)
[2022-12-15 18:21:03,587]: [MT_RESULT_REGISTER  ] topic : MT/RESULT/REGISTER/lora_manager_thing_D8F3BC801CFB payload : {
    "error": -4,
    "middleware_name": "SoPIoT-MW-Level1-0_000000000000"
}
[2022-12-15 18:21:03,588]: [print_packet] Unexpected topic!!! : MT/RESULT/REGISTER/lora_manager_thing_D8F3BC801CFB 
[2022-12-15 18:21:03,588]: [sensor0_temperature ] topic : sensor0/temperature payload : {
    "type": "double",
    "value": 29.5
}
[2022-12-15 18:21:03,590]: Wrong payload arrive... lora_manager_thing_D8F3BC801CFB should be arrive, not lora_manager_thing_D8F3BC801CFB
[2022-12-15 18:21:03,590]: [sensor0_humidity    ] topic : sensor0/humidity payload : {
    "type": "double",
    "value": 30.9
}
[2022-12-15 18:21:03,592]: [sensor0_pressure    ] topic : sensor0/pressure payload : {
    "type": "int",
    "value": 995.7
}
[2022-12-15 18:21:03,593]: [sensor0_ax          ] topic : sensor0/ax payload : {
    "type": "int",
    "value": -12
}
[2022-12-15 18:21:03,595]: [sensor0_ay          ] topic : sensor0/ay payload : {
    "type": "int",
    "value": -26
}
[2022-12-15 18:21:03,597]: [sensor0_az          ] topic : sensor0/az payload : {
    "type": "int",
    "value": 1100
}
[2022-12-15 18:21:03,599]: [sensor0_moved       ] topic : sensor0/moved payload : {
    "type": "int",
    "value": 0
}
[2022-12-15 18:21:06,175]: [MT_RESULT_REGISTER  ] topic : MT/RESULT/REGISTER/sensor0 payload : {
    "error": -4,
    "middleware_name": "SoPIoT-MW-Level1-0_000000000000"
}
[2022-12-15 18:21:06,176]: [print_packet] Unexpected topic!!! : MT/RESULT/REGISTER/sensor0 
[2022-12-15 18:21:06,176]: [DUP✔                 ] Thing sensor0 register success!
[2022-12-15 18:21:06,585]: [sensor0_temperature ] topic : sensor0/temperature payload : {
    "type": "double",
    "value": 29.4
}
[2022-12-15 18:21:06,588]: [sensor0_pressure    ] topic : sensor0/pressure payload : {
    "type": "int",
    "value": 995.3
}
[2022-12-15 18:21:06,589]: [sensor0_ax          ] topic : sensor0/ax payload : {
    "type": "int",
    "value": -13
}
[2022-12-15 18:21:06,591]: [sensor0_ay          ] topic : sensor0/ay payload : {
    "type": "int",
    "value": -29
}
[2022-12-15 18:21:06,593]: [sensor0_az          ] topic : sensor0/az payload : {
    "type": "int",
    "value": 1046
}
[2022-12-15 18:21:09,586]: [sensor0_pressure    ] topic : sensor0/pressure payload : {
    "type": "int",
    "value": 995.9
}
[2022-12-15 18:21:09,588]: [sensor0_ax          ] topic : sensor0/ax payload : {
    "type": "int",
    "value": -12
}
[2022-12-15 18:21:09,590]: [sensor0_ay          ] topic : sensor0/ay payload : {
    "type": "int",
    "value": -26
}
[2022-12-15 18:21:09,592]: [sensor0_az          ] topic : sensor0/az payload : {
    "type": "int",
    "value": 1101
}
[2022-12-15 18:21:12,586]: [sensor0_humidity    ] topic : sensor0/humidity payload : {
    "type": "double",
    "value": 30.8
}
[2022-12-15 18:21:12,589]: [sensor0_pressure    ] topic : sensor0/pressure payload : {
    "type": "int",
    "value": 995.6
}
[2022-12-15 18:21:12,593]: [sensor0_ax          ] topic : sensor0/ax payload : {
    "type": "int",
    "value": -13
}
[2022-12-15 18:21:12,595]: [sensor0_ay          ] topic : sensor0/ay payload : {
    "type": "int",
    "value": -28
}
[2022-12-15 18:21:12,597]: [sensor0_az          ] topic : sensor0/az payload : {
    "type": "int",
    "value": 1046
}
[2022-12-15 18:21:13,580]: New staff_thing!!! name: [sensor1]
[2022-12-15 18:21:13,583]: [-> SUBSCRIBE         ] MT/RESULT/REGISTER/sensor1
[2022-12-15 18:21:13,584]: [-> SUBSCRIBE         ] MT/RESULT/UNREGISTER/sensor1
[2022-12-15 18:21:13,584]: [-> SUBSCRIBE         ] MT/RESULT/BINARY_VALUE/sensor1
[2022-12-15 18:21:13,587]: [TM_REGISTER         ] topic : TM/REGISTER/sensor1 payload : {
    "alive_cycle": 10,
    "functions": [
        {
            "arguments": [],
            "description": "",
            "energy": null,
            "exec_time": 10000,
            "name": "__temperature",
            "return_type": "double",
skip... (print_packet mode=SoPPrintMode.ABBR)
[2022-12-15 18:21:13,589]: [sensor1_temperature ] topic : sensor1/temperature payload : {
    "type": "double",
    "value": 29.4
}
[2022-12-15 18:21:13,591]: [sensor1_humidity    ] topic : sensor1/humidity payload : {
    "type": "double",
    "value": 30.5
}
[2022-12-15 18:21:13,593]: [sensor1_pressure    ] topic : sensor1/pressure payload : {
    "type": "int",
    "value": 995.3
}
[2022-12-15 18:21:13,595]: [sensor1_ax          ] topic : sensor1/ax payload : {
    "type": "int",
    "value": -12
}
[2022-12-15 18:21:13,597]: [sensor1_ay          ] topic : sensor1/ay payload : {
    "type": "int",
    "value": -26
}
[2022-12-15 18:21:13,598]: [sensor1_az          ] topic : sensor1/az payload : {
    "type": "int",
    "value": 1102
}
[2022-12-15 18:21:13,600]: [sensor1_moved       ] topic : sensor1/moved payload : {
    "type": "int",
    "value": 0
}
[2022-12-15 18:21:13,640]: [MT_RESULT_REGISTER  ] topic : MT/RESULT/REGISTER/sensor1 payload : {
    "error": -4,
    "middleware_name": "SoPIoT-MW-Level1-0_000000000000"
}
[2022-12-15 18:21:13,640]: [print_packet] Unexpected topic!!! : MT/RESULT/REGISTER/sensor1 
[2022-12-15 18:21:13,642]: [DUP✔                 ] Thing sensor1 register success!
[2022-12-15 18:21:16,589]: [sensor1_humidity    ] topic : sensor1/humidity payload : {
    "type": "double",
    "value": 30.3
}
[2022-12-15 18:21:16,591]: [sensor1_pressure    ] topic : sensor1/pressure payload : {
    "type": "int",
    "value": 995.5
}
[2022-12-15 18:21:16,593]: [sensor1_ax          ] topic : sensor1/ax payload : {
    "type": "int",
    "value": -13
}
[2022-12-15 18:21:16,595]: [sensor1_ay          ] topic : sensor1/ay payload : {
    "type": "int",
    "value": -29
}
[2022-12-15 18:21:16,597]: [sensor1_az          ] topic : sensor1/az payload : {
    "type": "int",
    "value": 1046
}
[2022-12-15 18:21:19,590]: [sensor1_humidity    ] topic : sensor1/humidity payload : {
    "type": "double",
    "value": 29.9
}
[2022-12-15 18:21:19,591]: [sensor1_ax          ] topic : sensor1/ax payload : {
    "type": "int",
    "value": -11
}
[2022-12-15 18:21:19,593]: [sensor1_ay          ] topic : sensor1/ay payload : {
    "type": "int",
    "value": -26
}
[2022-12-15 18:21:19,595]: [sensor1_az          ] topic : sensor1/az payload : {
    "type": "int",
    "value": 1100
}
[2022-12-15 18:21:23,582]: New staff_thing!!! name: [sensor2]
[2022-12-15 18:21:23,584]: [-> SUBSCRIBE         ] MT/RESULT/REGISTER/sensor2
[2022-12-15 18:21:23,584]: [-> SUBSCRIBE         ] MT/RESULT/UNREGISTER/sensor2
[2022-12-15 18:21:23,585]: [-> SUBSCRIBE         ] MT/RESULT/BINARY_VALUE/sensor2
[2022-12-15 18:21:23,588]: [TM_REGISTER         ] topic : TM/REGISTER/sensor2 payload : {
    "alive_cycle": 10,
    "functions": [
        {
            "arguments": [],
            "description": "",
            "energy": null,
            "exec_time": 10000,
            "name": "__temperature",
            "return_type": "double",
skip... (print_packet mode=SoPPrintMode.ABBR)
[2022-12-15 18:21:23,590]: [sensor2_temperature ] topic : sensor2/temperature payload : {
    "type": "double",
    "value": 29.4
}
[2022-12-15 18:21:23,592]: [sensor2_humidity    ] topic : sensor2/humidity payload : {
    "type": "double",
    "value": 29.7
}
[2022-12-15 18:21:23,595]: [sensor2_pressure    ] topic : sensor2/pressure payload : {
    "type": "int",
    "value": 995.6
}
[2022-12-15 18:21:23,597]: [sensor2_ax          ] topic : sensor2/ax payload : {
    "type": "int",
    "value": -12
}
[2022-12-15 18:21:23,599]: [sensor2_ay          ] topic : sensor2/ay payload : {
    "type": "int",
    "value": -29
}
[2022-12-15 18:21:23,601]: [sensor2_az          ] topic : sensor2/az payload : {
    "type": "int",
    "value": 1045
}
[2022-12-15 18:21:23,603]: [sensor2_moved       ] topic : sensor2/moved payload : {
    "type": "int",
    "value": 0
}
[2022-12-15 18:21:23,652]: [MT_RESULT_REGISTER  ] topic : MT/RESULT/REGISTER/sensor2 payload : {
    "error": -4,
    "middleware_name": "SoPIoT-MW-Level1-0_000000000000"
}
[2022-12-15 18:21:23,653]: [print_packet] Unexpected topic!!! : MT/RESULT/REGISTER/sensor2 
[2022-12-15 18:21:23,655]: [DUP✔                 ] Thing sensor2 register success!
[2022-12-15 18:21:26,587]: [sensor2_humidity    ] topic : sensor2/humidity payload : {
    "type": "double",
    "value": 29.4
}
[2022-12-15 18:21:26,589]: [sensor2_pressure    ] topic : sensor2/pressure payload : {
    "type": "int",
    "value": 995.3
}
[2022-12-15 18:21:26,591]: [sensor2_ay          ] topic : sensor2/ay payload : {
    "type": "int",
    "value": -25
}
[2022-12-15 18:21:26,593]: [sensor2_az          ] topic : sensor2/az payload : {
    "type": "int",
    "value": 1101
}
[2022-12-15 18:21:29,588]: [sensor2_humidity    ] topic : sensor2/humidity payload : {
    "type": "double",
    "value": 29.1
}
[2022-12-15 18:21:29,590]: [sensor2_pressure    ] topic : sensor2/pressure payload : {
    "type": "int",
    "value": 995.5
}
[2022-12-15 18:21:29,592]: [sensor2_ax          ] topic : sensor2/ax payload : {
    "type": "int",
    "value": -13
}
[2022-12-15 18:21:29,594]: [sensor2_ay          ] topic : sensor2/ay payload : {
    "type": "int",
    "value": -28
}
[2022-12-15 18:21:29,596]: [sensor2_az          ] topic : sensor2/az payload : {
    "type": "int",
    "value": 1046
}
[2022-12-15 18:21:32,588]: [sensor2_humidity    ] topic : sensor2/humidity payload : {
    "type": "double",
    "value": 28.9
}
[2022-12-15 18:21:32,590]: [sensor2_ax          ] topic : sensor2/ax payload : {
    "type": "int",
    "value": -12
}
[2022-12-15 18:21:32,592]: [sensor2_ay          ] topic : sensor2/ay payload : {
    "type": "int",
    "value": -26
}
[2022-12-15 18:21:32,594]: [sensor2_az          ] topic : sensor2/az payload : {
    "type": "int",
    "value": 1101
}
[2022-12-15 18:21:33,584]: New staff_thing!!! name: [sensor3]
[2022-12-15 18:21:33,585]: [-> SUBSCRIBE         ] MT/RESULT/REGISTER/sensor3
[2022-12-15 18:21:33,586]: [-> SUBSCRIBE         ] MT/RESULT/UNREGISTER/sensor3
[2022-12-15 18:21:33,587]: [-> SUBSCRIBE         ] MT/RESULT/BINARY_VALUE/sensor3
[2022-12-15 18:21:33,590]: [TM_REGISTER         ] topic : TM/REGISTER/sensor3 payload : {
    "alive_cycle": 10,
    "functions": [
        {
            "arguments": [],
            "description": "",
            "energy": null,
            "exec_time": 10000,
            "name": "__temperature",
            "return_type": "double",
skip... (print_packet mode=SoPPrintMode.ABBR)
[2022-12-15 18:21:33,591]: [sensor3_temperature ] topic : sensor3/temperature payload : {
    "type": "double",
    "value": 29.4
}
[2022-12-15 18:21:33,593]: [sensor3_humidity    ] topic : sensor3/humidity payload : {
    "type": "double",
    "value": 28.9
}
[2022-12-15 18:21:33,596]: [sensor3_pressure    ] topic : sensor3/pressure payload : {
    "type": "int",
    "value": 995.5
}
[2022-12-15 18:21:33,598]: [sensor3_ax          ] topic : sensor3/ax payload : {
    "type": "int",
    "value": -12
}
[2022-12-15 18:21:33,601]: [sensor3_ay          ] topic : sensor3/ay payload : {
    "type": "int",
    "value": -26
}
[2022-12-15 18:21:33,603]: [sensor3_az          ] topic : sensor3/az payload : {
    "type": "int",
    "value": 1101
}
[2022-12-15 18:21:33,605]: [sensor3_moved       ] topic : sensor3/moved payload : {
    "type": "int",
    "value": 0
}
[2022-12-15 18:21:33,642]: [MT_RESULT_REGISTER  ] topic : MT/RESULT/REGISTER/sensor3 payload : {
    "error": -4,
    "middleware_name": "SoPIoT-MW-Level1-0_000000000000"
}
[2022-12-15 18:21:33,642]: [print_packet] Unexpected topic!!! : MT/RESULT/REGISTER/sensor3 
[2022-12-15 18:21:33,644]: [DUP✔                 ] Thing sensor3 register success!
[2022-12-15 18:21:36,591]: [sensor3_humidity    ] topic : sensor3/humidity payload : {
    "type": "double",
    "value": 28.8
}
[2022-12-15 18:21:36,593]: [sensor3_pressure    ] topic : sensor3/pressure payload : {
    "type": "int",
    "value": 995.8
}
[2022-12-15 18:21:36,595]: [sensor3_ay          ] topic : sensor3/ay payload : {
    "type": "int",
    "value": -29
}
[2022-12-15 18:21:36,597]: [sensor3_az          ] topic : sensor3/az payload : {
    "type": "int",
    "value": 1046
}
[2022-12-15 18:21:39,593]: [sensor3_humidity    ] topic : sensor3/humidity payload : {
    "type": "double",
    "value": 28.7
}
[2022-12-15 18:21:39,595]: [sensor3_pressure    ] topic : sensor3/pressure payload : {
    "type": "int",
    "value": 995.4
}
[2022-12-15 18:21:39,597]: [sensor3_ax          ] topic : sensor3/ax payload : {
    "type": "int",
    "value": -13
}
[2022-12-15 18:21:39,599]: [sensor3_ay          ] topic : sensor3/ay payload : {
    "type": "int",
    "value": -26
}
[2022-12-15 18:21:39,601]: [sensor3_az          ] topic : sensor3/az payload : {
    "type": "int",
    "value": 1102
}
[2022-12-15 18:21:42,592]: [sensor3_humidity    ] topic : sensor3/humidity payload : {
    "type": "double",
    "value": 28.6
}
[2022-12-15 18:21:42,594]: [sensor3_pressure    ] topic : sensor3/pressure payload : {
    "type": "int",
    "value": 995.1
}
[2022-12-15 18:21:42,596]: [sensor3_ay          ] topic : sensor3/ay payload : {
    "type": "int",
    "value": -28
}
[2022-12-15 18:21:42,598]: [sensor3_az          ] topic : sensor3/az payload : {
    "type": "int",
    "value": 1047
}
[2022-12-15 18:21:43,585]: New staff_thing!!! name: [sensor4]
[2022-12-15 18:21:43,588]: [-> SUBSCRIBE         ] MT/RESULT/REGISTER/sensor4
[2022-12-15 18:21:43,589]: [-> SUBSCRIBE         ] MT/RESULT/UNREGISTER/sensor4
[2022-12-15 18:21:43,589]: [-> SUBSCRIBE         ] MT/RESULT/BINARY_VALUE/sensor4
[2022-12-15 18:21:43,594]: [TM_REGISTER         ] topic : TM/REGISTER/sensor4 payload : {
    "alive_cycle": 10,
    "functions": [
        {
            "arguments": [],
            "description": "",
            "energy": null,
            "exec_time": 10000,
            "name": "__temperature",
            "return_type": "double",
skip... (print_packet mode=SoPPrintMode.ABBR)
[2022-12-15 18:21:43,596]: [sensor4_temperature ] topic : sensor4/temperature payload : {
    "type": "double",
    "value": 29.4
}
[2022-12-15 18:21:43,598]: [sensor4_humidity    ] topic : sensor4/humidity payload : {
    "type": "double",
    "value": 28.6
}
[2022-12-15 18:21:43,600]: [sensor4_pressure    ] topic : sensor4/pressure payload : {
    "type": "int",
    "value": 995.1
}
[2022-12-15 18:21:43,602]: [sensor4_ax          ] topic : sensor4/ax payload : {
    "type": "int",
    "value": -13
}
[2022-12-15 18:21:43,604]: [sensor4_ay          ] topic : sensor4/ay payload : {
    "type": "int",
    "value": -28
}
[2022-12-15 18:21:43,607]: [sensor4_az          ] topic : sensor4/az payload : {
    "type": "int",
    "value": 1047
}
[2022-12-15 18:21:43,609]: [sensor4_moved       ] topic : sensor4/moved payload : {
    "type": "int",
    "value": 0
}
[2022-12-15 18:21:43,650]: [MT_RESULT_REGISTER  ] topic : MT/RESULT/REGISTER/sensor4 payload : {
    "error": -4,
    "middleware_name": "SoPIoT-MW-Level1-0_000000000000"
}
[2022-12-15 18:21:43,650]: [print_packet] Unexpected topic!!! : MT/RESULT/REGISTER/sensor4 
[2022-12-15 18:21:43,651]: [DUP✔                 ] Thing sensor4 register success!
[2022-12-15 18:21:46,593]: [sensor4_pressure    ] topic : sensor4/pressure payload : {
    "type": "int",
    "value": 995.5
}
[2022-12-15 18:21:46,594]: [sensor4_ax          ] topic : sensor4/ax payload : {
    "type": "int",
    "value": -12
}
[2022-12-15 18:21:46,596]: [sensor4_ay          ] topic : sensor4/ay payload : {
    "type": "int",
    "value": -26
}
[2022-12-15 18:21:46,598]: [sensor4_az          ] topic : sensor4/az payload : {
    "type": "int",
    "value": 1102
}
[2022-12-15 18:21:49,593]: [sensor4_humidity    ] topic : sensor4/humidity payload : {
    "type": "double",
    "value": 28.4
}
[2022-12-15 18:21:49,595]: [sensor4_pressure    ] topic : sensor4/pressure payload : {
    "type": "int",
    "value": 995.4
}
[2022-12-15 18:21:49,597]: [sensor4_ax          ] topic : sensor4/ax payload : {
    "type": "int",
    "value": -14
}
[2022-12-15 18:21:49,599]: [sensor4_ay          ] topic : sensor4/ay payload : {
    "type": "int",
    "value": -29
}
[2022-12-15 18:21:49,601]: [sensor4_az          ] topic : sensor4/az payload : {
    "type": "int",
    "value": 1047
}
[2022-12-15 18:21:52,593]: [sensor4_pressure    ] topic : sensor4/pressure payload : {
    "type": "int",
    "value": 995.5
}
[2022-12-15 18:21:52,597]: [sensor4_ax          ] topic : sensor4/ax payload : {
    "type": "int",
    "value": -12
}
[2022-12-15 18:21:52,600]: [sensor4_ay          ] topic : sensor4/ay payload : {
    "type": "int",
    "value": -25
}
[2022-12-15 18:21:52,602]: [sensor4_az          ] topic : sensor4/az payload : {
    "type": "int",
    "value": 1102
}
[2022-12-15 18:21:53,587]: New staff_thing!!! name: [sensor5]
[2022-12-15 18:21:53,589]: [-> SUBSCRIBE         ] MT/RESULT/REGISTER/sensor5
[2022-12-15 18:21:53,590]: [-> SUBSCRIBE         ] MT/RESULT/UNREGISTER/sensor5
[2022-12-15 18:21:53,591]: [-> SUBSCRIBE         ] MT/RESULT/BINARY_VALUE/sensor5
[2022-12-15 18:21:53,594]: [TM_REGISTER         ] topic : TM/REGISTER/sensor5 payload : {
    "alive_cycle": 10,
    "functions": [
        {
            "arguments": [],
            "description": "",
            "energy": null,
            "exec_time": 10000,
            "name": "__temperature",
            "return_type": "double",
skip... (print_packet mode=SoPPrintMode.ABBR)
[2022-12-15 18:21:53,596]: [sensor5_temperature ] topic : sensor5/temperature payload : {
    "type": "double",
    "value": 29.4
}
[2022-12-15 18:21:53,598]: [sensor5_humidity    ] topic : sensor5/humidity payload : {
    "type": "double",
    "value": 28.4
}
[2022-12-15 18:21:53,600]: [sensor5_pressure    ] topic : sensor5/pressure payload : {
    "type": "int",
    "value": 995.5
}
[2022-12-15 18:21:53,602]: [sensor5_ax          ] topic : sensor5/ax payload : {
    "type": "int",
    "value": -12
}
[2022-12-15 18:21:53,604]: [sensor5_ay          ] topic : sensor5/ay payload : {
    "type": "int",
    "value": -25
}
[2022-12-15 18:21:53,606]: [sensor5_az          ] topic : sensor5/az payload : {
    "type": "int",
    "value": 1102
}
[2022-12-15 18:21:53,609]: [sensor5_moved       ] topic : sensor5/moved payload : {
    "type": "int",
    "value": 0
}
[2022-12-15 18:21:53,654]: [MT_RESULT_REGISTER  ] topic : MT/RESULT/REGISTER/sensor5 payload : {
    "error": -4,
    "middleware_name": "SoPIoT-MW-Level1-0_000000000000"
}
[2022-12-15 18:21:53,654]: [print_packet] Unexpected topic!!! : MT/RESULT/REGISTER/sensor5 
[2022-12-15 18:21:53,655]: [DUP✔                 ] Thing sensor5 register success!
[2022-12-15 18:21:56,595]: [sensor5_humidity    ] topic : sensor5/humidity payload : {
    "type": "double",
    "value": 28.2
}
[2022-12-15 18:21:56,597]: [sensor5_pressure    ] topic : sensor5/pressure payload : {
    "type": "int",
    "value": 995.9
}
[2022-12-15 18:21:56,599]: [sensor5_ax          ] topic : sensor5/ax payload : {
    "type": "int",
    "value": -13
}
[2022-12-15 18:21:56,601]: [sensor5_ay          ] topic : sensor5/ay payload : {
    "type": "int",
    "value": -29
}
[2022-12-15 18:21:56,604]: [sensor5_az          ] topic : sensor5/az payload : {
    "type": "int",
    "value": 1047
}
[2022-12-15 18:21:59,595]: [sensor5_pressure    ] topic : sensor5/pressure payload : {
    "type": "int",
    "value": 995.3
}
[2022-12-15 18:21:59,597]: [sensor5_ay          ] topic : sensor5/ay payload : {
    "type": "int",
    "value": -25
}
[2022-12-15 18:21:59,598]: [sensor5_az          ] topic : sensor5/az payload : {
    "type": "int",
    "value": 1101
}
[2022-12-15 18:22:02,595]: [sensor5_humidity    ] topic : sensor5/humidity payload : {
    "type": "double",
    "value": 28.0
}
[2022-12-15 18:22:02,597]: [sensor5_pressure    ] topic : sensor5/pressure payload : {
    "type": "int",
    "value": 995.0
}
[2022-12-15 18:22:02,599]: [sensor5_ay          ] topic : sensor5/ay payload : {
    "type": "int",
    "value": -27
}
[2022-12-15 18:22:02,601]: [sensor5_az          ] topic : sensor5/az payload : {
    "type": "int",
    "value": 1046
}
[2022-12-15 18:22:03,589]: New staff_thing!!! name: [sensor6]
[2022-12-15 18:22:03,592]: [-> SUBSCRIBE         ] MT/RESULT/REGISTER/sensor6
[2022-12-15 18:22:03,593]: [-> SUBSCRIBE         ] MT/RESULT/UNREGISTER/sensor6
[2022-12-15 18:22:03,593]: [-> SUBSCRIBE         ] MT/RESULT/BINARY_VALUE/sensor6
[2022-12-15 18:22:03,596]: [TM_REGISTER         ] topic : TM/REGISTER/sensor6 payload : {
    "alive_cycle": 10,
    "functions": [
        {
            "arguments": [],
            "description": "",
            "energy": null,
            "exec_time": 10000,
            "name": "__temperature",
            "return_type": "double",
skip... (print_packet mode=SoPPrintMode.ABBR)
[2022-12-15 18:22:03,598]: [sensor6_temperature ] topic : sensor6/temperature payload : {
    "type": "double",
    "value": 29.4
}
[2022-12-15 18:22:03,600]: [sensor6_humidity    ] topic : sensor6/humidity payload : {
    "type": "double",
    "value": 27.9
}
[2022-12-15 18:22:03,602]: [sensor6_pressure    ] topic : sensor6/pressure payload : {
    "type": "int",
    "value": 996.1
}
[2022-12-15 18:22:03,604]: [sensor6_ax          ] topic : sensor6/ax payload : {
    "type": "int",
    "value": -13
}
[2022-12-15 18:22:03,606]: [sensor6_ay          ] topic : sensor6/ay payload : {
    "type": "int",
    "value": -25
}
[2022-12-15 18:22:03,607]: [sensor6_az          ] topic : sensor6/az payload : {
    "type": "int",
    "value": 1102
}
[2022-12-15 18:22:03,609]: [sensor6_moved       ] topic : sensor6/moved payload : {
    "type": "int",
    "value": 0
}
[2022-12-15 18:22:03,637]: [TM_ALIVE            ] topic : TM/ALIVE/sensor6 payload : {}
[2022-12-15 18:22:03,653]: [MT_RESULT_REGISTER  ] topic : MT/RESULT/REGISTER/sensor6 payload : {
    "error": -4,
    "middleware_name": "SoPIoT-MW-Level1-0_000000000000"
}
[2022-12-15 18:22:03,653]: [print_packet] Unexpected topic!!! : MT/RESULT/REGISTER/sensor6 
[2022-12-15 18:22:03,654]: [DUP✔                 ] Thing sensor6 register success!
[2022-12-15 18:22:06,596]: [sensor6_pressure    ] topic : sensor6/pressure payload : {
    "type": "int",
    "value": 995.9
}
[2022-12-15 18:22:06,598]: [sensor6_ax          ] topic : sensor6/ax payload : {
    "type": "int",
    "value": -14
}
[2022-12-15 18:22:06,600]: [sensor6_ay          ] topic : sensor6/ay payload : {
    "type": "int",
    "value": -29
}
[2022-12-15 18:22:06,603]: [sensor6_az          ] topic : sensor6/az payload : {
    "type": "int",
    "value": 1047
}
[2022-12-15 18:22:12,597]: [sensor6_humidity    ] topic : sensor6/humidity payload : {
    "type": "double",
    "value": 27.8
}
[2022-12-15 18:22:12,599]: [sensor6_pressure    ] topic : sensor6/pressure payload : {
    "type": "int",
    "value": 995.6
}
[2022-12-15 18:22:12,601]: [sensor6_ax          ] topic : sensor6/ax payload : {
    "type": "int",
    "value": -12
}
[2022-12-15 18:22:12,604]: [sensor6_ay          ] topic : sensor6/ay payload : {
    "type": "int",
    "value": -26
}
[2022-12-15 18:22:12,606]: [sensor6_az          ] topic : sensor6/az payload : {
    "type": "int",
    "value": 1101
}
[2022-12-15 18:22:13,590]: New staff_thing!!! name: [sensor7]
[2022-12-15 18:22:13,592]: [-> SUBSCRIBE         ] MT/RESULT/REGISTER/sensor7
[2022-12-15 18:22:13,593]: [-> SUBSCRIBE         ] MT/RESULT/UNREGISTER/sensor7
[2022-12-15 18:22:13,594]: [-> SUBSCRIBE         ] MT/RESULT/BINARY_VALUE/sensor7
[2022-12-15 18:22:13,597]: [TM_REGISTER         ] topic : TM/REGISTER/sensor7 payload : {
    "alive_cycle": 10,
    "functions": [
        {
            "arguments": [],
            "description": "",
            "energy": null,
            "exec_time": 10000,
            "name": "__temperature",
            "return_type": "double",
skip... (print_packet mode=SoPPrintMode.ABBR)
[2022-12-15 18:22:13,599]: [sensor7_temperature ] topic : sensor7/temperature payload : {
    "type": "double",
    "value": 29.4
}
[2022-12-15 18:22:13,601]: [sensor7_humidity    ] topic : sensor7/humidity payload : {
    "type": "double",
    "value": 27.7
}
[2022-12-15 18:22:13,603]: [sensor7_pressure    ] topic : sensor7/pressure payload : {
    "type": "int",
    "value": 995.2
}
[2022-12-15 18:22:13,605]: [sensor7_ax          ] topic : sensor7/ax payload : {
    "type": "int",
    "value": -13
}
[2022-12-15 18:22:13,608]: [sensor7_ay          ] topic : sensor7/ay payload : {
    "type": "int",
    "value": -27
}
[2022-12-15 18:22:13,612]: [sensor7_az          ] topic : sensor7/az payload : {
    "type": "int",
    "value": 1047
}
[2022-12-15 18:22:13,615]: [sensor7_moved       ] topic : sensor7/moved payload : {
    "type": "int",
    "value": 0
}
[2022-12-15 18:22:13,654]: [MT_RESULT_REGISTER  ] topic : MT/RESULT/REGISTER/sensor7 payload : {
    "error": -4,
    "middleware_name": "SoPIoT-MW-Level1-0_000000000000"
}
[2022-12-15 18:22:13,655]: [print_packet] Unexpected topic!!! : MT/RESULT/REGISTER/sensor7 
[2022-12-15 18:22:13,656]: [DUP✔                 ] Thing sensor7 register success!
[2022-12-15 18:22:16,596]: [sensor7_pressure    ] topic : sensor7/pressure payload : {
    "type": "int",
    "value": 995.6
}
[2022-12-15 18:22:16,598]: [sensor7_ax          ] topic : sensor7/ax payload : {
    "type": "int",
    "value": -12
}
[2022-12-15 18:22:16,601]: [sensor7_ay          ] topic : sensor7/ay payload : {
    "type": "int",
    "value": -25
}
[2022-12-15 18:22:16,602]: [sensor7_az          ] topic : sensor7/az payload : {
    "type": "int",
    "value": 1101
}
[2022-12-15 18:22:19,597]: [sensor7_ax          ] topic : sensor7/ax payload : {
    "type": "int",
    "value": -13
}
[2022-12-15 18:22:19,599]: [sensor7_ay          ] topic : sensor7/ay payload : {
    "type": "int",
    "value": -28
}
[2022-12-15 18:22:19,602]: [sensor7_az          ] topic : sensor7/az payload : {
    "type": "int",
    "value": 1047
}
[2022-12-15 18:22:22,599]: [sensor7_temperature ] topic : sensor7/temperature payload : {
    "type": "double",
    "value": 29.3
}
[2022-12-15 18:22:22,602]: [sensor7_humidity    ] topic : sensor7/humidity payload : {
    "type": "double",
    "value": 27.6
}
[2022-12-15 18:22:22,604]: [sensor7_pressure    ] topic : sensor7/pressure payload : {
    "type": "int",
    "value": 995.4
}
[2022-12-15 18:22:22,605]: [sensor7_ax          ] topic : sensor7/ax payload : {
    "type": "int",
    "value": -12
}
[2022-12-15 18:22:22,607]: [sensor7_ay          ] topic : sensor7/ay payload : {
    "type": "int",
    "value": -26
}
[2022-12-15 18:22:22,609]: [sensor7_az          ] topic : sensor7/az payload : {
    "type": "int",
    "value": 1102
}
[2022-12-15 18:22:23,593]: New staff_thing!!! name: [sensor8]
[2022-12-15 18:22:23,595]: [-> SUBSCRIBE         ] MT/RESULT/REGISTER/sensor8
[2022-12-15 18:22:23,596]: [-> SUBSCRIBE         ] MT/RESULT/UNREGISTER/sensor8
[2022-12-15 18:22:23,596]: [-> SUBSCRIBE         ] MT/RESULT/BINARY_VALUE/sensor8
[2022-12-15 18:22:23,599]: [TM_REGISTER         ] topic : TM/REGISTER/sensor8 payload : {
    "alive_cycle": 10,
    "functions": [
        {
            "arguments": [],
            "description": "",
            "energy": null,
            "exec_time": 10000,
            "name": "__temperature",
            "return_type": "double",
skip... (print_packet mode=SoPPrintMode.ABBR)
[2022-12-15 18:22:23,601]: [sensor8_temperature ] topic : sensor8/temperature payload : {
    "type": "double",
    "value": 29.3
}
[2022-12-15 18:22:23,603]: [sensor8_humidity    ] topic : sensor8/humidity payload : {
    "type": "double",
    "value": 27.6
}
[2022-12-15 18:22:23,605]: [sensor8_pressure    ] topic : sensor8/pressure payload : {
    "type": "int",
    "value": 995.4
}
[2022-12-15 18:22:23,608]: [sensor8_ax          ] topic : sensor8/ax payload : {
    "type": "int",
    "value": -12
}
[2022-12-15 18:22:23,610]: [sensor8_ay          ] topic : sensor8/ay payload : {
    "type": "int",
    "value": -26
}
[2022-12-15 18:22:23,612]: [sensor8_az          ] topic : sensor8/az payload : {
    "type": "int",
    "value": 1102
}
[2022-12-15 18:22:23,614]: [sensor8_moved       ] topic : sensor8/moved payload : {
    "type": "int",
    "value": 0
}
[2022-12-15 18:22:23,656]: [MT_RESULT_REGISTER  ] topic : MT/RESULT/REGISTER/sensor8 payload : {
    "error": -4,
    "middleware_name": "SoPIoT-MW-Level1-0_000000000000"
}
[2022-12-15 18:22:23,656]: [print_packet] Unexpected topic!!! : MT/RESULT/REGISTER/sensor8 
[2022-12-15 18:22:23,657]: [DUP✔                 ] Thing sensor8 register success!
[2022-12-15 18:22:26,599]: [sensor8_humidity    ] topic : sensor8/humidity payload : {
    "type": "double",
    "value": 27.5
}
[2022-12-15 18:22:26,601]: [sensor8_pressure    ] topic : sensor8/pressure payload : {
    "type": "int",
    "value": 995.0
}
[2022-12-15 18:22:26,603]: [sensor8_ay          ] topic : sensor8/ay payload : {
    "type": "int",
    "value": -29
}
[2022-12-15 18:22:26,606]: [sensor8_az          ] topic : sensor8/az payload : {
    "type": "int",
    "value": 1046
}
[2022-12-15 18:22:29,600]: [sensor8_temperature ] topic : sensor8/temperature payload : {
    "type": "double",
    "value": 29.4
}
[2022-12-15 18:22:29,603]: [sensor8_humidity    ] topic : sensor8/humidity payload : {
    "type": "double",
    "value": 27.4
}
[2022-12-15 18:22:29,604]: [sensor8_pressure    ] topic : sensor8/pressure payload : {
    "type": "int",
    "value": 994.8
}
[2022-12-15 18:22:29,606]: [sensor8_ay          ] topic : sensor8/ay payload : {
    "type": "int",
    "value": -25
}
[2022-12-15 18:22:29,608]: [sensor8_az          ] topic : sensor8/az payload : {
    "type": "int",
    "value": 1103
}
[2022-12-15 18:22:32,601]: [sensor8_pressure    ] topic : sensor8/pressure payload : {
    "type": "int",
    "value": 995.2
}
[2022-12-15 18:22:32,603]: [sensor8_ax          ] topic : sensor8/ax payload : {
    "type": "int",
    "value": -14
}
[2022-12-15 18:22:32,605]: [sensor8_ay          ] topic : sensor8/ay payload : {
    "type": "int",
    "value": -29
}
[2022-12-15 18:22:32,607]: [sensor8_az          ] topic : sensor8/az payload : {
    "type": "int",
    "value": 1046
}
[2022-12-15 18:22:33,594]: New staff_thing!!! name: [sensor9]
[2022-12-15 18:22:33,595]: [-> SUBSCRIBE         ] MT/RESULT/REGISTER/sensor9
[2022-12-15 18:22:33,596]: [-> SUBSCRIBE         ] MT/RESULT/UNREGISTER/sensor9
[2022-12-15 18:22:33,596]: [-> SUBSCRIBE         ] MT/RESULT/BINARY_VALUE/sensor9
[2022-12-15 18:22:33,598]: [TM_REGISTER         ] topic : TM/REGISTER/sensor9 payload : {
    "alive_cycle": 10,
    "functions": [
        {
            "arguments": [],
            "description": "",
            "energy": null,
            "exec_time": 10000,
            "name": "__temperature",
            "return_type": "double",
skip... (print_packet mode=SoPPrintMode.ABBR)
[2022-12-15 18:22:33,600]: [sensor9_temperature ] topic : sensor9/temperature payload : {
    "type": "double",
    "value": 29.4
}
[2022-12-15 18:22:33,602]: [sensor9_humidity    ] topic : sensor9/humidity payload : {
    "type": "double",
    "value": 27.4
}
[2022-12-15 18:22:33,604]: [sensor9_pressure    ] topic : sensor9/pressure payload : {
    "type": "int",
    "value": 995.2
}
[2022-12-15 18:22:33,606]: [sensor9_ax          ] topic : sensor9/ax payload : {
    "type": "int",
    "value": -14
}
[2022-12-15 18:22:33,607]: [sensor9_ay          ] topic : sensor9/ay payload : {
    "type": "int",
    "value": -29
}
[2022-12-15 18:22:33,610]: [sensor9_az          ] topic : sensor9/az payload : {
    "type": "int",
    "value": 1046
}
[2022-12-15 18:22:33,612]: [sensor9_moved       ] topic : sensor9/moved payload : {
    "type": "int",
    "value": 0
}
[2022-12-15 18:22:33,665]: [MT_RESULT_REGISTER  ] topic : MT/RESULT/REGISTER/sensor9 payload : {
    "error": -4,
    "middleware_name": "SoPIoT-MW-Level1-0_000000000000"
}
[2022-12-15 18:22:33,665]: [print_packet] Unexpected topic!!! : MT/RESULT/REGISTER/sensor9 
[2022-12-15 18:22:33,667]: [DUP✔                 ] Thing sensor9 register success!
[2022-12-15 18:22:36,599]: [sensor9_humidity    ] topic : sensor9/humidity payload : {
    "type": "double",
    "value": 27.3
}
[2022-12-15 18:22:36,601]: [sensor9_pressure    ] topic : sensor9/pressure payload : {
    "type": "int",
    "value": 995.0
}
[2022-12-15 18:22:36,603]: [sensor9_ax          ] topic : sensor9/ax payload : {
    "type": "int",
    "value": -12
}
[2022-12-15 18:22:36,605]: [sensor9_ay          ] topic : sensor9/ay payload : {
    "type": "int",
    "value": -25
}
[2022-12-15 18:22:36,607]: [sensor9_az          ] topic : sensor9/az payload : {
    "type": "int",
    "value": 1101
}
[2022-12-15 18:22:39,601]: [sensor9_pressure    ] topic : sensor9/pressure payload : {
    "type": "int",
    "value": 995.6
}
[2022-12-15 18:22:39,603]: [sensor9_ax          ] topic : sensor9/ax payload : {
    "type": "int",
    "value": -13
}
[2022-12-15 18:22:39,605]: [sensor9_ay          ] topic : sensor9/ay payload : {
    "type": "int",
    "value": -29
}
[2022-12-15 18:22:39,608]: [sensor9_az          ] topic : sensor9/az payload : {
    "type": "int",
    "value": 1048
}
[2022-12-15 18:22:42,601]: [sensor9_humidity    ] topic : sensor9/humidity payload : {
    "type": "double",
    "value": 27.2
}
[2022-12-15 18:22:42,604]: [sensor9_pressure    ] topic : sensor9/pressure payload : {
    "type": "int",
    "value": 995.2
}
[2022-12-15 18:22:42,605]: [sensor9_ay          ] topic : sensor9/ay payload : {
    "type": "int",
    "value": -25
}
[2022-12-15 18:22:42,609]: [sensor9_az          ] topic : sensor9/az payload : {
    "type": "int",
    "value": 1103
}
[2022-12-15 18:22:43,597]: New staff_thing!!! name: [sensor10]
[2022-12-15 18:22:43,599]: [-> SUBSCRIBE         ] MT/RESULT/REGISTER/sensor10
[2022-12-15 18:22:43,599]: [-> SUBSCRIBE         ] MT/RESULT/UNREGISTER/sensor10
[2022-12-15 18:22:43,600]: [-> SUBSCRIBE         ] MT/RESULT/BINARY_VALUE/sensor10
[2022-12-15 18:22:43,605]: [TM_REGISTER         ] topic : TM/REGISTER/sensor10 payload : {
    "alive_cycle": 10,
    "functions": [
        {
            "arguments": [],
            "description": "",
            "energy": null,
            "exec_time": 10000,
            "name": "__temperature",
            "return_type": "double",
skip... (print_packet mode=SoPPrintMode.ABBR)
[2022-12-15 18:22:43,609]: [sensor10_temperature] topic : sensor10/temperature payload : {
    "type": "double",
    "value": 29.4
}
[2022-12-15 18:22:43,612]: [sensor10_humidity   ] topic : sensor10/humidity payload : {
    "type": "double",
    "value": 27.2
}
[2022-12-15 18:22:43,614]: [sensor10_pressure   ] topic : sensor10/pressure payload : {
    "type": "int",
    "value": 995.2
}
[2022-12-15 18:22:43,616]: [sensor10_ax         ] topic : sensor10/ax payload : {
    "type": "int",
    "value": -13
}
[2022-12-15 18:22:43,618]: [sensor10_ay         ] topic : sensor10/ay payload : {
    "type": "int",
    "value": -25
}
[2022-12-15 18:22:43,620]: [sensor10_az         ] topic : sensor10/az payload : {
    "type": "int",
    "value": 1103
}
[2022-12-15 18:22:43,622]: [sensor10_moved      ] topic : sensor10/moved payload : {
    "type": "int",
    "value": 0
}
[2022-12-15 18:22:43,667]: [MT_RESULT_REGISTER  ] topic : MT/RESULT/REGISTER/sensor10 payload : {
    "error": -4,
    "middleware_name": "SoPIoT-MW-Level1-0_000000000000"
}
[2022-12-15 18:22:43,667]: [print_packet] Unexpected topic!!! : MT/RESULT/REGISTER/sensor10 
[2022-12-15 18:22:43,668]: [DUP✔                 ] Thing sensor10 register success!
[2022-12-15 18:22:46,602]: [sensor10_pressure   ] topic : sensor10/pressure payload : {
    "type": "int",
    "value": 995.4
}
[2022-12-15 18:22:46,605]: [sensor10_ax         ] topic : sensor10/ax payload : {
    "type": "int",
    "value": -14
}
[2022-12-15 18:22:46,607]: [sensor10_ay         ] topic : sensor10/ay payload : {
    "type": "int",
    "value": -28
}
[2022-12-15 18:22:46,609]: [sensor10_az         ] topic : sensor10/az payload : {
    "type": "int",
    "value": 1047
}
[2022-12-15 18:22:49,603]: [sensor10_pressure   ] topic : sensor10/pressure payload : {
    "type": "int",
    "value": 995.2
}
[2022-12-15 18:22:49,605]: [sensor10_ax         ] topic : sensor10/ax payload : {
    "type": "int",
    "value": -12
}
[2022-12-15 18:22:49,607]: [sensor10_ay         ] topic : sensor10/ay payload : {
    "type": "int",
    "value": -25
}
[2022-12-15 18:22:49,609]: [sensor10_az         ] topic : sensor10/az payload : {
    "type": "int",
    "value": 1101
}
[2022-12-15 18:22:52,604]: [sensor10_temperature] topic : sensor10/temperature payload : {
    "type": "double",
    "value": 29.3
}
[2022-12-15 18:22:52,606]: [sensor10_humidity   ] topic : sensor10/humidity payload : {
    "type": "double",
    "value": 27.1
}
[2022-12-15 18:22:52,607]: [sensor10_pressure   ] topic : sensor10/pressure payload : {
    "type": "int",
    "value": 995.5
}
[2022-12-15 18:22:52,609]: [sensor10_ax         ] topic : sensor10/ax payload : {
    "type": "int",
    "value": -13
}
[2022-12-15 18:22:52,612]: [sensor10_ay         ] topic : sensor10/ay payload : {
    "type": "int",
    "value": -29
}
[2022-12-15 18:22:52,613]: [sensor10_az         ] topic : sensor10/az payload : {
    "type": "int",
    "value": 1046
}
[2022-12-15 18:22:53,599]: New staff_thing!!! name: [sensor11]
[2022-12-15 18:22:53,600]: [-> SUBSCRIBE         ] MT/RESULT/REGISTER/sensor11
[2022-12-15 18:22:53,601]: [-> SUBSCRIBE         ] MT/RESULT/UNREGISTER/sensor11
[2022-12-15 18:22:53,601]: [-> SUBSCRIBE         ] MT/RESULT/BINARY_VALUE/sensor11
[2022-12-15 18:22:53,604]: [TM_REGISTER         ] topic : TM/REGISTER/sensor11 payload : {
    "alive_cycle": 10,
    "functions": [
        {
            "arguments": [],
            "description": "",
            "energy": null,
            "exec_time": 10000,
            "name": "__temperature",
            "return_type": "double",
skip... (print_packet mode=SoPPrintMode.ABBR)
[2022-12-15 18:22:53,606]: [sensor11_temperature] topic : sensor11/temperature payload : {
    "type": "double",
    "value": 29.4
}
[2022-12-15 18:22:53,608]: [sensor11_humidity   ] topic : sensor11/humidity payload : {
    "type": "double",
    "value": 27.1
}
[2022-12-15 18:22:53,611]: [sensor11_pressure   ] topic : sensor11/pressure payload : {
    "type": "int",
    "value": 995.8
}
[2022-12-15 18:22:53,612]: [sensor11_ax         ] topic : sensor11/ax payload : {
    "type": "int",
    "value": -11
}
[2022-12-15 18:22:53,614]: [sensor11_ay         ] topic : sensor11/ay payload : {
    "type": "int",
    "value": -25
}
[2022-12-15 18:22:53,616]: [sensor11_az         ] topic : sensor11/az payload : {
    "type": "int",
    "value": 1101
}
[2022-12-15 18:22:53,619]: [sensor11_moved      ] topic : sensor11/moved payload : {
    "type": "int",
    "value": 0
}
[2022-12-15 18:22:53,659]: [MT_RESULT_REGISTER  ] topic : MT/RESULT/REGISTER/sensor11 payload : {
    "error": -4,
    "middleware_name": "SoPIoT-MW-Level1-0_000000000000"
}
[2022-12-15 18:22:53,659]: [print_packet] Unexpected topic!!! : MT/RESULT/REGISTER/sensor11 
[2022-12-15 18:22:53,660]: [DUP✔                 ] Thing sensor11 register success!
[2022-12-15 18:22:59,606]: [sensor11_humidity   ] topic : sensor11/humidity payload : {
    "type": "double",
    "value": 27.0
}
[2022-12-15 18:22:59,608]: [sensor11_pressure   ] topic : sensor11/pressure payload : {
    "type": "int",
    "value": 995.1
}
[2022-12-15 18:22:59,610]: [sensor11_ax         ] topic : sensor11/ax payload : {
    "type": "int",
    "value": -13
}
[2022-12-15 18:22:59,612]: [sensor11_ay         ] topic : sensor11/ay payload : {
    "type": "int",
    "value": -29
}
[2022-12-15 18:22:59,613]: [sensor11_az         ] topic : sensor11/az payload : {
    "type": "int",
    "value": 1046
}
[2022-12-15 18:23:02,606]: [sensor11_humidity   ] topic : sensor11/humidity payload : {
    "type": "double",
    "value": 27.1
}
[2022-12-15 18:23:02,608]: [sensor11_pressure   ] topic : sensor11/pressure payload : {
    "type": "int",
    "value": 995.2
}
[2022-12-15 18:23:02,610]: [sensor11_ay         ] topic : sensor11/ay payload : {
    "type": "int",
    "value": -25
}
[2022-12-15 18:23:02,612]: [sensor11_az         ] topic : sensor11/az payload : {
    "type": "int",
    "value": 1102
}
[2022-12-15 18:23:03,601]: New staff_thing!!! name: [sensor12]
[2022-12-15 18:23:03,601]: [-> SUBSCRIBE         ] MT/RESULT/REGISTER/sensor12
[2022-12-15 18:23:03,602]: [-> SUBSCRIBE         ] MT/RESULT/UNREGISTER/sensor12
[2022-12-15 18:23:03,602]: [-> SUBSCRIBE         ] MT/RESULT/BINARY_VALUE/sensor12
[2022-12-15 18:23:03,605]: [TM_REGISTER         ] topic : TM/REGISTER/sensor12 payload : {
    "alive_cycle": 10,
    "functions": [
        {
            "arguments": [],
            "description": "",
            "energy": null,
            "exec_time": 10000,
            "name": "__temperature",
            "return_type": "double",
skip... (print_packet mode=SoPPrintMode.ABBR)
[2022-12-15 18:23:03,608]: [sensor12_temperature] topic : sensor12/temperature payload : {
    "type": "double",
    "value": 29.4
}
[2022-12-15 18:23:03,609]: [sensor12_humidity   ] topic : sensor12/humidity payload : {
    "type": "double",
    "value": 27.1
}
[2022-12-15 18:23:03,612]: [sensor12_pressure   ] topic : sensor12/pressure payload : {
    "type": "int",
    "value": 995.0
}
[2022-12-15 18:23:03,614]: [sensor12_ax         ] topic : sensor12/ax payload : {
    "type": "int",
    "value": -12
}
[2022-12-15 18:23:03,616]: [sensor12_ay         ] topic : sensor12/ay payload : {
    "type": "int",
    "value": -30
}
[2022-12-15 18:23:03,618]: [sensor12_az         ] topic : sensor12/az payload : {
    "type": "int",
    "value": 1047
}
[2022-12-15 18:23:03,620]: [sensor12_moved      ] topic : sensor12/moved payload : {
    "type": "int",
    "value": 0
}
[2022-12-15 18:23:03,663]: [MT_RESULT_REGISTER  ] topic : MT/RESULT/REGISTER/sensor12 payload : {
    "error": -4,
    "middleware_name": "SoPIoT-MW-Level1-0_000000000000"
}
[2022-12-15 18:23:03,663]: [print_packet] Unexpected topic!!! : MT/RESULT/REGISTER/sensor12 
[2022-12-15 18:23:03,664]: [DUP✔                 ] Thing sensor12 register success!
[2022-12-15 18:23:03,695]: [TM_ALIVE            ] topic : TM/ALIVE/sensor12 payload : {}
[2022-12-15 18:23:06,605]: [sensor12_humidity   ] topic : sensor12/humidity payload : {
    "type": "double",
    "value": 27.0
}
[2022-12-15 18:23:06,607]: [sensor12_pressure   ] topic : sensor12/pressure payload : {
    "type": "int",
    "value": 995.1
}
[2022-12-15 18:23:06,610]: [sensor12_ay         ] topic : sensor12/ay payload : {
    "type": "int",
    "value": -26
}
[2022-12-15 18:23:06,613]: [sensor12_az         ] topic : sensor12/az payload : {
    "type": "int",
    "value": 1101
}
[2022-12-15 18:23:08,252]: Ctrl + C Exit
[2022-12-15 18:23:08,254]: [TM_UNREGISTER       ] topic : TM/UNREGISTER/sensor12 payload : {}
[2022-12-15 18:23:08,281]: [MT_RESULT_UNREGISTER] topic : MT/RESULT/UNREGISTER/sensor12 payload : {
    "error": -1
}
[2022-12-15 18:23:08,281]: [print_packet] Unexpected topic!!! : MT/RESULT/UNREGISTER/sensor12 
[2022-12-15 18:23:08,282]: [✖✖✖                  ] Thing lora_manager_thing_D8F3BC801CFB register packset was nonvaild
[2022-12-15 18:23:08,283]: [handle_MT_RESULT_UNREGISTER] Unregister failed... error code : -1
