[2022-11-18 17:38:12,889]: Skip avahi_enable search...
[2022-11-18 17:38:12,889]: SSL is not enabled...
[2022-11-18 17:38:12,892]: [-> CONNECT           ] Connect to Host: 127.0.0.1:11083
[2022-11-18 17:38:12,895]: New staff_thing!!! name = sensor0
[2022-11-18 17:38:12,896]: [-> SUBSCRIBE         ] MT/RESULT/REGISTER/sensor0
[2022-11-18 17:38:12,897]: [print_packet] Unexpected topic!!! : sensor0/temperature 
[2022-11-18 17:38:12,898]: [-> SUBSCRIBE         ] MT/RESULT/UNREGISTER/sensor0
[2022-11-18 17:38:12,899]: [-> SUBSCRIBE         ] MT/RESULT/BINARY_VALUE/sensor0
[2022-11-18 17:38:12,901]: [_send_staff_RESULT_REGISTER] Register sensor0 complete!!!
[2022-11-18 17:38:12,901]: [print_packet] Unexpected topic!!! : sensor0/humidity 
[2022-11-18 17:38:12,903]: [print_packet] Unexpected topic!!! : sensor0/pressure 
[2022-11-18 17:38:12,905]: [print_packet] Unexpected topic!!! : sensor0/ax 
[2022-11-18 17:38:12,907]: [print_packet] Unexpected topic!!! : sensor0/ay 
[2022-11-18 17:38:12,908]: [print_packet] Unexpected topic!!! : sensor0/az 
[2022-11-18 17:38:12,910]: [print_packet] Unexpected topic!!! : sensor0/moved 
[2022-11-18 17:38:12,913]: [TM_REGISTER         ] topic : TM/REGISTER/sensor0 payload : {
    "alive_cycle": 10,
    "functions": [
        {
            "arguments": [],
            "description": "",
            "energy": null,
            "exec_time": -1,
            "name": "__temperature",
            "return_type": "double",
skip... (print_packet mode=SoPPrintMode.ABBR)
[2022-11-18 17:38:12,953]: [MT_RESULT_REGISTER  ] topic : MT/RESULT/REGISTER/sensor0 payload : {
    "error": -4,
    "middleware_name": "SoPIoT-MW-Level1-0_000000000000"
}
[2022-11-18 17:38:12,954]: [DUP✔                 ] Thing lora_manager_thing_D8F3BC801CFB register success!
[2022-11-18 17:38:12,955]: [-> SUBSCRIBE         ] MT/EXECUTE/__temperature/sensor0/+/#
[2022-11-18 17:38:12,955]: [-> SUBSCRIBE         ] MT/EXECUTE/__temperature/sensor0
[2022-11-18 17:38:12,955]: [-> SUBSCRIBE         ] MT/EXECUTE/__humidity/sensor0/+/#
[2022-11-18 17:38:12,955]: [-> SUBSCRIBE         ] MT/EXECUTE/__humidity/sensor0
[2022-11-18 17:38:12,955]: [-> SUBSCRIBE         ] MT/EXECUTE/__pressure/sensor0/+/#
[2022-11-18 17:38:12,955]: [-> SUBSCRIBE         ] MT/EXECUTE/__pressure/sensor0
[2022-11-18 17:38:12,955]: [-> SUBSCRIBE         ] MT/EXECUTE/__ax/sensor0/+/#
[2022-11-18 17:38:12,955]: [-> SUBSCRIBE         ] MT/EXECUTE/__ax/sensor0
[2022-11-18 17:38:12,956]: [-> SUBSCRIBE         ] MT/EXECUTE/__ay/sensor0/+/#
[2022-11-18 17:38:12,956]: [-> SUBSCRIBE         ] MT/EXECUTE/__ay/sensor0
[2022-11-18 17:38:12,956]: [-> SUBSCRIBE         ] MT/EXECUTE/__az/sensor0/+/#
[2022-11-18 17:38:12,956]: [-> SUBSCRIBE         ] MT/EXECUTE/__az/sensor0
[2022-11-18 17:38:12,956]: [-> SUBSCRIBE         ] MT/EXECUTE/__moved/sensor0/+/#
[2022-11-18 17:38:12,957]: [-> SUBSCRIBE         ] MT/EXECUTE/__moved/sensor0
[2022-11-18 17:38:12,957]: [TM_ALIVE            ] topic : TM/ALIVE/sensor0 payload : {}
[2022-11-18 17:38:13,897]: [print_packet] Unexpected topic!!! : sensor0/temperature 
[2022-11-18 17:38:13,900]: [print_packet] Unexpected topic!!! : sensor0/humidity 
[2022-11-18 17:38:13,902]: [print_packet] Unexpected topic!!! : sensor0/pressure 
[2022-11-18 17:38:13,904]: [print_packet] Unexpected topic!!! : sensor0/ax 
[2022-11-18 17:38:13,905]: [print_packet] Unexpected topic!!! : sensor0/ay 
[2022-11-18 17:38:13,908]: [print_packet] Unexpected topic!!! : sensor0/az 
[2022-11-18 17:38:13,909]: [print_packet] Unexpected topic!!! : sensor0/moved 
[2022-11-18 17:38:14,897]: [print_packet] Unexpected topic!!! : sensor0/temperature 
[2022-11-18 17:38:14,899]: [print_packet] Unexpected topic!!! : sensor0/humidity 
[2022-11-18 17:38:14,901]: [print_packet] Unexpected topic!!! : sensor0/pressure 
[2022-11-18 17:38:14,903]: [print_packet] Unexpected topic!!! : sensor0/ax 
[2022-11-18 17:38:14,905]: [print_packet] Unexpected topic!!! : sensor0/ay 
[2022-11-18 17:38:14,907]: [print_packet] Unexpected topic!!! : sensor0/az 
[2022-11-18 17:38:14,909]: [print_packet] Unexpected topic!!! : sensor0/moved 
[2022-11-18 17:38:15,895]: [TM_ALIVE            ] topic : TM/ALIVE/sensor0 payload : {}
[2022-11-18 17:38:15,897]: [print_packet] Unexpected topic!!! : sensor0/temperature 
[2022-11-18 17:38:15,899]: [print_packet] Unexpected topic!!! : sensor0/humidity 
[2022-11-18 17:38:15,901]: [print_packet] Unexpected topic!!! : sensor0/pressure 
[2022-11-18 17:38:15,903]: [print_packet] Unexpected topic!!! : sensor0/ax 
[2022-11-18 17:38:15,905]: [print_packet] Unexpected topic!!! : sensor0/ay 
[2022-11-18 17:38:15,907]: [print_packet] Unexpected topic!!! : sensor0/az 
[2022-11-18 17:38:15,909]: [print_packet] Unexpected topic!!! : sensor0/moved 
[2022-11-18 17:38:16,899]: [print_packet] Unexpected topic!!! : sensor0/temperature 
[2022-11-18 17:38:16,903]: [print_packet] Unexpected topic!!! : sensor0/humidity 
[2022-11-18 17:38:16,906]: [print_packet] Unexpected topic!!! : sensor0/pressure 
[2022-11-18 17:38:16,908]: [print_packet] Unexpected topic!!! : sensor0/ax 
[2022-11-18 17:38:16,910]: [print_packet] Unexpected topic!!! : sensor0/ay 
[2022-11-18 17:38:16,913]: [print_packet] Unexpected topic!!! : sensor0/az 
[2022-11-18 17:38:16,915]: [print_packet] Unexpected topic!!! : sensor0/moved 
[2022-11-18 17:38:17,899]: [print_packet] Unexpected topic!!! : sensor0/temperature 
[2022-11-18 17:38:17,902]: [print_packet] Unexpected topic!!! : sensor0/humidity 
[2022-11-18 17:38:17,904]: [print_packet] Unexpected topic!!! : sensor0/pressure 
[2022-11-18 17:38:17,905]: [print_packet] Unexpected topic!!! : sensor0/ax 
[2022-11-18 17:38:17,907]: [print_packet] Unexpected topic!!! : sensor0/ay 
[2022-11-18 17:38:17,909]: [print_packet] Unexpected topic!!! : sensor0/az 
[2022-11-18 17:38:17,911]: [print_packet] Unexpected topic!!! : sensor0/moved 
[2022-11-18 17:38:18,896]: [TM_ALIVE            ] topic : TM/ALIVE/sensor0 payload : {}
[2022-11-18 17:38:18,899]: [print_packet] Unexpected topic!!! : sensor0/temperature 
[2022-11-18 17:38:18,903]: [print_packet] Unexpected topic!!! : sensor0/humidity 
[2022-11-18 17:38:18,905]: [print_packet] Unexpected topic!!! : sensor0/pressure 
[2022-11-18 17:38:18,907]: [print_packet] Unexpected topic!!! : sensor0/ax 
[2022-11-18 17:38:18,909]: [print_packet] Unexpected topic!!! : sensor0/ay 
[2022-11-18 17:38:18,912]: [print_packet] Unexpected topic!!! : sensor0/az 
[2022-11-18 17:38:18,914]: [print_packet] Unexpected topic!!! : sensor0/moved 
[2022-11-18 17:38:19,602]: Ctrl + C Exit
