[2022-11-18 17:23:59,189]: Skip avahi_enable search...
[2022-11-18 17:23:59,190]: SSL is not enabled...
[2022-11-18 17:23:59,191]: [-> CONNECT           ] Connect to Host: 127.0.0.1:11083
[2022-11-18 17:23:59,195]: New staff_thing!!! name = sensor0
[2022-11-18 17:23:59,196]: [-> SUBSCRIBE         ] MT/RESULT/REGISTER/sensor0
[2022-11-18 17:23:59,196]: [-> SUBSCRIBE         ] MT/RESULT/UNREGISTER/sensor0
[2022-11-18 17:23:59,197]: [-> SUBSCRIBE         ] MT/RESULT/BINARY_VALUE/sensor0
[2022-11-18 17:23:59,199]: [TM_REGISTER         ] topic : TM/REGISTER/sensor0 payload : {
    "alive_cycle": 10,
    "functions": [
        {
            "arguments": [],
            "description": "",
            "energy": null,
            "exec_time": -1,
            "name": "__temperature",
            "return_type": "double",
skip... (print_packet mode=SoPPrintMode.ABBR)
[2022-11-18 17:23:59,200]: [_send_staff_RESULT_REGISTER] Register sensor0 complete!!!
[2022-11-18 17:23:59,218]: [MT_RESULT_REGISTER  ] topic : MT/RESULT/REGISTER/sensor0 payload : {
    "error": -4,
    "middleware_name": "SoPIoT-MW-Level1-0_000000000000"
}
[2022-11-18 17:23:59,220]: [DUP✔                 ] Thing lora_manager_thing_D8F3BC801CFB register success!
[2022-11-18 17:23:59,220]: [-> SUBSCRIBE         ] MT/EXECUTE/__temperature/sensor0/+/#
[2022-11-18 17:23:59,221]: [-> SUBSCRIBE         ] MT/EXECUTE/__temperature/sensor0
[2022-11-18 17:23:59,222]: [-> SUBSCRIBE         ] MT/EXECUTE/__humidity/sensor0/+/#
[2022-11-18 17:23:59,222]: [-> SUBSCRIBE         ] MT/EXECUTE/__humidity/sensor0
[2022-11-18 17:23:59,222]: [-> SUBSCRIBE         ] MT/EXECUTE/__pressure/sensor0/+/#
[2022-11-18 17:23:59,222]: [-> SUBSCRIBE         ] MT/EXECUTE/__pressure/sensor0
[2022-11-18 17:23:59,223]: [-> SUBSCRIBE         ] MT/EXECUTE/__ax/sensor0/+/#
[2022-11-18 17:23:59,223]: [-> SUBSCRIBE         ] MT/EXECUTE/__ax/sensor0
[2022-11-18 17:23:59,224]: [-> SUBSCRIBE         ] MT/EXECUTE/__ay/sensor0/+/#
[2022-11-18 17:23:59,224]: [-> SUBSCRIBE         ] MT/EXECUTE/__ay/sensor0
[2022-11-18 17:23:59,224]: [-> SUBSCRIBE         ] MT/EXECUTE/__az/sensor0/+/#
[2022-11-18 17:23:59,225]: [-> SUBSCRIBE         ] MT/EXECUTE/__az/sensor0
[2022-11-18 17:23:59,227]: [-> SUBSCRIBE         ] MT/EXECUTE/__moved/sensor0/+/#
[2022-11-18 17:23:59,228]: [-> SUBSCRIBE         ] MT/EXECUTE/__moved/sensor0
[2022-11-18 17:24:02,197]: Traceback message : Traceback (most recent call last):
  File "/home/jyeom/anaconda3/envs/py37tf26/lib/python3.7/site-packages/big_thing_py/core/value.py", line 35, in update
    new_value = self._func(*arg_list, **kwargs)
  File "/home/jyeom/big-thing-py-examples/manager_thing/lora_manager_thing/lora_staff_thing.py", line 20, in current_temperature
    return get_temperature(self._device_id)
  File "/home/jyeom/big-thing-py-examples/manager_thing/lora_manager_thing/lora_utils.py", line 18, in get_temperature
    return sensor_data_dict[node_id]['temperature']
NameError: name 'sensor_data_dict' is not defined

Error: name 'sensor_data_dict' is not defined
[2022-11-18 17:24:02,198]: [print_packet] Unexpected topic!!! : sensor0/temperature 
[2022-11-18 17:24:05,201]: Traceback message : Traceback (most recent call last):
  File "/home/jyeom/anaconda3/envs/py37tf26/lib/python3.7/site-packages/big_thing_py/core/value.py", line 35, in update
    new_value = self._func(*arg_list, **kwargs)
  File "/home/jyeom/big-thing-py-examples/manager_thing/lora_manager_thing/lora_staff_thing.py", line 26, in current_humidity
    return get_humidity(self._device_id)
  File "/home/jyeom/big-thing-py-examples/manager_thing/lora_manager_thing/lora_utils.py", line 24, in get_humidity
    return sensor_data_dict[node_id]['humidity']
NameError: name 'sensor_data_dict' is not defined

Error: name 'sensor_data_dict' is not defined
[2022-11-18 17:24:05,202]: Traceback message : Traceback (most recent call last):
  File "/home/jyeom/anaconda3/envs/py37tf26/lib/python3.7/site-packages/big_thing_py/core/value.py", line 35, in update
    new_value = self._func(*arg_list, **kwargs)
  File "/home/jyeom/big-thing-py-examples/manager_thing/lora_manager_thing/lora_staff_thing.py", line 23, in current_pressure
    return get_pressure(self._device_id)
NameError: name 'get_pressure' is not defined

Error: name 'get_pressure' is not defined
[2022-11-18 17:24:05,203]: [print_packet] Unexpected topic!!! : sensor0/humidity 
[2022-11-18 17:24:05,204]: Traceback message : Traceback (most recent call last):
  File "/home/jyeom/anaconda3/envs/py37tf26/lib/python3.7/site-packages/big_thing_py/core/value.py", line 35, in update
    new_value = self._func(*arg_list, **kwargs)
  File "/home/jyeom/big-thing-py-examples/manager_thing/lora_manager_thing/lora_staff_thing.py", line 29, in current_ax
    return get_ax(self._device_id)
NameError: name 'get_ax' is not defined

Error: name 'get_ax' is not defined
[2022-11-18 17:24:05,208]: Traceback message : Traceback (most recent call last):
  File "/home/jyeom/anaconda3/envs/py37tf26/lib/python3.7/site-packages/big_thing_py/core/value.py", line 35, in update
    new_value = self._func(*arg_list, **kwargs)
  File "/home/jyeom/big-thing-py-examples/manager_thing/lora_manager_thing/lora_staff_thing.py", line 32, in current_ay
    return get_ay(self._device_id)
NameError: name 'get_ay' is not defined

Error: name 'get_ay' is not defined
[2022-11-18 17:24:05,208]: [print_packet] Unexpected topic!!! : sensor0/pressure 
[2022-11-18 17:24:05,210]: Traceback message : Traceback (most recent call last):
  File "/home/jyeom/anaconda3/envs/py37tf26/lib/python3.7/site-packages/big_thing_py/core/value.py", line 35, in update
    new_value = self._func(*arg_list, **kwargs)
  File "/home/jyeom/big-thing-py-examples/manager_thing/lora_manager_thing/lora_staff_thing.py", line 35, in current_az
    return get_az(self._device_id)
NameError: name 'get_az' is not defined

Error: name 'get_az' is not defined
[2022-11-18 17:24:05,210]: Traceback message : Traceback (most recent call last):
  File "/home/jyeom/anaconda3/envs/py37tf26/lib/python3.7/site-packages/big_thing_py/core/value.py", line 35, in update
    new_value = self._func(*arg_list, **kwargs)
  File "/home/jyeom/big-thing-py-examples/manager_thing/lora_manager_thing/lora_staff_thing.py", line 17, in moved
    return get_moved(self._device_id)
NameError: name 'get_moved' is not defined

Error: name 'get_moved' is not defined
[2022-11-18 17:24:05,211]: [print_packet] Unexpected topic!!! : sensor0/ax 
[2022-11-18 17:24:05,212]: New staff_thing!!! name = sensor1
[2022-11-18 17:24:05,214]: [-> SUBSCRIBE         ] MT/RESULT/REGISTER/sensor1
[2022-11-18 17:24:05,215]: [print_packet] Unexpected topic!!! : sensor0/ay 
[2022-11-18 17:24:05,215]: [-> SUBSCRIBE         ] MT/RESULT/UNREGISTER/sensor1
[2022-11-18 17:24:05,215]: [-> SUBSCRIBE         ] MT/RESULT/BINARY_VALUE/sensor1
[2022-11-18 17:24:05,216]: [_send_staff_RESULT_REGISTER] Register sensor1 complete!!!
[2022-11-18 17:24:05,218]: [print_packet] Unexpected topic!!! : sensor0/az 
[2022-11-18 17:24:05,218]: New staff_thing!!! name = sensor2
[2022-11-18 17:24:05,219]: [-> SUBSCRIBE         ] MT/RESULT/REGISTER/sensor2
[2022-11-18 17:24:05,220]: [-> SUBSCRIBE         ] MT/RESULT/UNREGISTER/sensor2
[2022-11-18 17:24:05,220]: [print_packet] Unexpected topic!!! : sensor0/moved 
[2022-11-18 17:24:05,220]: [-> SUBSCRIBE         ] MT/RESULT/BINARY_VALUE/sensor2
[2022-11-18 17:24:05,221]: [_send_staff_RESULT_REGISTER] Register sensor2 complete!!!
[2022-11-18 17:24:05,223]: [TM_ALIVE            ] topic : TM/ALIVE/sensor0 payload : {}
[2022-11-18 17:24:05,227]: [TM_REGISTER         ] topic : TM/REGISTER/sensor1 payload : {
    "alive_cycle": 10,
    "functions": [
        {
            "arguments": [],
            "description": "",
            "energy": null,
            "exec_time": -1,
            "name": "__temperature",
            "return_type": "double",
skip... (print_packet mode=SoPPrintMode.ABBR)
[2022-11-18 17:24:05,231]: [TM_REGISTER         ] topic : TM/REGISTER/sensor2 payload : {
    "alive_cycle": 10,
    "functions": [
        {
            "arguments": [],
            "description": "",
            "energy": null,
            "exec_time": -1,
            "name": "__temperature",
            "return_type": "double",
skip... (print_packet mode=SoPPrintMode.ABBR)
[2022-11-18 17:24:05,274]: [MT_RESULT_REGISTER  ] topic : MT/RESULT/REGISTER/sensor1 payload : {
    "error": -4,
    "middleware_name": "SoPIoT-MW-Level1-0_000000000000"
}
[2022-11-18 17:24:05,275]: [DUP✔                 ] Thing lora_manager_thing_D8F3BC801CFB register success!
[2022-11-18 17:24:05,275]: [-> SUBSCRIBE         ] MT/EXECUTE/__temperature/sensor1/+/#
[2022-11-18 17:24:05,275]: [-> SUBSCRIBE         ] MT/EXECUTE/__temperature/sensor1
[2022-11-18 17:24:05,275]: [-> SUBSCRIBE         ] MT/EXECUTE/__humidity/sensor1/+/#
[2022-11-18 17:24:05,275]: [-> SUBSCRIBE         ] MT/EXECUTE/__humidity/sensor1
[2022-11-18 17:24:05,275]: [-> SUBSCRIBE         ] MT/EXECUTE/__pressure/sensor1/+/#
[2022-11-18 17:24:05,275]: [-> SUBSCRIBE         ] MT/EXECUTE/__pressure/sensor1
[2022-11-18 17:24:05,275]: [-> SUBSCRIBE         ] MT/EXECUTE/__ax/sensor1/+/#
[2022-11-18 17:24:05,276]: [-> SUBSCRIBE         ] MT/EXECUTE/__ax/sensor1
[2022-11-18 17:24:05,276]: [-> SUBSCRIBE         ] MT/EXECUTE/__ay/sensor1/+/#
[2022-11-18 17:24:05,276]: [-> SUBSCRIBE         ] MT/EXECUTE/__ay/sensor1
[2022-11-18 17:24:05,276]: [-> SUBSCRIBE         ] MT/EXECUTE/__az/sensor1/+/#
[2022-11-18 17:24:05,276]: [-> SUBSCRIBE         ] MT/EXECUTE/__az/sensor1
[2022-11-18 17:24:05,277]: [-> SUBSCRIBE         ] MT/EXECUTE/__moved/sensor1/+/#
[2022-11-18 17:24:05,277]: [-> SUBSCRIBE         ] MT/EXECUTE/__moved/sensor1
[2022-11-18 17:24:05,321]: [MT_RESULT_REGISTER  ] topic : MT/RESULT/REGISTER/sensor2 payload : {
    "error": -4,
    "middleware_name": "SoPIoT-MW-Level1-0_000000000000"
}
[2022-11-18 17:24:05,321]: [DUP✔                 ] Thing lora_manager_thing_D8F3BC801CFB register success!
[2022-11-18 17:24:05,322]: [-> SUBSCRIBE         ] MT/EXECUTE/__temperature/sensor2/+/#
[2022-11-18 17:24:05,322]: [-> SUBSCRIBE         ] MT/EXECUTE/__temperature/sensor2
[2022-11-18 17:24:05,323]: [-> SUBSCRIBE         ] MT/EXECUTE/__humidity/sensor2/+/#
[2022-11-18 17:24:05,323]: [-> SUBSCRIBE         ] MT/EXECUTE/__humidity/sensor2
[2022-11-18 17:24:05,323]: [-> SUBSCRIBE         ] MT/EXECUTE/__pressure/sensor2/+/#
[2022-11-18 17:24:05,323]: [-> SUBSCRIBE         ] MT/EXECUTE/__pressure/sensor2
[2022-11-18 17:24:05,323]: [-> SUBSCRIBE         ] MT/EXECUTE/__ax/sensor2/+/#
[2022-11-18 17:24:05,324]: [-> SUBSCRIBE         ] MT/EXECUTE/__ax/sensor2
[2022-11-18 17:24:05,324]: [-> SUBSCRIBE         ] MT/EXECUTE/__ay/sensor2/+/#
[2022-11-18 17:24:05,324]: [-> SUBSCRIBE         ] MT/EXECUTE/__ay/sensor2
[2022-11-18 17:24:05,324]: [-> SUBSCRIBE         ] MT/EXECUTE/__az/sensor2/+/#
[2022-11-18 17:24:05,324]: [-> SUBSCRIBE         ] MT/EXECUTE/__az/sensor2
[2022-11-18 17:24:05,324]: [-> SUBSCRIBE         ] MT/EXECUTE/__moved/sensor2/+/#
[2022-11-18 17:24:05,325]: [-> SUBSCRIBE         ] MT/EXECUTE/__moved/sensor2
[2022-11-18 17:24:06,849]: Ctrl + C Exit
