[2022-11-18 16:32:41,457]: Skip avahi_enable search...
[2022-11-18 16:32:41,458]: SSL is not enabled...
[2022-11-18 16:32:41,498]: [-> CONNECT           ] Connect to Host: 127.0.0.1:11083
[2022-11-18 16:32:41,501]: New staff_thing!!! name = sensor0
[2022-11-18 16:32:41,502]: [-> SUBSCRIBE         ] MT/RESULT/REGISTER/sensor0
[2022-11-18 16:32:41,503]: [-> SUBSCRIBE         ] MT/RESULT/UNREGISTER/sensor0
[2022-11-18 16:32:41,504]: [-> SUBSCRIBE         ] MT/RESULT/BINARY_VALUE/sensor0
[2022-11-18 16:32:41,505]: [_send_staff_RESULT_REGISTER] Register sensor0 complete!!!
[2022-11-18 16:32:41,506]: Traceback message : Traceback (most recent call last):
  File "/home/jyeom/anaconda3/envs/py37tf26/lib/python3.7/site-packages/big_thing_py/manager_thing.py", line 208, in scan_staff_message
    msg = self._receive_staff_packet()
  File "/home/jyeom/big-thing-py-examples/manager_thing/lora_manager_thing/lora_manager_thing.py", line 125, in _receive_staff_packet
    value.get_name(), value.dump_pub(), value)
  File "/home/jyeom/anaconda3/envs/py37tf26/lib/python3.7/site-packages/big_thing_py/big_thing.py", line 359, in _send_TM_VALUE_PUBLISH
    thing_name, value_name, payload).mqtt_message())
  File "/home/jyeom/anaconda3/envs/py37tf26/lib/python3.7/site-packages/big_thing_py/common/mqtt_message.py", line 255, in __init__
    self._type = SoPType.get(payload['type'])
TypeError: 'SoPValue' object is not subscriptable

Error: 'SoPValue' object is not subscriptable
[2022-11-18 16:36:32,687]: Ctrl + C Exit
