[2022-11-17 22:07:30,032]: Skip avahi_enable search...
[2022-11-17 22:07:30,032]: SSL is not enabled...
[2022-11-17 22:07:30,035]: [-> CONNECT           ] Connect to Host: 127.0.0.1:11083
[2022-11-17 22:07:30,037]: Some error
[2022-11-17 22:07:30,039]: Traceback message : Traceback (most recent call last):
  File "/home/jyeom/anaconda3/envs/py37tf26/lib/python3.7/site-packages/big_thing_py/manager_thing.py", line 157, in run
    raise Exception('_g_exit was set!!!')
Exception: _g_exit was set!!!

Error: _g_exit was set!!!
[2022-11-17 22:07:30,039]: Traceback message : Traceback (most recent call last):
  File "/home/jyeom/anaconda3/envs/py37tf26/lib/python3.7/site-packages/big_thing_py/manager_thing.py", line 208, in scan_staff_message
    msg = self._receive_staff_packet()
  File "/home/jyeom/big-thing-py-examples/manager_thing/lora_manager_thing/lora_manager_thing.py", line 96, in _receive_staff_packet
    url=f'{self._bridge_ip}/{self._user_key}/lights', header=self._header, body='')
AttributeError: 'LoRaManagerThing' object has no attribute '_bridge_ip'

Error: 'LoRaManagerThing' object has no attribute '_bridge_ip'
[2022-11-17 22:07:32,042]: Traceback message : Traceback (most recent call last):
  File "/home/jyeom/anaconda3/envs/py37tf26/lib/python3.7/site-packages/big_thing_py/manager_thing.py", line 183, in wrapup
    thread.exit()
AttributeError: 'SoPThread' object has no attribute 'exit'

Error: 'SoPThread' object has no attribute 'exit'
