[2022-12-15 16:08:31,115]: Skip avahi_enable search...
[2022-12-15 16:08:31,115]: SSL is not enabled...
[2022-12-15 16:08:31,117]: [-> CONNECT           ] Connect to Host: 127.0.0.1:11083
[2022-12-15 16:08:31,119]: Register try 1
[2022-12-15 16:08:31,120]: [-> SUBSCRIBE         ] MT/RESULT/REGISTER/lora_manager_thing_D8F3BC801CFB
[2022-12-15 16:08:31,121]: New staff_thing!!! name: [sensor0]
[2022-12-15 16:08:31,121]: [-> SUBSCRIBE         ] MT/RESULT/UNREGISTER/lora_manager_thing_D8F3BC801CFB
[2022-12-15 16:08:31,123]: [-> SUBSCRIBE         ] MT/RESULT/BINARY_VALUE/lora_manager_thing_D8F3BC801CFB
[2022-12-15 16:08:31,124]: [sensor0_temperature ] topic : sensor0/temperature payload : {
    "type": "double",
    "value": 28.2
}
[2022-12-15 16:08:31,126]: [sensor0_humidity    ] topic : sensor0/humidity payload : {
    "type": "double",
    "value": 26.9
}
[2022-12-15 16:08:31,128]: [sensor0_pressure    ] topic : sensor0/pressure payload : {
    "type": "int",
    "value": 992.9
}
[2022-12-15 16:08:31,130]: [sensor0_ax          ] topic : sensor0/ax payload : {
    "type": "int",
    "value": -15
}
[2022-12-15 16:08:31,132]: [sensor0_ay          ] topic : sensor0/ay payload : {
    "type": "int",
    "value": -23
}
[2022-12-15 16:08:31,135]: [sensor0_az          ] topic : sensor0/az payload : {
    "type": "int",
    "value": 1100
}
[2022-12-15 16:08:31,137]: [sensor0_moved       ] topic : sensor0/moved payload : {
    "type": "int",
    "value": 0
}
[2022-12-15 16:08:31,139]: [TM_ALIVE            ] topic : TM/ALIVE/sensor0 payload : {}
[2022-12-15 16:08:31,141]: [TM_REGISTER         ] topic : TM/REGISTER/lora_manager_thing_D8F3BC801CFB payload : {
    "alive_cycle": 60,
    "functions": [],
    "is_parallel": true,
    "is_super": false,
    "values": []
}
[2022-12-15 16:08:31,143]: [MT_RESULT_REGISTER  ] topic : MT/RESULT/REGISTER/lora_manager_thing_D8F3BC801CFB payload : {
    "error": -4,
    "middleware_name": "SoPIoT-MW-Level1-0_000000000000"
}
[2022-12-15 16:08:31,143]: [TM_ALIVE            ] topic : TM/ALIVE/sensor0 payload : {}
[2022-12-15 16:08:31,144]: [print_packet] Unexpected topic!!! : MT/RESULT/REGISTER/lora_manager_thing_D8F3BC801CFB 
[2022-12-15 16:08:31,144]: Wrong payload arrive... lora_manager_thing_D8F3BC801CFB should be arrive, not lora_manager_thing_D8F3BC801CFB
[2022-12-15 16:08:31,145]: Traceback message : Traceback (most recent call last):
  File "/home/jyeom/anaconda3/envs/py37tf26/lib/python3.7/site-packages/big_thing_py/big_thing.py", line 213, in _receive_message_thread_func
    self._handle_mqtt_message(recv_msg)
  File "/home/jyeom/anaconda3/envs/py37tf26/lib/python3.7/site-packages/big_thing_py/big_thing.py", line 286, in _handle_mqtt_message
    self._handle_MT_RESULT_REGISTER(msg)
  File "/home/jyeom/anaconda3/envs/py37tf26/lib/python3.7/site-packages/big_thing_py/manager_thing.py", line 261, in _handle_MT_RESULT_REGISTER
    raise
RuntimeError: No active exception to reraise

Error: No active exception to reraise
[2022-12-15 16:08:36,130]: Register try 2
[2022-12-15 16:08:36,131]: [-> SUBSCRIBE         ] MT/RESULT/REGISTER/lora_manager_thing_D8F3BC801CFB
[2022-12-15 16:08:36,131]: [-> SUBSCRIBE         ] MT/RESULT/UNREGISTER/lora_manager_thing_D8F3BC801CFB
[2022-12-15 16:08:36,131]: [-> SUBSCRIBE         ] MT/RESULT/BINARY_VALUE/lora_manager_thing_D8F3BC801CFB
[2022-12-15 16:08:41,122]: New staff_thing!!! name: [sensor1]
[2022-12-15 16:08:41,139]: Register try 3
[2022-12-15 16:08:41,139]: [-> SUBSCRIBE         ] MT/RESULT/REGISTER/lora_manager_thing_D8F3BC801CFB
[2022-12-15 16:08:41,140]: [-> SUBSCRIBE         ] MT/RESULT/UNREGISTER/lora_manager_thing_D8F3BC801CFB
[2022-12-15 16:08:41,140]: [-> SUBSCRIBE         ] MT/RESULT/BINARY_VALUE/lora_manager_thing_D8F3BC801CFB
[2022-12-15 16:08:46,148]: Register try 4
[2022-12-15 16:08:46,148]: [-> SUBSCRIBE         ] MT/RESULT/REGISTER/lora_manager_thing_D8F3BC801CFB
[2022-12-15 16:08:46,149]: [-> SUBSCRIBE         ] MT/RESULT/UNREGISTER/lora_manager_thing_D8F3BC801CFB
[2022-12-15 16:08:46,149]: [-> SUBSCRIBE         ] MT/RESULT/BINARY_VALUE/lora_manager_thing_D8F3BC801CFB
[2022-12-15 16:08:51,124]: New staff_thing!!! name: [sensor2]
[2022-12-15 16:08:51,156]: Register try 5
[2022-12-15 16:08:51,157]: [-> SUBSCRIBE         ] MT/RESULT/REGISTER/lora_manager_thing_D8F3BC801CFB
[2022-12-15 16:08:51,157]: [-> SUBSCRIBE         ] MT/RESULT/UNREGISTER/lora_manager_thing_D8F3BC801CFB
[2022-12-15 16:08:51,158]: [-> SUBSCRIBE         ] MT/RESULT/BINARY_VALUE/lora_manager_thing_D8F3BC801CFB
[2022-12-15 16:08:56,716]: Ctrl + C Exit
[2022-12-15 16:08:56,717]: _alive_thread is terminated
[2022-12-15 16:08:56,717]: _value_publish_thread is terminated
[2022-12-15 16:08:56,717]: _scan_staff_message_thread is terminated
[2022-12-15 16:08:56,717]: _receive_staff_message_thread is terminated
[2022-12-15 16:08:56,717]: _publish_staff_message_thread is terminated
