[2022-12-14 21:03:05,931]: Skip avahi_enable search...
[2022-12-14 21:03:05,931]: SSL is not enabled...
[2022-12-14 21:03:05,934]: [-> CONNECT           ] Connect to Host: 127.0.0.1:11083
[2022-12-14 21:03:05,935]: Register try 1
[2022-12-14 21:03:05,935]: [-> SUBSCRIBE         ] MT/RESULT/REGISTER/lora_manager_thing_D8F3BC801CFB
[2022-12-14 21:03:05,937]: [-> SUBSCRIBE         ] MT/RESULT/UNREGISTER/lora_manager_thing_D8F3BC801CFB
[2022-12-14 21:03:05,937]: [-> SUBSCRIBE         ] MT/RESULT/BINARY_VALUE/lora_manager_thing_D8F3BC801CFB
[2022-12-14 21:03:05,939]: [TM_REGISTER         ] topic : TM/REGISTER/lora_manager_thing_D8F3BC801CFB payload : {
    "alive_cycle": 60,
    "functions": [],
    "is_parallel": true,
    "is_super": false,
    "values": []
}
[2022-12-14 21:03:05,981]: [MT_RESULT_REGISTER  ] topic : MT/RESULT/REGISTER/lora_manager_thing_D8F3BC801CFB payload : {
    "error": 0,
    "middleware_name": "SoPIoT-MW-Level1-0_000000000000"
}
[2022-12-14 21:03:05,983]: [✔✔✔                  ] Thing lora_manager_thing_D8F3BC801CFB register success!
[2022-12-14 21:03:05,985]: [TM_ALIVE            ] topic : TM/ALIVE/lora_manager_thing_D8F3BC801CFB payload : {}
[2022-12-14 21:03:20,517]: Ctrl + C Exit
[2022-12-14 21:03:28,842]: Skip avahi_enable search...
[2022-12-14 21:03:28,843]: SSL is not enabled...
[2022-12-14 21:03:28,848]: [-> CONNECT           ] Connect to Host: 127.0.0.1:11083
[2022-12-14 21:03:28,853]: Register try 1
[2022-12-14 21:03:28,854]: [-> SUBSCRIBE         ] MT/RESULT/REGISTER/lora_manager_thing_D8F3BC801CFB
[2022-12-14 21:03:28,856]: New staff_thing!!! name = sensor0
[2022-12-14 21:03:28,856]: [-> SUBSCRIBE         ] MT/RESULT/UNREGISTER/lora_manager_thing_D8F3BC801CFB
[2022-12-14 21:03:28,858]: [-> SUBSCRIBE         ] MT/RESULT/REGISTER/sensor0
[2022-12-14 21:03:28,859]: [-> SUBSCRIBE         ] MT/RESULT/BINARY_VALUE/lora_manager_thing_D8F3BC801CFB
[2022-12-14 21:03:28,860]: [-> SUBSCRIBE         ] MT/RESULT/UNREGISTER/sensor0
[2022-12-14 21:03:28,861]: [MT_EXECUTE          ] topic : MT/EXECUTE/__temperature/sensor0 payload : {
    "type": "double",
    "value": 22.2
}
[2022-12-14 21:03:28,861]: [-> SUBSCRIBE         ] MT/RESULT/BINARY_VALUE/sensor0
[2022-12-14 21:03:28,862]: [_send_staff_RESULT_REGISTER] Register sensor0 complete!!!
[2022-12-14 21:03:28,864]: [MT_EXECUTE          ] topic : MT/EXECUTE/__humidity/sensor0 payload : {
    "type": "double",
    "value": 20.8
}
[2022-12-14 21:03:28,865]: [MT_EXECUTE          ] topic : MT/EXECUTE/__pressure/sensor0 payload : {
    "type": "int",
    "value": 1001.1
}
[2022-12-14 21:03:28,867]: [MT_EXECUTE          ] topic : MT/EXECUTE/__ax/sensor0 payload : {
    "type": "int",
    "value": -6
}
[2022-12-14 21:03:28,869]: [MT_EXECUTE          ] topic : MT/EXECUTE/__ay/sensor0 payload : {
    "type": "int",
    "value": 15
}
[2022-12-14 21:03:28,871]: [MT_EXECUTE          ] topic : MT/EXECUTE/__az/sensor0 payload : {
    "type": "int",
    "value": 1098
}
[2022-12-14 21:03:28,873]: [MT_EXECUTE          ] topic : MT/EXECUTE/__moved/sensor0 payload : {
    "type": "int",
    "value": 0
}
[2022-12-14 21:03:28,874]: [TM_REGISTER         ] topic : TM/REGISTER/lora_manager_thing_D8F3BC801CFB payload : {
    "alive_cycle": 60,
    "functions": [],
    "is_parallel": true,
    "is_super": false,
    "values": []
}
[2022-12-14 21:03:28,877]: [MT_RESULT_REGISTER  ] topic : MT/RESULT/REGISTER/lora_manager_thing_D8F3BC801CFB payload : {
    "error": -4,
    "middleware_name": "SoPIoT-MW-Level1-0_000000000000"
}
[2022-12-14 21:03:28,878]: [DUP✔                 ] Thing lora_manager_thing_D8F3BC801CFB register success!
[2022-12-14 21:03:28,880]: [TM_ALIVE            ] topic : TM/ALIVE/lora_manager_thing_D8F3BC801CFB payload : {}
[2022-12-14 21:03:31,860]: [MT_EXECUTE          ] topic : MT/EXECUTE/__temperature/sensor0 payload : {
    "type": "double",
    "value": 22.2
}
[2022-12-14 21:03:31,864]: [MT_EXECUTE          ] topic : MT/EXECUTE/__humidity/sensor0 payload : {
    "type": "double",
    "value": 20.9
}
[2022-12-14 21:03:31,868]: [MT_EXECUTE          ] topic : MT/EXECUTE/__pressure/sensor0 payload : {
    "type": "int",
    "value": 1001.2
}
[2022-12-14 21:03:31,871]: [MT_EXECUTE          ] topic : MT/EXECUTE/__ax/sensor0 payload : {
    "type": "int",
    "value": -6
}
[2022-12-14 21:03:31,874]: [MT_EXECUTE          ] topic : MT/EXECUTE/__ay/sensor0 payload : {
    "type": "int",
    "value": 12
}
[2022-12-14 21:03:31,878]: [MT_EXECUTE          ] topic : MT/EXECUTE/__az/sensor0 payload : {
    "type": "int",
    "value": 1037
}
[2022-12-14 21:03:31,881]: [MT_EXECUTE          ] topic : MT/EXECUTE/__moved/sensor0 payload : {
    "type": "int",
    "value": 0
}
[2022-12-14 21:03:34,860]: [MT_EXECUTE          ] topic : MT/EXECUTE/__temperature/sensor0 payload : {
    "type": "double",
    "value": 22.1
}
[2022-12-14 21:03:34,862]: [MT_EXECUTE          ] topic : MT/EXECUTE/__humidity/sensor0 payload : {
    "type": "double",
    "value": 20.8
}
[2022-12-14 21:03:34,865]: [MT_EXECUTE          ] topic : MT/EXECUTE/__pressure/sensor0 payload : {
    "type": "int",
    "value": 1001.1
}
[2022-12-14 21:03:34,867]: [MT_EXECUTE          ] topic : MT/EXECUTE/__ax/sensor0 payload : {
    "type": "int",
    "value": -6
}
[2022-12-14 21:03:34,869]: [MT_EXECUTE          ] topic : MT/EXECUTE/__ay/sensor0 payload : {
    "type": "int",
    "value": 15
}
[2022-12-14 21:03:34,871]: [MT_EXECUTE          ] topic : MT/EXECUTE/__az/sensor0 payload : {
    "type": "int",
    "value": 1097
}
[2022-12-14 21:03:34,873]: [MT_EXECUTE          ] topic : MT/EXECUTE/__moved/sensor0 payload : {
    "type": "int",
    "value": 0
}
[2022-12-14 21:03:37,862]: [MT_EXECUTE          ] topic : MT/EXECUTE/__temperature/sensor0 payload : {
    "type": "double",
    "value": 22.1
}
[2022-12-14 21:03:37,867]: [MT_EXECUTE          ] topic : MT/EXECUTE/__humidity/sensor0 payload : {
    "type": "double",
    "value": 20.8
}
[2022-12-14 21:03:37,870]: [MT_EXECUTE          ] topic : MT/EXECUTE/__pressure/sensor0 payload : {
    "type": "int",
    "value": 1001.1
}
[2022-12-14 21:03:37,873]: [MT_EXECUTE          ] topic : MT/EXECUTE/__ax/sensor0 payload : {
    "type": "int",
    "value": -8
}
[2022-12-14 21:03:37,877]: [MT_EXECUTE          ] topic : MT/EXECUTE/__ay/sensor0 payload : {
    "type": "int",
    "value": 11
}
[2022-12-14 21:03:37,880]: [MT_EXECUTE          ] topic : MT/EXECUTE/__az/sensor0 payload : {
    "type": "int",
    "value": 1037
}
[2022-12-14 21:03:37,882]: [MT_EXECUTE          ] topic : MT/EXECUTE/__moved/sensor0 payload : {
    "type": "int",
    "value": 0
}
[2022-12-14 21:03:38,856]: [TM_ALIVE            ] topic : TM/ALIVE/sensor0 payload : {}
[2022-12-14 21:03:40,861]: [MT_EXECUTE          ] topic : MT/EXECUTE/__temperature/sensor0 payload : {
    "type": "double",
    "value": 22.2
}
[2022-12-14 21:03:40,864]: [MT_EXECUTE          ] topic : MT/EXECUTE/__humidity/sensor0 payload : {
    "type": "double",
    "value": 20.8
}
[2022-12-14 21:03:40,866]: [MT_EXECUTE          ] topic : MT/EXECUTE/__pressure/sensor0 payload : {
    "type": "int",
    "value": 1001.2
}
[2022-12-14 21:03:40,868]: [MT_EXECUTE          ] topic : MT/EXECUTE/__ax/sensor0 payload : {
    "type": "int",
    "value": -362
}
[2022-12-14 21:03:40,870]: [MT_EXECUTE          ] topic : MT/EXECUTE/__ay/sensor0 payload : {
    "type": "int",
    "value": 280
}
[2022-12-14 21:03:40,872]: [MT_EXECUTE          ] topic : MT/EXECUTE/__az/sensor0 payload : {
    "type": "int",
    "value": 2
}
[2022-12-14 21:03:40,874]: [MT_EXECUTE          ] topic : MT/EXECUTE/__moved/sensor0 payload : {
    "type": "int",
    "value": 1
}
[2022-12-14 21:03:43,863]: [MT_EXECUTE          ] topic : MT/EXECUTE/__temperature/sensor0 payload : {
    "type": "double",
    "value": 22.2
}
[2022-12-14 21:03:43,865]: [MT_EXECUTE          ] topic : MT/EXECUTE/__humidity/sensor0 payload : {
    "type": "double",
    "value": 21.0
}
[2022-12-14 21:03:43,867]: [MT_EXECUTE          ] topic : MT/EXECUTE/__pressure/sensor0 payload : {
    "type": "int",
    "value": 1001.2
}
[2022-12-14 21:03:43,869]: [MT_EXECUTE          ] topic : MT/EXECUTE/__ax/sensor0 payload : {
    "type": "int",
    "value": 579
}
[2022-12-14 21:03:43,871]: [MT_EXECUTE          ] topic : MT/EXECUTE/__ay/sensor0 payload : {
    "type": "int",
    "value": -134
}
[2022-12-14 21:03:43,873]: [MT_EXECUTE          ] topic : MT/EXECUTE/__az/sensor0 payload : {
    "type": "int",
    "value": 1895
}
[2022-12-14 21:03:43,875]: [MT_EXECUTE          ] topic : MT/EXECUTE/__moved/sensor0 payload : {
    "type": "int",
    "value": 1
}
[2022-12-14 21:03:46,863]: [MT_EXECUTE          ] topic : MT/EXECUTE/__temperature/sensor0 payload : {
    "type": "double",
    "value": 22.2
}
[2022-12-14 21:03:46,865]: [MT_EXECUTE          ] topic : MT/EXECUTE/__humidity/sensor0 payload : {
    "type": "double",
    "value": 21.0
}
[2022-12-14 21:03:46,867]: [MT_EXECUTE          ] topic : MT/EXECUTE/__pressure/sensor0 payload : {
    "type": "int",
    "value": 1001.2
}
[2022-12-14 21:03:46,870]: [MT_EXECUTE          ] topic : MT/EXECUTE/__ax/sensor0 payload : {
    "type": "int",
    "value": 579
}
[2022-12-14 21:03:46,873]: [MT_EXECUTE          ] topic : MT/EXECUTE/__ay/sensor0 payload : {
    "type": "int",
    "value": -134
}
[2022-12-14 21:03:46,875]: [MT_EXECUTE          ] topic : MT/EXECUTE/__az/sensor0 payload : {
    "type": "int",
    "value": 1895
}
[2022-12-14 21:03:46,877]: [MT_EXECUTE          ] topic : MT/EXECUTE/__moved/sensor0 payload : {
    "type": "int",
    "value": 1
}
[2022-12-14 21:03:48,856]: [TM_ALIVE            ] topic : TM/ALIVE/sensor0 payload : {}
[2022-12-14 21:03:49,866]: [MT_EXECUTE          ] topic : MT/EXECUTE/__temperature/sensor0 payload : {
    "type": "double",
    "value": 22.2
}
[2022-12-14 21:03:49,869]: [MT_EXECUTE          ] topic : MT/EXECUTE/__humidity/sensor0 payload : {
    "type": "double",
    "value": 21.0
}
[2022-12-14 21:03:49,872]: [MT_EXECUTE          ] topic : MT/EXECUTE/__pressure/sensor0 payload : {
    "type": "int",
    "value": 1001.2
}
[2022-12-14 21:03:49,876]: [MT_EXECUTE          ] topic : MT/EXECUTE/__ax/sensor0 payload : {
    "type": "int",
    "value": 579
}
[2022-12-14 21:03:49,880]: [MT_EXECUTE          ] topic : MT/EXECUTE/__ay/sensor0 payload : {
    "type": "int",
    "value": -134
}
[2022-12-14 21:03:49,884]: [MT_EXECUTE          ] topic : MT/EXECUTE/__az/sensor0 payload : {
    "type": "int",
    "value": 1895
}
[2022-12-14 21:03:49,887]: [MT_EXECUTE          ] topic : MT/EXECUTE/__moved/sensor0 payload : {
    "type": "int",
    "value": 1
}
[2022-12-14 21:03:52,864]: [MT_EXECUTE          ] topic : MT/EXECUTE/__temperature/sensor0 payload : {
    "type": "double",
    "value": 22.2
}
[2022-12-14 21:03:52,866]: [MT_EXECUTE          ] topic : MT/EXECUTE/__humidity/sensor0 payload : {
    "type": "double",
    "value": 21.0
}
[2022-12-14 21:03:52,868]: [MT_EXECUTE          ] topic : MT/EXECUTE/__pressure/sensor0 payload : {
    "type": "int",
    "value": 1001.2
}
[2022-12-14 21:03:52,870]: [MT_EXECUTE          ] topic : MT/EXECUTE/__ax/sensor0 payload : {
    "type": "int",
    "value": 579
}
[2022-12-14 21:03:52,872]: [MT_EXECUTE          ] topic : MT/EXECUTE/__ay/sensor0 payload : {
    "type": "int",
    "value": -134
}
[2022-12-14 21:03:52,874]: [MT_EXECUTE          ] topic : MT/EXECUTE/__az/sensor0 payload : {
    "type": "int",
    "value": 1895
}
[2022-12-14 21:03:52,877]: [MT_EXECUTE          ] topic : MT/EXECUTE/__moved/sensor0 payload : {
    "type": "int",
    "value": 1
}
[2022-12-14 21:03:55,865]: [MT_EXECUTE          ] topic : MT/EXECUTE/__temperature/sensor0 payload : {
    "type": "double",
    "value": 22.2
}
[2022-12-14 21:03:55,871]: [MT_EXECUTE          ] topic : MT/EXECUTE/__humidity/sensor0 payload : {
    "type": "double",
    "value": 21.0
}
[2022-12-14 21:03:55,874]: [MT_EXECUTE          ] topic : MT/EXECUTE/__pressure/sensor0 payload : {
    "type": "int",
    "value": 1001.2
}
[2022-12-14 21:03:55,878]: [MT_EXECUTE          ] topic : MT/EXECUTE/__ax/sensor0 payload : {
    "type": "int",
    "value": 579
}
[2022-12-14 21:03:55,882]: [MT_EXECUTE          ] topic : MT/EXECUTE/__ay/sensor0 payload : {
    "type": "int",
    "value": -134
}
[2022-12-14 21:03:55,885]: [MT_EXECUTE          ] topic : MT/EXECUTE/__az/sensor0 payload : {
    "type": "int",
    "value": 1895
}
[2022-12-14 21:03:55,887]: [MT_EXECUTE          ] topic : MT/EXECUTE/__moved/sensor0 payload : {
    "type": "int",
    "value": 1
}
[2022-12-14 21:03:58,857]: [TM_ALIVE            ] topic : TM/ALIVE/sensor0 payload : {}
[2022-12-14 21:04:01,869]: [MT_EXECUTE          ] topic : MT/EXECUTE/__temperature/sensor0 payload : {
    "type": "double",
    "value": 22.2
}
[2022-12-14 21:04:04,871]: [MT_EXECUTE          ] topic : MT/EXECUTE/__humidity/sensor0 payload : {
    "type": "double",
    "value": 21.0
}
[2022-12-14 21:04:07,876]: [MT_EXECUTE          ] topic : MT/EXECUTE/__temperature/sensor0 payload : {
    "type": "double",
    "value": 22.2
}
[2022-12-14 21:04:10,876]: [MT_EXECUTE          ] topic : MT/EXECUTE/__pressure/sensor0 payload : {
    "type": "int",
    "value": 1001.2
}
[2022-12-14 21:04:13,880]: [MT_EXECUTE          ] topic : MT/EXECUTE/__ax/sensor0 payload : {
    "type": "int",
    "value": 579
}
[2022-12-14 21:04:16,883]: [MT_EXECUTE          ] topic : MT/EXECUTE/__ay/sensor0 payload : {
    "type": "int",
    "value": -134
}
[2022-12-14 21:04:19,883]: [MT_EXECUTE          ] topic : MT/EXECUTE/__az/sensor0 payload : {
    "type": "int",
    "value": 1895
}
[2022-12-14 21:04:22,889]: [MT_EXECUTE          ] topic : MT/EXECUTE/__moved/sensor0 payload : {
    "type": "int",
    "value": 1
}
[2022-12-14 21:04:22,893]: [TM_ALIVE            ] topic : TM/ALIVE/sensor0 payload : {}
[2022-12-14 21:04:25,891]: [MT_EXECUTE          ] topic : MT/EXECUTE/__temperature/sensor0 payload : {
    "type": "double",
    "value": 22.2
}
[2022-12-14 21:04:28,881]: [TM_ALIVE            ] topic : TM/ALIVE/lora_manager_thing_D8F3BC801CFB payload : {}
[2022-12-14 21:04:28,892]: [MT_EXECUTE          ] topic : MT/EXECUTE/__humidity/sensor0 payload : {
    "type": "double",
    "value": 21.0
}
[2022-12-14 21:04:31,895]: [MT_EXECUTE          ] topic : MT/EXECUTE/__pressure/sensor0 payload : {
    "type": "int",
    "value": 1001.2
}
[2022-12-14 21:04:34,899]: [MT_EXECUTE          ] topic : MT/EXECUTE/__ax/sensor0 payload : {
    "type": "int",
    "value": 579
}
[2022-12-14 21:04:37,903]: [MT_EXECUTE          ] topic : MT/EXECUTE/__ay/sensor0 payload : {
    "type": "int",
    "value": -134
}
[2022-12-14 21:04:40,903]: [MT_EXECUTE          ] topic : MT/EXECUTE/__az/sensor0 payload : {
    "type": "int",
    "value": 1895
}
[2022-12-14 21:04:40,905]: [TM_ALIVE            ] topic : TM/ALIVE/sensor0 payload : {}
[2022-12-14 21:04:43,909]: [MT_EXECUTE          ] topic : MT/EXECUTE/__temperature/sensor0 payload : {
    "type": "double",
    "value": 22.2
}
[2022-12-14 21:04:46,911]: [MT_EXECUTE          ] topic : MT/EXECUTE/__humidity/sensor0 payload : {
    "type": "double",
    "value": 21.0
}
[2022-12-14 21:04:49,912]: [MT_EXECUTE          ] topic : MT/EXECUTE/__pressure/sensor0 payload : {
    "type": "int",
    "value": 1001.2
}
[2022-12-14 21:04:52,913]: [MT_EXECUTE          ] topic : MT/EXECUTE/__ax/sensor0 payload : {
    "type": "int",
    "value": 579
}
[2022-12-14 21:04:55,915]: [MT_EXECUTE          ] topic : MT/EXECUTE/__ay/sensor0 payload : {
    "type": "int",
    "value": -134
}
[2022-12-14 21:04:58,916]: [MT_EXECUTE          ] topic : MT/EXECUTE/__moved/sensor0 payload : {
    "type": "int",
    "value": 1
}
[2022-12-14 21:04:58,919]: [TM_ALIVE            ] topic : TM/ALIVE/sensor0 payload : {}
[2022-12-14 21:05:01,924]: [MT_EXECUTE          ] topic : MT/EXECUTE/__temperature/sensor0 payload : {
    "type": "double",
    "value": 22.2
}
[2022-12-14 21:05:04,927]: [MT_EXECUTE          ] topic : MT/EXECUTE/__humidity/sensor0 payload : {
    "type": "double",
    "value": 21.0
}
[2022-12-14 21:05:07,927]: [MT_EXECUTE          ] topic : MT/EXECUTE/__pressure/sensor0 payload : {
    "type": "int",
    "value": 1001.2
}
[2022-12-14 21:05:10,931]: [MT_EXECUTE          ] topic : MT/EXECUTE/__ax/sensor0 payload : {
    "type": "int",
    "value": 579
}
[2022-12-14 21:05:13,932]: [MT_EXECUTE          ] topic : MT/EXECUTE/__ay/sensor0 payload : {
    "type": "int",
    "value": -134
}
[2022-12-14 21:05:16,934]: [MT_EXECUTE          ] topic : MT/EXECUTE/__az/sensor0 payload : {
    "type": "int",
    "value": 1895
}
[2022-12-14 21:05:16,936]: [TM_ALIVE            ] topic : TM/ALIVE/sensor0 payload : {}
[2022-12-14 21:05:19,939]: [MT_EXECUTE          ] topic : MT/EXECUTE/__temperature/sensor0 payload : {
    "type": "double",
    "value": 22.2
}
[2022-12-14 21:05:22,943]: [MT_EXECUTE          ] topic : MT/EXECUTE/__humidity/sensor0 payload : {
    "type": "double",
    "value": 21.0
}
[2022-12-14 21:05:25,947]: [MT_EXECUTE          ] topic : MT/EXECUTE/__pressure/sensor0 payload : {
    "type": "int",
    "value": 1001.2
}
[2022-12-14 21:05:28,881]: [TM_ALIVE            ] topic : TM/ALIVE/lora_manager_thing_D8F3BC801CFB payload : {}
[2022-12-14 21:05:28,947]: [MT_EXECUTE          ] topic : MT/EXECUTE/__ax/sensor0 payload : {
    "type": "int",
    "value": 579
}
[2022-12-14 21:05:31,950]: [MT_EXECUTE          ] topic : MT/EXECUTE/__ay/sensor0 payload : {
    "type": "int",
    "value": -134
}
[2022-12-14 21:05:34,953]: [MT_EXECUTE          ] topic : MT/EXECUTE/__moved/sensor0 payload : {
    "type": "int",
    "value": 1
}
[2022-12-14 21:05:34,956]: [TM_ALIVE            ] topic : TM/ALIVE/sensor0 payload : {}
[2022-12-14 21:05:37,959]: [MT_EXECUTE          ] topic : MT/EXECUTE/__temperature/sensor0 payload : {
    "type": "double",
    "value": 22.2
}
[2022-12-14 21:05:40,960]: [MT_EXECUTE          ] topic : MT/EXECUTE/__humidity/sensor0 payload : {
    "type": "double",
    "value": 21.0
}
[2022-12-14 21:05:43,964]: [MT_EXECUTE          ] topic : MT/EXECUTE/__pressure/sensor0 payload : {
    "type": "int",
    "value": 1001.2
}
[2022-12-14 21:05:46,968]: [MT_EXECUTE          ] topic : MT/EXECUTE/__ax/sensor0 payload : {
    "type": "int",
    "value": 579
}
[2022-12-14 21:05:49,970]: [MT_EXECUTE          ] topic : MT/EXECUTE/__ay/sensor0 payload : {
    "type": "int",
    "value": -134
}
[2022-12-14 21:05:52,973]: [MT_EXECUTE          ] topic : MT/EXECUTE/__az/sensor0 payload : {
    "type": "int",
    "value": 1895
}
[2022-12-14 21:05:52,976]: [TM_ALIVE            ] topic : TM/ALIVE/sensor0 payload : {}
[2022-12-14 21:05:55,978]: [MT_EXECUTE          ] topic : MT/EXECUTE/__temperature/sensor0 payload : {
    "type": "double",
    "value": 22.2
}
[2022-12-14 21:05:58,979]: [MT_EXECUTE          ] topic : MT/EXECUTE/__humidity/sensor0 payload : {
    "type": "double",
    "value": 21.0
}
[2022-12-14 21:06:01,982]: [MT_EXECUTE          ] topic : MT/EXECUTE/__pressure/sensor0 payload : {
    "type": "int",
    "value": 1001.2
}
[2022-12-14 21:06:04,986]: [MT_EXECUTE          ] topic : MT/EXECUTE/__ax/sensor0 payload : {
    "type": "int",
    "value": 579
}
[2022-12-14 21:06:07,988]: [MT_EXECUTE          ] topic : MT/EXECUTE/__ay/sensor0 payload : {
    "type": "int",
    "value": -134
}
[2022-12-14 21:06:10,993]: [MT_EXECUTE          ] topic : MT/EXECUTE/__moved/sensor0 payload : {
    "type": "int",
    "value": 1
}
[2022-12-14 21:06:10,996]: [TM_ALIVE            ] topic : TM/ALIVE/sensor0 payload : {}
[2022-12-14 21:06:13,999]: [MT_EXECUTE          ] topic : MT/EXECUTE/__temperature/sensor0 payload : {
    "type": "double",
    "value": 22.2
}
[2022-12-14 21:06:17,003]: [MT_EXECUTE          ] topic : MT/EXECUTE/__humidity/sensor0 payload : {
    "type": "double",
    "value": 21.0
}
[2022-12-14 21:06:20,006]: [MT_EXECUTE          ] topic : MT/EXECUTE/__pressure/sensor0 payload : {
    "type": "int",
    "value": 1001.2
}
[2022-12-14 21:06:23,009]: [MT_EXECUTE          ] topic : MT/EXECUTE/__ax/sensor0 payload : {
    "type": "int",
    "value": 579
}
[2022-12-14 21:06:26,012]: [MT_EXECUTE          ] topic : MT/EXECUTE/__ay/sensor0 payload : {
    "type": "int",
    "value": -134
}
[2022-12-14 21:06:28,882]: [TM_ALIVE            ] topic : TM/ALIVE/lora_manager_thing_D8F3BC801CFB payload : {}
[2022-12-14 21:06:29,014]: [MT_EXECUTE          ] topic : MT/EXECUTE/__az/sensor0 payload : {
    "type": "int",
    "value": 1895
}
[2022-12-14 21:06:29,016]: [TM_ALIVE            ] topic : TM/ALIVE/sensor0 payload : {}
[2022-12-14 21:06:32,019]: [MT_EXECUTE          ] topic : MT/EXECUTE/__temperature/sensor0 payload : {
    "type": "double",
    "value": 22.2
}
[2022-12-14 21:06:35,022]: [MT_EXECUTE          ] topic : MT/EXECUTE/__humidity/sensor0 payload : {
    "type": "double",
    "value": 21.0
}
[2022-12-14 21:06:38,023]: [MT_EXECUTE          ] topic : MT/EXECUTE/__pressure/sensor0 payload : {
    "type": "int",
    "value": 1001.2
}
[2022-12-14 21:06:41,028]: [MT_EXECUTE          ] topic : MT/EXECUTE/__ax/sensor0 payload : {
    "type": "int",
    "value": 579
}
[2022-12-14 21:06:44,029]: [MT_EXECUTE          ] topic : MT/EXECUTE/__ay/sensor0 payload : {
    "type": "int",
    "value": -134
}
[2022-12-14 21:06:47,033]: [MT_EXECUTE          ] topic : MT/EXECUTE/__moved/sensor0 payload : {
    "type": "int",
    "value": 1
}
[2022-12-14 21:06:47,037]: [TM_ALIVE            ] topic : TM/ALIVE/sensor0 payload : {}
[2022-12-14 21:06:50,036]: [MT_EXECUTE          ] topic : MT/EXECUTE/__temperature/sensor0 payload : {
    "type": "double",
    "value": 22.2
}
[2022-12-14 21:06:53,040]: [MT_EXECUTE          ] topic : MT/EXECUTE/__humidity/sensor0 payload : {
    "type": "double",
    "value": 21.0
}
[2022-12-14 21:06:56,041]: [MT_EXECUTE          ] topic : MT/EXECUTE/__pressure/sensor0 payload : {
    "type": "int",
    "value": 1001.2
}
[2022-12-14 21:06:59,044]: [MT_EXECUTE          ] topic : MT/EXECUTE/__ax/sensor0 payload : {
    "type": "int",
    "value": 579
}
[2022-12-14 21:07:02,046]: [MT_EXECUTE          ] topic : MT/EXECUTE/__ay/sensor0 payload : {
    "type": "int",
    "value": -134
}
[2022-12-14 21:07:05,050]: [MT_EXECUTE          ] topic : MT/EXECUTE/__az/sensor0 payload : {
    "type": "int",
    "value": 1895
}
[2022-12-14 21:07:05,053]: [TM_ALIVE            ] topic : TM/ALIVE/sensor0 payload : {}
[2022-12-14 21:07:08,056]: [MT_EXECUTE          ] topic : MT/EXECUTE/__temperature/sensor0 payload : {
    "type": "double",
    "value": 22.2
}
[2022-12-14 21:07:11,059]: [MT_EXECUTE          ] topic : MT/EXECUTE/__humidity/sensor0 payload : {
    "type": "double",
    "value": 21.0
}
[2022-12-14 21:07:14,063]: [MT_EXECUTE          ] topic : MT/EXECUTE/__pressure/sensor0 payload : {
    "type": "int",
    "value": 1001.2
}
[2022-12-14 21:07:17,063]: [MT_EXECUTE          ] topic : MT/EXECUTE/__ax/sensor0 payload : {
    "type": "int",
    "value": 579
}
[2022-12-14 21:07:20,067]: [MT_EXECUTE          ] topic : MT/EXECUTE/__ay/sensor0 payload : {
    "type": "int",
    "value": -134
}
[2022-12-14 21:07:23,071]: [MT_EXECUTE          ] topic : MT/EXECUTE/__moved/sensor0 payload : {
    "type": "int",
    "value": 1
}
[2022-12-14 21:07:23,075]: [TM_ALIVE            ] topic : TM/ALIVE/sensor0 payload : {}
[2022-12-14 21:07:26,076]: [MT_EXECUTE          ] topic : MT/EXECUTE/__temperature/sensor0 payload : {
    "type": "double",
    "value": 22.2
}
[2022-12-14 21:07:28,883]: [TM_ALIVE            ] topic : TM/ALIVE/lora_manager_thing_D8F3BC801CFB payload : {}
[2022-12-14 21:07:29,079]: [MT_EXECUTE          ] topic : MT/EXECUTE/__humidity/sensor0 payload : {
    "type": "double",
    "value": 21.0
}
[2022-12-14 21:07:32,080]: [MT_EXECUTE          ] topic : MT/EXECUTE/__pressure/sensor0 payload : {
    "type": "int",
    "value": 1001.2
}
[2022-12-14 21:07:35,084]: [MT_EXECUTE          ] topic : MT/EXECUTE/__ax/sensor0 payload : {
    "type": "int",
    "value": 579
}
[2022-12-14 21:07:38,087]: [MT_EXECUTE          ] topic : MT/EXECUTE/__ay/sensor0 payload : {
    "type": "int",
    "value": -134
}
[2022-12-14 21:07:41,089]: [MT_EXECUTE          ] topic : MT/EXECUTE/__az/sensor0 payload : {
    "type": "int",
    "value": 1895
}
[2022-12-14 21:07:41,093]: [TM_ALIVE            ] topic : TM/ALIVE/sensor0 payload : {}
[2022-12-14 21:07:44,092]: [MT_EXECUTE          ] topic : MT/EXECUTE/__temperature/sensor0 payload : {
    "type": "double",
    "value": 22.2
}
[2022-12-14 21:07:47,096]: [MT_EXECUTE          ] topic : MT/EXECUTE/__humidity/sensor0 payload : {
    "type": "double",
    "value": 21.0
}
[2022-12-14 21:07:50,099]: [MT_EXECUTE          ] topic : MT/EXECUTE/__pressure/sensor0 payload : {
    "type": "int",
    "value": 1001.2
}
[2022-12-14 21:07:53,100]: [MT_EXECUTE          ] topic : MT/EXECUTE/__ax/sensor0 payload : {
    "type": "int",
    "value": 579
}
[2022-12-14 21:07:56,103]: [MT_EXECUTE          ] topic : MT/EXECUTE/__ay/sensor0 payload : {
    "type": "int",
    "value": -134
}
[2022-12-14 21:07:59,107]: [MT_EXECUTE          ] topic : MT/EXECUTE/__moved/sensor0 payload : {
    "type": "int",
    "value": 1
}
[2022-12-14 21:07:59,111]: [TM_ALIVE            ] topic : TM/ALIVE/sensor0 payload : {}
[2022-12-14 21:08:02,114]: [MT_EXECUTE          ] topic : MT/EXECUTE/__temperature/sensor0 payload : {
    "type": "double",
    "value": 22.2
}
[2022-12-14 21:08:05,116]: [MT_EXECUTE          ] topic : MT/EXECUTE/__humidity/sensor0 payload : {
    "type": "double",
    "value": 21.0
}
[2022-12-14 21:08:08,120]: [MT_EXECUTE          ] topic : MT/EXECUTE/__pressure/sensor0 payload : {
    "type": "int",
    "value": 1001.2
}
[2022-12-14 21:08:11,124]: [MT_EXECUTE          ] topic : MT/EXECUTE/__ax/sensor0 payload : {
    "type": "int",
    "value": 579
}
[2022-12-14 21:08:14,127]: [MT_EXECUTE          ] topic : MT/EXECUTE/__ay/sensor0 payload : {
    "type": "int",
    "value": -134
}
[2022-12-14 21:08:17,130]: [MT_EXECUTE          ] topic : MT/EXECUTE/__az/sensor0 payload : {
    "type": "int",
    "value": 1895
}
[2022-12-14 21:08:17,133]: [TM_ALIVE            ] topic : TM/ALIVE/sensor0 payload : {}
[2022-12-14 21:08:20,132]: [MT_EXECUTE          ] topic : MT/EXECUTE/__temperature/sensor0 payload : {
    "type": "double",
    "value": 22.2
}
[2022-12-14 21:08:23,133]: [MT_EXECUTE          ] topic : MT/EXECUTE/__humidity/sensor0 payload : {
    "type": "double",
    "value": 21.0
}
[2022-12-14 21:08:26,136]: [MT_EXECUTE          ] topic : MT/EXECUTE/__pressure/sensor0 payload : {
    "type": "int",
    "value": 1001.2
}
[2022-12-14 21:08:28,884]: [TM_ALIVE            ] topic : TM/ALIVE/lora_manager_thing_D8F3BC801CFB payload : {}
[2022-12-14 21:08:29,139]: [MT_EXECUTE          ] topic : MT/EXECUTE/__ax/sensor0 payload : {
    "type": "int",
    "value": 579
}
[2022-12-14 21:08:32,139]: [MT_EXECUTE          ] topic : MT/EXECUTE/__ay/sensor0 payload : {
    "type": "int",
    "value": -134
}
[2022-12-14 21:08:35,144]: [MT_EXECUTE          ] topic : MT/EXECUTE/__moved/sensor0 payload : {
    "type": "int",
    "value": 1
}
[2022-12-14 21:08:35,149]: [TM_ALIVE            ] topic : TM/ALIVE/sensor0 payload : {}
[2022-12-14 21:08:38,151]: [MT_EXECUTE          ] topic : MT/EXECUTE/__temperature/sensor0 payload : {
    "type": "double",
    "value": 22.2
}
[2022-12-14 21:08:41,154]: [MT_EXECUTE          ] topic : MT/EXECUTE/__humidity/sensor0 payload : {
    "type": "double",
    "value": 21.0
}
[2022-12-14 21:08:44,156]: [MT_EXECUTE          ] topic : MT/EXECUTE/__pressure/sensor0 payload : {
    "type": "int",
    "value": 1001.2
}
[2022-12-14 21:08:47,157]: [MT_EXECUTE          ] topic : MT/EXECUTE/__ax/sensor0 payload : {
    "type": "int",
    "value": 579
}
[2022-12-14 21:08:50,159]: [MT_EXECUTE          ] topic : MT/EXECUTE/__ay/sensor0 payload : {
    "type": "int",
    "value": -134
}
[2022-12-14 21:08:53,053]: Ctrl + C Exit
