[2022-11-18 18:00:21,097]: Skip avahi_enable search...
[2022-11-18 18:00:21,098]: SSL is not enabled...
[2022-11-18 18:00:21,100]: [-> CONNECT           ] Connect to Host: 127.0.0.1:11083
[2022-11-18 18:00:21,103]: New staff_thing!!! name = sensor0
[2022-11-18 18:00:21,103]: [-> SUBSCRIBE         ] MT/RESULT/REGISTER/sensor0
[2022-11-18 18:00:21,104]: [-> SUBSCRIBE         ] MT/RESULT/UNREGISTER/sensor0
[2022-11-18 18:00:21,104]: [-> SUBSCRIBE         ] MT/RESULT/BINARY_VALUE/sensor0
[2022-11-18 18:00:21,105]: [_send_staff_RESULT_REGISTER] Register sensor0 complete!!!
[2022-11-18 18:00:21,107]: [TM_REGISTER         ] topic : TM/REGISTER/sensor0 payload : {
    "alive_cycle": 10,
    "functions": [
        {
            "arguments": [],
            "description": "",
            "energy": null,
            "exec_time": -1,
            "name": "__temperature",
            "return_type": "double",
skip... (print_packet mode=SoPPrintMode.ABBR)
[2022-11-18 18:00:21,109]: [MT_EXECUTE          ] topic : MT/EXECUTE/__temperature/sensor0 payload : {
    "type": "double",
    "value": 22.9
}
[2022-11-18 18:00:21,111]: [MT_EXECUTE          ] topic : MT/EXECUTE/__humidity/sensor0 payload : {
    "type": "double",
    "value": 77.3
}
[2022-11-18 18:00:21,113]: [MT_EXECUTE          ] topic : MT/EXECUTE/__pressure/sensor0 payload : {
    "type": "int",
    "value": 1018.4
}
[2022-11-18 18:00:21,115]: [MT_EXECUTE          ] topic : MT/EXECUTE/__ax/sensor0 payload : {
    "type": "int",
    "value": -25
}
[2022-11-18 18:00:21,119]: [MT_EXECUTE          ] topic : MT/EXECUTE/__ay/sensor0 payload : {
    "type": "int",
    "value": -81
}
[2022-11-18 18:00:21,122]: [MT_EXECUTE          ] topic : MT/EXECUTE/__az/sensor0 payload : {
    "type": "int",
    "value": 1103
}
[2022-11-18 18:00:21,124]: [MT_EXECUTE          ] topic : MT/EXECUTE/__moved/sensor0 payload : {
    "type": "int",
    "value": 0
}
[2022-11-18 18:00:21,139]: [MT_RESULT_REGISTER  ] topic : MT/RESULT/REGISTER/sensor0 payload : {
    "error": -4,
    "middleware_name": "SoPIoT-MW-Level1-0_000000000000"
}
[2022-11-18 18:00:21,140]: [DUP✔                 ] Thing lora_manager_thing_D8F3BC801CFB register success!
[2022-11-18 18:00:21,141]: [-> SUBSCRIBE         ] MT/EXECUTE/__temperature/sensor0/+/#
[2022-11-18 18:00:21,141]: [-> SUBSCRIBE         ] MT/EXECUTE/__temperature/sensor0
[2022-11-18 18:00:21,142]: [TM_ALIVE            ] topic : TM/ALIVE/sensor0 payload : {}
[2022-11-18 18:00:21,142]: [-> SUBSCRIBE         ] MT/EXECUTE/__humidity/sensor0/+/#
[2022-11-18 18:00:21,143]: [-> SUBSCRIBE         ] MT/EXECUTE/__humidity/sensor0
[2022-11-18 18:00:21,143]: [-> SUBSCRIBE         ] MT/EXECUTE/__pressure/sensor0/+/#
[2022-11-18 18:00:21,143]: [-> SUBSCRIBE         ] MT/EXECUTE/__pressure/sensor0
[2022-11-18 18:00:21,143]: [-> SUBSCRIBE         ] MT/EXECUTE/__ax/sensor0/+/#
[2022-11-18 18:00:21,144]: [-> SUBSCRIBE         ] MT/EXECUTE/__ax/sensor0
[2022-11-18 18:00:21,144]: [-> SUBSCRIBE         ] MT/EXECUTE/__ay/sensor0/+/#
[2022-11-18 18:00:21,144]: [-> SUBSCRIBE         ] MT/EXECUTE/__ay/sensor0
[2022-11-18 18:00:21,144]: [-> SUBSCRIBE         ] MT/EXECUTE/__az/sensor0/+/#
[2022-11-18 18:00:21,146]: [-> SUBSCRIBE         ] MT/EXECUTE/__az/sensor0
[2022-11-18 18:00:21,146]: [-> SUBSCRIBE         ] MT/EXECUTE/__moved/sensor0/+/#
[2022-11-18 18:00:21,146]: [-> SUBSCRIBE         ] MT/EXECUTE/__moved/sensor0
[2022-11-18 18:00:22,108]: [MT_EXECUTE          ] topic : MT/EXECUTE/__temperature/sensor0 payload : {
    "type": "double",
    "value": 22.9
}
[2022-11-18 18:00:22,111]: [MT_EXECUTE          ] topic : MT/EXECUTE/__humidity/sensor0 payload : {
    "type": "double",
    "value": 77.3
}
[2022-11-18 18:00:22,111]: [MT_EXECUTE          ] topic : MT/EXECUTE/__temperature/sensor0 payload : {
    "type": "double",
    "value": 22.9
}
[2022-11-18 18:00:22,114]: [MT_EXECUTE          ] topic : MT/EXECUTE/__humidity/sensor0 payload : {
    "type": "double",
    "value": 77.3
}
[2022-11-18 18:00:22,114]: [MT_EXECUTE          ] topic : MT/EXECUTE/__pressure/sensor0 payload : {
    "type": "int",
    "value": 1018.2
}
[2022-11-18 18:00:22,115]: Traceback message : Traceback (most recent call last):
  File "/home/jyeom/anaconda3/envs/py37tf26/lib/python3.7/site-packages/big_thing_py/big_thing.py", line 170, in _receive_message_thread_func
    self._handle_mqtt_message(recv_msg)
  File "/home/jyeom/anaconda3/envs/py37tf26/lib/python3.7/site-packages/big_thing_py/big_thing.py", line 253, in _handle_mqtt_message
    self._handle_MT_EXECUTE(msg)
  File "/home/jyeom/anaconda3/envs/py37tf26/lib/python3.7/site-packages/big_thing_py/manager_thing.py", line 380, in _handle_MT_EXECUTE
    execute_msg = SoPExecuteMessage(msg)
  File "/home/jyeom/anaconda3/envs/py37tf26/lib/python3.7/site-packages/big_thing_py/common/mqtt_message.py", line 159, in __init__
    self._scenario: str = self._payload['scenario']
KeyError: 'scenario'

Error: 'scenario'
[2022-11-18 18:00:22,116]: [MT_EXECUTE          ] topic : MT/EXECUTE/__pressure/sensor0 payload : {
    "type": "int",
    "value": 1018.2
}
[2022-11-18 18:00:52,500]: Ctrl + C Exit
