[2022-12-15 16:07:56,355]: Skip avahi_enable search...
[2022-12-15 16:07:56,355]: SSL is not enabled...
[2022-12-15 16:07:56,357]: [-> CONNECT           ] Connect to Host: 127.0.0.1:11083
[2022-12-15 16:07:56,358]: Register try 1
[2022-12-15 16:07:56,359]: [-> SUBSCRIBE         ] MT/RESULT/REGISTER/lora_manager_thing_D8F3BC801CFB
[2022-12-15 16:07:56,359]: [-> SUBSCRIBE         ] MT/RESULT/UNREGISTER/lora_manager_thing_D8F3BC801CFB
[2022-12-15 16:07:56,359]: [-> SUBSCRIBE         ] MT/RESULT/BINARY_VALUE/lora_manager_thing_D8F3BC801CFB
[2022-12-15 16:07:56,361]: New staff_thing!!! name: [sensor0]
[2022-12-15 16:07:56,361]: [TM_REGISTER         ] topic : TM/REGISTER/lora_manager_thing_D8F3BC801CFB payload : {
    "alive_cycle": 60,
    "functions": [],
    "is_parallel": true,
    "is_super": false,
    "values": []
}
[2022-12-15 16:07:56,364]: [TM_ALIVE            ] topic : TM/ALIVE/sensor0 payload : {}
[2022-12-15 16:07:56,366]: [sensor0_temperature ] topic : sensor0/temperature payload : {
    "type": "double",
    "value": 28.2
}
[2022-12-15 16:07:56,368]: [sensor0_humidity    ] topic : sensor0/humidity payload : {
    "type": "double",
    "value": 26.9
}
[2022-12-15 16:07:56,369]: [sensor0_pressure    ] topic : sensor0/pressure payload : {
    "type": "int",
    "value": 992.6
}
[2022-12-15 16:07:56,371]: [sensor0_ax          ] topic : sensor0/ax payload : {
    "type": "int",
    "value": -16
}
[2022-12-15 16:07:56,373]: [sensor0_ay          ] topic : sensor0/ay payload : {
    "type": "int",
    "value": -24
}
[2022-12-15 16:07:56,375]: [sensor0_az          ] topic : sensor0/az payload : {
    "type": "int",
    "value": 1100
}
[2022-12-15 16:07:56,377]: [sensor0_moved       ] topic : sensor0/moved payload : {
    "type": "int",
    "value": 0
}
[2022-12-15 16:07:56,379]: [TM_ALIVE            ] topic : TM/ALIVE/sensor0 payload : {}
[2022-12-15 16:07:56,383]: [TM_ALIVE            ] topic : TM/ALIVE/sensor0 payload : {}
[2022-12-15 16:07:56,385]: [TM_ALIVE            ] topic : TM/ALIVE/sensor0 payload : {}
[2022-12-15 16:07:56,387]: [TM_ALIVE            ] topic : TM/ALIVE/sensor0 payload : {}
[2022-12-15 16:07:56,389]: [TM_ALIVE            ] topic : TM/ALIVE/sensor0 payload : {}
[2022-12-15 16:07:56,391]: [TM_ALIVE            ] topic : TM/ALIVE/sensor0 payload : {}
[2022-12-15 16:07:56,392]: [TM_ALIVE            ] topic : TM/ALIVE/sensor0 payload : {}
[2022-12-15 16:07:56,394]: [TM_ALIVE            ] topic : TM/ALIVE/sensor0 payload : {}
[2022-12-15 16:07:56,396]: [TM_ALIVE            ] topic : TM/ALIVE/sensor0 payload : {}
[2022-12-15 16:07:56,399]: [TM_ALIVE            ] topic : TM/ALIVE/sensor0 payload : {}
[2022-12-15 16:07:56,401]: [TM_ALIVE            ] topic : TM/ALIVE/sensor0 payload : {}
[2022-12-15 16:07:56,403]: [TM_ALIVE            ] topic : TM/ALIVE/sensor0 payload : {}
[2022-12-15 16:07:56,404]: [MT_RESULT_REGISTER  ] topic : MT/RESULT/REGISTER/lora_manager_thing_D8F3BC801CFB payload : {
    "error": -4,
    "middleware_name": "SoPIoT-MW-Level1-0_000000000000"
}
[2022-12-15 16:07:56,404]: [TM_ALIVE            ] topic : TM/ALIVE/sensor0 payload : {}
[2022-12-15 16:07:56,404]: [print_packet] Unexpected topic!!! : MT/RESULT/REGISTER/lora_manager_thing_D8F3BC801CFB 
[2022-12-15 16:07:56,405]: Wrong payload arrive... lora_manager_thing_D8F3BC801CFB should be arrive, not lora_manager_thing_D8F3BC801CFB
[2022-12-15 16:07:56,407]: Traceback message : Traceback (most recent call last):
  File "/home/jyeom/anaconda3/envs/py37tf26/lib/python3.7/site-packages/big_thing_py/big_thing.py", line 213, in _receive_message_thread_func
    self._handle_mqtt_message(recv_msg)
  File "/home/jyeom/anaconda3/envs/py37tf26/lib/python3.7/site-packages/big_thing_py/big_thing.py", line 286, in _handle_mqtt_message
    self._handle_MT_RESULT_REGISTER(msg)
  File "/home/jyeom/anaconda3/envs/py37tf26/lib/python3.7/site-packages/big_thing_py/manager_thing.py", line 261, in _handle_MT_RESULT_REGISTER
    raise
RuntimeError: No active exception to reraise

Error: No active exception to reraise
[2022-12-15 16:07:58,287]: Ctrl + C Exit
[2022-12-15 16:07:58,288]: _alive_thread is terminated
[2022-12-15 16:07:58,288]: _value_publish_thread is terminated
[2022-12-15 16:07:58,288]: _scan_staff_message_thread is terminated
[2022-12-15 16:07:58,289]: _receive_staff_message_thread is terminated
[2022-12-15 16:07:58,289]: _publish_staff_message_thread is terminated
