[2022-12-15 15:37:06,303]: Skip avahi_enable search...
[2022-12-15 15:37:06,303]: SSL is not enabled...
[2022-12-15 15:37:06,306]: [-> CONNECT           ] Connect to Host: 127.0.0.1:11083
[2022-12-15 15:37:06,308]: Register try 1
[2022-12-15 15:37:06,308]: [-> SUBSCRIBE         ] MT/RESULT/REGISTER/lora_manager_thing_D8F3BC801CFB
[2022-12-15 15:37:06,309]: [-> SUBSCRIBE         ] MT/RESULT/UNREGISTER/lora_manager_thing_D8F3BC801CFB
[2022-12-15 15:37:06,310]: New staff_thing!!! name: [sensor0]
[2022-12-15 15:37:06,310]: [-> SUBSCRIBE         ] MT/RESULT/BINARY_VALUE/lora_manager_thing_D8F3BC801CFB
[2022-12-15 15:37:06,312]: [sensor0_temperature ] topic : sensor0/temperature payload : {
    "type": "double",
    "value": 28.2
}
[2022-12-15 15:37:06,314]: [sensor0_humidity    ] topic : sensor0/humidity payload : {
    "type": "double",
    "value": 27.2
}
[2022-12-15 15:37:06,316]: [sensor0_pressure    ] topic : sensor0/pressure payload : {
    "type": "int",
    "value": 992.5
}
[2022-12-15 15:37:06,318]: [sensor0_ax          ] topic : sensor0/ax payload : {
    "type": "int",
    "value": -17
}
[2022-12-15 15:37:06,320]: [sensor0_ay          ] topic : sensor0/ay payload : {
    "type": "int",
    "value": -25
}
[2022-12-15 15:37:06,322]: [sensor0_az          ] topic : sensor0/az payload : {
    "type": "int",
    "value": 1047
}
[2022-12-15 15:37:06,324]: [sensor0_moved       ] topic : sensor0/moved payload : {
    "type": "int",
    "value": 0
}
[2022-12-15 15:37:06,329]: [TM_REGISTER         ] topic : TM/REGISTER/lora_manager_thing_D8F3BC801CFB payload : {
    "alive_cycle": 60,
    "functions": [],
    "is_parallel": true,
    "is_super": false,
    "values": []
}
[2022-12-15 15:37:06,331]: [TM_ALIVE            ] topic : TM/ALIVE/sensor0 payload : {}
[2022-12-15 15:37:06,333]: [TM_ALIVE            ] topic : TM/ALIVE/sensor0 payload : {}
[2022-12-15 15:37:06,334]: [MT_RESULT_REGISTER  ] topic : MT/RESULT/REGISTER/lora_manager_thing_D8F3BC801CFB payload : {
    "error": -4,
    "middleware_name": "SoPIoT-MW-Level1-0_000000000000"
}
[2022-12-15 15:37:06,334]: [print_packet] Unexpected topic!!! : MT/RESULT/REGISTER/lora_manager_thing_D8F3BC801CFB 
[2022-12-15 15:37:06,334]: Wrong payload arrive... lora_manager_thing_D8F3BC801CFB should be arrive, not lora_manager_thing_D8F3BC801CFB
[2022-12-15 15:37:06,336]: Traceback message : Traceback (most recent call last):
  File "/home/jyeom/anaconda3/envs/py37tf26/lib/python3.7/site-packages/big_thing_py/big_thing.py", line 213, in _receive_message_thread_func
    self._handle_mqtt_message(recv_msg)
  File "/home/jyeom/anaconda3/envs/py37tf26/lib/python3.7/site-packages/big_thing_py/big_thing.py", line 286, in _handle_mqtt_message
    self._handle_MT_RESULT_REGISTER(msg)
  File "/home/jyeom/anaconda3/envs/py37tf26/lib/python3.7/site-packages/big_thing_py/manager_thing.py", line 261, in _handle_MT_RESULT_REGISTER
    raise
RuntimeError: No active exception to reraise

Error: No active exception to reraise
[2022-12-15 15:37:11,318]: Register try 2
[2022-12-15 15:37:11,319]: [-> SUBSCRIBE         ] MT/RESULT/REGISTER/lora_manager_thing_D8F3BC801CFB
[2022-12-15 15:37:11,319]: [-> SUBSCRIBE         ] MT/RESULT/UNREGISTER/lora_manager_thing_D8F3BC801CFB
[2022-12-15 15:37:11,320]: [-> SUBSCRIBE         ] MT/RESULT/BINARY_VALUE/lora_manager_thing_D8F3BC801CFB
[2022-12-15 15:37:16,312]: Traceback message : Traceback (most recent call last):
  File "/home/jyeom/anaconda3/envs/py37tf26/lib/python3.7/site-packages/big_thing_py/manager_thing.py", line 172, in _scan_staff_message_thread_func
    raise Exception('Scan staff thing error')
Exception: Scan staff thing error

Error: Scan staff thing error
[2022-12-15 15:37:16,327]: Register try 3
[2022-12-15 15:37:16,328]: [-> SUBSCRIBE         ] MT/RESULT/REGISTER/lora_manager_thing_D8F3BC801CFB
[2022-12-15 15:37:16,329]: [-> SUBSCRIBE         ] MT/RESULT/UNREGISTER/lora_manager_thing_D8F3BC801CFB
[2022-12-15 15:37:16,329]: [-> SUBSCRIBE         ] MT/RESULT/BINARY_VALUE/lora_manager_thing_D8F3BC801CFB
[2022-12-15 15:37:21,336]: Register try 4
[2022-12-15 15:37:21,337]: [-> SUBSCRIBE         ] MT/RESULT/REGISTER/lora_manager_thing_D8F3BC801CFB
[2022-12-15 15:37:21,337]: [-> SUBSCRIBE         ] MT/RESULT/UNREGISTER/lora_manager_thing_D8F3BC801CFB
[2022-12-15 15:37:21,337]: [-> SUBSCRIBE         ] MT/RESULT/BINARY_VALUE/lora_manager_thing_D8F3BC801CFB
[2022-12-15 15:37:26,346]: Register try 5
[2022-12-15 15:37:26,346]: [-> SUBSCRIBE         ] MT/RESULT/REGISTER/lora_manager_thing_D8F3BC801CFB
[2022-12-15 15:37:26,346]: [-> SUBSCRIBE         ] MT/RESULT/UNREGISTER/lora_manager_thing_D8F3BC801CFB
[2022-12-15 15:37:26,346]: [-> SUBSCRIBE         ] MT/RESULT/BINARY_VALUE/lora_manager_thing_D8F3BC801CFB
