[2022-11-18 17:03:49,317]: Skip avahi_enable search...
[2022-11-18 17:03:49,318]: SSL is not enabled...
[2022-11-18 17:03:49,320]: [-> CONNECT           ] Connect to Host: 127.0.0.1:11083
[2022-11-18 17:03:49,323]: New staff_thing!!! name = sensor0
[2022-11-18 17:03:49,324]: [-> SUBSCRIBE         ] MT/RESULT/REGISTER/sensor0
[2022-11-18 17:03:49,326]: [-> SUBSCRIBE         ] MT/RESULT/UNREGISTER/sensor0
[2022-11-18 17:03:49,326]: [print_packet] Unexpected topic!!! : sensor0/temperature 
[2022-11-18 17:03:49,327]: [-> SUBSCRIBE         ] MT/RESULT/BINARY_VALUE/sensor0
[2022-11-18 17:03:49,330]: [_send_staff_RESULT_REGISTER] Register sensor0 complete!!!
[2022-11-18 17:03:49,330]: [print_packet] Unexpected topic!!! : sensor0/humidity 
[2022-11-18 17:03:49,332]: [print_packet] Unexpected topic!!! : sensor0/pressure 
[2022-11-18 17:03:49,334]: [print_packet] Unexpected topic!!! : sensor0/ax 
[2022-11-18 17:03:49,336]: [print_packet] Unexpected topic!!! : sensor0/ay 
[2022-11-18 17:03:49,338]: [print_packet] Unexpected topic!!! : sensor0/az 
[2022-11-18 17:03:49,339]: [print_packet] Unexpected topic!!! : sensor0/moved 
[2022-11-18 17:03:49,342]: [TM_REGISTER         ] topic : TM/REGISTER/sensor0 payload : {
    "alive_cycle": 10,
    "functions": [
        {
            "arguments": [],
            "description": "",
            "energy": null,
            "exec_time": -1,
            "name": "__temperature",
            "return_type": "double",
skip... (print_packet mode=SoPPrintMode.ABBR)
[2022-11-18 17:03:49,366]: [MT_RESULT_REGISTER  ] topic : MT/RESULT/REGISTER/sensor0 payload : {
    "error": -4,
    "middleware_name": "SoPIoT-MW-Level1-0_000000000000"
}
[2022-11-18 17:03:49,367]: [DUP✔                 ] Thing lora_manager_thing_D8F3BC801CFB register success!
[2022-11-18 17:03:49,369]: [-> SUBSCRIBE         ] MT/EXECUTE/__temperature/sensor0/+/#
[2022-11-18 17:03:49,371]: New staff_thing!!! name = sensor1
[2022-11-18 17:03:49,372]: [TM_ALIVE            ] topic : TM/ALIVE/sensor0 payload : {}
[2022-11-18 17:03:49,374]: [-> SUBSCRIBE         ] MT/EXECUTE/__temperature/sensor0
[2022-11-18 17:03:49,375]: [-> SUBSCRIBE         ] MT/RESULT/REGISTER/sensor1
[2022-11-18 17:03:49,375]: [print_packet] Unexpected topic!!! : sensor1/temperature 
[2022-11-18 17:03:49,375]: [-> SUBSCRIBE         ] MT/EXECUTE/__humidity/sensor0/+/#
[2022-11-18 17:03:49,375]: [-> SUBSCRIBE         ] MT/RESULT/UNREGISTER/sensor1
[2022-11-18 17:03:49,376]: [-> SUBSCRIBE         ] MT/RESULT/BINARY_VALUE/sensor1
[2022-11-18 17:03:49,376]: [-> SUBSCRIBE         ] MT/EXECUTE/__humidity/sensor0
[2022-11-18 17:03:49,378]: [_send_staff_RESULT_REGISTER] Register sensor1 complete!!!
[2022-11-18 17:03:49,378]: [-> SUBSCRIBE         ] MT/EXECUTE/__pressure/sensor0/+/#
[2022-11-18 17:03:49,379]: [print_packet] Unexpected topic!!! : sensor1/humidity 
[2022-11-18 17:03:49,380]: [-> SUBSCRIBE         ] MT/EXECUTE/__pressure/sensor0
[2022-11-18 17:03:49,380]: [-> SUBSCRIBE         ] MT/EXECUTE/__ax/sensor0/+/#
[2022-11-18 17:03:49,380]: [-> SUBSCRIBE         ] MT/EXECUTE/__ax/sensor0
[2022-11-18 17:03:49,381]: [-> SUBSCRIBE         ] MT/EXECUTE/__ay/sensor0/+/#
[2022-11-18 17:03:49,382]: [print_packet] Unexpected topic!!! : sensor1/pressure 
[2022-11-18 17:03:49,382]: [-> SUBSCRIBE         ] MT/EXECUTE/__ay/sensor0
[2022-11-18 17:03:49,383]: [-> SUBSCRIBE         ] MT/EXECUTE/__az/sensor0/+/#
[2022-11-18 17:03:49,383]: [-> SUBSCRIBE         ] MT/EXECUTE/__az/sensor0
[2022-11-18 17:03:49,383]: [-> SUBSCRIBE         ] MT/EXECUTE/__moved/sensor0/+/#
[2022-11-18 17:03:49,383]: [-> SUBSCRIBE         ] MT/EXECUTE/__moved/sensor0
[2022-11-18 17:03:49,384]: [print_packet] Unexpected topic!!! : sensor1/ax 
[2022-11-18 17:03:49,385]: [print_packet] Unexpected topic!!! : sensor1/ay 
[2022-11-18 17:03:49,387]: [print_packet] Unexpected topic!!! : sensor1/az 
[2022-11-18 17:03:49,389]: [print_packet] Unexpected topic!!! : sensor1/moved 
[2022-11-18 17:03:49,392]: [TM_REGISTER         ] topic : TM/REGISTER/sensor1 payload : {
    "alive_cycle": 10,
    "functions": [
        {
            "arguments": [],
            "description": "",
            "energy": null,
            "exec_time": -1,
            "name": "__temperature",
            "return_type": "double",
skip... (print_packet mode=SoPPrintMode.ABBR)
[2022-11-18 17:03:49,429]: [MT_RESULT_REGISTER  ] topic : MT/RESULT/REGISTER/sensor1 payload : {
    "error": -4,
    "middleware_name": "SoPIoT-MW-Level1-0_000000000000"
}
[2022-11-18 17:03:49,430]: [DUP✔                 ] Thing lora_manager_thing_D8F3BC801CFB register success!
[2022-11-18 17:03:49,430]: [-> SUBSCRIBE         ] MT/EXECUTE/__temperature/sensor1/+/#
[2022-11-18 17:03:49,430]: [-> SUBSCRIBE         ] MT/EXECUTE/__temperature/sensor1
[2022-11-18 17:03:49,430]: [-> SUBSCRIBE         ] MT/EXECUTE/__humidity/sensor1/+/#
[2022-11-18 17:03:49,430]: [-> SUBSCRIBE         ] MT/EXECUTE/__humidity/sensor1
[2022-11-18 17:03:49,430]: [-> SUBSCRIBE         ] MT/EXECUTE/__pressure/sensor1/+/#
[2022-11-18 17:03:49,430]: [-> SUBSCRIBE         ] MT/EXECUTE/__pressure/sensor1
[2022-11-18 17:03:49,430]: [-> SUBSCRIBE         ] MT/EXECUTE/__ax/sensor1/+/#
[2022-11-18 17:03:49,431]: [TM_ALIVE            ] topic : TM/ALIVE/sensor1 payload : {}
[2022-11-18 17:03:49,431]: [-> SUBSCRIBE         ] MT/EXECUTE/__ax/sensor1
[2022-11-18 17:03:49,432]: [-> SUBSCRIBE         ] MT/EXECUTE/__ay/sensor1/+/#
[2022-11-18 17:03:49,432]: [-> SUBSCRIBE         ] MT/EXECUTE/__ay/sensor1
[2022-11-18 17:03:49,432]: [-> SUBSCRIBE         ] MT/EXECUTE/__az/sensor1/+/#
[2022-11-18 17:03:49,432]: [-> SUBSCRIBE         ] MT/EXECUTE/__az/sensor1
[2022-11-18 17:03:49,433]: [-> SUBSCRIBE         ] MT/EXECUTE/__moved/sensor1/+/#
[2022-11-18 17:03:49,433]: [-> SUBSCRIBE         ] MT/EXECUTE/__moved/sensor1
[2022-11-18 17:03:50,325]: [print_packet] Unexpected topic!!! : sensor0/temperature 
[2022-11-18 17:03:50,327]: [print_packet] Unexpected topic!!! : sensor0/humidity 
[2022-11-18 17:03:50,329]: [print_packet] Unexpected topic!!! : sensor0/pressure 
[2022-11-18 17:03:50,331]: [print_packet] Unexpected topic!!! : sensor0/ax 
[2022-11-18 17:03:50,333]: [print_packet] Unexpected topic!!! : sensor0/ay 
[2022-11-18 17:03:50,335]: [print_packet] Unexpected topic!!! : sensor0/az 
[2022-11-18 17:03:50,338]: [print_packet] Unexpected topic!!! : sensor0/moved 
[2022-11-18 17:03:50,375]: [print_packet] Unexpected topic!!! : sensor1/temperature 
[2022-11-18 17:03:50,378]: [print_packet] Unexpected topic!!! : sensor1/humidity 
[2022-11-18 17:03:50,380]: [print_packet] Unexpected topic!!! : sensor1/pressure 
[2022-11-18 17:03:50,383]: [print_packet] Unexpected topic!!! : sensor1/ax 
[2022-11-18 17:03:50,384]: [print_packet] Unexpected topic!!! : sensor1/ay 
[2022-11-18 17:03:50,386]: [print_packet] Unexpected topic!!! : sensor1/az 
[2022-11-18 17:03:50,388]: [print_packet] Unexpected topic!!! : sensor1/moved 
[2022-11-18 17:03:51,326]: [print_packet] Unexpected topic!!! : sensor0/temperature 
[2022-11-18 17:03:51,331]: [print_packet] Unexpected topic!!! : sensor0/humidity 
[2022-11-18 17:03:51,333]: [print_packet] Unexpected topic!!! : sensor0/pressure 
[2022-11-18 17:03:51,336]: [print_packet] Unexpected topic!!! : sensor0/ax 
[2022-11-18 17:03:51,338]: [print_packet] Unexpected topic!!! : sensor0/ay 
[2022-11-18 17:03:51,341]: [print_packet] Unexpected topic!!! : sensor0/az 
[2022-11-18 17:03:51,344]: [print_packet] Unexpected topic!!! : sensor0/moved 
[2022-11-18 17:03:51,376]: [print_packet] Unexpected topic!!! : sensor1/temperature 
[2022-11-18 17:03:51,379]: [print_packet] Unexpected topic!!! : sensor1/humidity 
[2022-11-18 17:03:51,381]: [print_packet] Unexpected topic!!! : sensor1/pressure 
[2022-11-18 17:03:51,383]: [print_packet] Unexpected topic!!! : sensor1/ax 
[2022-11-18 17:03:51,385]: [print_packet] Unexpected topic!!! : sensor1/ay 
[2022-11-18 17:03:51,389]: [print_packet] Unexpected topic!!! : sensor1/az 
[2022-11-18 17:03:51,391]: [print_packet] Unexpected topic!!! : sensor1/moved 
[2022-11-18 17:03:52,324]: [TM_ALIVE            ] topic : TM/ALIVE/sensor0 payload : {}
[2022-11-18 17:03:52,330]: [TM_ALIVE            ] topic : TM/ALIVE/sensor1 payload : {}
[2022-11-18 17:03:52,332]: [print_packet] Unexpected topic!!! : sensor0/temperature 
[2022-11-18 17:03:52,334]: [print_packet] Unexpected topic!!! : sensor0/humidity 
[2022-11-18 17:03:52,336]: [print_packet] Unexpected topic!!! : sensor0/pressure 
[2022-11-18 17:03:52,338]: [print_packet] Unexpected topic!!! : sensor0/ax 
[2022-11-18 17:03:52,340]: [print_packet] Unexpected topic!!! : sensor0/ay 
[2022-11-18 17:03:52,342]: [print_packet] Unexpected topic!!! : sensor0/az 
[2022-11-18 17:03:52,345]: [print_packet] Unexpected topic!!! : sensor0/moved 
[2022-11-18 17:03:52,377]: [print_packet] Unexpected topic!!! : sensor1/temperature 
[2022-11-18 17:03:52,379]: [print_packet] Unexpected topic!!! : sensor1/humidity 
[2022-11-18 17:03:52,381]: [print_packet] Unexpected topic!!! : sensor1/pressure 
[2022-11-18 17:03:52,383]: [print_packet] Unexpected topic!!! : sensor1/ax 
[2022-11-18 17:03:52,384]: [print_packet] Unexpected topic!!! : sensor1/ay 
[2022-11-18 17:03:52,386]: [print_packet] Unexpected topic!!! : sensor1/az 
[2022-11-18 17:03:52,389]: [print_packet] Unexpected topic!!! : sensor1/moved 
[2022-11-18 17:03:53,327]: [print_packet] Unexpected topic!!! : sensor0/temperature 
[2022-11-18 17:03:53,330]: [print_packet] Unexpected topic!!! : sensor0/humidity 
[2022-11-18 17:03:53,331]: [print_packet] Unexpected topic!!! : sensor0/pressure 
[2022-11-18 17:03:53,333]: [print_packet] Unexpected topic!!! : sensor0/ax 
[2022-11-18 17:03:53,335]: [print_packet] Unexpected topic!!! : sensor0/ay 
[2022-11-18 17:03:53,337]: [print_packet] Unexpected topic!!! : sensor0/az 
[2022-11-18 17:03:53,339]: [print_packet] Unexpected topic!!! : sensor0/moved 
[2022-11-18 17:03:53,377]: [print_packet] Unexpected topic!!! : sensor1/temperature 
[2022-11-18 17:03:53,379]: [print_packet] Unexpected topic!!! : sensor1/humidity 
[2022-11-18 17:03:53,381]: [print_packet] Unexpected topic!!! : sensor1/pressure 
[2022-11-18 17:03:53,382]: [print_packet] Unexpected topic!!! : sensor1/ax 
[2022-11-18 17:03:53,385]: [print_packet] Unexpected topic!!! : sensor1/ay 
[2022-11-18 17:03:53,387]: [print_packet] Unexpected topic!!! : sensor1/az 
[2022-11-18 17:03:53,389]: [print_packet] Unexpected topic!!! : sensor1/moved 
[2022-11-18 17:03:54,328]: [print_packet] Unexpected topic!!! : sensor0/temperature 
[2022-11-18 17:03:54,334]: [print_packet] Unexpected topic!!! : sensor0/humidity 
[2022-11-18 17:03:54,337]: [print_packet] Unexpected topic!!! : sensor0/pressure 
[2022-11-18 17:03:54,339]: [print_packet] Unexpected topic!!! : sensor0/ax 
[2022-11-18 17:03:54,341]: [print_packet] Unexpected topic!!! : sensor0/ay 
[2022-11-18 17:03:54,343]: [print_packet] Unexpected topic!!! : sensor0/az 
[2022-11-18 17:03:54,345]: [print_packet] Unexpected topic!!! : sensor0/moved 
[2022-11-18 17:03:54,379]: [print_packet] Unexpected topic!!! : sensor1/temperature 
[2022-11-18 17:03:54,382]: [print_packet] Unexpected topic!!! : sensor1/humidity 
[2022-11-18 17:03:54,384]: [print_packet] Unexpected topic!!! : sensor1/pressure 
[2022-11-18 17:03:54,386]: [print_packet] Unexpected topic!!! : sensor1/ax 
[2022-11-18 17:03:54,388]: [print_packet] Unexpected topic!!! : sensor1/ay 
[2022-11-18 17:03:54,389]: [print_packet] Unexpected topic!!! : sensor1/az 
[2022-11-18 17:03:54,391]: [print_packet] Unexpected topic!!! : sensor1/moved 
[2022-11-18 17:03:55,326]: New staff_thing!!! name = sensor2
[2022-11-18 17:03:55,326]: [TM_ALIVE            ] topic : TM/ALIVE/sensor0 payload : {}
[2022-11-18 17:03:55,329]: [-> SUBSCRIBE         ] MT/RESULT/REGISTER/sensor2
[2022-11-18 17:03:55,331]: [-> SUBSCRIBE         ] MT/RESULT/UNREGISTER/sensor2
[2022-11-18 17:03:55,332]: [TM_ALIVE            ] topic : TM/ALIVE/sensor1 payload : {}
[2022-11-18 17:03:55,333]: [-> SUBSCRIBE         ] MT/RESULT/BINARY_VALUE/sensor2
[2022-11-18 17:03:55,334]: [_send_staff_RESULT_REGISTER] Register sensor2 complete!!!
[2022-11-18 17:03:55,336]: [print_packet] Unexpected topic!!! : sensor2/temperature 
[2022-11-18 17:03:55,337]: [print_packet] Unexpected topic!!! : sensor2/humidity 
[2022-11-18 17:03:55,339]: [print_packet] Unexpected topic!!! : sensor2/pressure 
[2022-11-18 17:03:55,341]: [print_packet] Unexpected topic!!! : sensor2/ax 
[2022-11-18 17:03:55,343]: [print_packet] Unexpected topic!!! : sensor2/ay 
[2022-11-18 17:03:55,345]: [print_packet] Unexpected topic!!! : sensor2/az 
[2022-11-18 17:03:55,347]: [print_packet] Unexpected topic!!! : sensor2/moved 
[2022-11-18 17:03:55,349]: [print_packet] Unexpected topic!!! : sensor0/temperature 
[2022-11-18 17:03:55,351]: [print_packet] Unexpected topic!!! : sensor0/humidity 
[2022-11-18 17:03:55,353]: [print_packet] Unexpected topic!!! : sensor0/pressure 
[2022-11-18 17:03:55,354]: [print_packet] Unexpected topic!!! : sensor0/ax 
[2022-11-18 17:03:55,356]: [print_packet] Unexpected topic!!! : sensor0/ay 
[2022-11-18 17:03:55,358]: [print_packet] Unexpected topic!!! : sensor0/az 
[2022-11-18 17:03:55,362]: [print_packet] Unexpected topic!!! : sensor0/moved 
[2022-11-18 17:03:55,366]: [TM_REGISTER         ] topic : TM/REGISTER/sensor2 payload : {
    "alive_cycle": 10,
    "functions": [
        {
            "arguments": [],
            "description": "",
            "energy": null,
            "exec_time": -1,
            "name": "__temperature",
            "return_type": "double",
skip... (print_packet mode=SoPPrintMode.ABBR)
[2022-11-18 17:03:55,378]: [print_packet] Unexpected topic!!! : sensor1/temperature 
[2022-11-18 17:03:55,380]: [print_packet] Unexpected topic!!! : sensor1/humidity 
[2022-11-18 17:03:55,382]: [print_packet] Unexpected topic!!! : sensor1/pressure 
[2022-11-18 17:03:55,382]: [MT_RESULT_REGISTER  ] topic : MT/RESULT/REGISTER/sensor2 payload : {
    "error": -4,
    "middleware_name": "SoPIoT-MW-Level1-0_000000000000"
}
[2022-11-18 17:03:55,383]: [DUP✔                 ] Thing lora_manager_thing_D8F3BC801CFB register success!
[2022-11-18 17:03:55,383]: [-> SUBSCRIBE         ] MT/EXECUTE/__temperature/sensor2/+/#
[2022-11-18 17:03:55,383]: [print_packet] Unexpected topic!!! : sensor1/ax 
[2022-11-18 17:03:55,384]: [-> SUBSCRIBE         ] MT/EXECUTE/__temperature/sensor2
[2022-11-18 17:03:55,384]: [-> SUBSCRIBE         ] MT/EXECUTE/__humidity/sensor2/+/#
[2022-11-18 17:03:55,384]: [-> SUBSCRIBE         ] MT/EXECUTE/__humidity/sensor2
[2022-11-18 17:03:55,385]: [-> SUBSCRIBE         ] MT/EXECUTE/__pressure/sensor2/+/#
[2022-11-18 17:03:55,385]: [-> SUBSCRIBE         ] MT/EXECUTE/__pressure/sensor2
[2022-11-18 17:03:55,385]: [-> SUBSCRIBE         ] MT/EXECUTE/__ax/sensor2/+/#
[2022-11-18 17:03:55,386]: [print_packet] Unexpected topic!!! : sensor1/ay 
[2022-11-18 17:03:55,386]: [-> SUBSCRIBE         ] MT/EXECUTE/__ax/sensor2
[2022-11-18 17:03:55,387]: [-> SUBSCRIBE         ] MT/EXECUTE/__ay/sensor2/+/#
[2022-11-18 17:03:55,387]: [-> SUBSCRIBE         ] MT/EXECUTE/__ay/sensor2
[2022-11-18 17:03:55,387]: [-> SUBSCRIBE         ] MT/EXECUTE/__az/sensor2/+/#
[2022-11-18 17:03:55,387]: [-> SUBSCRIBE         ] MT/EXECUTE/__az/sensor2
[2022-11-18 17:03:55,387]: [-> SUBSCRIBE         ] MT/EXECUTE/__moved/sensor2/+/#
[2022-11-18 17:03:55,387]: [-> SUBSCRIBE         ] MT/EXECUTE/__moved/sensor2
[2022-11-18 17:03:55,387]: [print_packet] Unexpected topic!!! : sensor1/az 
[2022-11-18 17:03:55,389]: [print_packet] Unexpected topic!!! : sensor1/moved 
[2022-11-18 17:03:55,392]: [TM_ALIVE            ] topic : TM/ALIVE/sensor2 payload : {}
[2022-11-18 17:03:56,329]: [print_packet] Unexpected topic!!! : sensor2/temperature 
[2022-11-18 17:03:56,331]: [print_packet] Unexpected topic!!! : sensor2/humidity 
[2022-11-18 17:03:56,334]: [print_packet] Unexpected topic!!! : sensor2/pressure 
[2022-11-18 17:03:56,335]: [print_packet] Unexpected topic!!! : sensor2/ax 
[2022-11-18 17:03:56,337]: [print_packet] Unexpected topic!!! : sensor0/temperature 
[2022-11-18 17:03:56,339]: [print_packet] Unexpected topic!!! : sensor2/ay 
[2022-11-18 17:03:56,341]: [print_packet] Unexpected topic!!! : sensor2/az 
[2022-11-18 17:03:56,343]: [print_packet] Unexpected topic!!! : sensor2/moved 
[2022-11-18 17:03:56,346]: [print_packet] Unexpected topic!!! : sensor0/humidity 
[2022-11-18 17:03:56,348]: [print_packet] Unexpected topic!!! : sensor0/pressure 
[2022-11-18 17:03:56,350]: [print_packet] Unexpected topic!!! : sensor0/ax 
[2022-11-18 17:03:56,352]: [print_packet] Unexpected topic!!! : sensor0/ay 
[2022-11-18 17:03:56,354]: [print_packet] Unexpected topic!!! : sensor0/az 
[2022-11-18 17:03:56,355]: [print_packet] Unexpected topic!!! : sensor0/moved 
[2022-11-18 17:03:56,381]: [print_packet] Unexpected topic!!! : sensor1/temperature 
[2022-11-18 17:03:56,383]: [print_packet] Unexpected topic!!! : sensor1/humidity 
[2022-11-18 17:03:56,385]: [print_packet] Unexpected topic!!! : sensor1/pressure 
[2022-11-18 17:03:56,387]: [print_packet] Unexpected topic!!! : sensor1/ax 
[2022-11-18 17:03:56,388]: [print_packet] Unexpected topic!!! : sensor1/ay 
[2022-11-18 17:03:56,390]: [print_packet] Unexpected topic!!! : sensor1/az 
[2022-11-18 17:03:56,394]: [print_packet] Unexpected topic!!! : sensor1/moved 
[2022-11-18 17:03:57,329]: [print_packet] Unexpected topic!!! : sensor2/temperature 
[2022-11-18 17:03:57,330]: [print_packet] Unexpected topic!!! : sensor2/humidity 
[2022-11-18 17:03:57,333]: [print_packet] Unexpected topic!!! : sensor2/pressure 
[2022-11-18 17:03:57,335]: [print_packet] Unexpected topic!!! : sensor2/ax 
[2022-11-18 17:03:57,336]: [print_packet] Unexpected topic!!! : sensor0/temperature 
[2022-11-18 17:03:57,338]: [print_packet] Unexpected topic!!! : sensor2/ay 
[2022-11-18 17:03:57,340]: [print_packet] Unexpected topic!!! : sensor2/az 
[2022-11-18 17:03:57,342]: [print_packet] Unexpected topic!!! : sensor2/moved 
[2022-11-18 17:03:57,344]: [print_packet] Unexpected topic!!! : sensor0/humidity 
[2022-11-18 17:03:57,346]: [print_packet] Unexpected topic!!! : sensor0/pressure 
[2022-11-18 17:03:57,348]: [print_packet] Unexpected topic!!! : sensor0/ax 
[2022-11-18 17:03:57,350]: [print_packet] Unexpected topic!!! : sensor0/ay 
[2022-11-18 17:03:57,353]: [print_packet] Unexpected topic!!! : sensor0/az 
[2022-11-18 17:03:57,354]: [print_packet] Unexpected topic!!! : sensor0/moved 
[2022-11-18 17:03:57,380]: [print_packet] Unexpected topic!!! : sensor1/temperature 
[2022-11-18 17:03:57,381]: [print_packet] Unexpected topic!!! : sensor1/humidity 
[2022-11-18 17:03:57,383]: [print_packet] Unexpected topic!!! : sensor1/pressure 
[2022-11-18 17:03:57,384]: [print_packet] Unexpected topic!!! : sensor1/ax 
[2022-11-18 17:03:57,386]: [print_packet] Unexpected topic!!! : sensor1/ay 
[2022-11-18 17:03:57,389]: [print_packet] Unexpected topic!!! : sensor1/az 
[2022-11-18 17:03:57,391]: [print_packet] Unexpected topic!!! : sensor1/moved 
[2022-11-18 17:03:58,326]: New staff_thing!!! name = sensor3
[2022-11-18 17:03:58,327]: [TM_ALIVE            ] topic : TM/ALIVE/sensor0 payload : {}
[2022-11-18 17:03:58,329]: [-> SUBSCRIBE         ] MT/RESULT/REGISTER/sensor3
[2022-11-18 17:03:58,329]: [-> SUBSCRIBE         ] MT/RESULT/UNREGISTER/sensor3
[2022-11-18 17:03:58,331]: [-> SUBSCRIBE         ] MT/RESULT/BINARY_VALUE/sensor3
[2022-11-18 17:03:58,332]: [TM_ALIVE            ] topic : TM/ALIVE/sensor1 payload : {}
[2022-11-18 17:03:58,333]: [_send_staff_RESULT_REGISTER] Register sensor3 complete!!!
[2022-11-18 17:03:58,335]: [TM_ALIVE            ] topic : TM/ALIVE/sensor2 payload : {}
[2022-11-18 17:03:58,337]: [print_packet] Unexpected topic!!! : sensor2/temperature 
[2022-11-18 17:03:58,339]: [print_packet] Unexpected topic!!! : sensor3/temperature 
[2022-11-18 17:03:58,341]: [print_packet] Unexpected topic!!! : sensor3/humidity 
[2022-11-18 17:03:58,343]: [print_packet] Unexpected topic!!! : sensor3/pressure 
[2022-11-18 17:03:58,345]: [print_packet] Unexpected topic!!! : sensor3/ax 
[2022-11-18 17:03:58,347]: [print_packet] Unexpected topic!!! : sensor3/ay 
[2022-11-18 17:03:58,349]: [print_packet] Unexpected topic!!! : sensor3/az 
[2022-11-18 17:03:58,351]: [print_packet] Unexpected topic!!! : sensor3/moved 
[2022-11-18 17:03:58,353]: [print_packet] Unexpected topic!!! : sensor2/humidity 
[2022-11-18 17:03:58,355]: [print_packet] Unexpected topic!!! : sensor2/pressure 
[2022-11-18 17:03:58,358]: [print_packet] Unexpected topic!!! : sensor2/ax 
[2022-11-18 17:03:58,361]: [TM_REGISTER         ] topic : TM/REGISTER/sensor3 payload : {
    "alive_cycle": 10,
    "functions": [
        {
            "arguments": [],
            "description": "",
            "energy": null,
            "exec_time": -1,
            "name": "__temperature",
            "return_type": "double",
skip... (print_packet mode=SoPPrintMode.ABBR)
[2022-11-18 17:03:58,364]: [print_packet] Unexpected topic!!! : sensor0/temperature 
[2022-11-18 17:03:58,366]: [print_packet] Unexpected topic!!! : sensor0/humidity 
[2022-11-18 17:03:58,368]: [print_packet] Unexpected topic!!! : sensor2/ay 
[2022-11-18 17:03:58,369]: [print_packet] Unexpected topic!!! : sensor2/az 
[2022-11-18 17:03:58,371]: [print_packet] Unexpected topic!!! : sensor2/moved 
[2022-11-18 17:03:58,374]: [print_packet] Unexpected topic!!! : sensor0/pressure 
[2022-11-18 17:03:58,377]: [print_packet] Unexpected topic!!! : sensor0/ax 
[2022-11-18 17:03:58,379]: [print_packet] Unexpected topic!!! : sensor0/ay 
[2022-11-18 17:03:58,381]: [print_packet] Unexpected topic!!! : sensor0/az 
[2022-11-18 17:03:58,384]: [print_packet] Unexpected topic!!! : sensor0/moved 
[2022-11-18 17:03:58,386]: [print_packet] Unexpected topic!!! : sensor1/temperature 
[2022-11-18 17:03:58,389]: [print_packet] Unexpected topic!!! : sensor1/humidity 
[2022-11-18 17:03:58,391]: [print_packet] Unexpected topic!!! : sensor1/pressure 
[2022-11-18 17:03:58,393]: [MT_RESULT_REGISTER  ] topic : MT/RESULT/REGISTER/sensor3 payload : {
    "error": -4,
    "middleware_name": "SoPIoT-MW-Level1-0_000000000000"
}
[2022-11-18 17:03:58,393]: [print_packet] Unexpected topic!!! : sensor1/ax 
[2022-11-18 17:03:58,394]: [DUP✔                 ] Thing lora_manager_thing_D8F3BC801CFB register success!
[2022-11-18 17:03:58,395]: [-> SUBSCRIBE         ] MT/EXECUTE/__temperature/sensor3/+/#
[2022-11-18 17:03:58,395]: [-> SUBSCRIBE         ] MT/EXECUTE/__temperature/sensor3
[2022-11-18 17:03:58,395]: [print_packet] Unexpected topic!!! : sensor1/ay 
[2022-11-18 17:03:58,395]: [-> SUBSCRIBE         ] MT/EXECUTE/__humidity/sensor3/+/#
[2022-11-18 17:03:58,396]: [-> SUBSCRIBE         ] MT/EXECUTE/__humidity/sensor3
[2022-11-18 17:03:58,396]: [-> SUBSCRIBE         ] MT/EXECUTE/__pressure/sensor3/+/#
[2022-11-18 17:03:58,396]: [-> SUBSCRIBE         ] MT/EXECUTE/__pressure/sensor3
[2022-11-18 17:03:58,396]: [-> SUBSCRIBE         ] MT/EXECUTE/__ax/sensor3/+/#
[2022-11-18 17:03:58,396]: [-> SUBSCRIBE         ] MT/EXECUTE/__ax/sensor3
[2022-11-18 17:03:58,397]: [-> SUBSCRIBE         ] MT/EXECUTE/__ay/sensor3/+/#
[2022-11-18 17:03:58,397]: [-> SUBSCRIBE         ] MT/EXECUTE/__ay/sensor3
[2022-11-18 17:03:58,397]: [-> SUBSCRIBE         ] MT/EXECUTE/__az/sensor3/+/#
[2022-11-18 17:03:58,397]: [-> SUBSCRIBE         ] MT/EXECUTE/__az/sensor3
[2022-11-18 17:03:58,397]: [print_packet] Unexpected topic!!! : sensor1/az 
[2022-11-18 17:03:58,398]: [-> SUBSCRIBE         ] MT/EXECUTE/__moved/sensor3/+/#
[2022-11-18 17:03:58,399]: [-> SUBSCRIBE         ] MT/EXECUTE/__moved/sensor3
[2022-11-18 17:03:58,400]: [print_packet] Unexpected topic!!! : sensor1/moved 
[2022-11-18 17:03:58,402]: [TM_ALIVE            ] topic : TM/ALIVE/sensor3 payload : {}
[2022-11-18 17:03:59,330]: [print_packet] Unexpected topic!!! : sensor2/temperature 
[2022-11-18 17:03:59,332]: [print_packet] Unexpected topic!!! : sensor3/temperature 
[2022-11-18 17:03:59,334]: [print_packet] Unexpected topic!!! : sensor3/humidity 
[2022-11-18 17:03:59,336]: [print_packet] Unexpected topic!!! : sensor3/pressure 
[2022-11-18 17:03:59,338]: [print_packet] Unexpected topic!!! : sensor3/ax 
[2022-11-18 17:03:59,340]: [print_packet] Unexpected topic!!! : sensor3/ay 
[2022-11-18 17:03:59,342]: [print_packet] Unexpected topic!!! : sensor3/az 
[2022-11-18 17:03:59,344]: [print_packet] Unexpected topic!!! : sensor3/moved 
[2022-11-18 17:03:59,346]: [print_packet] Unexpected topic!!! : sensor2/humidity 
[2022-11-18 17:03:59,348]: [print_packet] Unexpected topic!!! : sensor2/pressure 
[2022-11-18 17:03:59,351]: [print_packet] Unexpected topic!!! : sensor2/ax 
[2022-11-18 17:03:59,353]: [print_packet] Unexpected topic!!! : sensor0/temperature 
[2022-11-18 17:03:59,354]: [print_packet] Unexpected topic!!! : sensor0/humidity 
[2022-11-18 17:03:59,356]: [print_packet] Unexpected topic!!! : sensor2/ay 
[2022-11-18 17:03:59,358]: [print_packet] Unexpected topic!!! : sensor2/az 
[2022-11-18 17:03:59,359]: [print_packet] Unexpected topic!!! : sensor2/moved 
[2022-11-18 17:03:59,361]: [print_packet] Unexpected topic!!! : sensor0/pressure 
[2022-11-18 17:03:59,363]: [print_packet] Unexpected topic!!! : sensor0/ax 
[2022-11-18 17:03:59,366]: [print_packet] Unexpected topic!!! : sensor0/ay 
[2022-11-18 17:03:59,368]: [print_packet] Unexpected topic!!! : sensor0/az 
[2022-11-18 17:03:59,370]: [print_packet] Unexpected topic!!! : sensor0/moved 
[2022-11-18 17:03:59,380]: [print_packet] Unexpected topic!!! : sensor1/temperature 
[2022-11-18 17:03:59,383]: [print_packet] Unexpected topic!!! : sensor1/humidity 
[2022-11-18 17:03:59,386]: [print_packet] Unexpected topic!!! : sensor1/pressure 
[2022-11-18 17:03:59,387]: [print_packet] Unexpected topic!!! : sensor1/ax 
[2022-11-18 17:03:59,389]: [print_packet] Unexpected topic!!! : sensor1/ay 
[2022-11-18 17:03:59,391]: [print_packet] Unexpected topic!!! : sensor1/az 
[2022-11-18 17:03:59,393]: [print_packet] Unexpected topic!!! : sensor1/moved 
[2022-11-18 17:04:00,330]: [print_packet] Unexpected topic!!! : sensor2/temperature 
[2022-11-18 17:04:00,332]: [print_packet] Unexpected topic!!! : sensor3/temperature 
[2022-11-18 17:04:00,334]: [print_packet] Unexpected topic!!! : sensor3/humidity 
[2022-11-18 17:04:00,335]: [print_packet] Unexpected topic!!! : sensor3/pressure 
[2022-11-18 17:04:00,337]: [print_packet] Unexpected topic!!! : sensor3/ax 
[2022-11-18 17:04:00,339]: [print_packet] Unexpected topic!!! : sensor3/ay 
[2022-11-18 17:04:00,341]: [print_packet] Unexpected topic!!! : sensor3/az 
[2022-11-18 17:04:00,343]: [print_packet] Unexpected topic!!! : sensor3/moved 
[2022-11-18 17:04:00,345]: [print_packet] Unexpected topic!!! : sensor2/humidity 
[2022-11-18 17:04:00,347]: [print_packet] Unexpected topic!!! : sensor2/pressure 
[2022-11-18 17:04:00,349]: [print_packet] Unexpected topic!!! : sensor2/ax 
[2022-11-18 17:04:00,351]: [print_packet] Unexpected topic!!! : sensor0/temperature 
[2022-11-18 17:04:00,353]: [print_packet] Unexpected topic!!! : sensor0/humidity 
[2022-11-18 17:04:00,355]: [print_packet] Unexpected topic!!! : sensor2/ay 
[2022-11-18 17:04:00,358]: [print_packet] Unexpected topic!!! : sensor2/az 
[2022-11-18 17:04:00,360]: [print_packet] Unexpected topic!!! : sensor2/moved 
[2022-11-18 17:04:00,362]: [print_packet] Unexpected topic!!! : sensor0/pressure 
[2022-11-18 17:04:00,364]: [print_packet] Unexpected topic!!! : sensor0/ax 
[2022-11-18 17:04:00,366]: [print_packet] Unexpected topic!!! : sensor0/ay 
[2022-11-18 17:04:00,368]: [print_packet] Unexpected topic!!! : sensor0/az 
[2022-11-18 17:04:00,370]: [print_packet] Unexpected topic!!! : sensor0/moved 
[2022-11-18 17:04:00,382]: [print_packet] Unexpected topic!!! : sensor1/temperature 
[2022-11-18 17:04:00,384]: [print_packet] Unexpected topic!!! : sensor1/humidity 
[2022-11-18 17:04:00,386]: [print_packet] Unexpected topic!!! : sensor1/pressure 
[2022-11-18 17:04:00,388]: [print_packet] Unexpected topic!!! : sensor1/ax 
[2022-11-18 17:04:00,390]: [print_packet] Unexpected topic!!! : sensor1/ay 
[2022-11-18 17:04:00,393]: [print_packet] Unexpected topic!!! : sensor1/az 
[2022-11-18 17:04:00,395]: [print_packet] Unexpected topic!!! : sensor1/moved 
[2022-11-18 17:04:00,829]: Ctrl + C Exit
