[2022-11-18 20:28:45,066]: Skip avahi_enable search...
[2022-11-18 20:28:45,066]: SSL is not enabled...
[2022-11-18 20:28:45,069]: [-> CONNECT           ] Connect to Host: 127.0.0.1:11083
[2022-11-18 20:28:45,070]: Register try 1
[2022-11-18 20:28:45,070]: [-> SUBSCRIBE         ] MT/RESULT/REGISTER/lora_manager_thing_D8F3BC801CFB
[2022-11-18 20:28:45,071]: [-> SUBSCRIBE         ] MT/RESULT/UNREGISTER/lora_manager_thing_D8F3BC801CFB
[2022-11-18 20:28:45,071]: [-> SUBSCRIBE         ] MT/RESULT/BINARY_VALUE/lora_manager_thing_D8F3BC801CFB
[2022-11-18 20:28:45,073]: [TM_REGISTER         ] topic : TM/REGISTER/lora_manager_thing_D8F3BC801CFB payload : {
    "alive_cycle": 60,
    "functions": [],
    "is_parallel": true,
    "is_super": false,
    "values": []
}
[2022-11-18 20:28:45,075]: [MT_RESULT_REGISTER  ] topic : MT/RESULT/REGISTER/lora_manager_thing_D8F3BC801CFB payload : {
    "error": -4,
    "middleware_name": "SoPIoT-MW-Level1-0_000000000000"
}
[2022-11-18 20:28:45,076]: [DUP✔                 ] Thing lora_manager_thing_D8F3BC801CFB register success!
[2022-11-18 20:28:45,077]: [TM_ALIVE            ] topic : TM/ALIVE/lora_manager_thing_D8F3BC801CFB payload : {}
[2022-11-18 20:29:15,073]: New staff_thing!!! name = sensor0
[2022-11-18 20:29:15,074]: [-> SUBSCRIBE         ] MT/RESULT/REGISTER/sensor0
[2022-11-18 20:29:15,075]: [-> SUBSCRIBE         ] MT/RESULT/UNREGISTER/sensor0
[2022-11-18 20:29:15,078]: [MT_EXECUTE          ] topic : MT/EXECUTE/__temperature/sensor0 payload : {
    "type": "double",
    "value": 22.9
}
[2022-11-18 20:29:15,079]: [-> SUBSCRIBE         ] MT/RESULT/BINARY_VALUE/sensor0
[2022-11-18 20:29:15,082]: [_send_staff_RESULT_REGISTER] Register sensor0 complete!!!
[2022-11-18 20:29:15,083]: [MT_EXECUTE          ] topic : MT/EXECUTE/__humidity/sensor0 payload : {
    "type": "double",
    "value": 77.3
}
[2022-11-18 20:29:15,085]: [MT_EXECUTE          ] topic : MT/EXECUTE/__pressure/sensor0 payload : {
    "type": "int",
    "value": 1019.1
}
[2022-11-18 20:29:15,087]: [MT_EXECUTE          ] topic : MT/EXECUTE/__ax/sensor0 payload : {
    "type": "int",
    "value": -22
}
[2022-11-18 20:29:15,089]: [MT_EXECUTE          ] topic : MT/EXECUTE/__ay/sensor0 payload : {
    "type": "int",
    "value": -77
}
[2022-11-18 20:29:15,090]: [MT_EXECUTE          ] topic : MT/EXECUTE/__az/sensor0 payload : {
    "type": "int",
    "value": 1097
}
[2022-11-18 20:29:15,092]: [MT_EXECUTE          ] topic : MT/EXECUTE/__moved/sensor0 payload : {
    "type": "int",
    "value": 0
}
[2022-11-18 20:29:18,075]: [MT_EXECUTE          ] topic : MT/EXECUTE/__temperature/sensor0 payload : {
    "type": "double",
    "value": 23.0
}
[2022-11-18 20:29:18,079]: [MT_EXECUTE          ] topic : MT/EXECUTE/__humidity/sensor0 payload : {
    "type": "double",
    "value": 77.2
}
[2022-11-18 20:29:18,082]: [MT_EXECUTE          ] topic : MT/EXECUTE/__pressure/sensor0 payload : {
    "type": "int",
    "value": 1019.7
}
[2022-11-18 20:29:18,084]: [MT_EXECUTE          ] topic : MT/EXECUTE/__ax/sensor0 payload : {
    "type": "int",
    "value": -23
}
[2022-11-18 20:29:18,086]: [MT_EXECUTE          ] topic : MT/EXECUTE/__ay/sensor0 payload : {
    "type": "int",
    "value": -82
}
[2022-11-18 20:29:18,089]: [MT_EXECUTE          ] topic : MT/EXECUTE/__az/sensor0 payload : {
    "type": "int",
    "value": 1043
}
[2022-11-18 20:29:18,091]: [MT_EXECUTE          ] topic : MT/EXECUTE/__moved/sensor0 payload : {
    "type": "int",
    "value": 0
}
[2022-11-18 20:29:21,076]: [MT_EXECUTE          ] topic : MT/EXECUTE/__temperature/sensor0 payload : {
    "type": "double",
    "value": 23.0
}
[2022-11-18 20:29:21,080]: [MT_EXECUTE          ] topic : MT/EXECUTE/__humidity/sensor0 payload : {
    "type": "double",
    "value": 77.1
}
[2022-11-18 20:29:21,082]: [MT_EXECUTE          ] topic : MT/EXECUTE/__pressure/sensor0 payload : {
    "type": "int",
    "value": 1019.8
}
[2022-11-18 20:29:21,084]: [MT_EXECUTE          ] topic : MT/EXECUTE/__ax/sensor0 payload : {
    "type": "int",
    "value": -22
}
[2022-11-18 20:29:21,086]: [MT_EXECUTE          ] topic : MT/EXECUTE/__ay/sensor0 payload : {
    "type": "int",
    "value": -76
}
[2022-11-18 20:29:21,089]: [MT_EXECUTE          ] topic : MT/EXECUTE/__az/sensor0 payload : {
    "type": "int",
    "value": 1100
}
[2022-11-18 20:29:21,092]: [MT_EXECUTE          ] topic : MT/EXECUTE/__moved/sensor0 payload : {
    "type": "int",
    "value": 0
}
[2022-11-18 20:29:24,076]: [MT_EXECUTE          ] topic : MT/EXECUTE/__temperature/sensor0 payload : {
    "type": "double",
    "value": 23.0
}
[2022-11-18 20:29:24,078]: [MT_EXECUTE          ] topic : MT/EXECUTE/__humidity/sensor0 payload : {
    "type": "double",
    "value": 77.0
}
[2022-11-18 20:29:24,080]: [MT_EXECUTE          ] topic : MT/EXECUTE/__pressure/sensor0 payload : {
    "type": "int",
    "value": 1019.9
}
[2022-11-18 20:29:24,084]: [MT_EXECUTE          ] topic : MT/EXECUTE/__ax/sensor0 payload : {
    "type": "int",
    "value": -21
}
[2022-11-18 20:29:24,086]: [MT_EXECUTE          ] topic : MT/EXECUTE/__ay/sensor0 payload : {
    "type": "int",
    "value": -74
}
[2022-11-18 20:29:24,087]: [MT_EXECUTE          ] topic : MT/EXECUTE/__az/sensor0 payload : {
    "type": "int",
    "value": 1041
}
[2022-11-18 20:29:24,089]: [MT_EXECUTE          ] topic : MT/EXECUTE/__moved/sensor0 payload : {
    "type": "int",
    "value": 0
}
[2022-11-18 20:29:25,074]: [TM_ALIVE            ] topic : TM/ALIVE/sensor0 payload : {}
[2022-11-18 20:29:27,076]: [MT_EXECUTE          ] topic : MT/EXECUTE/__temperature/sensor0 payload : {
    "type": "double",
    "value": 23.0
}
[2022-11-18 20:29:27,078]: [MT_EXECUTE          ] topic : MT/EXECUTE/__humidity/sensor0 payload : {
    "type": "double",
    "value": 76.9
}
[2022-11-18 20:29:27,080]: [MT_EXECUTE          ] topic : MT/EXECUTE/__pressure/sensor0 payload : {
    "type": "int",
    "value": 1019.0
}
[2022-11-18 20:29:27,082]: [MT_EXECUTE          ] topic : MT/EXECUTE/__ax/sensor0 payload : {
    "type": "int",
    "value": -23
}
[2022-11-18 20:29:27,084]: [MT_EXECUTE          ] topic : MT/EXECUTE/__ay/sensor0 payload : {
    "type": "int",
    "value": -75
}
[2022-11-18 20:29:27,086]: [MT_EXECUTE          ] topic : MT/EXECUTE/__az/sensor0 payload : {
    "type": "int",
    "value": 1101
}
[2022-11-18 20:29:27,087]: [MT_EXECUTE          ] topic : MT/EXECUTE/__moved/sensor0 payload : {
    "type": "int",
    "value": 0
}
[2022-11-18 20:29:30,076]: [MT_EXECUTE          ] topic : MT/EXECUTE/__temperature/sensor0 payload : {
    "type": "double",
    "value": 23.0
}
[2022-11-18 20:29:30,079]: [MT_EXECUTE          ] topic : MT/EXECUTE/__humidity/sensor0 payload : {
    "type": "double",
    "value": 76.9
}
[2022-11-18 20:29:30,081]: [MT_EXECUTE          ] topic : MT/EXECUTE/__pressure/sensor0 payload : {
    "type": "int",
    "value": 1019.0
}
[2022-11-18 20:29:30,083]: [MT_EXECUTE          ] topic : MT/EXECUTE/__ax/sensor0 payload : {
    "type": "int",
    "value": -23
}
[2022-11-18 20:29:30,085]: [MT_EXECUTE          ] topic : MT/EXECUTE/__ay/sensor0 payload : {
    "type": "int",
    "value": -75
}
[2022-11-18 20:29:30,087]: [MT_EXECUTE          ] topic : MT/EXECUTE/__az/sensor0 payload : {
    "type": "int",
    "value": 1101
}
[2022-11-18 20:29:30,089]: [MT_EXECUTE          ] topic : MT/EXECUTE/__moved/sensor0 payload : {
    "type": "int",
    "value": 0
}
[2022-11-18 20:29:33,077]: [MT_EXECUTE          ] topic : MT/EXECUTE/__temperature/sensor0 payload : {
    "type": "double",
    "value": 0.0
}
[2022-11-18 20:29:33,080]: [MT_EXECUTE          ] topic : MT/EXECUTE/__humidity/sensor0 payload : {
    "type": "double",
    "value": 1019.6
}
[2022-11-18 20:29:33,083]: [MT_EXECUTE          ] topic : MT/EXECUTE/__pressure/sensor0 payload : {
    "type": "int",
    "value": 230.0
}
[2022-11-18 20:29:33,085]: [MT_EXECUTE          ] topic : MT/EXECUTE/__ax/sensor0 payload : {
    "type": "int",
    "value": 66
}
[2022-11-18 20:29:33,087]: [MT_EXECUTE          ] topic : MT/EXECUTE/__ay/sensor0 payload : {
    "type": "int",
    "value": -22
}
[2022-11-18 20:29:33,089]: [MT_EXECUTE          ] topic : MT/EXECUTE/__az/sensor0 payload : {
    "type": "int",
    "value": -76
}
[2022-11-18 20:29:33,091]: [MT_EXECUTE          ] topic : MT/EXECUTE/__moved/sensor0 payload : {
    "type": "int",
    "value": 8
}
[2022-11-18 20:29:35,077]: [TM_ALIVE            ] topic : TM/ALIVE/sensor0 payload : {}
[2022-11-18 20:29:35,077]: New staff_thing!!! name = sensor1
[2022-11-18 20:29:35,078]: [-> SUBSCRIBE         ] MT/RESULT/REGISTER/sensor1
[2022-11-18 20:29:35,080]: [-> SUBSCRIBE         ] MT/RESULT/UNREGISTER/sensor1
[2022-11-18 20:29:35,080]: [-> SUBSCRIBE         ] MT/RESULT/BINARY_VALUE/sensor1
[2022-11-18 20:29:35,081]: [MT_EXECUTE          ] topic : MT/EXECUTE/__temperature/sensor1 payload : {
    "type": "double",
    "value": 23.0
}
[2022-11-18 20:29:35,082]: [_send_staff_RESULT_REGISTER] Register sensor1 complete!!!
[2022-11-18 20:29:35,083]: [MT_EXECUTE          ] topic : MT/EXECUTE/__humidity/sensor1 payload : {
    "type": "double",
    "value": 76.5
}
[2022-11-18 20:29:35,085]: [MT_EXECUTE          ] topic : MT/EXECUTE/__pressure/sensor1 payload : {
    "type": "int",
    "value": 1019.4
}
[2022-11-18 20:29:35,087]: [MT_EXECUTE          ] topic : MT/EXECUTE/__ax/sensor1 payload : {
    "type": "int",
    "value": -23
}
[2022-11-18 20:29:35,090]: [MT_EXECUTE          ] topic : MT/EXECUTE/__ay/sensor1 payload : {
    "type": "int",
    "value": -81
}
[2022-11-18 20:29:35,091]: [MT_EXECUTE          ] topic : MT/EXECUTE/__az/sensor1 payload : {
    "type": "int",
    "value": 1043
}
[2022-11-18 20:29:35,094]: [MT_EXECUTE          ] topic : MT/EXECUTE/__moved/sensor1 payload : {
    "type": "int",
    "value": 0
}
[2022-11-18 20:29:36,078]: [MT_EXECUTE          ] topic : MT/EXECUTE/__temperature/sensor0 payload : {
    "type": "double",
    "value": 23.0
}
[2022-11-18 20:29:36,081]: [MT_EXECUTE          ] topic : MT/EXECUTE/__humidity/sensor0 payload : {
    "type": "double",
    "value": 76.5
}
[2022-11-18 20:29:36,083]: [MT_EXECUTE          ] topic : MT/EXECUTE/__pressure/sensor0 payload : {
    "type": "int",
    "value": 1019.4
}
[2022-11-18 20:29:36,085]: [MT_EXECUTE          ] topic : MT/EXECUTE/__ax/sensor0 payload : {
    "type": "int",
    "value": -23
}
[2022-11-18 20:29:36,087]: [MT_EXECUTE          ] topic : MT/EXECUTE/__ay/sensor0 payload : {
    "type": "int",
    "value": -81
}
[2022-11-18 20:29:36,089]: [MT_EXECUTE          ] topic : MT/EXECUTE/__az/sensor0 payload : {
    "type": "int",
    "value": 1043
}
[2022-11-18 20:29:36,091]: [MT_EXECUTE          ] topic : MT/EXECUTE/__moved/sensor0 payload : {
    "type": "int",
    "value": 0
}
[2022-11-18 20:29:38,081]: [MT_EXECUTE          ] topic : MT/EXECUTE/__temperature/sensor1 payload : {
    "type": "double",
    "value": 22.9
}
[2022-11-18 20:29:38,083]: [MT_EXECUTE          ] topic : MT/EXECUTE/__humidity/sensor1 payload : {
    "type": "double",
    "value": 76.5
}
[2022-11-18 20:29:38,085]: [MT_EXECUTE          ] topic : MT/EXECUTE/__pressure/sensor1 payload : {
    "type": "int",
    "value": 1019.6
}
[2022-11-18 20:29:38,087]: [MT_EXECUTE          ] topic : MT/EXECUTE/__ax/sensor1 payload : {
    "type": "int",
    "value": -22
}
[2022-11-18 20:29:38,090]: [MT_EXECUTE          ] topic : MT/EXECUTE/__ay/sensor1 payload : {
    "type": "int",
    "value": -76
}
[2022-11-18 20:29:38,092]: [MT_EXECUTE          ] topic : MT/EXECUTE/__az/sensor1 payload : {
    "type": "int",
    "value": 1101
}
[2022-11-18 20:29:38,094]: [MT_EXECUTE          ] topic : MT/EXECUTE/__moved/sensor1 payload : {
    "type": "int",
    "value": 0
}
[2022-11-18 20:29:39,079]: [MT_EXECUTE          ] topic : MT/EXECUTE/__temperature/sensor0 payload : {
    "type": "double",
    "value": 22.9
}
[2022-11-18 20:29:39,082]: [MT_EXECUTE          ] topic : MT/EXECUTE/__humidity/sensor0 payload : {
    "type": "double",
    "value": 76.5
}
[2022-11-18 20:29:39,084]: [MT_EXECUTE          ] topic : MT/EXECUTE/__pressure/sensor0 payload : {
    "type": "int",
    "value": 1019.6
}
[2022-11-18 20:29:39,086]: [MT_EXECUTE          ] topic : MT/EXECUTE/__ax/sensor0 payload : {
    "type": "int",
    "value": -22
}
[2022-11-18 20:29:39,087]: [MT_EXECUTE          ] topic : MT/EXECUTE/__ay/sensor0 payload : {
    "type": "int",
    "value": -76
}
[2022-11-18 20:29:39,090]: [MT_EXECUTE          ] topic : MT/EXECUTE/__az/sensor0 payload : {
    "type": "int",
    "value": 1101
}
[2022-11-18 20:29:39,092]: [MT_EXECUTE          ] topic : MT/EXECUTE/__moved/sensor0 payload : {
    "type": "int",
    "value": 0
}
[2022-11-18 20:29:41,083]: [MT_EXECUTE          ] topic : MT/EXECUTE/__temperature/sensor1 payload : {
    "type": "double",
    "value": 22.9
}
[2022-11-18 20:29:41,085]: [MT_EXECUTE          ] topic : MT/EXECUTE/__humidity/sensor1 payload : {
    "type": "double",
    "value": 76.4
}
[2022-11-18 20:29:41,086]: [MT_EXECUTE          ] topic : MT/EXECUTE/__pressure/sensor1 payload : {
    "type": "int",
    "value": 1019.8
}
[2022-11-18 20:29:41,088]: [MT_EXECUTE          ] topic : MT/EXECUTE/__ax/sensor1 payload : {
    "type": "int",
    "value": -23
}
[2022-11-18 20:29:41,090]: [MT_EXECUTE          ] topic : MT/EXECUTE/__ay/sensor1 payload : {
    "type": "int",
    "value": -81
}
[2022-11-18 20:29:41,093]: [MT_EXECUTE          ] topic : MT/EXECUTE/__az/sensor1 payload : {
    "type": "int",
    "value": 1045
}
[2022-11-18 20:29:41,095]: [MT_EXECUTE          ] topic : MT/EXECUTE/__moved/sensor1 payload : {
    "type": "int",
    "value": 0
}
[2022-11-18 20:29:42,080]: [MT_EXECUTE          ] topic : MT/EXECUTE/__temperature/sensor0 payload : {
    "type": "double",
    "value": 22.9
}
[2022-11-18 20:29:42,082]: [MT_EXECUTE          ] topic : MT/EXECUTE/__humidity/sensor0 payload : {
    "type": "double",
    "value": 76.4
}
[2022-11-18 20:29:42,085]: [MT_EXECUTE          ] topic : MT/EXECUTE/__pressure/sensor0 payload : {
    "type": "int",
    "value": 1019.8
}
[2022-11-18 20:29:42,086]: [MT_EXECUTE          ] topic : MT/EXECUTE/__ax/sensor0 payload : {
    "type": "int",
    "value": -23
}
[2022-11-18 20:29:42,088]: [MT_EXECUTE          ] topic : MT/EXECUTE/__ay/sensor0 payload : {
    "type": "int",
    "value": -81
}
[2022-11-18 20:29:42,090]: [MT_EXECUTE          ] topic : MT/EXECUTE/__az/sensor0 payload : {
    "type": "int",
    "value": 1045
}
[2022-11-18 20:29:42,093]: [MT_EXECUTE          ] topic : MT/EXECUTE/__moved/sensor0 payload : {
    "type": "int",
    "value": 0
}
[2022-11-18 20:29:44,083]: [MT_EXECUTE          ] topic : MT/EXECUTE/__temperature/sensor1 payload : {
    "type": "double",
    "value": 22.9
}
[2022-11-18 20:29:44,085]: [MT_EXECUTE          ] topic : MT/EXECUTE/__humidity/sensor1 payload : {
    "type": "double",
    "value": 76.3
}
[2022-11-18 20:29:44,088]: [MT_EXECUTE          ] topic : MT/EXECUTE/__pressure/sensor1 payload : {
    "type": "int",
    "value": 1019.1
}
[2022-11-18 20:29:44,090]: [MT_EXECUTE          ] topic : MT/EXECUTE/__ax/sensor1 payload : {
    "type": "int",
    "value": -22
}
[2022-11-18 20:29:44,093]: [MT_EXECUTE          ] topic : MT/EXECUTE/__ay/sensor1 payload : {
    "type": "int",
    "value": -77
}
[2022-11-18 20:29:44,095]: [MT_EXECUTE          ] topic : MT/EXECUTE/__az/sensor1 payload : {
    "type": "int",
    "value": 1100
}
[2022-11-18 20:29:44,098]: [MT_EXECUTE          ] topic : MT/EXECUTE/__moved/sensor1 payload : {
    "type": "int",
    "value": 0
}
[2022-11-18 20:29:45,075]: [TM_ALIVE            ] topic : TM/ALIVE/sensor0 payload : {}
[2022-11-18 20:29:45,078]: [TM_ALIVE            ] topic : TM/ALIVE/sensor1 payload : {}
[2022-11-18 20:29:45,083]: [TM_ALIVE            ] topic : TM/ALIVE/lora_manager_thing_D8F3BC801CFB payload : {}
[2022-11-18 20:29:45,086]: [MT_EXECUTE          ] topic : MT/EXECUTE/__temperature/sensor0 payload : {
    "type": "double",
    "value": 22.9
}
[2022-11-18 20:29:45,088]: [MT_EXECUTE          ] topic : MT/EXECUTE/__humidity/sensor0 payload : {
    "type": "double",
    "value": 76.3
}
[2022-11-18 20:29:45,090]: [MT_EXECUTE          ] topic : MT/EXECUTE/__pressure/sensor0 payload : {
    "type": "int",
    "value": 1019.1
}
[2022-11-18 20:29:45,093]: [MT_EXECUTE          ] topic : MT/EXECUTE/__ax/sensor0 payload : {
    "type": "int",
    "value": -22
}
[2022-11-18 20:29:45,095]: [MT_EXECUTE          ] topic : MT/EXECUTE/__ay/sensor0 payload : {
    "type": "int",
    "value": -77
}
[2022-11-18 20:29:45,097]: [MT_EXECUTE          ] topic : MT/EXECUTE/__az/sensor0 payload : {
    "type": "int",
    "value": 1100
}
[2022-11-18 20:29:45,099]: [MT_EXECUTE          ] topic : MT/EXECUTE/__moved/sensor0 payload : {
    "type": "int",
    "value": 0
}
[2022-11-18 20:29:47,084]: [MT_EXECUTE          ] topic : MT/EXECUTE/__temperature/sensor1 payload : {
    "type": "double",
    "value": 22.9
}
[2022-11-18 20:29:47,088]: [MT_EXECUTE          ] topic : MT/EXECUTE/__humidity/sensor1 payload : {
    "type": "double",
    "value": 76.4
}
[2022-11-18 20:29:47,091]: [MT_EXECUTE          ] topic : MT/EXECUTE/__pressure/sensor1 payload : {
    "type": "int",
    "value": 1019.8
}
[2022-11-18 20:29:47,093]: [MT_EXECUTE          ] topic : MT/EXECUTE/__ax/sensor1 payload : {
    "type": "int",
    "value": -23
}
[2022-11-18 20:29:47,095]: [MT_EXECUTE          ] topic : MT/EXECUTE/__ay/sensor1 payload : {
    "type": "int",
    "value": -81
}
[2022-11-18 20:29:47,097]: [MT_EXECUTE          ] topic : MT/EXECUTE/__az/sensor1 payload : {
    "type": "int",
    "value": 1044
}
[2022-11-18 20:29:47,098]: [MT_EXECUTE          ] topic : MT/EXECUTE/__moved/sensor1 payload : {
    "type": "int",
    "value": 0
}
[2022-11-18 20:29:48,082]: [MT_EXECUTE          ] topic : MT/EXECUTE/__temperature/sensor0 payload : {
    "type": "double",
    "value": 22.9
}
[2022-11-18 20:29:48,085]: [MT_EXECUTE          ] topic : MT/EXECUTE/__humidity/sensor0 payload : {
    "type": "double",
    "value": 76.4
}
[2022-11-18 20:29:48,088]: [MT_EXECUTE          ] topic : MT/EXECUTE/__pressure/sensor0 payload : {
    "type": "int",
    "value": 1019.8
}
[2022-11-18 20:29:48,089]: [MT_EXECUTE          ] topic : MT/EXECUTE/__ax/sensor0 payload : {
    "type": "int",
    "value": -23
}
[2022-11-18 20:29:48,092]: [MT_EXECUTE          ] topic : MT/EXECUTE/__ay/sensor0 payload : {
    "type": "int",
    "value": -81
}
[2022-11-18 20:29:48,093]: [MT_EXECUTE          ] topic : MT/EXECUTE/__az/sensor0 payload : {
    "type": "int",
    "value": 1044
}
[2022-11-18 20:29:48,096]: [MT_EXECUTE          ] topic : MT/EXECUTE/__moved/sensor0 payload : {
    "type": "int",
    "value": 0
}
[2022-11-18 20:29:53,086]: [MT_EXECUTE          ] topic : MT/EXECUTE/__temperature/sensor1 payload : {
    "type": "double",
    "value": 22.9
}
[2022-11-18 20:29:56,088]: [MT_EXECUTE          ] topic : MT/EXECUTE/__humidity/sensor1 payload : {
    "type": "double",
    "value": 76.3
}
[2022-11-18 20:29:59,089]: [MT_EXECUTE          ] topic : MT/EXECUTE/__pressure/sensor1 payload : {
    "type": "int",
    "value": 228.0
}
[2022-11-18 20:29:59,090]: New staff_thing!!! name = sensor2
[2022-11-18 20:29:59,093]: [-> SUBSCRIBE         ] MT/RESULT/REGISTER/sensor2
[2022-11-18 20:29:59,094]: [MT_EXECUTE          ] topic : MT/EXECUTE/__ax/sensor1 payload : {
    "type": "int",
    "value": 63
}
[2022-11-18 20:29:59,095]: [-> SUBSCRIBE         ] MT/RESULT/UNREGISTER/sensor2
[2022-11-18 20:29:59,096]: [-> SUBSCRIBE         ] MT/RESULT/BINARY_VALUE/sensor2
[2022-11-18 20:29:59,096]: [_send_staff_RESULT_REGISTER] Register sensor2 complete!!!
[2022-11-18 20:29:59,097]: [MT_EXECUTE          ] topic : MT/EXECUTE/__ay/sensor1 payload : {
    "type": "int",
    "value": -23
}
[2022-11-18 20:29:59,099]: [MT_EXECUTE          ] topic : MT/EXECUTE/__az/sensor1 payload : {
    "type": "int",
    "value": -83
}
[2022-11-18 20:29:59,102]: [MT_EXECUTE          ] topic : MT/EXECUTE/__moved/sensor1 payload : {
    "type": "int",
    "value": 1
}
[2022-11-18 20:29:59,105]: [TM_ALIVE            ] topic : TM/ALIVE/sensor0 payload : {}
[2022-11-18 20:29:59,106]: [TM_ALIVE            ] topic : TM/ALIVE/sensor1 payload : {}
[2022-11-18 20:29:59,108]: [MT_EXECUTE          ] topic : MT/EXECUTE/__temperature/sensor0 payload : {
    "type": "double",
    "value": 0.0
}
[2022-11-18 20:29:59,109]: [MT_EXECUTE          ] topic : MT/EXECUTE/__humidity/sensor0 payload : {
    "type": "double",
    "value": 1019.7
}
[2022-11-18 20:29:59,111]: [MT_EXECUTE          ] topic : MT/EXECUTE/__pressure/sensor0 payload : {
    "type": "int",
    "value": 228.0
}
[2022-11-18 20:29:59,114]: [MT_EXECUTE          ] topic : MT/EXECUTE/__ax/sensor0 payload : {
    "type": "int",
    "value": 63
}
[2022-11-18 20:29:59,115]: [MT_EXECUTE          ] topic : MT/EXECUTE/__ay/sensor0 payload : {
    "type": "int",
    "value": -23
}
[2022-11-18 20:29:59,118]: [MT_EXECUTE          ] topic : MT/EXECUTE/__az/sensor0 payload : {
    "type": "int",
    "value": -83
}
[2022-11-18 20:29:59,120]: [MT_EXECUTE          ] topic : MT/EXECUTE/__moved/sensor0 payload : {
    "type": "int",
    "value": 1
}
[2022-11-18 20:29:59,122]: [MT_EXECUTE          ] topic : MT/EXECUTE/__temperature/sensor1 payload : {
    "type": "double",
    "value": 0.0
}
[2022-11-18 20:29:59,123]: [MT_EXECUTE          ] topic : MT/EXECUTE/__humidity/sensor1 payload : {
    "type": "double",
    "value": 1019.7
}
[2022-11-18 20:29:59,125]: [MT_EXECUTE          ] topic : MT/EXECUTE/__temperature/sensor2 payload : {
    "type": "double",
    "value": 0.0
}
[2022-11-18 20:29:59,127]: [MT_EXECUTE          ] topic : MT/EXECUTE/__humidity/sensor2 payload : {
    "type": "double",
    "value": 1019.7
}
[2022-11-18 20:29:59,129]: [MT_EXECUTE          ] topic : MT/EXECUTE/__pressure/sensor2 payload : {
    "type": "int",
    "value": 228.0
}
[2022-11-18 20:29:59,131]: [MT_EXECUTE          ] topic : MT/EXECUTE/__ax/sensor2 payload : {
    "type": "int",
    "value": 63
}
[2022-11-18 20:29:59,134]: [MT_EXECUTE          ] topic : MT/EXECUTE/__ay/sensor2 payload : {
    "type": "int",
    "value": -23
}
[2022-11-18 20:29:59,135]: [MT_EXECUTE          ] topic : MT/EXECUTE/__az/sensor2 payload : {
    "type": "int",
    "value": -83
}
[2022-11-18 20:29:59,137]: [MT_EXECUTE          ] topic : MT/EXECUTE/__moved/sensor2 payload : {
    "type": "int",
    "value": 1
}
[2022-11-18 20:30:02,092]: [MT_EXECUTE          ] topic : MT/EXECUTE/__pressure/sensor1 payload : {
    "type": "int",
    "value": 228.0
}
[2022-11-18 20:30:02,094]: [MT_EXECUTE          ] topic : MT/EXECUTE/__ax/sensor1 payload : {
    "type": "int",
    "value": 63
}
[2022-11-18 20:30:02,095]: [MT_EXECUTE          ] topic : MT/EXECUTE/__ay/sensor1 payload : {
    "type": "int",
    "value": -23
}
[2022-11-18 20:30:02,097]: [MT_EXECUTE          ] topic : MT/EXECUTE/__az/sensor1 payload : {
    "type": "int",
    "value": -83
}
[2022-11-18 20:30:02,099]: [MT_EXECUTE          ] topic : MT/EXECUTE/__moved/sensor1 payload : {
    "type": "int",
    "value": 1
}
[2022-11-18 20:30:02,101]: [MT_EXECUTE          ] topic : MT/EXECUTE/__temperature/sensor0 payload : {
    "type": "double",
    "value": 0.0
}
[2022-11-18 20:30:02,104]: [MT_EXECUTE          ] topic : MT/EXECUTE/__humidity/sensor0 payload : {
    "type": "double",
    "value": 1019.7
}
[2022-11-18 20:30:02,105]: [MT_EXECUTE          ] topic : MT/EXECUTE/__pressure/sensor0 payload : {
    "type": "int",
    "value": 228.0
}
[2022-11-18 20:30:02,107]: [MT_EXECUTE          ] topic : MT/EXECUTE/__ax/sensor0 payload : {
    "type": "int",
    "value": 63
}
[2022-11-18 20:30:02,109]: [MT_EXECUTE          ] topic : MT/EXECUTE/__ay/sensor0 payload : {
    "type": "int",
    "value": -23
}
[2022-11-18 20:30:02,110]: [MT_EXECUTE          ] topic : MT/EXECUTE/__az/sensor0 payload : {
    "type": "int",
    "value": -83
}
[2022-11-18 20:30:02,113]: [MT_EXECUTE          ] topic : MT/EXECUTE/__moved/sensor0 payload : {
    "type": "int",
    "value": 1
}
[2022-11-18 20:30:02,118]: [MT_EXECUTE          ] topic : MT/EXECUTE/__temperature/sensor1 payload : {
    "type": "double",
    "value": 0.0
}
[2022-11-18 20:30:02,121]: [MT_EXECUTE          ] topic : MT/EXECUTE/__humidity/sensor1 payload : {
    "type": "double",
    "value": 1019.7
}
[2022-11-18 20:30:02,123]: [MT_EXECUTE          ] topic : MT/EXECUTE/__temperature/sensor2 payload : {
    "type": "double",
    "value": 0.0
}
[2022-11-18 20:30:02,125]: [MT_EXECUTE          ] topic : MT/EXECUTE/__humidity/sensor2 payload : {
    "type": "double",
    "value": 1019.7
}
[2022-11-18 20:30:02,127]: [MT_EXECUTE          ] topic : MT/EXECUTE/__pressure/sensor2 payload : {
    "type": "int",
    "value": 228.0
}
[2022-11-18 20:30:02,128]: [MT_EXECUTE          ] topic : MT/EXECUTE/__ax/sensor2 payload : {
    "type": "int",
    "value": 63
}
[2022-11-18 20:30:02,130]: [MT_EXECUTE          ] topic : MT/EXECUTE/__ay/sensor2 payload : {
    "type": "int",
    "value": -23
}
[2022-11-18 20:30:02,131]: [MT_EXECUTE          ] topic : MT/EXECUTE/__az/sensor2 payload : {
    "type": "int",
    "value": -83
}
[2022-11-18 20:30:02,134]: [MT_EXECUTE          ] topic : MT/EXECUTE/__moved/sensor2 payload : {
    "type": "int",
    "value": 1
}
[2022-11-18 20:30:05,091]: [MT_EXECUTE          ] topic : MT/EXECUTE/__pressure/sensor1 payload : {
    "type": "int",
    "value": 228.0
}
[2022-11-18 20:30:05,095]: [MT_EXECUTE          ] topic : MT/EXECUTE/__ax/sensor1 payload : {
    "type": "int",
    "value": 63
}
[2022-11-18 20:30:05,097]: [MT_EXECUTE          ] topic : MT/EXECUTE/__ay/sensor1 payload : {
    "type": "int",
    "value": -23
}
[2022-11-18 20:30:05,099]: [MT_EXECUTE          ] topic : MT/EXECUTE/__az/sensor1 payload : {
    "type": "int",
    "value": -83
}
[2022-11-18 20:30:05,101]: [MT_EXECUTE          ] topic : MT/EXECUTE/__moved/sensor1 payload : {
    "type": "int",
    "value": 1
}
[2022-11-18 20:30:05,103]: [MT_EXECUTE          ] topic : MT/EXECUTE/__temperature/sensor0 payload : {
    "type": "double",
    "value": 0.0
}
[2022-11-18 20:30:05,106]: [MT_EXECUTE          ] topic : MT/EXECUTE/__humidity/sensor0 payload : {
    "type": "double",
    "value": 1019.7
}
[2022-11-18 20:30:05,108]: [MT_EXECUTE          ] topic : MT/EXECUTE/__pressure/sensor0 payload : {
    "type": "int",
    "value": 228.0
}
[2022-11-18 20:30:05,109]: [MT_EXECUTE          ] topic : MT/EXECUTE/__ax/sensor0 payload : {
    "type": "int",
    "value": 63
}
[2022-11-18 20:30:05,111]: [MT_EXECUTE          ] topic : MT/EXECUTE/__ay/sensor0 payload : {
    "type": "int",
    "value": -23
}
[2022-11-18 20:30:05,113]: [MT_EXECUTE          ] topic : MT/EXECUTE/__az/sensor0 payload : {
    "type": "int",
    "value": -83
}
[2022-11-18 20:30:05,115]: [MT_EXECUTE          ] topic : MT/EXECUTE/__moved/sensor0 payload : {
    "type": "int",
    "value": 1
}
[2022-11-18 20:30:05,117]: [MT_EXECUTE          ] topic : MT/EXECUTE/__temperature/sensor1 payload : {
    "type": "double",
    "value": 0.0
}
[2022-11-18 20:30:05,119]: [MT_EXECUTE          ] topic : MT/EXECUTE/__humidity/sensor1 payload : {
    "type": "double",
    "value": 1019.7
}
[2022-11-18 20:30:05,121]: [MT_EXECUTE          ] topic : MT/EXECUTE/__temperature/sensor2 payload : {
    "type": "double",
    "value": 0.0
}
[2022-11-18 20:30:05,124]: [MT_EXECUTE          ] topic : MT/EXECUTE/__humidity/sensor2 payload : {
    "type": "double",
    "value": 1019.7
}
[2022-11-18 20:30:05,127]: [MT_EXECUTE          ] topic : MT/EXECUTE/__pressure/sensor2 payload : {
    "type": "int",
    "value": 228.0
}
[2022-11-18 20:30:05,129]: [MT_EXECUTE          ] topic : MT/EXECUTE/__ax/sensor2 payload : {
    "type": "int",
    "value": 63
}
[2022-11-18 20:30:05,131]: [MT_EXECUTE          ] topic : MT/EXECUTE/__ay/sensor2 payload : {
    "type": "int",
    "value": -23
}
[2022-11-18 20:30:05,132]: [MT_EXECUTE          ] topic : MT/EXECUTE/__az/sensor2 payload : {
    "type": "int",
    "value": -83
}
[2022-11-18 20:30:05,135]: [MT_EXECUTE          ] topic : MT/EXECUTE/__moved/sensor2 payload : {
    "type": "int",
    "value": 1
}
[2022-11-18 20:30:08,091]: [MT_EXECUTE          ] topic : MT/EXECUTE/__pressure/sensor1 payload : {
    "type": "int",
    "value": 228.0
}
[2022-11-18 20:30:08,095]: [MT_EXECUTE          ] topic : MT/EXECUTE/__ax/sensor1 payload : {
    "type": "int",
    "value": 63
}
[2022-11-18 20:30:08,099]: [MT_EXECUTE          ] topic : MT/EXECUTE/__ay/sensor1 payload : {
    "type": "int",
    "value": -24
}
[2022-11-18 20:30:08,102]: [MT_EXECUTE          ] topic : MT/EXECUTE/__az/sensor1 payload : {
    "type": "int",
    "value": -83
}
[2022-11-18 20:30:08,104]: [MT_EXECUTE          ] topic : MT/EXECUTE/__moved/sensor1 payload : {
    "type": "int",
    "value": 1
}
[2022-11-18 20:30:08,106]: [MT_EXECUTE          ] topic : MT/EXECUTE/__temperature/sensor0 payload : {
    "type": "double",
    "value": 0.0
}
[2022-11-18 20:30:08,108]: [MT_EXECUTE          ] topic : MT/EXECUTE/__humidity/sensor0 payload : {
    "type": "double",
    "value": 1019.7
}
[2022-11-18 20:30:08,110]: [MT_EXECUTE          ] topic : MT/EXECUTE/__pressure/sensor0 payload : {
    "type": "int",
    "value": 228.0
}
[2022-11-18 20:30:08,112]: [MT_EXECUTE          ] topic : MT/EXECUTE/__ax/sensor0 payload : {
    "type": "int",
    "value": 63
}
[2022-11-18 20:30:08,114]: [MT_EXECUTE          ] topic : MT/EXECUTE/__ay/sensor0 payload : {
    "type": "int",
    "value": -24
}
[2022-11-18 20:30:08,115]: [MT_EXECUTE          ] topic : MT/EXECUTE/__az/sensor0 payload : {
    "type": "int",
    "value": -83
}
[2022-11-18 20:30:08,117]: [MT_EXECUTE          ] topic : MT/EXECUTE/__moved/sensor0 payload : {
    "type": "int",
    "value": 1
}
[2022-11-18 20:30:08,119]: [MT_EXECUTE          ] topic : MT/EXECUTE/__temperature/sensor1 payload : {
    "type": "double",
    "value": 0.0
}
[2022-11-18 20:30:08,121]: [MT_EXECUTE          ] topic : MT/EXECUTE/__humidity/sensor1 payload : {
    "type": "double",
    "value": 1019.7
}
[2022-11-18 20:30:08,123]: [MT_EXECUTE          ] topic : MT/EXECUTE/__temperature/sensor2 payload : {
    "type": "double",
    "value": 0.0
}
[2022-11-18 20:30:08,124]: [MT_EXECUTE          ] topic : MT/EXECUTE/__humidity/sensor2 payload : {
    "type": "double",
    "value": 1019.7
}
[2022-11-18 20:30:08,127]: [MT_EXECUTE          ] topic : MT/EXECUTE/__pressure/sensor2 payload : {
    "type": "int",
    "value": 228.0
}
[2022-11-18 20:30:08,130]: [MT_EXECUTE          ] topic : MT/EXECUTE/__ax/sensor2 payload : {
    "type": "int",
    "value": 63
}
[2022-11-18 20:30:08,133]: [MT_EXECUTE          ] topic : MT/EXECUTE/__ay/sensor2 payload : {
    "type": "int",
    "value": -24
}
[2022-11-18 20:30:08,135]: [MT_EXECUTE          ] topic : MT/EXECUTE/__az/sensor2 payload : {
    "type": "int",
    "value": -83
}
[2022-11-18 20:30:08,136]: [MT_EXECUTE          ] topic : MT/EXECUTE/__moved/sensor2 payload : {
    "type": "int",
    "value": 1
}
[2022-11-18 20:30:09,092]: [TM_ALIVE            ] topic : TM/ALIVE/sensor0 payload : {}
[2022-11-18 20:30:09,094]: [TM_ALIVE            ] topic : TM/ALIVE/sensor1 payload : {}
[2022-11-18 20:30:09,095]: [TM_ALIVE            ] topic : TM/ALIVE/sensor2 payload : {}
[2022-11-18 20:30:11,092]: [MT_EXECUTE          ] topic : MT/EXECUTE/__pressure/sensor1 payload : {
    "type": "int",
    "value": 228.0
}
[2022-11-18 20:30:11,094]: [MT_EXECUTE          ] topic : MT/EXECUTE/__ax/sensor1 payload : {
    "type": "int",
    "value": 63
}
[2022-11-18 20:30:11,096]: [MT_EXECUTE          ] topic : MT/EXECUTE/__ay/sensor1 payload : {
    "type": "int",
    "value": -24
}
[2022-11-18 20:30:11,098]: [MT_EXECUTE          ] topic : MT/EXECUTE/__az/sensor1 payload : {
    "type": "int",
    "value": -83
}
[2022-11-18 20:30:11,100]: [MT_EXECUTE          ] topic : MT/EXECUTE/__moved/sensor1 payload : {
    "type": "int",
    "value": 1
}
[2022-11-18 20:30:14,097]: [MT_EXECUTE          ] topic : MT/EXECUTE/__temperature/sensor0 payload : {
    "type": "double",
    "value": 0.0
}
[2022-11-18 20:30:17,097]: [MT_EXECUTE          ] topic : MT/EXECUTE/__humidity/sensor0 payload : {
    "type": "double",
    "value": 76.3
}
[2022-11-18 20:30:17,099]: [MT_EXECUTE          ] topic : MT/EXECUTE/__temperature/sensor0 payload : {
    "type": "double",
    "value": 22.8
}
[2022-11-18 20:30:17,101]: [MT_EXECUTE          ] topic : MT/EXECUTE/__pressure/sensor0 payload : {
    "type": "int",
    "value": 1019.3
}
[2022-11-18 20:30:17,103]: [MT_EXECUTE          ] topic : MT/EXECUTE/__ax/sensor0 payload : {
    "type": "int",
    "value": -22
}
[2022-11-18 20:30:17,105]: [MT_EXECUTE          ] topic : MT/EXECUTE/__ay/sensor0 payload : {
    "type": "int",
    "value": -78
}
[2022-11-18 20:30:17,107]: [MT_EXECUTE          ] topic : MT/EXECUTE/__az/sensor0 payload : {
    "type": "int",
    "value": 1101
}
[2022-11-18 20:30:17,109]: [MT_EXECUTE          ] topic : MT/EXECUTE/__moved/sensor0 payload : {
    "type": "int",
    "value": 0
}
[2022-11-18 20:30:17,111]: [MT_EXECUTE          ] topic : MT/EXECUTE/__temperature/sensor1 payload : {
    "type": "double",
    "value": 22.8
}
[2022-11-18 20:30:17,113]: [MT_EXECUTE          ] topic : MT/EXECUTE/__humidity/sensor1 payload : {
    "type": "double",
    "value": 76.3
}
[2022-11-18 20:30:17,115]: [MT_EXECUTE          ] topic : MT/EXECUTE/__pressure/sensor1 payload : {
    "type": "int",
    "value": 1019.3
}
[2022-11-18 20:30:17,117]: [MT_EXECUTE          ] topic : MT/EXECUTE/__ax/sensor1 payload : {
    "type": "int",
    "value": -22
}
[2022-11-18 20:30:17,119]: [MT_EXECUTE          ] topic : MT/EXECUTE/__ay/sensor1 payload : {
    "type": "int",
    "value": -78
}
[2022-11-18 20:30:17,121]: [MT_EXECUTE          ] topic : MT/EXECUTE/__az/sensor1 payload : {
    "type": "int",
    "value": 1101
}
[2022-11-18 20:30:17,123]: [MT_EXECUTE          ] topic : MT/EXECUTE/__moved/sensor1 payload : {
    "type": "int",
    "value": 0
}
[2022-11-18 20:30:17,126]: [MT_EXECUTE          ] topic : MT/EXECUTE/__temperature/sensor2 payload : {
    "type": "double",
    "value": 22.8
}
[2022-11-18 20:30:17,129]: [MT_EXECUTE          ] topic : MT/EXECUTE/__humidity/sensor2 payload : {
    "type": "double",
    "value": 76.3
}
[2022-11-18 20:30:17,131]: [MT_EXECUTE          ] topic : MT/EXECUTE/__pressure/sensor2 payload : {
    "type": "int",
    "value": 1019.3
}
[2022-11-18 20:30:17,132]: [MT_EXECUTE          ] topic : MT/EXECUTE/__ax/sensor2 payload : {
    "type": "int",
    "value": -22
}
[2022-11-18 20:30:17,134]: [MT_EXECUTE          ] topic : MT/EXECUTE/__ay/sensor2 payload : {
    "type": "int",
    "value": -78
}
[2022-11-18 20:30:17,136]: [MT_EXECUTE          ] topic : MT/EXECUTE/__az/sensor2 payload : {
    "type": "int",
    "value": 1101
}
[2022-11-18 20:30:17,137]: [MT_EXECUTE          ] topic : MT/EXECUTE/__moved/sensor2 payload : {
    "type": "int",
    "value": 0
}
[2022-11-18 20:30:19,092]: [TM_ALIVE            ] topic : TM/ALIVE/sensor0 payload : {}
[2022-11-18 20:30:19,093]: New staff_thing!!! name = sensor3
[2022-11-18 20:30:19,094]: [-> SUBSCRIBE         ] MT/RESULT/REGISTER/sensor3
[2022-11-18 20:30:19,096]: [-> SUBSCRIBE         ] MT/RESULT/UNREGISTER/sensor3
[2022-11-18 20:30:19,097]: [TM_ALIVE            ] topic : TM/ALIVE/sensor1 payload : {}
[2022-11-18 20:30:19,098]: [-> SUBSCRIBE         ] MT/RESULT/BINARY_VALUE/sensor3
[2022-11-18 20:30:19,100]: [_send_staff_RESULT_REGISTER] Register sensor3 complete!!!
[2022-11-18 20:30:19,100]: [TM_ALIVE            ] topic : TM/ALIVE/sensor2 payload : {}
[2022-11-18 20:30:19,102]: [MT_EXECUTE          ] topic : MT/EXECUTE/__temperature/sensor3 payload : {
    "type": "double",
    "value": 22.8
}
[2022-11-18 20:30:19,105]: [MT_EXECUTE          ] topic : MT/EXECUTE/__humidity/sensor3 payload : {
    "type": "double",
    "value": 76.3
}
[2022-11-18 20:30:19,107]: [MT_EXECUTE          ] topic : MT/EXECUTE/__pressure/sensor3 payload : {
    "type": "int",
    "value": 1019.3
}
[2022-11-18 20:30:19,109]: [MT_EXECUTE          ] topic : MT/EXECUTE/__ax/sensor3 payload : {
    "type": "int",
    "value": -22
}
[2022-11-18 20:30:19,112]: [MT_EXECUTE          ] topic : MT/EXECUTE/__ay/sensor3 payload : {
    "type": "int",
    "value": -78
}
[2022-11-18 20:30:19,114]: [MT_EXECUTE          ] topic : MT/EXECUTE/__az/sensor3 payload : {
    "type": "int",
    "value": 1101
}
[2022-11-18 20:30:19,116]: [MT_EXECUTE          ] topic : MT/EXECUTE/__moved/sensor3 payload : {
    "type": "int",
    "value": 0
}
[2022-11-18 20:30:20,097]: [MT_EXECUTE          ] topic : MT/EXECUTE/__humidity/sensor0 payload : {
    "type": "double",
    "value": 76.3
}
[2022-11-18 20:30:20,100]: [MT_EXECUTE          ] topic : MT/EXECUTE/__temperature/sensor0 payload : {
    "type": "double",
    "value": 22.8
}
[2022-11-18 20:30:20,103]: [MT_EXECUTE          ] topic : MT/EXECUTE/__pressure/sensor0 payload : {
    "type": "int",
    "value": 1019.3
}
[2022-11-18 20:30:20,105]: [MT_EXECUTE          ] topic : MT/EXECUTE/__ax/sensor0 payload : {
    "type": "int",
    "value": -22
}
[2022-11-18 20:30:20,107]: [MT_EXECUTE          ] topic : MT/EXECUTE/__ay/sensor0 payload : {
    "type": "int",
    "value": -78
}
[2022-11-18 20:30:20,109]: [MT_EXECUTE          ] topic : MT/EXECUTE/__az/sensor0 payload : {
    "type": "int",
    "value": 1101
}
[2022-11-18 20:30:20,111]: [MT_EXECUTE          ] topic : MT/EXECUTE/__moved/sensor0 payload : {
    "type": "int",
    "value": 0
}
[2022-11-18 20:30:20,113]: [MT_EXECUTE          ] topic : MT/EXECUTE/__temperature/sensor1 payload : {
    "type": "double",
    "value": 22.8
}
[2022-11-18 20:30:20,115]: [MT_EXECUTE          ] topic : MT/EXECUTE/__humidity/sensor1 payload : {
    "type": "double",
    "value": 76.3
}
[2022-11-18 20:30:20,117]: [MT_EXECUTE          ] topic : MT/EXECUTE/__pressure/sensor1 payload : {
    "type": "int",
    "value": 1019.3
}
[2022-11-18 20:30:20,120]: [MT_EXECUTE          ] topic : MT/EXECUTE/__ax/sensor1 payload : {
    "type": "int",
    "value": -22
}
[2022-11-18 20:30:20,123]: [MT_EXECUTE          ] topic : MT/EXECUTE/__ay/sensor1 payload : {
    "type": "int",
    "value": -78
}
[2022-11-18 20:30:20,126]: [MT_EXECUTE          ] topic : MT/EXECUTE/__az/sensor1 payload : {
    "type": "int",
    "value": 1101
}
[2022-11-18 20:30:20,128]: [MT_EXECUTE          ] topic : MT/EXECUTE/__moved/sensor1 payload : {
    "type": "int",
    "value": 0
}
[2022-11-18 20:30:20,130]: [MT_EXECUTE          ] topic : MT/EXECUTE/__temperature/sensor2 payload : {
    "type": "double",
    "value": 22.8
}
[2022-11-18 20:30:20,132]: [MT_EXECUTE          ] topic : MT/EXECUTE/__humidity/sensor2 payload : {
    "type": "double",
    "value": 76.3
}
[2022-11-18 20:30:20,135]: [MT_EXECUTE          ] topic : MT/EXECUTE/__pressure/sensor2 payload : {
    "type": "int",
    "value": 1019.3
}
[2022-11-18 20:30:20,138]: [MT_EXECUTE          ] topic : MT/EXECUTE/__ax/sensor2 payload : {
    "type": "int",
    "value": -22
}
[2022-11-18 20:30:20,141]: [MT_EXECUTE          ] topic : MT/EXECUTE/__ay/sensor2 payload : {
    "type": "int",
    "value": -78
}
[2022-11-18 20:30:20,143]: [MT_EXECUTE          ] topic : MT/EXECUTE/__az/sensor2 payload : {
    "type": "int",
    "value": 1101
}
[2022-11-18 20:30:20,145]: [MT_EXECUTE          ] topic : MT/EXECUTE/__moved/sensor2 payload : {
    "type": "int",
    "value": 0
}
[2022-11-18 20:30:22,096]: [MT_EXECUTE          ] topic : MT/EXECUTE/__temperature/sensor3 payload : {
    "type": "double",
    "value": 22.8
}
[2022-11-18 20:30:22,099]: [MT_EXECUTE          ] topic : MT/EXECUTE/__humidity/sensor3 payload : {
    "type": "double",
    "value": 76.3
}
[2022-11-18 20:30:22,101]: [MT_EXECUTE          ] topic : MT/EXECUTE/__pressure/sensor3 payload : {
    "type": "int",
    "value": 1019.3
}
[2022-11-18 20:30:22,103]: [MT_EXECUTE          ] topic : MT/EXECUTE/__ax/sensor3 payload : {
    "type": "int",
    "value": -22
}
[2022-11-18 20:30:22,105]: [MT_EXECUTE          ] topic : MT/EXECUTE/__ay/sensor3 payload : {
    "type": "int",
    "value": -78
}
[2022-11-18 20:30:22,107]: [MT_EXECUTE          ] topic : MT/EXECUTE/__az/sensor3 payload : {
    "type": "int",
    "value": 1101
}
[2022-11-18 20:30:22,109]: [MT_EXECUTE          ] topic : MT/EXECUTE/__moved/sensor3 payload : {
    "type": "int",
    "value": 0
}
[2022-11-18 20:30:23,098]: [MT_EXECUTE          ] topic : MT/EXECUTE/__humidity/sensor0 payload : {
    "type": "double",
    "value": 76.3
}
[2022-11-18 20:30:23,099]: [MT_EXECUTE          ] topic : MT/EXECUTE/__temperature/sensor0 payload : {
    "type": "double",
    "value": 22.8
}
[2022-11-18 20:30:23,102]: [MT_EXECUTE          ] topic : MT/EXECUTE/__pressure/sensor0 payload : {
    "type": "int",
    "value": 1019.3
}
[2022-11-18 20:30:23,105]: [MT_EXECUTE          ] topic : MT/EXECUTE/__ax/sensor0 payload : {
    "type": "int",
    "value": -22
}
[2022-11-18 20:30:23,106]: [MT_EXECUTE          ] topic : MT/EXECUTE/__ay/sensor0 payload : {
    "type": "int",
    "value": -78
}
[2022-11-18 20:30:23,108]: [MT_EXECUTE          ] topic : MT/EXECUTE/__az/sensor0 payload : {
    "type": "int",
    "value": 1101
}
[2022-11-18 20:30:23,110]: [MT_EXECUTE          ] topic : MT/EXECUTE/__moved/sensor0 payload : {
    "type": "int",
    "value": 0
}
[2022-11-18 20:30:23,112]: [MT_EXECUTE          ] topic : MT/EXECUTE/__temperature/sensor1 payload : {
    "type": "double",
    "value": 22.8
}
[2022-11-18 20:30:23,114]: [MT_EXECUTE          ] topic : MT/EXECUTE/__humidity/sensor1 payload : {
    "type": "double",
    "value": 76.3
}
[2022-11-18 20:30:23,116]: [MT_EXECUTE          ] topic : MT/EXECUTE/__pressure/sensor1 payload : {
    "type": "int",
    "value": 1019.3
}
[2022-11-18 20:30:23,118]: [MT_EXECUTE          ] topic : MT/EXECUTE/__ax/sensor1 payload : {
    "type": "int",
    "value": -22
}
[2022-11-18 20:30:23,120]: [MT_EXECUTE          ] topic : MT/EXECUTE/__ay/sensor1 payload : {
    "type": "int",
    "value": -78
}
[2022-11-18 20:30:23,122]: [MT_EXECUTE          ] topic : MT/EXECUTE/__az/sensor1 payload : {
    "type": "int",
    "value": 1101
}
[2022-11-18 20:30:23,124]: [MT_EXECUTE          ] topic : MT/EXECUTE/__moved/sensor1 payload : {
    "type": "int",
    "value": 0
}
[2022-11-18 20:30:23,126]: [MT_EXECUTE          ] topic : MT/EXECUTE/__temperature/sensor2 payload : {
    "type": "double",
    "value": 22.8
}
[2022-11-18 20:30:23,128]: [MT_EXECUTE          ] topic : MT/EXECUTE/__humidity/sensor2 payload : {
    "type": "double",
    "value": 76.3
}
[2022-11-18 20:30:23,131]: [MT_EXECUTE          ] topic : MT/EXECUTE/__pressure/sensor2 payload : {
    "type": "int",
    "value": 1019.3
}
[2022-11-18 20:30:23,133]: [MT_EXECUTE          ] topic : MT/EXECUTE/__ax/sensor2 payload : {
    "type": "int",
    "value": -22
}
[2022-11-18 20:30:23,135]: [MT_EXECUTE          ] topic : MT/EXECUTE/__ay/sensor2 payload : {
    "type": "int",
    "value": -78
}
[2022-11-18 20:30:23,137]: [MT_EXECUTE          ] topic : MT/EXECUTE/__az/sensor2 payload : {
    "type": "int",
    "value": 1101
}
[2022-11-18 20:30:23,140]: [MT_EXECUTE          ] topic : MT/EXECUTE/__moved/sensor2 payload : {
    "type": "int",
    "value": 0
}
[2022-11-18 20:30:25,096]: [MT_EXECUTE          ] topic : MT/EXECUTE/__temperature/sensor3 payload : {
    "type": "double",
    "value": 22.8
}
[2022-11-18 20:30:25,099]: [MT_EXECUTE          ] topic : MT/EXECUTE/__humidity/sensor3 payload : {
    "type": "double",
    "value": 76.3
}
[2022-11-18 20:30:25,101]: [MT_EXECUTE          ] topic : MT/EXECUTE/__pressure/sensor3 payload : {
    "type": "int",
    "value": 1019.3
}
[2022-11-18 20:30:25,103]: [MT_EXECUTE          ] topic : MT/EXECUTE/__ax/sensor3 payload : {
    "type": "int",
    "value": -22
}
[2022-11-18 20:30:25,105]: [MT_EXECUTE          ] topic : MT/EXECUTE/__ay/sensor3 payload : {
    "type": "int",
    "value": -78
}
[2022-11-18 20:30:25,107]: [MT_EXECUTE          ] topic : MT/EXECUTE/__az/sensor3 payload : {
    "type": "int",
    "value": 1101
}
[2022-11-18 20:30:25,109]: [MT_EXECUTE          ] topic : MT/EXECUTE/__moved/sensor3 payload : {
    "type": "int",
    "value": 0
}
[2022-11-18 20:30:26,098]: [MT_EXECUTE          ] topic : MT/EXECUTE/__humidity/sensor0 payload : {
    "type": "double",
    "value": 76.3
}
[2022-11-18 20:30:26,100]: [MT_EXECUTE          ] topic : MT/EXECUTE/__temperature/sensor0 payload : {
    "type": "double",
    "value": 22.8
}
[2022-11-18 20:30:26,104]: [MT_EXECUTE          ] topic : MT/EXECUTE/__pressure/sensor0 payload : {
    "type": "int",
    "value": 1019.3
}
[2022-11-18 20:30:26,106]: [MT_EXECUTE          ] topic : MT/EXECUTE/__ax/sensor0 payload : {
    "type": "int",
    "value": -22
}
[2022-11-18 20:30:26,108]: [MT_EXECUTE          ] topic : MT/EXECUTE/__ay/sensor0 payload : {
    "type": "int",
    "value": -78
}
[2022-11-18 20:30:26,110]: [MT_EXECUTE          ] topic : MT/EXECUTE/__az/sensor0 payload : {
    "type": "int",
    "value": 1101
}
[2022-11-18 20:30:26,113]: [MT_EXECUTE          ] topic : MT/EXECUTE/__moved/sensor0 payload : {
    "type": "int",
    "value": 0
}
[2022-11-18 20:30:26,115]: [MT_EXECUTE          ] topic : MT/EXECUTE/__temperature/sensor1 payload : {
    "type": "double",
    "value": 22.8
}
[2022-11-18 20:30:26,117]: [MT_EXECUTE          ] topic : MT/EXECUTE/__humidity/sensor1 payload : {
    "type": "double",
    "value": 76.3
}
[2022-11-18 20:30:26,119]: [MT_EXECUTE          ] topic : MT/EXECUTE/__pressure/sensor1 payload : {
    "type": "int",
    "value": 1019.3
}
[2022-11-18 20:30:26,121]: [MT_EXECUTE          ] topic : MT/EXECUTE/__ax/sensor1 payload : {
    "type": "int",
    "value": -22
}
[2022-11-18 20:30:26,123]: [MT_EXECUTE          ] topic : MT/EXECUTE/__ay/sensor1 payload : {
    "type": "int",
    "value": -78
}
[2022-11-18 20:30:26,124]: [MT_EXECUTE          ] topic : MT/EXECUTE/__az/sensor1 payload : {
    "type": "int",
    "value": 1101
}
[2022-11-18 20:30:26,126]: [MT_EXECUTE          ] topic : MT/EXECUTE/__moved/sensor1 payload : {
    "type": "int",
    "value": 0
}
[2022-11-18 20:30:26,128]: [MT_EXECUTE          ] topic : MT/EXECUTE/__temperature/sensor2 payload : {
    "type": "double",
    "value": 22.8
}
[2022-11-18 20:30:26,131]: [MT_EXECUTE          ] topic : MT/EXECUTE/__humidity/sensor2 payload : {
    "type": "double",
    "value": 76.3
}
[2022-11-18 20:30:26,134]: [MT_EXECUTE          ] topic : MT/EXECUTE/__pressure/sensor2 payload : {
    "type": "int",
    "value": 1019.3
}
[2022-11-18 20:30:26,138]: [MT_EXECUTE          ] topic : MT/EXECUTE/__ax/sensor2 payload : {
    "type": "int",
    "value": -22
}
[2022-11-18 20:30:26,140]: [MT_EXECUTE          ] topic : MT/EXECUTE/__ay/sensor2 payload : {
    "type": "int",
    "value": -78
}
[2022-11-18 20:30:26,142]: [MT_EXECUTE          ] topic : MT/EXECUTE/__az/sensor2 payload : {
    "type": "int",
    "value": 1101
}
[2022-11-18 20:30:26,145]: [MT_EXECUTE          ] topic : MT/EXECUTE/__moved/sensor2 payload : {
    "type": "int",
    "value": 0
}
[2022-11-18 20:30:28,098]: [MT_EXECUTE          ] topic : MT/EXECUTE/__temperature/sensor3 payload : {
    "type": "double",
    "value": 22.8
}
[2022-11-18 20:30:28,101]: [MT_EXECUTE          ] topic : MT/EXECUTE/__humidity/sensor3 payload : {
    "type": "double",
    "value": 76.3
}
[2022-11-18 20:30:28,103]: [MT_EXECUTE          ] topic : MT/EXECUTE/__pressure/sensor3 payload : {
    "type": "int",
    "value": 1019.3
}
[2022-11-18 20:30:28,105]: [MT_EXECUTE          ] topic : MT/EXECUTE/__ax/sensor3 payload : {
    "type": "int",
    "value": -22
}
[2022-11-18 20:30:28,108]: [MT_EXECUTE          ] topic : MT/EXECUTE/__ay/sensor3 payload : {
    "type": "int",
    "value": -78
}
[2022-11-18 20:30:28,110]: [MT_EXECUTE          ] topic : MT/EXECUTE/__az/sensor3 payload : {
    "type": "int",
    "value": 1101
}
[2022-11-18 20:30:28,113]: [MT_EXECUTE          ] topic : MT/EXECUTE/__moved/sensor3 payload : {
    "type": "int",
    "value": 0
}
[2022-11-18 20:30:29,093]: [TM_ALIVE            ] topic : TM/ALIVE/sensor0 payload : {}
[2022-11-18 20:30:29,095]: [TM_ALIVE            ] topic : TM/ALIVE/sensor1 payload : {}
[2022-11-18 20:30:29,097]: [TM_ALIVE            ] topic : TM/ALIVE/sensor2 payload : {}
[2022-11-18 20:30:29,100]: [TM_ALIVE            ] topic : TM/ALIVE/sensor3 payload : {}
[2022-11-18 20:30:29,102]: [MT_EXECUTE          ] topic : MT/EXECUTE/__humidity/sensor0 payload : {
    "type": "double",
    "value": 76.3
}
[2022-11-18 20:30:29,104]: [MT_EXECUTE          ] topic : MT/EXECUTE/__temperature/sensor0 payload : {
    "type": "double",
    "value": 22.8
}
[2022-11-18 20:30:29,106]: [MT_EXECUTE          ] topic : MT/EXECUTE/__pressure/sensor0 payload : {
    "type": "int",
    "value": 1019.3
}
[2022-11-18 20:30:29,108]: [MT_EXECUTE          ] topic : MT/EXECUTE/__ax/sensor0 payload : {
    "type": "int",
    "value": -22
}
[2022-11-18 20:30:29,109]: [MT_EXECUTE          ] topic : MT/EXECUTE/__ay/sensor0 payload : {
    "type": "int",
    "value": -78
}
[2022-11-18 20:30:29,111]: [MT_EXECUTE          ] topic : MT/EXECUTE/__az/sensor0 payload : {
    "type": "int",
    "value": 1101
}
[2022-11-18 20:30:29,113]: [MT_EXECUTE          ] topic : MT/EXECUTE/__moved/sensor0 payload : {
    "type": "int",
    "value": 0
}
[2022-11-18 20:30:32,106]: [MT_EXECUTE          ] topic : MT/EXECUTE/__temperature/sensor1 payload : {
    "type": "double",
    "value": 22.8
}
[2022-11-18 20:30:35,106]: [MT_EXECUTE          ] topic : MT/EXECUTE/__humidity/sensor1 payload : {
    "type": "double",
    "value": 76.3
}
[2022-11-18 20:30:38,111]: [MT_EXECUTE          ] topic : MT/EXECUTE/__pressure/sensor1 payload : {
    "type": "int",
    "value": 1019.3
}
[2022-11-18 20:30:41,116]: [MT_EXECUTE          ] topic : MT/EXECUTE/__temperature/sensor0 payload : {
    "type": "double",
    "value": 22.8
}
[2022-11-18 20:30:44,117]: [MT_EXECUTE          ] topic : MT/EXECUTE/__humidity/sensor0 payload : {
    "type": "double",
    "value": 76.3
}
[2022-11-18 20:30:45,079]: [TM_ALIVE            ] topic : TM/ALIVE/lora_manager_thing_D8F3BC801CFB payload : {}
[2022-11-18 20:30:47,118]: [MT_EXECUTE          ] topic : MT/EXECUTE/__pressure/sensor0 payload : {
    "type": "int",
    "value": 1019.3
}
[2022-11-18 20:30:50,120]: [MT_EXECUTE          ] topic : MT/EXECUTE/__ax/sensor0 payload : {
    "type": "int",
    "value": -22
}
[2022-11-18 20:30:53,124]: [MT_EXECUTE          ] topic : MT/EXECUTE/__ay/sensor0 payload : {
    "type": "int",
    "value": -78
}
[2022-11-18 20:30:56,126]: [MT_EXECUTE          ] topic : MT/EXECUTE/__az/sensor0 payload : {
    "type": "int",
    "value": 1101
}
[2022-11-18 20:30:59,126]: [MT_EXECUTE          ] topic : MT/EXECUTE/__moved/sensor0 payload : {
    "type": "int",
    "value": 0
}
[2022-11-18 20:31:02,130]: [MT_EXECUTE          ] topic : MT/EXECUTE/__temperature/sensor1 payload : {
    "type": "double",
    "value": 22.8
}
[2022-11-18 20:31:05,133]: [MT_EXECUTE          ] topic : MT/EXECUTE/__humidity/sensor1 payload : {
    "type": "double",
    "value": 76.3
}
[2022-11-18 20:31:08,137]: [MT_EXECUTE          ] topic : MT/EXECUTE/__ax/sensor1 payload : {
    "type": "int",
    "value": -22
}
[2022-11-18 20:31:11,137]: [MT_EXECUTE          ] topic : MT/EXECUTE/__ay/sensor1 payload : {
    "type": "int",
    "value": -78
}
[2022-11-18 20:31:14,137]: [MT_EXECUTE          ] topic : MT/EXECUTE/__az/sensor1 payload : {
    "type": "int",
    "value": 1101
}
[2022-11-18 20:31:17,138]: [MT_EXECUTE          ] topic : MT/EXECUTE/__moved/sensor1 payload : {
    "type": "int",
    "value": 0
}
[2022-11-18 20:31:20,141]: [MT_EXECUTE          ] topic : MT/EXECUTE/__temperature/sensor2 payload : {
    "type": "double",
    "value": 22.8
}
[2022-11-18 20:31:23,144]: [MT_EXECUTE          ] topic : MT/EXECUTE/__humidity/sensor2 payload : {
    "type": "double",
    "value": 76.3
}
[2022-11-18 20:31:26,146]: [MT_EXECUTE          ] topic : MT/EXECUTE/__pressure/sensor2 payload : {
    "type": "int",
    "value": 1019.3
}
[2022-11-18 20:31:29,149]: [MT_EXECUTE          ] topic : MT/EXECUTE/__ax/sensor2 payload : {
    "type": "int",
    "value": -22
}
[2022-11-18 20:31:32,151]: [MT_EXECUTE          ] topic : MT/EXECUTE/__ay/sensor2 payload : {
    "type": "int",
    "value": -78
}
[2022-11-18 20:31:35,154]: [MT_EXECUTE          ] topic : MT/EXECUTE/__az/sensor2 payload : {
    "type": "int",
    "value": 1101
}
[2022-11-18 20:31:38,157]: [MT_EXECUTE          ] topic : MT/EXECUTE/__moved/sensor2 payload : {
    "type": "int",
    "value": 0
}
[2022-11-18 20:31:41,159]: [MT_EXECUTE          ] topic : MT/EXECUTE/__temperature/sensor3 payload : {
    "type": "double",
    "value": 22.8
}
[2022-11-18 20:31:44,162]: [MT_EXECUTE          ] topic : MT/EXECUTE/__humidity/sensor3 payload : {
    "type": "double",
    "value": 76.3
}
[2022-11-18 20:31:45,081]: [TM_ALIVE            ] topic : TM/ALIVE/lora_manager_thing_D8F3BC801CFB payload : {}
[2022-11-18 20:31:47,166]: [MT_EXECUTE          ] topic : MT/EXECUTE/__pressure/sensor3 payload : {
    "type": "int",
    "value": 1019.3
}
[2022-11-18 20:31:50,166]: [MT_EXECUTE          ] topic : MT/EXECUTE/__ax/sensor3 payload : {
    "type": "int",
    "value": -22
}
[2022-11-18 20:31:53,167]: [MT_EXECUTE          ] topic : MT/EXECUTE/__ay/sensor3 payload : {
    "type": "int",
    "value": -78
}
[2022-11-18 20:31:56,170]: [MT_EXECUTE          ] topic : MT/EXECUTE/__az/sensor3 payload : {
    "type": "int",
    "value": 1101
}
[2022-11-18 20:31:59,174]: [MT_EXECUTE          ] topic : MT/EXECUTE/__moved/sensor3 payload : {
    "type": "int",
    "value": 0
}
[2022-11-18 20:31:59,176]: [TM_ALIVE            ] topic : TM/ALIVE/sensor0 payload : {}
[2022-11-18 20:31:59,178]: [TM_ALIVE            ] topic : TM/ALIVE/sensor1 payload : {}
[2022-11-18 20:31:59,181]: [TM_ALIVE            ] topic : TM/ALIVE/sensor2 payload : {}
[2022-11-18 20:31:59,183]: [TM_ALIVE            ] topic : TM/ALIVE/sensor3 payload : {}
[2022-11-18 20:32:02,180]: [MT_EXECUTE          ] topic : MT/EXECUTE/__temperature/sensor0 payload : {
    "type": "double",
    "value": 22.8
}
[2022-11-18 20:32:05,184]: [MT_EXECUTE          ] topic : MT/EXECUTE/__humidity/sensor0 payload : {
    "type": "double",
    "value": 76.3
}
[2022-11-18 20:32:08,187]: [MT_EXECUTE          ] topic : MT/EXECUTE/__pressure/sensor0 payload : {
    "type": "int",
    "value": 1019.3
}
[2022-11-18 20:32:11,190]: [MT_EXECUTE          ] topic : MT/EXECUTE/__ax/sensor0 payload : {
    "type": "int",
    "value": -22
}
[2022-11-18 20:32:14,194]: [MT_EXECUTE          ] topic : MT/EXECUTE/__ay/sensor0 payload : {
    "type": "int",
    "value": -78
}
[2022-11-18 20:32:17,197]: [MT_EXECUTE          ] topic : MT/EXECUTE/__az/sensor0 payload : {
    "type": "int",
    "value": 1101
}
[2022-11-18 20:32:20,197]: [MT_EXECUTE          ] topic : MT/EXECUTE/__moved/sensor0 payload : {
    "type": "int",
    "value": 0
}
[2022-11-18 20:32:23,200]: [MT_EXECUTE          ] topic : MT/EXECUTE/__temperature/sensor1 payload : {
    "type": "double",
    "value": 22.8
}
[2022-11-18 20:32:26,201]: [MT_EXECUTE          ] topic : MT/EXECUTE/__humidity/sensor1 payload : {
    "type": "double",
    "value": 76.3
}
[2022-11-18 20:32:29,205]: [MT_EXECUTE          ] topic : MT/EXECUTE/__pressure/sensor1 payload : {
    "type": "int",
    "value": 1019.3
}
[2022-11-18 20:32:32,209]: [MT_EXECUTE          ] topic : MT/EXECUTE/__ax/sensor1 payload : {
    "type": "int",
    "value": -22
}
[2022-11-18 20:32:33,664]: Ctrl + C Exit
