[2022-11-18 17:40:20,522]: Skip avahi_enable search...
[2022-11-18 17:40:20,523]: SSL is not enabled...
[2022-11-18 17:40:20,537]: [-> CONNECT           ] Connect to Host: 127.0.0.1:11083
[2022-11-18 17:40:20,540]: New staff_thing!!! name = sensor0
[2022-11-18 17:40:20,541]: [-> SUBSCRIBE         ] MT/RESULT/REGISTER/sensor0
[2022-11-18 17:40:20,543]: [-> SUBSCRIBE         ] MT/RESULT/UNREGISTER/sensor0
[2022-11-18 17:40:20,544]: [print_packet] Unexpected topic!!! : temperature/sensor0 
[2022-11-18 17:40:20,544]: [-> SUBSCRIBE         ] MT/RESULT/BINARY_VALUE/sensor0
[2022-11-18 17:40:20,545]: [_send_staff_RESULT_REGISTER] Register sensor0 complete!!!
[2022-11-18 17:40:20,546]: [print_packet] Unexpected topic!!! : humidity/sensor0 
[2022-11-18 17:40:20,548]: [print_packet] Unexpected topic!!! : pressure/sensor0 
[2022-11-18 17:40:20,549]: [print_packet] Unexpected topic!!! : ax/sensor0 
[2022-11-18 17:40:20,551]: [print_packet] Unexpected topic!!! : ay/sensor0 
[2022-11-18 17:40:20,553]: [print_packet] Unexpected topic!!! : az/sensor0 
[2022-11-18 17:40:20,555]: [print_packet] Unexpected topic!!! : moved/sensor0 
[2022-11-18 17:40:20,559]: [TM_REGISTER         ] topic : TM/REGISTER/sensor0 payload : {
    "alive_cycle": 10,
    "functions": [
        {
            "arguments": [],
            "description": "",
            "energy": null,
            "exec_time": -1,
            "name": "__temperature",
            "return_type": "double",
skip... (print_packet mode=SoPPrintMode.ABBR)
[2022-11-18 17:40:20,572]: [MT_RESULT_REGISTER  ] topic : MT/RESULT/REGISTER/sensor0 payload : {
    "error": -4,
    "middleware_name": "SoPIoT-MW-Level1-0_000000000000"
}
[2022-11-18 17:40:20,574]: [DUP✔                 ] Thing lora_manager_thing_D8F3BC801CFB register success!
[2022-11-18 17:40:20,574]: [-> SUBSCRIBE         ] MT/EXECUTE/__temperature/sensor0/+/#
[2022-11-18 17:40:20,574]: [-> SUBSCRIBE         ] MT/EXECUTE/__temperature/sensor0
[2022-11-18 17:40:20,575]: [-> SUBSCRIBE         ] MT/EXECUTE/__humidity/sensor0/+/#
[2022-11-18 17:40:20,575]: [-> SUBSCRIBE         ] MT/EXECUTE/__humidity/sensor0
[2022-11-18 17:40:20,575]: [-> SUBSCRIBE         ] MT/EXECUTE/__pressure/sensor0/+/#
[2022-11-18 17:40:20,575]: [-> SUBSCRIBE         ] MT/EXECUTE/__pressure/sensor0
[2022-11-18 17:40:20,575]: [-> SUBSCRIBE         ] MT/EXECUTE/__ax/sensor0/+/#
[2022-11-18 17:40:20,575]: [-> SUBSCRIBE         ] MT/EXECUTE/__ax/sensor0
[2022-11-18 17:40:20,576]: [-> SUBSCRIBE         ] MT/EXECUTE/__ay/sensor0/+/#
[2022-11-18 17:40:20,577]: [TM_ALIVE            ] topic : TM/ALIVE/sensor0 payload : {}
[2022-11-18 17:40:20,577]: [-> SUBSCRIBE         ] MT/EXECUTE/__ay/sensor0
[2022-11-18 17:40:20,577]: [-> SUBSCRIBE         ] MT/EXECUTE/__az/sensor0/+/#
[2022-11-18 17:40:20,577]: [-> SUBSCRIBE         ] MT/EXECUTE/__az/sensor0
[2022-11-18 17:40:20,577]: [-> SUBSCRIBE         ] MT/EXECUTE/__moved/sensor0/+/#
[2022-11-18 17:40:20,578]: [-> SUBSCRIBE         ] MT/EXECUTE/__moved/sensor0
[2022-11-18 17:40:21,544]: [print_packet] Unexpected topic!!! : temperature/sensor0 
[2022-11-18 17:40:21,546]: [print_packet] Unexpected topic!!! : humidity/sensor0 
[2022-11-18 17:40:21,547]: [print_packet] Unexpected topic!!! : pressure/sensor0 
[2022-11-18 17:40:21,549]: [print_packet] Unexpected topic!!! : ax/sensor0 
[2022-11-18 17:40:21,551]: [print_packet] Unexpected topic!!! : ay/sensor0 
[2022-11-18 17:40:21,553]: [print_packet] Unexpected topic!!! : az/sensor0 
[2022-11-18 17:40:21,555]: [print_packet] Unexpected topic!!! : moved/sensor0 
[2022-11-18 17:40:22,544]: [print_packet] Unexpected topic!!! : temperature/sensor0 
[2022-11-18 17:40:22,545]: [print_packet] Unexpected topic!!! : humidity/sensor0 
[2022-11-18 17:40:22,547]: [print_packet] Unexpected topic!!! : pressure/sensor0 
[2022-11-18 17:40:22,549]: [print_packet] Unexpected topic!!! : ax/sensor0 
[2022-11-18 17:40:22,551]: [print_packet] Unexpected topic!!! : ay/sensor0 
[2022-11-18 17:40:22,553]: [print_packet] Unexpected topic!!! : az/sensor0 
[2022-11-18 17:40:22,554]: [print_packet] Unexpected topic!!! : moved/sensor0 
[2022-11-18 17:40:23,542]: [TM_ALIVE            ] topic : TM/ALIVE/sensor0 payload : {}
[2022-11-18 17:40:23,545]: [print_packet] Unexpected topic!!! : temperature/sensor0 
[2022-11-18 17:40:23,547]: [print_packet] Unexpected topic!!! : humidity/sensor0 
[2022-11-18 17:40:23,549]: [print_packet] Unexpected topic!!! : pressure/sensor0 
[2022-11-18 17:40:23,551]: [print_packet] Unexpected topic!!! : ax/sensor0 
[2022-11-18 17:40:23,553]: [print_packet] Unexpected topic!!! : ay/sensor0 
[2022-11-18 17:40:23,556]: [print_packet] Unexpected topic!!! : az/sensor0 
[2022-11-18 17:40:23,558]: [print_packet] Unexpected topic!!! : moved/sensor0 
[2022-11-18 17:40:24,546]: [print_packet] Unexpected topic!!! : temperature/sensor0 
[2022-11-18 17:40:24,547]: [print_packet] Unexpected topic!!! : humidity/sensor0 
[2022-11-18 17:40:24,550]: [print_packet] Unexpected topic!!! : pressure/sensor0 
[2022-11-18 17:40:24,553]: [print_packet] Unexpected topic!!! : ax/sensor0 
[2022-11-18 17:40:24,555]: [print_packet] Unexpected topic!!! : ay/sensor0 
[2022-11-18 17:40:24,557]: [print_packet] Unexpected topic!!! : az/sensor0 
[2022-11-18 17:40:24,559]: [print_packet] Unexpected topic!!! : moved/sensor0 
[2022-11-18 17:40:25,547]: [print_packet] Unexpected topic!!! : temperature/sensor0 
[2022-11-18 17:40:25,549]: [print_packet] Unexpected topic!!! : humidity/sensor0 
[2022-11-18 17:40:25,551]: [print_packet] Unexpected topic!!! : pressure/sensor0 
[2022-11-18 17:40:25,553]: [print_packet] Unexpected topic!!! : ax/sensor0 
[2022-11-18 17:40:25,555]: [print_packet] Unexpected topic!!! : ay/sensor0 
[2022-11-18 17:40:25,557]: [print_packet] Unexpected topic!!! : az/sensor0 
[2022-11-18 17:40:25,560]: [print_packet] Unexpected topic!!! : moved/sensor0 
[2022-11-18 17:40:26,542]: [TM_ALIVE            ] topic : TM/ALIVE/sensor0 payload : {}
[2022-11-18 17:40:26,547]: [print_packet] Unexpected topic!!! : temperature/sensor0 
[2022-11-18 17:40:26,549]: [print_packet] Unexpected topic!!! : humidity/sensor0 
[2022-11-18 17:40:26,553]: [print_packet] Unexpected topic!!! : pressure/sensor0 
[2022-11-18 17:40:26,556]: [print_packet] Unexpected topic!!! : ax/sensor0 
[2022-11-18 17:40:26,558]: [print_packet] Unexpected topic!!! : ay/sensor0 
[2022-11-18 17:40:26,561]: [print_packet] Unexpected topic!!! : az/sensor0 
[2022-11-18 17:40:26,564]: [print_packet] Unexpected topic!!! : moved/sensor0 
[2022-11-18 17:40:27,548]: [print_packet] Unexpected topic!!! : temperature/sensor0 
[2022-11-18 17:40:27,550]: [print_packet] Unexpected topic!!! : humidity/sensor0 
[2022-11-18 17:40:27,552]: [print_packet] Unexpected topic!!! : pressure/sensor0 
[2022-11-18 17:40:27,555]: [print_packet] Unexpected topic!!! : ax/sensor0 
[2022-11-18 17:40:27,557]: [print_packet] Unexpected topic!!! : ay/sensor0 
[2022-11-18 17:40:27,559]: [print_packet] Unexpected topic!!! : az/sensor0 
[2022-11-18 17:40:27,561]: [print_packet] Unexpected topic!!! : moved/sensor0 
[2022-11-18 17:40:28,548]: [print_packet] Unexpected topic!!! : temperature/sensor0 
[2022-11-18 17:40:28,550]: [print_packet] Unexpected topic!!! : humidity/sensor0 
[2022-11-18 17:40:28,552]: [print_packet] Unexpected topic!!! : pressure/sensor0 
[2022-11-18 17:40:28,554]: [print_packet] Unexpected topic!!! : ax/sensor0 
[2022-11-18 17:40:28,555]: [print_packet] Unexpected topic!!! : ay/sensor0 
[2022-11-18 17:40:28,557]: [print_packet] Unexpected topic!!! : az/sensor0 
[2022-11-18 17:40:28,559]: [print_packet] Unexpected topic!!! : moved/sensor0 
[2022-11-18 17:40:29,542]: [TM_ALIVE            ] topic : TM/ALIVE/sensor0 payload : {}
[2022-11-18 17:40:29,548]: [print_packet] Unexpected topic!!! : temperature/sensor0 
[2022-11-18 17:40:29,549]: [print_packet] Unexpected topic!!! : humidity/sensor0 
[2022-11-18 17:40:29,553]: [print_packet] Unexpected topic!!! : pressure/sensor0 
[2022-11-18 17:40:29,556]: [print_packet] Unexpected topic!!! : ax/sensor0 
[2022-11-18 17:40:29,557]: [print_packet] Unexpected topic!!! : ay/sensor0 
[2022-11-18 17:40:29,559]: [print_packet] Unexpected topic!!! : az/sensor0 
[2022-11-18 17:40:29,561]: [print_packet] Unexpected topic!!! : moved/sensor0 
[2022-11-18 17:40:30,549]: [print_packet] Unexpected topic!!! : temperature/sensor0 
[2022-11-18 17:40:30,552]: [print_packet] Unexpected topic!!! : humidity/sensor0 
[2022-11-18 17:40:30,553]: [print_packet] Unexpected topic!!! : pressure/sensor0 
[2022-11-18 17:40:30,556]: [print_packet] Unexpected topic!!! : ax/sensor0 
[2022-11-18 17:40:30,558]: [print_packet] Unexpected topic!!! : ay/sensor0 
[2022-11-18 17:40:30,560]: [print_packet] Unexpected topic!!! : az/sensor0 
[2022-11-18 17:40:30,561]: [print_packet] Unexpected topic!!! : moved/sensor0 
[2022-11-18 17:40:31,550]: [print_packet] Unexpected topic!!! : temperature/sensor0 
[2022-11-18 17:40:31,552]: [print_packet] Unexpected topic!!! : humidity/sensor0 
[2022-11-18 17:40:31,554]: [print_packet] Unexpected topic!!! : pressure/sensor0 
[2022-11-18 17:40:31,556]: [print_packet] Unexpected topic!!! : ax/sensor0 
[2022-11-18 17:40:31,558]: [print_packet] Unexpected topic!!! : ay/sensor0 
[2022-11-18 17:40:31,560]: [print_packet] Unexpected topic!!! : az/sensor0 
[2022-11-18 17:40:31,562]: [print_packet] Unexpected topic!!! : moved/sensor0 
[2022-11-18 17:40:32,257]: Ctrl + C Exit
