[2022-11-18 17:07:59,673]: Skip avahi_enable search...
[2022-11-18 17:07:59,673]: SSL is not enabled...
[2022-11-18 17:07:59,676]: [-> CONNECT           ] Connect to Host: 127.0.0.1:11083
[2022-11-18 17:07:59,679]: New staff_thing!!! name = sensor0
[2022-11-18 17:07:59,680]: [-> SUBSCRIBE         ] MT/RESULT/REGISTER/sensor0
[2022-11-18 17:07:59,680]: [-> SUBSCRIBE         ] MT/RESULT/UNREGISTER/sensor0
[2022-11-18 17:07:59,681]: [-> SUBSCRIBE         ] MT/RESULT/BINARY_VALUE/sensor0
[2022-11-18 17:07:59,683]: [print_packet] Unexpected topic!!! : sensor0/temperature 
[2022-11-18 17:07:59,684]: [_send_staff_RESULT_REGISTER] Register sensor0 complete!!!
[2022-11-18 17:07:59,685]: [print_packet] Unexpected topic!!! : sensor0/humidity 
[2022-11-18 17:07:59,687]: [print_packet] Unexpected topic!!! : sensor0/pressure 
[2022-11-18 17:07:59,689]: [print_packet] Unexpected topic!!! : sensor0/ax 
[2022-11-18 17:07:59,690]: [print_packet] Unexpected topic!!! : sensor0/ay 
[2022-11-18 17:07:59,693]: [print_packet] Unexpected topic!!! : sensor0/az 
[2022-11-18 17:07:59,694]: [print_packet] Unexpected topic!!! : sensor0/moved 
[2022-11-18 17:07:59,698]: [TM_REGISTER         ] topic : TM/REGISTER/sensor0 payload : {
    "alive_cycle": 10,
    "functions": [
        {
            "arguments": [],
            "description": "",
            "energy": null,
            "exec_time": -1,
            "name": "__temperature",
            "return_type": "double",
skip... (print_packet mode=SoPPrintMode.ABBR)
[2022-11-18 17:07:59,714]: [MT_RESULT_REGISTER  ] topic : MT/RESULT/REGISTER/sensor0 payload : {
    "error": -4,
    "middleware_name": "SoPIoT-MW-Level1-0_000000000000"
}
[2022-11-18 17:07:59,715]: [DUP✔                 ] Thing lora_manager_thing_D8F3BC801CFB register success!
[2022-11-18 17:07:59,716]: [-> SUBSCRIBE         ] MT/EXECUTE/__temperature/sensor0/+/#
[2022-11-18 17:07:59,716]: [-> SUBSCRIBE         ] MT/EXECUTE/__temperature/sensor0
[2022-11-18 17:07:59,716]: [-> SUBSCRIBE         ] MT/EXECUTE/__humidity/sensor0/+/#
[2022-11-18 17:07:59,718]: [TM_ALIVE            ] topic : TM/ALIVE/sensor0 payload : {}
[2022-11-18 17:07:59,719]: [-> SUBSCRIBE         ] MT/EXECUTE/__humidity/sensor0
[2022-11-18 17:07:59,720]: [-> SUBSCRIBE         ] MT/EXECUTE/__pressure/sensor0/+/#
[2022-11-18 17:07:59,720]: [-> SUBSCRIBE         ] MT/EXECUTE/__pressure/sensor0
[2022-11-18 17:07:59,721]: [-> SUBSCRIBE         ] MT/EXECUTE/__ax/sensor0/+/#
[2022-11-18 17:07:59,722]: [-> SUBSCRIBE         ] MT/EXECUTE/__ax/sensor0
[2022-11-18 17:07:59,722]: [-> SUBSCRIBE         ] MT/EXECUTE/__ay/sensor0/+/#
[2022-11-18 17:07:59,723]: [-> SUBSCRIBE         ] MT/EXECUTE/__ay/sensor0
[2022-11-18 17:07:59,723]: [-> SUBSCRIBE         ] MT/EXECUTE/__az/sensor0/+/#
[2022-11-18 17:07:59,723]: [-> SUBSCRIBE         ] MT/EXECUTE/__az/sensor0
[2022-11-18 17:07:59,723]: [-> SUBSCRIBE         ] MT/EXECUTE/__moved/sensor0/+/#
[2022-11-18 17:07:59,723]: [-> SUBSCRIBE         ] MT/EXECUTE/__moved/sensor0
[2022-11-18 17:08:00,682]: [print_packet] Unexpected topic!!! : sensor0/temperature 
[2022-11-18 17:08:00,685]: [print_packet] Unexpected topic!!! : sensor0/humidity 
[2022-11-18 17:08:00,686]: [print_packet] Unexpected topic!!! : sensor0/pressure 
[2022-11-18 17:08:00,688]: [print_packet] Unexpected topic!!! : sensor0/ax 
[2022-11-18 17:08:00,690]: [print_packet] Unexpected topic!!! : sensor0/ay 
[2022-11-18 17:08:00,692]: [print_packet] Unexpected topic!!! : sensor0/az 
[2022-11-18 17:08:00,694]: [print_packet] Unexpected topic!!! : sensor0/moved 
[2022-11-18 17:08:01,683]: [print_packet] Unexpected topic!!! : sensor0/temperature 
[2022-11-18 17:08:01,686]: [print_packet] Unexpected topic!!! : sensor0/humidity 
[2022-11-18 17:08:01,688]: [print_packet] Unexpected topic!!! : sensor0/pressure 
[2022-11-18 17:08:01,690]: [print_packet] Unexpected topic!!! : sensor0/ax 
[2022-11-18 17:08:01,692]: [print_packet] Unexpected topic!!! : sensor0/ay 
[2022-11-18 17:08:01,695]: [print_packet] Unexpected topic!!! : sensor0/az 
[2022-11-18 17:08:01,697]: [print_packet] Unexpected topic!!! : sensor0/moved 
[2022-11-18 17:08:02,679]: New staff_thing!!! name = sensor1
[2022-11-18 17:08:02,680]: [-> SUBSCRIBE         ] MT/RESULT/REGISTER/sensor1
[2022-11-18 17:08:02,681]: [TM_ALIVE            ] topic : TM/ALIVE/sensor0 payload : {}
[2022-11-18 17:08:02,682]: [-> SUBSCRIBE         ] MT/RESULT/UNREGISTER/sensor1
[2022-11-18 17:08:02,683]: [-> SUBSCRIBE         ] MT/RESULT/BINARY_VALUE/sensor1
[2022-11-18 17:08:02,684]: [_send_staff_RESULT_REGISTER] Register sensor1 complete!!!
[2022-11-18 17:08:02,685]: [print_packet] Unexpected topic!!! : sensor1/temperature 
[2022-11-18 17:08:02,687]: [print_packet] Unexpected topic!!! : sensor1/humidity 
[2022-11-18 17:08:02,689]: [print_packet] Unexpected topic!!! : sensor1/pressure 
[2022-11-18 17:08:02,691]: [print_packet] Unexpected topic!!! : sensor1/ax 
[2022-11-18 17:08:02,694]: [print_packet] Unexpected topic!!! : sensor1/ay 
[2022-11-18 17:08:02,695]: [print_packet] Unexpected topic!!! : sensor1/az 
[2022-11-18 17:08:02,697]: [print_packet] Unexpected topic!!! : sensor1/moved 
[2022-11-18 17:08:02,701]: [TM_REGISTER         ] topic : TM/REGISTER/sensor1 payload : {
    "alive_cycle": 10,
    "functions": [
        {
            "arguments": [],
            "description": "",
            "energy": null,
            "exec_time": -1,
            "name": "__temperature",
            "return_type": "double",
skip... (print_packet mode=SoPPrintMode.ABBR)
[2022-11-18 17:08:02,703]: [print_packet] Unexpected topic!!! : sensor0/temperature 
[2022-11-18 17:08:02,705]: [print_packet] Unexpected topic!!! : sensor0/humidity 
[2022-11-18 17:08:02,707]: [print_packet] Unexpected topic!!! : sensor0/pressure 
[2022-11-18 17:08:02,710]: [print_packet] Unexpected topic!!! : sensor0/ax 
[2022-11-18 17:08:02,712]: [print_packet] Unexpected topic!!! : sensor0/ay 
[2022-11-18 17:08:02,715]: [print_packet] Unexpected topic!!! : sensor0/az 
[2022-11-18 17:08:02,717]: [print_packet] Unexpected topic!!! : sensor0/moved 
[2022-11-18 17:08:02,728]: [MT_RESULT_REGISTER  ] topic : MT/RESULT/REGISTER/sensor1 payload : {
    "error": -4,
    "middleware_name": "SoPIoT-MW-Level1-0_000000000000"
}
[2022-11-18 17:08:02,730]: [DUP✔                 ] Thing lora_manager_thing_D8F3BC801CFB register success!
[2022-11-18 17:08:02,730]: [-> SUBSCRIBE         ] MT/EXECUTE/__temperature/sensor1/+/#
[2022-11-18 17:08:02,730]: [-> SUBSCRIBE         ] MT/EXECUTE/__temperature/sensor1
[2022-11-18 17:08:02,730]: [-> SUBSCRIBE         ] MT/EXECUTE/__humidity/sensor1/+/#
[2022-11-18 17:08:02,731]: [-> SUBSCRIBE         ] MT/EXECUTE/__humidity/sensor1
[2022-11-18 17:08:02,731]: [-> SUBSCRIBE         ] MT/EXECUTE/__pressure/sensor1/+/#
[2022-11-18 17:08:02,731]: [TM_ALIVE            ] topic : TM/ALIVE/sensor1 payload : {}
[2022-11-18 17:08:02,732]: [-> SUBSCRIBE         ] MT/EXECUTE/__pressure/sensor1
[2022-11-18 17:08:02,732]: [-> SUBSCRIBE         ] MT/EXECUTE/__ax/sensor1/+/#
[2022-11-18 17:08:02,732]: [-> SUBSCRIBE         ] MT/EXECUTE/__ax/sensor1
[2022-11-18 17:08:02,732]: [-> SUBSCRIBE         ] MT/EXECUTE/__ay/sensor1/+/#
[2022-11-18 17:08:02,735]: [-> SUBSCRIBE         ] MT/EXECUTE/__ay/sensor1
[2022-11-18 17:08:02,735]: [-> SUBSCRIBE         ] MT/EXECUTE/__az/sensor1/+/#
[2022-11-18 17:08:02,736]: [-> SUBSCRIBE         ] MT/EXECUTE/__az/sensor1
[2022-11-18 17:08:02,736]: [-> SUBSCRIBE         ] MT/EXECUTE/__moved/sensor1/+/#
[2022-11-18 17:08:02,736]: [-> SUBSCRIBE         ] MT/EXECUTE/__moved/sensor1
[2022-11-18 17:08:03,682]: [print_packet] Unexpected topic!!! : sensor1/temperature 
[2022-11-18 17:08:03,686]: [print_packet] Unexpected topic!!! : sensor1/humidity 
[2022-11-18 17:08:03,691]: [print_packet] Unexpected topic!!! : sensor1/pressure 
[2022-11-18 17:08:03,693]: [print_packet] Unexpected topic!!! : sensor1/ax 
[2022-11-18 17:08:03,695]: [print_packet] Unexpected topic!!! : sensor1/ay 
[2022-11-18 17:08:03,697]: [print_packet] Unexpected topic!!! : sensor1/az 
[2022-11-18 17:08:03,699]: [print_packet] Unexpected topic!!! : sensor1/moved 
[2022-11-18 17:08:03,701]: [print_packet] Unexpected topic!!! : sensor0/temperature 
[2022-11-18 17:08:03,703]: [print_packet] Unexpected topic!!! : sensor0/humidity 
[2022-11-18 17:08:03,704]: [print_packet] Unexpected topic!!! : sensor0/pressure 
[2022-11-18 17:08:03,707]: [print_packet] Unexpected topic!!! : sensor0/ax 
[2022-11-18 17:08:03,709]: [print_packet] Unexpected topic!!! : sensor0/ay 
[2022-11-18 17:08:03,711]: [print_packet] Unexpected topic!!! : sensor0/az 
[2022-11-18 17:08:03,713]: [print_packet] Unexpected topic!!! : sensor0/moved 
[2022-11-18 17:08:04,683]: [print_packet] Unexpected topic!!! : sensor1/temperature 
[2022-11-18 17:08:04,685]: [print_packet] Unexpected topic!!! : sensor1/humidity 
[2022-11-18 17:08:04,687]: [print_packet] Unexpected topic!!! : sensor1/pressure 
[2022-11-18 17:08:04,689]: [print_packet] Unexpected topic!!! : sensor1/ax 
[2022-11-18 17:08:04,691]: [print_packet] Unexpected topic!!! : sensor1/ay 
[2022-11-18 17:08:04,693]: [print_packet] Unexpected topic!!! : sensor1/az 
[2022-11-18 17:08:04,695]: [print_packet] Unexpected topic!!! : sensor1/moved 
[2022-11-18 17:08:04,697]: [print_packet] Unexpected topic!!! : sensor0/temperature 
[2022-11-18 17:08:04,698]: [print_packet] Unexpected topic!!! : sensor0/humidity 
[2022-11-18 17:08:04,700]: [print_packet] Unexpected topic!!! : sensor0/pressure 
[2022-11-18 17:08:04,702]: [print_packet] Unexpected topic!!! : sensor0/ax 
[2022-11-18 17:08:04,704]: [print_packet] Unexpected topic!!! : sensor0/ay 
[2022-11-18 17:08:04,707]: [print_packet] Unexpected topic!!! : sensor0/az 
[2022-11-18 17:08:04,709]: [print_packet] Unexpected topic!!! : sensor0/moved 
[2022-11-18 17:08:05,681]: New staff_thing!!! name = sensor2
[2022-11-18 17:08:05,681]: [TM_ALIVE            ] topic : TM/ALIVE/sensor0 payload : {}
[2022-11-18 17:08:05,683]: [-> SUBSCRIBE         ] MT/RESULT/REGISTER/sensor2
[2022-11-18 17:08:05,684]: [-> SUBSCRIBE         ] MT/RESULT/UNREGISTER/sensor2
[2022-11-18 17:08:05,686]: [TM_ALIVE            ] topic : TM/ALIVE/sensor1 payload : {}
[2022-11-18 17:08:05,686]: [-> SUBSCRIBE         ] MT/RESULT/BINARY_VALUE/sensor2
[2022-11-18 17:08:05,688]: [print_packet] Unexpected topic!!! : sensor2/temperature 
[2022-11-18 17:08:05,689]: [_send_staff_RESULT_REGISTER] Register sensor2 complete!!!
[2022-11-18 17:08:05,691]: [print_packet] Unexpected topic!!! : sensor2/humidity 
[2022-11-18 17:08:05,693]: [print_packet] Unexpected topic!!! : sensor2/pressure 
[2022-11-18 17:08:05,695]: [print_packet] Unexpected topic!!! : sensor2/ax 
[2022-11-18 17:08:05,697]: [print_packet] Unexpected topic!!! : sensor2/ay 
[2022-11-18 17:08:05,699]: [print_packet] Unexpected topic!!! : sensor2/az 
[2022-11-18 17:08:05,701]: [print_packet] Unexpected topic!!! : sensor2/moved 
[2022-11-18 17:08:05,703]: [print_packet] Unexpected topic!!! : sensor1/temperature 
[2022-11-18 17:08:05,705]: [print_packet] Unexpected topic!!! : sensor1/humidity 
[2022-11-18 17:08:05,708]: [print_packet] Unexpected topic!!! : sensor1/pressure 
[2022-11-18 17:08:05,710]: [print_packet] Unexpected topic!!! : sensor1/ax 
[2022-11-18 17:08:05,711]: [print_packet] Unexpected topic!!! : sensor1/ay 
[2022-11-18 17:08:05,714]: [print_packet] Unexpected topic!!! : sensor1/az 
[2022-11-18 17:08:05,716]: [print_packet] Unexpected topic!!! : sensor1/moved 
[2022-11-18 17:08:05,719]: [TM_REGISTER         ] topic : TM/REGISTER/sensor2 payload : {
    "alive_cycle": 10,
    "functions": [
        {
            "arguments": [],
            "description": "",
            "energy": null,
            "exec_time": -1,
            "name": "__temperature",
            "return_type": "double",
skip... (print_packet mode=SoPPrintMode.ABBR)
[2022-11-18 17:08:05,721]: [print_packet] Unexpected topic!!! : sensor0/temperature 
[2022-11-18 17:08:05,723]: [print_packet] Unexpected topic!!! : sensor0/humidity 
[2022-11-18 17:08:05,725]: [print_packet] Unexpected topic!!! : sensor0/pressure 
[2022-11-18 17:08:05,727]: [print_packet] Unexpected topic!!! : sensor0/ax 
[2022-11-18 17:08:05,729]: [print_packet] Unexpected topic!!! : sensor0/ay 
[2022-11-18 17:08:05,732]: [print_packet] Unexpected topic!!! : sensor0/az 
[2022-11-18 17:08:05,734]: [print_packet] Unexpected topic!!! : sensor0/moved 
[2022-11-18 17:08:05,778]: [MT_RESULT_REGISTER  ] topic : MT/RESULT/REGISTER/sensor2 payload : {
    "error": -4,
    "middleware_name": "SoPIoT-MW-Level1-0_000000000000"
}
[2022-11-18 17:08:05,779]: [DUP✔                 ] Thing lora_manager_thing_D8F3BC801CFB register success!
[2022-11-18 17:08:05,779]: [-> SUBSCRIBE         ] MT/EXECUTE/__temperature/sensor2/+/#
[2022-11-18 17:08:05,780]: [TM_ALIVE            ] topic : TM/ALIVE/sensor2 payload : {}
[2022-11-18 17:08:05,780]: [-> SUBSCRIBE         ] MT/EXECUTE/__temperature/sensor2
[2022-11-18 17:08:05,781]: [-> SUBSCRIBE         ] MT/EXECUTE/__humidity/sensor2/+/#
[2022-11-18 17:08:05,781]: [-> SUBSCRIBE         ] MT/EXECUTE/__humidity/sensor2
[2022-11-18 17:08:05,781]: [-> SUBSCRIBE         ] MT/EXECUTE/__pressure/sensor2/+/#
[2022-11-18 17:08:05,781]: [-> SUBSCRIBE         ] MT/EXECUTE/__pressure/sensor2
[2022-11-18 17:08:05,781]: [-> SUBSCRIBE         ] MT/EXECUTE/__ax/sensor2/+/#
[2022-11-18 17:08:05,782]: [-> SUBSCRIBE         ] MT/EXECUTE/__ax/sensor2
[2022-11-18 17:08:05,782]: [-> SUBSCRIBE         ] MT/EXECUTE/__ay/sensor2/+/#
[2022-11-18 17:08:05,782]: [-> SUBSCRIBE         ] MT/EXECUTE/__ay/sensor2
[2022-11-18 17:08:05,782]: [-> SUBSCRIBE         ] MT/EXECUTE/__az/sensor2/+/#
[2022-11-18 17:08:05,782]: [-> SUBSCRIBE         ] MT/EXECUTE/__az/sensor2
[2022-11-18 17:08:05,782]: [-> SUBSCRIBE         ] MT/EXECUTE/__moved/sensor2/+/#
[2022-11-18 17:08:05,782]: [-> SUBSCRIBE         ] MT/EXECUTE/__moved/sensor2
[2022-11-18 17:08:06,685]: [print_packet] Unexpected topic!!! : sensor2/temperature 
[2022-11-18 17:08:06,687]: [print_packet] Unexpected topic!!! : sensor2/humidity 
[2022-11-18 17:08:06,690]: [print_packet] Unexpected topic!!! : sensor2/pressure 
[2022-11-18 17:08:06,692]: [print_packet] Unexpected topic!!! : sensor2/ax 
[2022-11-18 17:08:06,695]: [print_packet] Unexpected topic!!! : sensor2/ay 
[2022-11-18 17:08:06,697]: [print_packet] Unexpected topic!!! : sensor2/az 
[2022-11-18 17:08:06,699]: [print_packet] Unexpected topic!!! : sensor2/moved 
[2022-11-18 17:08:06,701]: [print_packet] Unexpected topic!!! : sensor1/temperature 
[2022-11-18 17:08:06,703]: [print_packet] Unexpected topic!!! : sensor1/humidity 
[2022-11-18 17:08:06,705]: [print_packet] Unexpected topic!!! : sensor1/pressure 
[2022-11-18 17:08:06,707]: [print_packet] Unexpected topic!!! : sensor1/ax 
[2022-11-18 17:08:06,709]: [print_packet] Unexpected topic!!! : sensor1/ay 
[2022-11-18 17:08:06,711]: [print_packet] Unexpected topic!!! : sensor1/az 
[2022-11-18 17:08:06,713]: [print_packet] Unexpected topic!!! : sensor1/moved 
[2022-11-18 17:08:06,716]: [print_packet] Unexpected topic!!! : sensor0/temperature 
[2022-11-18 17:08:06,719]: [print_packet] Unexpected topic!!! : sensor0/humidity 
[2022-11-18 17:08:06,721]: [print_packet] Unexpected topic!!! : sensor0/pressure 
[2022-11-18 17:08:06,723]: [print_packet] Unexpected topic!!! : sensor0/ax 
[2022-11-18 17:08:06,724]: [print_packet] Unexpected topic!!! : sensor0/ay 
[2022-11-18 17:08:06,727]: [print_packet] Unexpected topic!!! : sensor0/az 
[2022-11-18 17:08:06,729]: [print_packet] Unexpected topic!!! : sensor0/moved 
[2022-11-18 17:08:07,685]: [print_packet] Unexpected topic!!! : sensor2/temperature 
[2022-11-18 17:08:07,688]: [print_packet] Unexpected topic!!! : sensor2/humidity 
[2022-11-18 17:08:07,690]: [print_packet] Unexpected topic!!! : sensor2/pressure 
[2022-11-18 17:08:07,691]: [print_packet] Unexpected topic!!! : sensor2/ax 
[2022-11-18 17:08:07,693]: [print_packet] Unexpected topic!!! : sensor2/ay 
[2022-11-18 17:08:07,695]: [print_packet] Unexpected topic!!! : sensor2/az 
[2022-11-18 17:08:07,697]: [print_packet] Unexpected topic!!! : sensor2/moved 
[2022-11-18 17:08:07,699]: [print_packet] Unexpected topic!!! : sensor1/temperature 
[2022-11-18 17:08:07,701]: [print_packet] Unexpected topic!!! : sensor1/humidity 
[2022-11-18 17:08:07,703]: [print_packet] Unexpected topic!!! : sensor1/pressure 
[2022-11-18 17:08:07,705]: [print_packet] Unexpected topic!!! : sensor1/ax 
[2022-11-18 17:08:07,708]: [print_packet] Unexpected topic!!! : sensor1/ay 
[2022-11-18 17:08:07,711]: [print_packet] Unexpected topic!!! : sensor1/az 
[2022-11-18 17:08:07,713]: [print_packet] Unexpected topic!!! : sensor1/moved 
[2022-11-18 17:08:07,716]: [print_packet] Unexpected topic!!! : sensor0/temperature 
[2022-11-18 17:08:07,718]: [print_packet] Unexpected topic!!! : sensor0/humidity 
[2022-11-18 17:08:07,720]: [print_packet] Unexpected topic!!! : sensor0/pressure 
[2022-11-18 17:08:07,721]: [print_packet] Unexpected topic!!! : sensor0/ax 
[2022-11-18 17:08:07,724]: [print_packet] Unexpected topic!!! : sensor0/ay 
[2022-11-18 17:08:07,726]: [print_packet] Unexpected topic!!! : sensor0/az 
[2022-11-18 17:08:07,728]: [print_packet] Unexpected topic!!! : sensor0/moved 
[2022-11-18 17:08:08,682]: [TM_ALIVE            ] topic : TM/ALIVE/sensor0 payload : {}
[2022-11-18 17:08:08,682]: New staff_thing!!! name = sensor3
[2022-11-18 17:08:08,683]: [-> SUBSCRIBE         ] MT/RESULT/REGISTER/sensor3
[2022-11-18 17:08:08,684]: [-> SUBSCRIBE         ] MT/RESULT/UNREGISTER/sensor3
[2022-11-18 17:08:08,685]: [TM_ALIVE            ] topic : TM/ALIVE/sensor1 payload : {}
[2022-11-18 17:08:08,686]: [-> SUBSCRIBE         ] MT/RESULT/BINARY_VALUE/sensor3
[2022-11-18 17:08:08,687]: [_send_staff_RESULT_REGISTER] Register sensor3 complete!!!
[2022-11-18 17:08:08,688]: [TM_ALIVE            ] topic : TM/ALIVE/sensor2 payload : {}
[2022-11-18 17:08:08,691]: [print_packet] Unexpected topic!!! : sensor2/temperature 
[2022-11-18 17:08:08,693]: [print_packet] Unexpected topic!!! : sensor3/temperature 
[2022-11-18 17:08:08,695]: [print_packet] Unexpected topic!!! : sensor3/humidity 
[2022-11-18 17:08:08,697]: [print_packet] Unexpected topic!!! : sensor3/pressure 
[2022-11-18 17:08:08,699]: [print_packet] Unexpected topic!!! : sensor3/ax 
[2022-11-18 17:08:08,701]: [print_packet] Unexpected topic!!! : sensor3/ay 
[2022-11-18 17:08:08,703]: [print_packet] Unexpected topic!!! : sensor3/az 
[2022-11-18 17:08:08,705]: [print_packet] Unexpected topic!!! : sensor3/moved 
[2022-11-18 17:08:08,709]: [print_packet] Unexpected topic!!! : sensor2/humidity 
[2022-11-18 17:08:08,712]: [print_packet] Unexpected topic!!! : sensor2/pressure 
[2022-11-18 17:08:08,714]: [print_packet] Unexpected topic!!! : sensor2/ax 
[2022-11-18 17:08:08,716]: [print_packet] Unexpected topic!!! : sensor2/ay 
[2022-11-18 17:08:08,717]: [print_packet] Unexpected topic!!! : sensor2/az 
[2022-11-18 17:08:08,719]: [print_packet] Unexpected topic!!! : sensor2/moved 
[2022-11-18 17:08:08,723]: [TM_REGISTER         ] topic : TM/REGISTER/sensor3 payload : {
    "alive_cycle": 10,
    "functions": [
        {
            "arguments": [],
            "description": "",
            "energy": null,
            "exec_time": -1,
            "name": "__temperature",
            "return_type": "double",
skip... (print_packet mode=SoPPrintMode.ABBR)
[2022-11-18 17:08:08,726]: [print_packet] Unexpected topic!!! : sensor1/temperature 
[2022-11-18 17:08:08,728]: [print_packet] Unexpected topic!!! : sensor1/humidity 
[2022-11-18 17:08:08,729]: [print_packet] Unexpected topic!!! : sensor1/pressure 
[2022-11-18 17:08:08,730]: [print_packet] Unexpected topic!!! : sensor1/ax 
[2022-11-18 17:08:08,732]: [print_packet] Unexpected topic!!! : sensor1/ay 
[2022-11-18 17:08:08,734]: [print_packet] Unexpected topic!!! : sensor1/az 
[2022-11-18 17:08:08,736]: [print_packet] Unexpected topic!!! : sensor1/moved 
[2022-11-18 17:08:08,738]: [print_packet] Unexpected topic!!! : sensor0/temperature 
[2022-11-18 17:08:08,739]: [print_packet] Unexpected topic!!! : sensor0/humidity 
[2022-11-18 17:08:08,741]: [print_packet] Unexpected topic!!! : sensor0/pressure 
[2022-11-18 17:08:08,743]: [print_packet] Unexpected topic!!! : sensor0/ax 
[2022-11-18 17:08:08,745]: [print_packet] Unexpected topic!!! : sensor0/ay 
[2022-11-18 17:08:08,746]: [print_packet] Unexpected topic!!! : sensor0/az 
[2022-11-18 17:08:08,747]: [MT_RESULT_REGISTER  ] topic : MT/RESULT/REGISTER/sensor3 payload : {
    "error": -4,
    "middleware_name": "SoPIoT-MW-Level1-0_000000000000"
}
[2022-11-18 17:08:08,748]: [print_packet] Unexpected topic!!! : sensor0/moved 
[2022-11-18 17:08:08,748]: [DUP✔                 ] Thing lora_manager_thing_D8F3BC801CFB register success!
[2022-11-18 17:08:08,749]: [-> SUBSCRIBE         ] MT/EXECUTE/__temperature/sensor3/+/#
[2022-11-18 17:08:08,749]: [-> SUBSCRIBE         ] MT/EXECUTE/__temperature/sensor3
[2022-11-18 17:08:08,749]: [-> SUBSCRIBE         ] MT/EXECUTE/__humidity/sensor3/+/#
[2022-11-18 17:08:08,750]: [-> SUBSCRIBE         ] MT/EXECUTE/__humidity/sensor3
[2022-11-18 17:08:08,750]: [-> SUBSCRIBE         ] MT/EXECUTE/__pressure/sensor3/+/#
[2022-11-18 17:08:08,750]: [-> SUBSCRIBE         ] MT/EXECUTE/__pressure/sensor3
[2022-11-18 17:08:08,750]: [-> SUBSCRIBE         ] MT/EXECUTE/__ax/sensor3/+/#
[2022-11-18 17:08:08,750]: [-> SUBSCRIBE         ] MT/EXECUTE/__ax/sensor3
[2022-11-18 17:08:08,750]: [-> SUBSCRIBE         ] MT/EXECUTE/__ay/sensor3/+/#
[2022-11-18 17:08:08,750]: [-> SUBSCRIBE         ] MT/EXECUTE/__ay/sensor3
[2022-11-18 17:08:08,750]: [-> SUBSCRIBE         ] MT/EXECUTE/__az/sensor3/+/#
[2022-11-18 17:08:08,750]: [-> SUBSCRIBE         ] MT/EXECUTE/__az/sensor3
[2022-11-18 17:08:08,751]: [-> SUBSCRIBE         ] MT/EXECUTE/__moved/sensor3/+/#
[2022-11-18 17:08:08,751]: [-> SUBSCRIBE         ] MT/EXECUTE/__moved/sensor3
[2022-11-18 17:08:08,751]: [TM_ALIVE            ] topic : TM/ALIVE/sensor3 payload : {}
[2022-11-18 17:08:09,685]: [print_packet] Unexpected topic!!! : sensor2/temperature 
[2022-11-18 17:08:09,687]: [print_packet] Unexpected topic!!! : sensor3/temperature 
[2022-11-18 17:08:09,689]: [print_packet] Unexpected topic!!! : sensor3/humidity 
[2022-11-18 17:08:09,691]: [print_packet] Unexpected topic!!! : sensor3/pressure 
[2022-11-18 17:08:09,692]: [print_packet] Unexpected topic!!! : sensor3/ax 
[2022-11-18 17:08:09,695]: [print_packet] Unexpected topic!!! : sensor3/ay 
[2022-11-18 17:08:09,697]: [print_packet] Unexpected topic!!! : sensor3/az 
[2022-11-18 17:08:09,699]: [print_packet] Unexpected topic!!! : sensor3/moved 
[2022-11-18 17:08:09,701]: [print_packet] Unexpected topic!!! : sensor2/humidity 
[2022-11-18 17:08:09,703]: [print_packet] Unexpected topic!!! : sensor2/pressure 
[2022-11-18 17:08:09,706]: [print_packet] Unexpected topic!!! : sensor2/ax 
[2022-11-18 17:08:09,709]: [print_packet] Unexpected topic!!! : sensor2/ay 
[2022-11-18 17:08:09,712]: [print_packet] Unexpected topic!!! : sensor2/az 
[2022-11-18 17:08:09,713]: [print_packet] Unexpected topic!!! : sensor1/temperature 
[2022-11-18 17:08:09,715]: [print_packet] Unexpected topic!!! : sensor2/moved 
[2022-11-18 17:08:09,717]: [print_packet] Unexpected topic!!! : sensor1/humidity 
[2022-11-18 17:08:09,720]: [print_packet] Unexpected topic!!! : sensor1/pressure 
[2022-11-18 17:08:09,726]: [print_packet] Unexpected topic!!! : sensor1/ax 
[2022-11-18 17:08:09,728]: [print_packet] Unexpected topic!!! : sensor1/ay 
[2022-11-18 17:08:09,729]: [print_packet] Unexpected topic!!! : sensor1/az 
[2022-11-18 17:08:09,731]: [print_packet] Unexpected topic!!! : sensor1/moved 
[2022-11-18 17:08:09,732]: [print_packet] Unexpected topic!!! : sensor0/temperature 
[2022-11-18 17:08:09,734]: [print_packet] Unexpected topic!!! : sensor0/humidity 
[2022-11-18 17:08:09,735]: [print_packet] Unexpected topic!!! : sensor0/pressure 
[2022-11-18 17:08:09,737]: [print_packet] Unexpected topic!!! : sensor0/ax 
[2022-11-18 17:08:09,738]: [print_packet] Unexpected topic!!! : sensor0/ay 
[2022-11-18 17:08:09,740]: [print_packet] Unexpected topic!!! : sensor0/az 
[2022-11-18 17:08:09,743]: [print_packet] Unexpected topic!!! : sensor0/moved 
[2022-11-18 17:08:10,686]: [print_packet] Unexpected topic!!! : sensor2/temperature 
[2022-11-18 17:08:10,687]: [print_packet] Unexpected topic!!! : sensor3/temperature 
[2022-11-18 17:08:10,689]: [print_packet] Unexpected topic!!! : sensor3/humidity 
[2022-11-18 17:08:10,691]: [print_packet] Unexpected topic!!! : sensor3/pressure 
[2022-11-18 17:08:10,693]: [print_packet] Unexpected topic!!! : sensor3/ax 
[2022-11-18 17:08:10,695]: [print_packet] Unexpected topic!!! : sensor3/ay 
[2022-11-18 17:08:10,697]: [print_packet] Unexpected topic!!! : sensor3/az 
[2022-11-18 17:08:10,699]: [print_packet] Unexpected topic!!! : sensor3/moved 
[2022-11-18 17:08:10,701]: [print_packet] Unexpected topic!!! : sensor2/humidity 
[2022-11-18 17:08:10,703]: [print_packet] Unexpected topic!!! : sensor2/pressure 
[2022-11-18 17:08:10,705]: [print_packet] Unexpected topic!!! : sensor2/ax 
[2022-11-18 17:08:10,707]: [print_packet] Unexpected topic!!! : sensor1/temperature 
[2022-11-18 17:08:10,709]: [print_packet] Unexpected topic!!! : sensor2/ay 
[2022-11-18 17:08:10,711]: [print_packet] Unexpected topic!!! : sensor2/az 
[2022-11-18 17:08:10,714]: [print_packet] Unexpected topic!!! : sensor1/humidity 
[2022-11-18 17:08:10,717]: [print_packet] Unexpected topic!!! : sensor1/pressure 
[2022-11-18 17:08:10,719]: [print_packet] Unexpected topic!!! : sensor1/ax 
[2022-11-18 17:08:10,721]: [print_packet] Unexpected topic!!! : sensor1/ay 
[2022-11-18 17:08:10,723]: [print_packet] Unexpected topic!!! : sensor2/moved 
[2022-11-18 17:08:10,724]: [print_packet] Unexpected topic!!! : sensor1/az 
[2022-11-18 17:08:10,726]: [print_packet] Unexpected topic!!! : sensor1/moved 
[2022-11-18 17:08:10,728]: [print_packet] Unexpected topic!!! : sensor0/temperature 
[2022-11-18 17:08:10,730]: [print_packet] Unexpected topic!!! : sensor0/humidity 
[2022-11-18 17:08:10,732]: [print_packet] Unexpected topic!!! : sensor0/pressure 
[2022-11-18 17:08:10,735]: [print_packet] Unexpected topic!!! : sensor0/ax 
[2022-11-18 17:08:10,737]: [print_packet] Unexpected topic!!! : sensor0/ay 
[2022-11-18 17:08:10,738]: [print_packet] Unexpected topic!!! : sensor0/az 
[2022-11-18 17:08:10,740]: [print_packet] Unexpected topic!!! : sensor0/moved 
[2022-11-18 17:08:11,397]: Ctrl + C Exit
[2022-11-18 17:08:11,399]: [TM_UNREGISTER       ] topic : TM/UNREGISTER/sensor0 payload : {}
[2022-11-18 17:08:11,416]: [MT_RESULT_UNREGISTER] topic : MT/RESULT/UNREGISTER/sensor0 payload : {
    "error": -1
}
