[2022-12-15 17:34:15,727]: Skip avahi_enable search...
[2022-12-15 17:34:15,727]: SSL is not enabled...
[2022-12-15 17:34:15,729]: [-> CONNECT           ] Connect to Host: 127.0.0.1:11083
[2022-12-15 17:34:15,730]: Register try 1
[2022-12-15 17:34:15,730]: [-> SUBSCRIBE         ] MT/RESULT/REGISTER/lora_manager_thing_D8F3BC801CFB
[2022-12-15 17:34:15,731]: [-> SUBSCRIBE         ] MT/RESULT/UNREGISTER/lora_manager_thing_D8F3BC801CFB
[2022-12-15 17:34:15,731]: New staff_thing!!! name: [sensor0]
[2022-12-15 17:34:15,732]: [-> SUBSCRIBE         ] MT/RESULT/BINARY_VALUE/lora_manager_thing_D8F3BC801CFB
[2022-12-15 17:34:15,733]: [TM_REGISTER         ] topic : TM/REGISTER/lora_manager_thing_D8F3BC801CFB payload : {
    "alive_cycle": 60,
    "functions": [],
    "is_parallel": true,
    "is_super": false,
    "values": []
}
[2022-12-15 17:34:15,733]: [-> SUBSCRIBE         ] MT/RESULT/REGISTER/sensor0
[2022-12-15 17:34:15,734]: [-> SUBSCRIBE         ] MT/RESULT/UNREGISTER/sensor0
[2022-12-15 17:34:15,735]: [-> SUBSCRIBE         ] MT/RESULT/BINARY_VALUE/sensor0
[2022-12-15 17:34:15,738]: [TM_REGISTER         ] topic : TM/REGISTER/sensor0 payload : {
    "alive_cycle": 10,
    "functions": [
        {
            "arguments": [],
            "description": "",
            "energy": null,
            "exec_time": 10000,
            "name": "__temperature",
            "return_type": "double",
skip... (print_packet mode=SoPPrintMode.ABBR)
[2022-12-15 17:34:15,738]: [MT_RESULT_REGISTER  ] topic : MT/RESULT/REGISTER/lora_manager_thing_D8F3BC801CFB payload : {
    "error": -4,
    "middleware_name": "SoPIoT-MW-Level1-0_000000000000"
}
[2022-12-15 17:34:15,739]: [print_packet] Unexpected topic!!! : MT/RESULT/REGISTER/lora_manager_thing_D8F3BC801CFB 
[2022-12-15 17:34:15,740]: [sensor0_temperature ] topic : sensor0/temperature payload : {
    "type": "double",
    "value": 29.1
}
[2022-12-15 17:34:15,740]: Wrong payload arrive... lora_manager_thing_D8F3BC801CFB should be arrive, not lora_manager_thing_D8F3BC801CFB
[2022-12-15 17:34:15,741]: [sensor0_humidity    ] topic : sensor0/humidity payload : {
    "type": "double",
    "value": 27.9
}
[2022-12-15 17:34:15,743]: [sensor0_pressure    ] topic : sensor0/pressure payload : {
    "type": "int",
    "value": 994.2
}
[2022-12-15 17:34:15,745]: [sensor0_ax          ] topic : sensor0/ax payload : {
    "type": "int",
    "value": -14
}
[2022-12-15 17:34:15,746]: [sensor0_ay          ] topic : sensor0/ay payload : {
    "type": "int",
    "value": -29
}
[2022-12-15 17:34:15,748]: [sensor0_az          ] topic : sensor0/az payload : {
    "type": "int",
    "value": 1047
}
[2022-12-15 17:34:15,749]: [sensor0_moved       ] topic : sensor0/moved payload : {
    "type": "int",
    "value": 0
}
[2022-12-15 17:34:15,856]: [MT_RESULT_REGISTER  ] topic : MT/RESULT/REGISTER/sensor0 payload : {
    "error": 0,
    "middleware_name": "SoPIoT-MW-Level1-0_000000000000"
}
[2022-12-15 17:34:15,856]: [print_packet] Unexpected topic!!! : MT/RESULT/REGISTER/sensor0 
[2022-12-15 17:34:15,857]: [✔✔✔                  ] Thing sensor0 register success!
[2022-12-15 17:34:18,738]: [sensor0_humidity    ] topic : sensor0/humidity payload : {
    "type": "double",
    "value": 28.0
}
[2022-12-15 17:34:18,740]: [sensor0_pressure    ] topic : sensor0/pressure payload : {
    "type": "int",
    "value": 994.5
}
[2022-12-15 17:34:18,742]: [sensor0_ay          ] topic : sensor0/ay payload : {
    "type": "int",
    "value": -24
}
[2022-12-15 17:34:18,745]: [sensor0_az          ] topic : sensor0/az payload : {
    "type": "int",
    "value": 1102
}
[2022-12-15 17:34:21,740]: [sensor0_humidity    ] topic : sensor0/humidity payload : {
    "type": "double",
    "value": 27.9
}
[2022-12-15 17:34:21,741]: [sensor0_pressure    ] topic : sensor0/pressure payload : {
    "type": "int",
    "value": 994.3
}
[2022-12-15 17:34:21,743]: [sensor0_ax          ] topic : sensor0/ax payload : {
    "type": "int",
    "value": -15
}
[2022-12-15 17:34:21,746]: [sensor0_ay          ] topic : sensor0/ay payload : {
    "type": "int",
    "value": -28
}
[2022-12-15 17:34:21,748]: [sensor0_az          ] topic : sensor0/az payload : {
    "type": "int",
    "value": 1047
}
[2022-12-15 17:34:24,740]: [sensor0_humidity    ] topic : sensor0/humidity payload : {
    "type": "double",
    "value": 28.0
}
[2022-12-15 17:34:24,742]: [sensor0_pressure    ] topic : sensor0/pressure payload : {
    "type": "int",
    "value": 994.1
}
[2022-12-15 17:34:24,744]: [sensor0_ax          ] topic : sensor0/ax payload : {
    "type": "int",
    "value": -13
}
[2022-12-15 17:34:24,746]: [sensor0_ay          ] topic : sensor0/ay payload : {
    "type": "int",
    "value": -25
}
[2022-12-15 17:34:24,748]: [sensor0_az          ] topic : sensor0/az payload : {
    "type": "int",
    "value": 1103
}
[2022-12-15 17:34:25,734]: New staff_thing!!! name: [sensor1]
[2022-12-15 17:34:25,736]: [-> SUBSCRIBE         ] MT/RESULT/REGISTER/sensor1
[2022-12-15 17:34:25,737]: [-> SUBSCRIBE         ] MT/RESULT/UNREGISTER/sensor1
[2022-12-15 17:34:25,737]: [-> SUBSCRIBE         ] MT/RESULT/BINARY_VALUE/sensor1
[2022-12-15 17:34:25,740]: [TM_REGISTER         ] topic : TM/REGISTER/sensor1 payload : {
    "alive_cycle": 10,
    "functions": [
        {
            "arguments": [],
            "description": "",
            "energy": null,
            "exec_time": 10000,
            "name": "__temperature",
            "return_type": "double",
skip... (print_packet mode=SoPPrintMode.ABBR)
[2022-12-15 17:34:25,742]: [sensor1_temperature ] topic : sensor1/temperature payload : {
    "type": "double",
    "value": 29.1
}
[2022-12-15 17:34:25,745]: [sensor1_humidity    ] topic : sensor1/humidity payload : {
    "type": "double",
    "value": 28.0
}
[2022-12-15 17:34:25,747]: [sensor1_pressure    ] topic : sensor1/pressure payload : {
    "type": "int",
    "value": 994.1
}
[2022-12-15 17:34:25,749]: [sensor1_ax          ] topic : sensor1/ax payload : {
    "type": "int",
    "value": -13
}
[2022-12-15 17:34:25,751]: [sensor1_ay          ] topic : sensor1/ay payload : {
    "type": "int",
    "value": -25
}
[2022-12-15 17:34:25,753]: [sensor1_az          ] topic : sensor1/az payload : {
    "type": "int",
    "value": 1103
}
[2022-12-15 17:34:25,755]: [sensor1_moved       ] topic : sensor1/moved payload : {
    "type": "int",
    "value": 0
}
[2022-12-15 17:34:25,840]: [MT_RESULT_REGISTER  ] topic : MT/RESULT/REGISTER/sensor1 payload : {
    "error": 0,
    "middleware_name": "SoPIoT-MW-Level1-0_000000000000"
}
[2022-12-15 17:34:25,840]: [print_packet] Unexpected topic!!! : MT/RESULT/REGISTER/sensor1 
[2022-12-15 17:34:25,841]: [✔✔✔                  ] Thing sensor1 register success!
[2022-12-15 17:34:28,740]: [sensor1_humidity    ] topic : sensor1/humidity payload : {
    "type": "double",
    "value": 27.9
}
[2022-12-15 17:34:28,742]: [sensor1_pressure    ] topic : sensor1/pressure payload : {
    "type": "int",
    "value": 994.4
}
[2022-12-15 17:34:28,744]: [sensor1_ax          ] topic : sensor1/ax payload : {
    "type": "int",
    "value": -15
}
[2022-12-15 17:34:28,746]: [sensor1_ay          ] topic : sensor1/ay payload : {
    "type": "int",
    "value": -27
}
[2022-12-15 17:34:28,748]: [sensor1_az          ] topic : sensor1/az payload : {
    "type": "int",
    "value": 1045
}
[2022-12-15 17:34:31,742]: [sensor1_pressure    ] topic : sensor1/pressure payload : {
    "type": "int",
    "value": 993.8
}
[2022-12-15 17:34:31,744]: [sensor1_ax          ] topic : sensor1/ax payload : {
    "type": "int",
    "value": -14
}
[2022-12-15 17:34:31,745]: [sensor1_ay          ] topic : sensor1/ay payload : {
    "type": "int",
    "value": -24
}
[2022-12-15 17:34:31,747]: [sensor1_az          ] topic : sensor1/az payload : {
    "type": "int",
    "value": 1102
}
[2022-12-15 17:34:34,742]: [sensor1_pressure    ] topic : sensor1/pressure payload : {
    "type": "int",
    "value": 994.3
}
[2022-12-15 17:34:34,744]: [sensor1_ax          ] topic : sensor1/ax payload : {
    "type": "int",
    "value": -15
}
[2022-12-15 17:34:34,745]: [sensor1_ay          ] topic : sensor1/ay payload : {
    "type": "int",
    "value": -28
}
[2022-12-15 17:34:34,747]: [sensor1_az          ] topic : sensor1/az payload : {
    "type": "int",
    "value": 1045
}
[2022-12-15 17:34:35,737]: New staff_thing!!! name: [sensor2]
[2022-12-15 17:34:35,739]: [-> SUBSCRIBE         ] MT/RESULT/REGISTER/sensor2
[2022-12-15 17:34:35,739]: [-> SUBSCRIBE         ] MT/RESULT/UNREGISTER/sensor2
[2022-12-15 17:34:35,740]: [-> SUBSCRIBE         ] MT/RESULT/BINARY_VALUE/sensor2
[2022-12-15 17:34:35,742]: [TM_REGISTER         ] topic : TM/REGISTER/sensor2 payload : {
    "alive_cycle": 10,
    "functions": [
        {
            "arguments": [],
            "description": "",
            "energy": null,
            "exec_time": 10000,
            "name": "__temperature",
            "return_type": "double",
skip... (print_packet mode=SoPPrintMode.ABBR)
[2022-12-15 17:34:35,745]: [sensor2_temperature ] topic : sensor2/temperature payload : {
    "type": "double",
    "value": 29.1
}
[2022-12-15 17:34:35,747]: [sensor2_humidity    ] topic : sensor2/humidity payload : {
    "type": "double",
    "value": 27.9
}
[2022-12-15 17:34:35,748]: [sensor2_pressure    ] topic : sensor2/pressure payload : {
    "type": "int",
    "value": 994.2
}
[2022-12-15 17:34:35,751]: [sensor2_ax          ] topic : sensor2/ax payload : {
    "type": "int",
    "value": -15
}
[2022-12-15 17:34:35,752]: [sensor2_ay          ] topic : sensor2/ay payload : {
    "type": "int",
    "value": -25
}
[2022-12-15 17:34:35,754]: [sensor2_az          ] topic : sensor2/az payload : {
    "type": "int",
    "value": 1103
}
[2022-12-15 17:34:35,757]: [sensor2_moved       ] topic : sensor2/moved payload : {
    "type": "int",
    "value": 0
}
[2022-12-15 17:34:35,850]: [MT_RESULT_REGISTER  ] topic : MT/RESULT/REGISTER/sensor2 payload : {
    "error": 0,
    "middleware_name": "SoPIoT-MW-Level1-0_000000000000"
}
[2022-12-15 17:34:35,850]: [print_packet] Unexpected topic!!! : MT/RESULT/REGISTER/sensor2 
[2022-12-15 17:34:35,851]: [✔✔✔                  ] Thing sensor2 register success!
[2022-12-15 17:34:38,743]: [sensor2_pressure    ] topic : sensor2/pressure payload : {
    "type": "int",
    "value": 994.3
}
[2022-12-15 17:34:38,745]: [sensor2_ax          ] topic : sensor2/ax payload : {
    "type": "int",
    "value": -14
}
[2022-12-15 17:34:38,747]: [sensor2_ay          ] topic : sensor2/ay payload : {
    "type": "int",
    "value": -27
}
[2022-12-15 17:34:38,749]: [sensor2_az          ] topic : sensor2/az payload : {
    "type": "int",
    "value": 1046
}
[2022-12-15 17:34:41,744]: [sensor2_humidity    ] topic : sensor2/humidity payload : {
    "type": "double",
    "value": 27.8
}
[2022-12-15 17:34:41,745]: [sensor2_pressure    ] topic : sensor2/pressure payload : {
    "type": "int",
    "value": 994.0
}
[2022-12-15 17:34:41,747]: [sensor2_ax          ] topic : sensor2/ax payload : {
    "type": "int",
    "value": -13
}
[2022-12-15 17:34:41,749]: [sensor2_ay          ] topic : sensor2/ay payload : {
    "type": "int",
    "value": -24
}
[2022-12-15 17:34:41,751]: [sensor2_az          ] topic : sensor2/az payload : {
    "type": "int",
    "value": 1104
}
[2022-12-15 17:34:42,499]: Ctrl + C Exit
[2022-12-15 17:34:42,501]: [TM_UNREGISTER       ] topic : TM/UNREGISTER/sensor2 payload : {}
[2022-12-15 17:34:42,516]: [MT_RESULT_UNREGISTER] topic : MT/RESULT/UNREGISTER/sensor2 payload : {
    "error": -1
}
[2022-12-15 17:34:42,516]: [print_packet] Unexpected topic!!! : MT/RESULT/UNREGISTER/sensor2 
[2022-12-15 17:34:42,517]: [✖✖✖                  ] Thing lora_manager_thing_D8F3BC801CFB register packset was nonvaild
[2022-12-15 17:34:42,517]: [handle_MT_RESULT_UNREGISTER] Unregister failed... error code : -1
