[2022-12-14 21:16:23,762]: Skip avahi_enable search...
[2022-12-14 21:16:23,762]: SSL is not enabled...
[2022-12-14 21:16:23,764]: [-> CONNECT           ] Connect to Host: 127.0.0.1:11083
[2022-12-14 21:16:23,766]: Register try 1
[2022-12-14 21:16:23,766]: [-> SUBSCRIBE         ] MT/RESULT/REGISTER/lora_manager_thing_D8F3BC801CFB
[2022-12-14 21:16:23,768]: [-> SUBSCRIBE         ] MT/RESULT/UNREGISTER/lora_manager_thing_D8F3BC801CFB
[2022-12-14 21:16:23,769]: New staff_thing!!! name = sensor0
[2022-12-14 21:16:23,769]: [-> SUBSCRIBE         ] MT/RESULT/BINARY_VALUE/lora_manager_thing_D8F3BC801CFB
[2022-12-14 21:16:23,770]: [-> SUBSCRIBE         ] MT/RESULT/REGISTER/sensor0
[2022-12-14 21:16:23,771]: [-> SUBSCRIBE         ] MT/RESULT/UNREGISTER/sensor0
[2022-12-14 21:16:23,772]: [MT_EXECUTE          ] topic : MT/EXECUTE/__temperature/sensor0 payload : {
    "type": "double",
    "value": 19.1
}
[2022-12-14 21:16:23,772]: [-> SUBSCRIBE         ] MT/RESULT/BINARY_VALUE/sensor0
[2022-12-14 21:16:23,773]: [_send_staff_RESULT_REGISTER] Register sensor0 complete!!!
[2022-12-14 21:16:23,774]: [MT_EXECUTE          ] topic : MT/EXECUTE/__humidity/sensor0 payload : {
    "type": "double",
    "value": 22.6
}
[2022-12-14 21:16:23,776]: [MT_EXECUTE          ] topic : MT/EXECUTE/__pressure/sensor0 payload : {
    "type": "int",
    "value": 998.2
}
[2022-12-14 21:16:23,777]: [MT_EXECUTE          ] topic : MT/EXECUTE/__ax/sensor0 payload : {
    "type": "int",
    "value": 0
}
[2022-12-14 21:16:23,779]: [MT_EXECUTE          ] topic : MT/EXECUTE/__ay/sensor0 payload : {
    "type": "int",
    "value": -9
}
[2022-12-14 21:16:23,781]: [MT_EXECUTE          ] topic : MT/EXECUTE/__az/sensor0 payload : {
    "type": "int",
    "value": 1044
}
[2022-12-14 21:16:23,782]: [MT_EXECUTE          ] topic : MT/EXECUTE/__moved/sensor0 payload : {
    "type": "int",
    "value": 0
}
[2022-12-14 21:16:23,784]: [TM_REGISTER         ] topic : TM/REGISTER/lora_manager_thing_D8F3BC801CFB payload : {
    "alive_cycle": 60,
    "functions": [],
    "is_parallel": true,
    "is_super": false,
    "values": []
}
[2022-12-14 21:16:23,786]: [MT_RESULT_REGISTER  ] topic : MT/RESULT/REGISTER/lora_manager_thing_D8F3BC801CFB payload : {
    "error": -4,
    "middleware_name": "SoPIoT-MW-Level1-0_000000000000"
}
[2022-12-14 21:16:23,787]: [DUP✔                 ] Thing lora_manager_thing_D8F3BC801CFB register success!
[2022-12-14 21:16:23,789]: [TM_ALIVE            ] topic : TM/ALIVE/lora_manager_thing_D8F3BC801CFB payload : {}
[2022-12-14 21:16:26,773]: [MT_EXECUTE          ] topic : MT/EXECUTE/__temperature/sensor0 payload : {
    "type": "double",
    "value": 19.1
}
[2022-12-14 21:16:26,777]: [MT_EXECUTE          ] topic : MT/EXECUTE/__humidity/sensor0 payload : {
    "type": "double",
    "value": 22.5
}
[2022-12-14 21:16:26,780]: [MT_EXECUTE          ] topic : MT/EXECUTE/__pressure/sensor0 payload : {
    "type": "int",
    "value": 998.1
}
[2022-12-14 21:16:26,783]: [MT_EXECUTE          ] topic : MT/EXECUTE/__ax/sensor0 payload : {
    "type": "int",
    "value": 0
}
[2022-12-14 21:16:26,787]: [MT_EXECUTE          ] topic : MT/EXECUTE/__ay/sensor0 payload : {
    "type": "int",
    "value": -6
}
[2022-12-14 21:16:26,791]: [MT_EXECUTE          ] topic : MT/EXECUTE/__az/sensor0 payload : {
    "type": "int",
    "value": 1100
}
[2022-12-14 21:16:26,795]: [MT_EXECUTE          ] topic : MT/EXECUTE/__moved/sensor0 payload : {
    "type": "int",
    "value": 0
}
[2022-12-14 21:16:29,772]: [MT_EXECUTE          ] topic : MT/EXECUTE/__temperature/sensor0 payload : {
    "type": "double",
    "value": 19.1
}
[2022-12-14 21:16:29,777]: [MT_EXECUTE          ] topic : MT/EXECUTE/__humidity/sensor0 payload : {
    "type": "double",
    "value": 22.5
}
[2022-12-14 21:16:29,781]: [MT_EXECUTE          ] topic : MT/EXECUTE/__pressure/sensor0 payload : {
    "type": "int",
    "value": 998.0
}
[2022-12-14 21:16:29,784]: [MT_EXECUTE          ] topic : MT/EXECUTE/__ax/sensor0 payload : {
    "type": "int",
    "value": 0
}
[2022-12-14 21:16:29,787]: [MT_EXECUTE          ] topic : MT/EXECUTE/__ay/sensor0 payload : {
    "type": "int",
    "value": -9
}
[2022-12-14 21:16:29,790]: [MT_EXECUTE          ] topic : MT/EXECUTE/__az/sensor0 payload : {
    "type": "int",
    "value": 1044
}
[2022-12-14 21:16:29,792]: [MT_EXECUTE          ] topic : MT/EXECUTE/__moved/sensor0 payload : {
    "type": "int",
    "value": 0
}
[2022-12-14 21:16:32,772]: [MT_EXECUTE          ] topic : MT/EXECUTE/__temperature/sensor0 payload : {
    "type": "double",
    "value": 19.0
}
[2022-12-14 21:16:32,775]: [MT_EXECUTE          ] topic : MT/EXECUTE/__humidity/sensor0 payload : {
    "type": "double",
    "value": 22.6
}
[2022-12-14 21:16:32,777]: [MT_EXECUTE          ] topic : MT/EXECUTE/__pressure/sensor0 payload : {
    "type": "int",
    "value": 998.6
}
[2022-12-14 21:16:32,779]: [MT_EXECUTE          ] topic : MT/EXECUTE/__ax/sensor0 payload : {
    "type": "int",
    "value": 0
}
[2022-12-14 21:16:32,782]: [MT_EXECUTE          ] topic : MT/EXECUTE/__ay/sensor0 payload : {
    "type": "int",
    "value": -6
}
[2022-12-14 21:16:32,784]: [MT_EXECUTE          ] topic : MT/EXECUTE/__az/sensor0 payload : {
    "type": "int",
    "value": 1100
}
[2022-12-14 21:16:32,786]: [MT_EXECUTE          ] topic : MT/EXECUTE/__moved/sensor0 payload : {
    "type": "int",
    "value": 0
}
[2022-12-14 21:16:33,768]: [TM_ALIVE            ] topic : TM/ALIVE/sensor0 payload : {}
[2022-12-14 21:16:35,774]: [MT_EXECUTE          ] topic : MT/EXECUTE/__temperature/sensor0 payload : {
    "type": "double",
    "value": 19.1
}
[2022-12-14 21:16:35,778]: [MT_EXECUTE          ] topic : MT/EXECUTE/__humidity/sensor0 payload : {
    "type": "double",
    "value": 22.5
}
[2022-12-14 21:16:35,781]: [MT_EXECUTE          ] topic : MT/EXECUTE/__pressure/sensor0 payload : {
    "type": "int",
    "value": 998.3
}
[2022-12-14 21:16:35,783]: [MT_EXECUTE          ] topic : MT/EXECUTE/__ax/sensor0 payload : {
    "type": "int",
    "value": 0
}
[2022-12-14 21:16:35,786]: [MT_EXECUTE          ] topic : MT/EXECUTE/__ay/sensor0 payload : {
    "type": "int",
    "value": -8
}
[2022-12-14 21:16:35,790]: [MT_EXECUTE          ] topic : MT/EXECUTE/__az/sensor0 payload : {
    "type": "int",
    "value": 1045
}
[2022-12-14 21:16:35,793]: [MT_EXECUTE          ] topic : MT/EXECUTE/__moved/sensor0 payload : {
    "type": "int",
    "value": 0
}
[2022-12-14 21:16:38,773]: [MT_EXECUTE          ] topic : MT/EXECUTE/__temperature/sensor0 payload : {
    "type": "double",
    "value": 19.1
}
[2022-12-14 21:16:38,775]: [MT_EXECUTE          ] topic : MT/EXECUTE/__humidity/sensor0 payload : {
    "type": "double",
    "value": 22.6
}
[2022-12-14 21:16:38,777]: [MT_EXECUTE          ] topic : MT/EXECUTE/__pressure/sensor0 payload : {
    "type": "int",
    "value": 997.5
}
[2022-12-14 21:16:38,779]: [MT_EXECUTE          ] topic : MT/EXECUTE/__ax/sensor0 payload : {
    "type": "int",
    "value": 0
}
[2022-12-14 21:16:38,781]: [MT_EXECUTE          ] topic : MT/EXECUTE/__ay/sensor0 payload : {
    "type": "int",
    "value": -6
}
[2022-12-14 21:16:38,783]: [MT_EXECUTE          ] topic : MT/EXECUTE/__az/sensor0 payload : {
    "type": "int",
    "value": 1100
}
[2022-12-14 21:16:38,785]: [MT_EXECUTE          ] topic : MT/EXECUTE/__moved/sensor0 payload : {
    "type": "int",
    "value": 0
}
[2022-12-14 21:16:41,775]: [MT_EXECUTE          ] topic : MT/EXECUTE/__temperature/sensor0 payload : {
    "type": "double",
    "value": 19.1
}
[2022-12-14 21:16:41,778]: [MT_EXECUTE          ] topic : MT/EXECUTE/__humidity/sensor0 payload : {
    "type": "double",
    "value": 22.6
}
[2022-12-14 21:16:41,782]: [MT_EXECUTE          ] topic : MT/EXECUTE/__pressure/sensor0 payload : {
    "type": "int",
    "value": 998.1
}
[2022-12-14 21:16:41,785]: [MT_EXECUTE          ] topic : MT/EXECUTE/__ax/sensor0 payload : {
    "type": "int",
    "value": -1
}
[2022-12-14 21:16:41,787]: [MT_EXECUTE          ] topic : MT/EXECUTE/__ay/sensor0 payload : {
    "type": "int",
    "value": -9
}
[2022-12-14 21:16:41,789]: [MT_EXECUTE          ] topic : MT/EXECUTE/__az/sensor0 payload : {
    "type": "int",
    "value": 1043
}
[2022-12-14 21:16:41,791]: [MT_EXECUTE          ] topic : MT/EXECUTE/__moved/sensor0 payload : {
    "type": "int",
    "value": 0
}
[2022-12-14 21:16:42,952]: Ctrl + C Exit
