[2022-12-15 15:10:39,107]: Skip avahi_enable search...
[2022-12-15 15:10:39,107]: SSL is not enabled...
[2022-12-15 15:10:39,110]: [-> CONNECT           ] Connect to Host: 127.0.0.1:11083
[2022-12-15 15:10:39,112]: Register try 1
[2022-12-15 15:10:39,114]: New staff_thing!!! name: [sensor0]
[2022-12-15 15:10:39,115]: [-> SUBSCRIBE         ] MT/RESULT/REGISTER/lora_manager_thing_D8F3BC801CFB
[2022-12-15 15:10:39,116]: [TM_ALIVE            ] topic : TM/ALIVE/sensor0 payload : {}
[2022-12-15 15:10:39,116]: [-> SUBSCRIBE         ] MT/RESULT/UNREGISTER/lora_manager_thing_D8F3BC801CFB
[2022-12-15 15:10:39,116]: [-> SUBSCRIBE         ] MT/RESULT/BINARY_VALUE/lora_manager_thing_D8F3BC801CFB
[2022-12-15 15:10:39,118]: [-> SUBSCRIBE         ] MT/RESULT/REGISTER/sensor0
[2022-12-15 15:10:39,119]: [TM_REGISTER         ] topic : TM/REGISTER/lora_manager_thing_D8F3BC801CFB payload : {
    "alive_cycle": 60,
    "functions": [],
    "is_parallel": true,
    "is_super": false,
    "values": []
}
[2022-12-15 15:10:39,120]: [-> SUBSCRIBE         ] MT/RESULT/UNREGISTER/sensor0
[2022-12-15 15:10:39,121]: [-> SUBSCRIBE         ] MT/RESULT/BINARY_VALUE/sensor0
[2022-12-15 15:10:39,123]: [TM_ALIVE            ] topic : TM/ALIVE/sensor0 payload : {}
[2022-12-15 15:10:39,125]: [TM_ALIVE            ] topic : TM/ALIVE/sensor0 payload : {}
[2022-12-15 15:10:39,125]: [MT_RESULT_REGISTER  ] topic : MT/RESULT/REGISTER/lora_manager_thing_D8F3BC801CFB payload : {
    "error": -4,
    "middleware_name": "SoPIoT-MW-Level1-0_000000000000"
}
[2022-12-15 15:10:39,125]: [print_packet] Unexpected topic!!! : MT/RESULT/REGISTER/lora_manager_thing_D8F3BC801CFB 
[2022-12-15 15:10:39,126]: Wrong payload arrive... lora_manager_thing_D8F3BC801CFB should be arrive, not lora_manager_thing_D8F3BC801CFB
[2022-12-15 15:10:39,127]: [TM_ALIVE            ] topic : TM/ALIVE/sensor0 payload : {}
[2022-12-15 15:10:39,129]: Traceback message : Traceback (most recent call last):
  File "/home/jyeom/anaconda3/envs/py37tf26/lib/python3.7/site-packages/big_thing_py/big_thing.py", line 213, in _receive_message_thread_func
    self._handle_mqtt_message(recv_msg)
  File "/home/jyeom/anaconda3/envs/py37tf26/lib/python3.7/site-packages/big_thing_py/big_thing.py", line 286, in _handle_mqtt_message
    self._handle_MT_RESULT_REGISTER(msg)
  File "/home/jyeom/anaconda3/envs/py37tf26/lib/python3.7/site-packages/big_thing_py/manager_thing.py", line 261, in _handle_MT_RESULT_REGISTER
    raise
RuntimeError: No active exception to reraise

Error: No active exception to reraise
[2022-12-15 15:10:44,124]: Register try 2
[2022-12-15 15:10:44,124]: [-> SUBSCRIBE         ] MT/RESULT/REGISTER/lora_manager_thing_D8F3BC801CFB
[2022-12-15 15:10:44,124]: [-> SUBSCRIBE         ] MT/RESULT/UNREGISTER/lora_manager_thing_D8F3BC801CFB
[2022-12-15 15:10:44,125]: [-> SUBSCRIBE         ] MT/RESULT/BINARY_VALUE/lora_manager_thing_D8F3BC801CFB
[2022-12-15 15:10:49,116]: Traceback message : Traceback (most recent call last):
  File "/home/jyeom/anaconda3/envs/py37tf26/lib/python3.7/site-packages/big_thing_py/manager_thing.py", line 172, in _scan_staff_message_thread_func
    raise Exception('Scan staff thing error')
Exception: Scan staff thing error

Error: Scan staff thing error
[2022-12-15 15:10:49,132]: Register try 3
[2022-12-15 15:10:49,132]: [-> SUBSCRIBE         ] MT/RESULT/REGISTER/lora_manager_thing_D8F3BC801CFB
[2022-12-15 15:10:49,133]: [-> SUBSCRIBE         ] MT/RESULT/UNREGISTER/lora_manager_thing_D8F3BC801CFB
[2022-12-15 15:10:49,133]: [-> SUBSCRIBE         ] MT/RESULT/BINARY_VALUE/lora_manager_thing_D8F3BC801CFB
[2022-12-15 15:10:54,141]: Register try 4
[2022-12-15 15:10:54,141]: [-> SUBSCRIBE         ] MT/RESULT/REGISTER/lora_manager_thing_D8F3BC801CFB
[2022-12-15 15:10:54,141]: [-> SUBSCRIBE         ] MT/RESULT/UNREGISTER/lora_manager_thing_D8F3BC801CFB
[2022-12-15 15:10:54,141]: [-> SUBSCRIBE         ] MT/RESULT/BINARY_VALUE/lora_manager_thing_D8F3BC801CFB
[2022-12-15 15:10:59,149]: Register try 5
[2022-12-15 15:10:59,149]: [-> SUBSCRIBE         ] MT/RESULT/REGISTER/lora_manager_thing_D8F3BC801CFB
[2022-12-15 15:10:59,150]: [-> SUBSCRIBE         ] MT/RESULT/UNREGISTER/lora_manager_thing_D8F3BC801CFB
[2022-12-15 15:10:59,150]: [-> SUBSCRIBE         ] MT/RESULT/BINARY_VALUE/lora_manager_thing_D8F3BC801CFB
[2022-12-15 15:11:02,594]: Ctrl + C Exit
[2022-12-15 15:11:02,595]: _alive_thread is terminated
[2022-12-15 15:11:02,595]: _value_publish_thread is terminated
[2022-12-15 15:11:02,595]: _scan_staff_message_thread is terminated
[2022-12-15 15:11:02,595]: _receive_staff_message_thread is terminated
[2022-12-15 15:11:02,595]: _publish_staff_message_thread is terminated
