[2022-11-18 16:24:11,137]: Skip avahi_enable search...
[2022-11-18 16:24:11,138]: SSL is not enabled...
[2022-11-18 16:24:11,140]: [-> CONNECT           ] Connect to Host: 127.0.0.1:11083
[2022-11-18 16:24:11,143]: New staff_thing!!! name = sensor0
[2022-11-18 16:24:11,144]: [-> SUBSCRIBE         ] MT/RESULT/REGISTER/sensor0
[2022-11-18 16:24:11,144]: [-> SUBSCRIBE         ] MT/RESULT/UNREGISTER/sensor0
[2022-11-18 16:24:11,144]: [-> SUBSCRIBE         ] MT/RESULT/BINARY_VALUE/sensor0
[2022-11-18 16:24:11,146]: [_send_staff_RESULT_REGISTER] Register sensor0 complete!!!
[2022-11-18 16:24:11,147]: [TM_REGISTER         ] topic : TM/REGISTER/sensor0 payload : {
    "alive_cycle": 10,
    "functions": [
        {
            "arguments": [],
            "description": "",
            "energy": null,
            "exec_time": -1,
            "name": "__temperature",
            "return_type": "double",
skip... (print_packet mode=SoPPrintMode.ABBR)
[2022-11-18 16:24:11,149]: Traceback message : Traceback (most recent call last):
  File "/home/jyeom/anaconda3/envs/py37tf26/lib/python3.7/site-packages/big_thing_py/manager_thing.py", line 208, in scan_staff_message
    msg = self._receive_staff_packet()
  File "/home/jyeom/big-thing-py-examples/manager_thing/lora_manager_thing/lora_manager_thing.py", line 125, in _receive_staff_packet
    value.get_name(), value.dump_pub())
TypeError: _send_TM_VALUE_PUBLISH() missing 1 required positional argument: 'payload'

Error: _send_TM_VALUE_PUBLISH() missing 1 required positional argument: 'payload'
[2022-11-18 16:24:11,262]: [MT_RESULT_REGISTER  ] topic : MT/RESULT/REGISTER/sensor0 payload : {
    "error": 0,
    "middleware_name": "SoPIoT-MW-Level1-0_000000000000"
}
[2022-11-18 16:24:46,871]: Ctrl + C Exit
