[2022-11-18 17:26:38,055]: Skip avahi_enable search...
[2022-11-18 17:26:38,055]: SSL is not enabled...
[2022-11-18 17:26:38,057]: [-> CONNECT           ] Connect to Host: 127.0.0.1:11083
[2022-11-18 17:26:38,061]: New staff_thing!!! name = sensor0
[2022-11-18 17:26:38,061]: [-> SUBSCRIBE         ] MT/RESULT/REGISTER/sensor0
[2022-11-18 17:26:38,062]: [-> SUBSCRIBE         ] MT/RESULT/UNREGISTER/sensor0
[2022-11-18 17:26:38,063]: [-> SUBSCRIBE         ] MT/RESULT/BINARY_VALUE/sensor0
[2022-11-18 17:26:38,064]: [_send_staff_RESULT_REGISTER] Register sensor0 complete!!!
[2022-11-18 17:26:38,065]: [TM_REGISTER         ] topic : TM/REGISTER/sensor0 payload : {
    "alive_cycle": 10,
    "functions": [
        {
            "arguments": [],
            "description": "",
            "energy": null,
            "exec_time": -1,
            "name": "__temperature",
            "return_type": "double",
skip... (print_packet mode=SoPPrintMode.ABBR)
[2022-11-18 17:26:38,088]: [MT_RESULT_REGISTER  ] topic : MT/RESULT/REGISTER/sensor0 payload : {
    "error": -4,
    "middleware_name": "SoPIoT-MW-Level1-0_000000000000"
}
[2022-11-18 17:26:38,090]: [DUP✔                 ] Thing lora_manager_thing_D8F3BC801CFB register success!
[2022-11-18 17:26:38,090]: [-> SUBSCRIBE         ] MT/EXECUTE/__temperature/sensor0/+/#
[2022-11-18 17:26:38,090]: [-> SUBSCRIBE         ] MT/EXECUTE/__temperature/sensor0
[2022-11-18 17:26:38,091]: [-> SUBSCRIBE         ] MT/EXECUTE/__humidity/sensor0/+/#
[2022-11-18 17:26:38,091]: [-> SUBSCRIBE         ] MT/EXECUTE/__humidity/sensor0
[2022-11-18 17:26:38,092]: [-> SUBSCRIBE         ] MT/EXECUTE/__pressure/sensor0/+/#
[2022-11-18 17:26:38,092]: [-> SUBSCRIBE         ] MT/EXECUTE/__pressure/sensor0
[2022-11-18 17:26:38,092]: [-> SUBSCRIBE         ] MT/EXECUTE/__ax/sensor0/+/#
[2022-11-18 17:26:38,093]: [-> SUBSCRIBE         ] MT/EXECUTE/__ax/sensor0
[2022-11-18 17:26:38,094]: [-> SUBSCRIBE         ] MT/EXECUTE/__ay/sensor0/+/#
[2022-11-18 17:26:38,094]: [-> SUBSCRIBE         ] MT/EXECUTE/__ay/sensor0
[2022-11-18 17:26:38,096]: [-> SUBSCRIBE         ] MT/EXECUTE/__az/sensor0/+/#
[2022-11-18 17:26:38,097]: [-> SUBSCRIBE         ] MT/EXECUTE/__az/sensor0
[2022-11-18 17:26:38,097]: [-> SUBSCRIBE         ] MT/EXECUTE/__moved/sensor0/+/#
[2022-11-18 17:26:38,099]: [-> SUBSCRIBE         ] MT/EXECUTE/__moved/sensor0
[2022-11-18 17:26:41,065]: Traceback message : Traceback (most recent call last):
  File "/home/jyeom/anaconda3/envs/py37tf26/lib/python3.7/site-packages/big_thing_py/core/value.py", line 35, in update
    new_value = self._func(*arg_list, **kwargs)
  File "/home/jyeom/big-thing-py-examples/manager_thing/lora_manager_thing/lora_staff_thing.py", line 22, in current_temperature
    return get_temperature(self._device_id)
  File "/home/jyeom/big-thing-py-examples/manager_thing/lora_manager_thing/lora_utils.py", line 18, in get_temperature
    return sensor_data_dict[node_id]['temperature']
NameError: name 'sensor_data_dict' is not defined

Error: name 'sensor_data_dict' is not defined
[2022-11-18 17:26:41,066]: [print_packet] Unexpected topic!!! : sensor0/temperature 
[2022-11-18 17:26:44,069]: Traceback message : Traceback (most recent call last):
  File "/home/jyeom/anaconda3/envs/py37tf26/lib/python3.7/site-packages/big_thing_py/core/value.py", line 35, in update
    new_value = self._func(*arg_list, **kwargs)
  File "/home/jyeom/big-thing-py-examples/manager_thing/lora_manager_thing/lora_staff_thing.py", line 28, in current_humidity
    return get_humidity(self._device_id)
  File "/home/jyeom/big-thing-py-examples/manager_thing/lora_manager_thing/lora_utils.py", line 24, in get_humidity
    return sensor_data_dict[node_id]['humidity']
NameError: name 'sensor_data_dict' is not defined

Error: name 'sensor_data_dict' is not defined
[2022-11-18 17:26:44,070]: Traceback message : Traceback (most recent call last):
  File "/home/jyeom/anaconda3/envs/py37tf26/lib/python3.7/site-packages/big_thing_py/core/value.py", line 35, in update
    new_value = self._func(*arg_list, **kwargs)
  File "/home/jyeom/big-thing-py-examples/manager_thing/lora_manager_thing/lora_staff_thing.py", line 25, in current_pressure
    return get_pressure(self._device_id)
NameError: name 'get_pressure' is not defined

Error: name 'get_pressure' is not defined
[2022-11-18 17:26:44,071]: [print_packet] Unexpected topic!!! : sensor0/humidity 
[2022-11-18 17:26:44,072]: Traceback message : Traceback (most recent call last):
  File "/home/jyeom/anaconda3/envs/py37tf26/lib/python3.7/site-packages/big_thing_py/core/value.py", line 35, in update
    new_value = self._func(*arg_list, **kwargs)
  File "/home/jyeom/big-thing-py-examples/manager_thing/lora_manager_thing/lora_staff_thing.py", line 31, in current_ax
    return get_ax(self._device_id)
NameError: name 'get_ax' is not defined

Error: name 'get_ax' is not defined
[2022-11-18 17:26:44,073]: Traceback message : Traceback (most recent call last):
  File "/home/jyeom/anaconda3/envs/py37tf26/lib/python3.7/site-packages/big_thing_py/core/value.py", line 35, in update
    new_value = self._func(*arg_list, **kwargs)
  File "/home/jyeom/big-thing-py-examples/manager_thing/lora_manager_thing/lora_staff_thing.py", line 34, in current_ay
    return get_ay(self._device_id)
NameError: name 'get_ay' is not defined

Error: name 'get_ay' is not defined
[2022-11-18 17:26:44,073]: [print_packet] Unexpected topic!!! : sensor0/pressure 
[2022-11-18 17:26:44,075]: Traceback message : Traceback (most recent call last):
  File "/home/jyeom/anaconda3/envs/py37tf26/lib/python3.7/site-packages/big_thing_py/core/value.py", line 35, in update
    new_value = self._func(*arg_list, **kwargs)
  File "/home/jyeom/big-thing-py-examples/manager_thing/lora_manager_thing/lora_staff_thing.py", line 37, in current_az
    return get_az(self._device_id)
NameError: name 'get_az' is not defined

Error: name 'get_az' is not defined
[2022-11-18 17:26:44,076]: Traceback message : Traceback (most recent call last):
  File "/home/jyeom/anaconda3/envs/py37tf26/lib/python3.7/site-packages/big_thing_py/core/value.py", line 35, in update
    new_value = self._func(*arg_list, **kwargs)
  File "/home/jyeom/big-thing-py-examples/manager_thing/lora_manager_thing/lora_staff_thing.py", line 19, in moved
    return get_moved(self._device_id)
NameError: name 'get_moved' is not defined

Error: name 'get_moved' is not defined
[2022-11-18 17:26:44,076]: [print_packet] Unexpected topic!!! : sensor0/ax 
[2022-11-18 17:26:44,078]: New staff_thing!!! name = sensor1
[2022-11-18 17:26:44,079]: [print_packet] Unexpected topic!!! : sensor0/ay 
[2022-11-18 17:26:44,079]: [-> SUBSCRIBE         ] MT/RESULT/REGISTER/sensor1
[2022-11-18 17:26:44,080]: [-> SUBSCRIBE         ] MT/RESULT/UNREGISTER/sensor1
[2022-11-18 17:26:44,081]: [-> SUBSCRIBE         ] MT/RESULT/BINARY_VALUE/sensor1
[2022-11-18 17:26:44,083]: [print_packet] Unexpected topic!!! : sensor0/az 
[2022-11-18 17:26:44,083]: [_send_staff_RESULT_REGISTER] Register sensor1 complete!!!
[2022-11-18 17:26:44,085]: New staff_thing!!! name = sensor2
[2022-11-18 17:26:44,086]: [print_packet] Unexpected topic!!! : sensor0/moved 
[2022-11-18 17:26:44,087]: [-> SUBSCRIBE         ] MT/RESULT/REGISTER/sensor2
[2022-11-18 17:26:44,087]: [-> SUBSCRIBE         ] MT/RESULT/UNREGISTER/sensor2
[2022-11-18 17:26:44,088]: [-> SUBSCRIBE         ] MT/RESULT/BINARY_VALUE/sensor2
[2022-11-18 17:26:44,089]: [_send_staff_RESULT_REGISTER] Register sensor2 complete!!!
[2022-11-18 17:26:44,089]: [TM_ALIVE            ] topic : TM/ALIVE/sensor0 payload : {}
[2022-11-18 17:26:44,093]: [TM_REGISTER         ] topic : TM/REGISTER/sensor1 payload : {
    "alive_cycle": 10,
    "functions": [
        {
            "arguments": [],
            "description": "",
            "energy": null,
            "exec_time": -1,
            "name": "__temperature",
            "return_type": "double",
skip... (print_packet mode=SoPPrintMode.ABBR)
[2022-11-18 17:26:44,096]: [TM_REGISTER         ] topic : TM/REGISTER/sensor2 payload : {
    "alive_cycle": 10,
    "functions": [
        {
            "arguments": [],
            "description": "",
            "energy": null,
            "exec_time": -1,
            "name": "__temperature",
            "return_type": "double",
skip... (print_packet mode=SoPPrintMode.ABBR)
[2022-11-18 17:26:44,141]: [MT_RESULT_REGISTER  ] topic : MT/RESULT/REGISTER/sensor1 payload : {
    "error": -4,
    "middleware_name": "SoPIoT-MW-Level1-0_000000000000"
}
[2022-11-18 17:26:44,143]: [DUP✔                 ] Thing lora_manager_thing_D8F3BC801CFB register success!
[2022-11-18 17:26:44,143]: [-> SUBSCRIBE         ] MT/EXECUTE/__temperature/sensor1/+/#
[2022-11-18 17:26:44,143]: [-> SUBSCRIBE         ] MT/EXECUTE/__temperature/sensor1
[2022-11-18 17:26:44,144]: [-> SUBSCRIBE         ] MT/EXECUTE/__humidity/sensor1/+/#
[2022-11-18 17:26:44,144]: [-> SUBSCRIBE         ] MT/EXECUTE/__humidity/sensor1
[2022-11-18 17:26:44,144]: [-> SUBSCRIBE         ] MT/EXECUTE/__pressure/sensor1/+/#
[2022-11-18 17:26:44,145]: [-> SUBSCRIBE         ] MT/EXECUTE/__pressure/sensor1
[2022-11-18 17:26:44,145]: [-> SUBSCRIBE         ] MT/EXECUTE/__ax/sensor1/+/#
[2022-11-18 17:26:44,146]: [-> SUBSCRIBE         ] MT/EXECUTE/__ax/sensor1
[2022-11-18 17:26:44,146]: [-> SUBSCRIBE         ] MT/EXECUTE/__ay/sensor1/+/#
[2022-11-18 17:26:44,146]: [-> SUBSCRIBE         ] MT/EXECUTE/__ay/sensor1
[2022-11-18 17:26:44,146]: [-> SUBSCRIBE         ] MT/EXECUTE/__az/sensor1/+/#
[2022-11-18 17:26:44,147]: [-> SUBSCRIBE         ] MT/EXECUTE/__az/sensor1
[2022-11-18 17:26:44,147]: [-> SUBSCRIBE         ] MT/EXECUTE/__moved/sensor1/+/#
[2022-11-18 17:26:44,147]: [-> SUBSCRIBE         ] MT/EXECUTE/__moved/sensor1
[2022-11-18 17:26:44,194]: [MT_RESULT_REGISTER  ] topic : MT/RESULT/REGISTER/sensor2 payload : {
    "error": -4,
    "middleware_name": "SoPIoT-MW-Level1-0_000000000000"
}
[2022-11-18 17:26:44,195]: [DUP✔                 ] Thing lora_manager_thing_D8F3BC801CFB register success!
[2022-11-18 17:26:44,196]: [-> SUBSCRIBE         ] MT/EXECUTE/__temperature/sensor2/+/#
[2022-11-18 17:26:44,197]: [-> SUBSCRIBE         ] MT/EXECUTE/__temperature/sensor2
[2022-11-18 17:26:44,197]: [-> SUBSCRIBE         ] MT/EXECUTE/__humidity/sensor2/+/#
[2022-11-18 17:26:44,198]: [-> SUBSCRIBE         ] MT/EXECUTE/__humidity/sensor2
[2022-11-18 17:26:44,198]: [-> SUBSCRIBE         ] MT/EXECUTE/__pressure/sensor2/+/#
[2022-11-18 17:26:44,198]: [-> SUBSCRIBE         ] MT/EXECUTE/__pressure/sensor2
[2022-11-18 17:26:44,198]: [-> SUBSCRIBE         ] MT/EXECUTE/__ax/sensor2/+/#
[2022-11-18 17:26:44,198]: [-> SUBSCRIBE         ] MT/EXECUTE/__ax/sensor2
[2022-11-18 17:26:44,198]: [-> SUBSCRIBE         ] MT/EXECUTE/__ay/sensor2/+/#
[2022-11-18 17:26:44,199]: [-> SUBSCRIBE         ] MT/EXECUTE/__ay/sensor2
[2022-11-18 17:26:44,199]: [-> SUBSCRIBE         ] MT/EXECUTE/__az/sensor2/+/#
[2022-11-18 17:26:44,199]: [-> SUBSCRIBE         ] MT/EXECUTE/__az/sensor2
[2022-11-18 17:26:44,199]: [-> SUBSCRIBE         ] MT/EXECUTE/__moved/sensor2/+/#
[2022-11-18 17:26:44,199]: [-> SUBSCRIBE         ] MT/EXECUTE/__moved/sensor2
[2022-11-18 17:26:45,658]: Ctrl + C Exit
