[2022-11-18 21:41:05,682]: Skip avahi_enable search...
[2022-11-18 21:41:05,683]: SSL is not enabled...
[2022-11-18 21:41:05,695]: [-> CONNECT           ] Connect to Host: 127.0.0.1:11083
[2022-11-18 21:41:05,696]: Register try 1
[2022-11-18 21:41:05,696]: [-> SUBSCRIBE         ] MT/RESULT/REGISTER/lora_manager_thing_D8F3BC801CFB
[2022-11-18 21:41:05,697]: [-> SUBSCRIBE         ] MT/RESULT/UNREGISTER/lora_manager_thing_D8F3BC801CFB
[2022-11-18 21:41:05,698]: [-> SUBSCRIBE         ] MT/RESULT/BINARY_VALUE/lora_manager_thing_D8F3BC801CFB
[2022-11-18 21:41:05,700]: [TM_REGISTER         ] topic : TM/REGISTER/lora_manager_thing_D8F3BC801CFB payload : {
    "alive_cycle": 60,
    "functions": [],
    "is_parallel": true,
    "is_super": false,
    "values": []
}
[2022-11-18 21:41:05,702]: [MT_RESULT_REGISTER  ] topic : MT/RESULT/REGISTER/lora_manager_thing_D8F3BC801CFB payload : {
    "error": -4,
    "middleware_name": "SoPIoT-MW-Level1-0_000000000000"
}
[2022-11-18 21:41:05,703]: [DUP✔                 ] Thing lora_manager_thing_D8F3BC801CFB register success!
[2022-11-18 21:41:05,705]: [TM_ALIVE            ] topic : TM/ALIVE/lora_manager_thing_D8F3BC801CFB payload : {}
[2022-11-18 21:41:35,700]: New staff_thing!!! name = sensor0
[2022-11-18 21:41:35,701]: [-> SUBSCRIBE         ] MT/RESULT/REGISTER/sensor0
[2022-11-18 21:41:35,701]: [-> SUBSCRIBE         ] MT/RESULT/UNREGISTER/sensor0
[2022-11-18 21:41:35,703]: [-> SUBSCRIBE         ] MT/RESULT/BINARY_VALUE/sensor0
[2022-11-18 21:41:35,704]: [_send_staff_RESULT_REGISTER] Register sensor0 complete!!!
[2022-11-18 21:41:35,706]: [MT_EXECUTE          ] topic : MT/EXECUTE/__temperature/sensor0 payload : {
    "type": "double",
    "value": 23.3
}
[2022-11-18 21:41:35,709]: [MT_EXECUTE          ] topic : MT/EXECUTE/__humidity/sensor0 payload : {
    "type": "double",
    "value": 75.9
}
[2022-11-18 21:41:35,711]: [MT_EXECUTE          ] topic : MT/EXECUTE/__pressure/sensor0 payload : {
    "type": "int",
    "value": 1019.1
}
[2022-11-18 21:41:35,713]: [MT_EXECUTE          ] topic : MT/EXECUTE/__ax/sensor0 payload : {
    "type": "int",
    "value": -26
}
[2022-11-18 21:41:35,715]: [MT_EXECUTE          ] topic : MT/EXECUTE/__ay/sensor0 payload : {
    "type": "int",
    "value": -59
}
[2022-11-18 21:41:35,716]: [MT_EXECUTE          ] topic : MT/EXECUTE/__az/sensor0 payload : {
    "type": "int",
    "value": 1099
}
[2022-11-18 21:41:35,718]: [MT_EXECUTE          ] topic : MT/EXECUTE/__moved/sensor0 payload : {
    "type": "int",
    "value": 0
}
[2022-11-18 21:41:38,703]: [MT_EXECUTE          ] topic : MT/EXECUTE/__temperature/sensor0 payload : {
    "type": "double",
    "value": 23.4
}
[2022-11-18 21:41:38,705]: [MT_EXECUTE          ] topic : MT/EXECUTE/__humidity/sensor0 payload : {
    "type": "double",
    "value": 75.9
}
[2022-11-18 21:41:38,707]: [MT_EXECUTE          ] topic : MT/EXECUTE/__pressure/sensor0 payload : {
    "type": "int",
    "value": 1018.9
}
[2022-11-18 21:41:38,709]: [MT_EXECUTE          ] topic : MT/EXECUTE/__ax/sensor0 payload : {
    "type": "int",
    "value": -27
}
[2022-11-18 21:41:38,710]: [MT_EXECUTE          ] topic : MT/EXECUTE/__ay/sensor0 payload : {
    "type": "int",
    "value": -64
}
[2022-11-18 21:41:38,712]: [MT_EXECUTE          ] topic : MT/EXECUTE/__az/sensor0 payload : {
    "type": "int",
    "value": 1043
}
[2022-11-18 21:41:38,714]: [MT_EXECUTE          ] topic : MT/EXECUTE/__moved/sensor0 payload : {
    "type": "int",
    "value": 0
}
[2022-11-18 21:41:41,703]: [MT_EXECUTE          ] topic : MT/EXECUTE/__temperature/sensor0 payload : {
    "type": "double",
    "value": 23.4
}
[2022-11-18 21:41:41,706]: [MT_EXECUTE          ] topic : MT/EXECUTE/__humidity/sensor0 payload : {
    "type": "double",
    "value": 75.8
}
[2022-11-18 21:41:41,708]: [MT_EXECUTE          ] topic : MT/EXECUTE/__pressure/sensor0 payload : {
    "type": "int",
    "value": 1018.9
}
[2022-11-18 21:41:41,710]: [MT_EXECUTE          ] topic : MT/EXECUTE/__ax/sensor0 payload : {
    "type": "int",
    "value": -25
}
[2022-11-18 21:41:41,712]: [MT_EXECUTE          ] topic : MT/EXECUTE/__ay/sensor0 payload : {
    "type": "int",
    "value": -59
}
[2022-11-18 21:41:41,714]: [MT_EXECUTE          ] topic : MT/EXECUTE/__az/sensor0 payload : {
    "type": "int",
    "value": 1099
}
[2022-11-18 21:41:41,716]: [MT_EXECUTE          ] topic : MT/EXECUTE/__moved/sensor0 payload : {
    "type": "int",
    "value": 0
}
[2022-11-18 21:41:44,704]: [MT_EXECUTE          ] topic : MT/EXECUTE/__temperature/sensor0 payload : {
    "type": "double",
    "value": 23.4
}
[2022-11-18 21:41:44,706]: [MT_EXECUTE          ] topic : MT/EXECUTE/__humidity/sensor0 payload : {
    "type": "double",
    "value": 75.8
}
[2022-11-18 21:41:44,707]: [MT_EXECUTE          ] topic : MT/EXECUTE/__pressure/sensor0 payload : {
    "type": "int",
    "value": 1018.9
}
[2022-11-18 21:41:44,709]: [MT_EXECUTE          ] topic : MT/EXECUTE/__ax/sensor0 payload : {
    "type": "int",
    "value": -25
}
[2022-11-18 21:41:44,711]: [MT_EXECUTE          ] topic : MT/EXECUTE/__ay/sensor0 payload : {
    "type": "int",
    "value": -59
}
[2022-11-18 21:41:44,713]: [MT_EXECUTE          ] topic : MT/EXECUTE/__az/sensor0 payload : {
    "type": "int",
    "value": 1099
}
[2022-11-18 21:41:44,715]: [MT_EXECUTE          ] topic : MT/EXECUTE/__moved/sensor0 payload : {
    "type": "int",
    "value": 0
}
[2022-11-18 21:41:45,700]: [TM_ALIVE            ] topic : TM/ALIVE/sensor0 payload : {}
[2022-11-18 21:41:47,704]: [MT_EXECUTE          ] topic : MT/EXECUTE/__temperature/sensor0 payload : {
    "type": "double",
    "value": 23.4
}
[2022-11-18 21:41:47,706]: [MT_EXECUTE          ] topic : MT/EXECUTE/__humidity/sensor0 payload : {
    "type": "double",
    "value": 75.7
}
[2022-11-18 21:41:47,708]: [MT_EXECUTE          ] topic : MT/EXECUTE/__pressure/sensor0 payload : {
    "type": "int",
    "value": 1019.2
}
[2022-11-18 21:41:47,710]: [MT_EXECUTE          ] topic : MT/EXECUTE/__ax/sensor0 payload : {
    "type": "int",
    "value": -26
}
[2022-11-18 21:41:47,712]: [MT_EXECUTE          ] topic : MT/EXECUTE/__ay/sensor0 payload : {
    "type": "int",
    "value": -63
}
[2022-11-18 21:41:47,713]: [MT_EXECUTE          ] topic : MT/EXECUTE/__az/sensor0 payload : {
    "type": "int",
    "value": 1042
}
[2022-11-18 21:41:47,716]: [MT_EXECUTE          ] topic : MT/EXECUTE/__moved/sensor0 payload : {
    "type": "int",
    "value": 0
}
[2022-11-18 21:41:50,705]: [MT_EXECUTE          ] topic : MT/EXECUTE/__temperature/sensor0 payload : {
    "type": "double",
    "value": 23.4
}
[2022-11-18 21:41:50,707]: [MT_EXECUTE          ] topic : MT/EXECUTE/__humidity/sensor0 payload : {
    "type": "double",
    "value": 75.7
}
[2022-11-18 21:41:50,709]: [MT_EXECUTE          ] topic : MT/EXECUTE/__pressure/sensor0 payload : {
    "type": "int",
    "value": 1019.2
}
[2022-11-18 21:41:50,711]: [MT_EXECUTE          ] topic : MT/EXECUTE/__ax/sensor0 payload : {
    "type": "int",
    "value": -33
}
[2022-11-18 21:41:50,713]: [MT_EXECUTE          ] topic : MT/EXECUTE/__ay/sensor0 payload : {
    "type": "int",
    "value": -73
}
[2022-11-18 21:41:50,715]: [MT_EXECUTE          ] topic : MT/EXECUTE/__az/sensor0 payload : {
    "type": "int",
    "value": 1102
}
[2022-11-18 21:41:50,717]: [MT_EXECUTE          ] topic : MT/EXECUTE/__moved/sensor0 payload : {
    "type": "int",
    "value": 0
}
[2022-11-18 21:41:53,706]: [MT_EXECUTE          ] topic : MT/EXECUTE/__temperature/sensor0 payload : {
    "type": "double",
    "value": 22.4
}
[2022-11-18 21:41:53,708]: [MT_EXECUTE          ] topic : MT/EXECUTE/__humidity/sensor0 payload : {
    "type": "double",
    "value": 76.7
}
[2022-11-18 21:41:53,711]: [MT_EXECUTE          ] topic : MT/EXECUTE/__pressure/sensor0 payload : {
    "type": "int",
    "value": 1022.0
}
[2022-11-18 21:41:53,713]: [MT_EXECUTE          ] topic : MT/EXECUTE/__ax/sensor0 payload : {
    "type": "int",
    "value": -15
}
[2022-11-18 21:41:53,714]: [MT_EXECUTE          ] topic : MT/EXECUTE/__ay/sensor0 payload : {
    "type": "int",
    "value": -1
}
[2022-11-18 21:41:53,716]: [MT_EXECUTE          ] topic : MT/EXECUTE/__az/sensor0 payload : {
    "type": "int",
    "value": 1037
}
[2022-11-18 21:41:53,718]: [MT_EXECUTE          ] topic : MT/EXECUTE/__moved/sensor0 payload : {
    "type": "int",
    "value": 0
}
[2022-11-18 21:41:55,701]: New staff_thing!!! name = sensor1
[2022-11-18 21:41:55,702]: [TM_ALIVE            ] topic : TM/ALIVE/sensor0 payload : {}
[2022-11-18 21:41:55,702]: [-> SUBSCRIBE         ] MT/RESULT/REGISTER/sensor1
[2022-11-18 21:41:55,704]: [-> SUBSCRIBE         ] MT/RESULT/UNREGISTER/sensor1
[2022-11-18 21:41:55,705]: [MT_EXECUTE          ] topic : MT/EXECUTE/__temperature/sensor1 payload : {
    "type": "double",
    "value": 23.5
}
[2022-11-18 21:41:55,706]: [-> SUBSCRIBE         ] MT/RESULT/BINARY_VALUE/sensor1
[2022-11-18 21:41:55,706]: [_send_staff_RESULT_REGISTER] Register sensor1 complete!!!
[2022-11-18 21:41:55,707]: [MT_EXECUTE          ] topic : MT/EXECUTE/__humidity/sensor1 payload : {
    "type": "double",
    "value": 75.8
}
[2022-11-18 21:41:55,709]: [MT_EXECUTE          ] topic : MT/EXECUTE/__pressure/sensor1 payload : {
    "type": "int",
    "value": 1018.9
}
[2022-11-18 21:41:55,711]: [MT_EXECUTE          ] topic : MT/EXECUTE/__ax/sensor1 payload : {
    "type": "int",
    "value": -25
}
[2022-11-18 21:41:55,713]: [MT_EXECUTE          ] topic : MT/EXECUTE/__ay/sensor1 payload : {
    "type": "int",
    "value": -59
}
[2022-11-18 21:41:55,715]: [MT_EXECUTE          ] topic : MT/EXECUTE/__az/sensor1 payload : {
    "type": "int",
    "value": 1099
}
[2022-11-18 21:41:55,717]: [MT_EXECUTE          ] topic : MT/EXECUTE/__moved/sensor1 payload : {
    "type": "int",
    "value": 0
}
[2022-11-18 21:41:56,707]: [MT_EXECUTE          ] topic : MT/EXECUTE/__temperature/sensor0 payload : {
    "type": "double",
    "value": 22.4
}
[2022-11-18 21:41:56,709]: [MT_EXECUTE          ] topic : MT/EXECUTE/__humidity/sensor0 payload : {
    "type": "double",
    "value": 76.7
}
[2022-11-18 21:41:56,711]: [MT_EXECUTE          ] topic : MT/EXECUTE/__pressure/sensor0 payload : {
    "type": "int",
    "value": 1022.1
}
[2022-11-18 21:41:56,713]: [MT_EXECUTE          ] topic : MT/EXECUTE/__ax/sensor0 payload : {
    "type": "int",
    "value": -14
}
[2022-11-18 21:41:56,715]: [MT_EXECUTE          ] topic : MT/EXECUTE/__ay/sensor0 payload : {
    "type": "int",
    "value": 2
}
[2022-11-18 21:41:56,716]: [MT_EXECUTE          ] topic : MT/EXECUTE/__az/sensor0 payload : {
    "type": "int",
    "value": 1095
}
[2022-11-18 21:41:56,718]: [MT_EXECUTE          ] topic : MT/EXECUTE/__moved/sensor0 payload : {
    "type": "int",
    "value": 0
}
[2022-11-18 21:41:58,704]: [MT_EXECUTE          ] topic : MT/EXECUTE/__temperature/sensor1 payload : {
    "type": "double",
    "value": 23.5
}
[2022-11-18 21:41:58,706]: [MT_EXECUTE          ] topic : MT/EXECUTE/__humidity/sensor1 payload : {
    "type": "double",
    "value": 75.9
}
[2022-11-18 21:41:58,708]: [MT_EXECUTE          ] topic : MT/EXECUTE/__pressure/sensor1 payload : {
    "type": "int",
    "value": 1019.3
}
[2022-11-18 21:41:58,710]: [MT_EXECUTE          ] topic : MT/EXECUTE/__ax/sensor1 payload : {
    "type": "int",
    "value": -27
}
[2022-11-18 21:41:58,712]: [MT_EXECUTE          ] topic : MT/EXECUTE/__ay/sensor1 payload : {
    "type": "int",
    "value": -64
}
[2022-11-18 21:41:58,714]: [MT_EXECUTE          ] topic : MT/EXECUTE/__az/sensor1 payload : {
    "type": "int",
    "value": 1044
}
[2022-11-18 21:41:58,716]: [MT_EXECUTE          ] topic : MT/EXECUTE/__moved/sensor1 payload : {
    "type": "int",
    "value": 0
}
[2022-11-18 21:41:59,707]: [MT_EXECUTE          ] topic : MT/EXECUTE/__temperature/sensor0 payload : {
    "type": "double",
    "value": 23.5
}
[2022-11-18 21:41:59,709]: [MT_EXECUTE          ] topic : MT/EXECUTE/__humidity/sensor0 payload : {
    "type": "double",
    "value": 75.9
}
[2022-11-18 21:41:59,711]: [MT_EXECUTE          ] topic : MT/EXECUTE/__pressure/sensor0 payload : {
    "type": "int",
    "value": 1019.3
}
[2022-11-18 21:41:59,713]: [MT_EXECUTE          ] topic : MT/EXECUTE/__ax/sensor0 payload : {
    "type": "int",
    "value": -27
}
[2022-11-18 21:41:59,714]: [MT_EXECUTE          ] topic : MT/EXECUTE/__ay/sensor0 payload : {
    "type": "int",
    "value": -64
}
[2022-11-18 21:41:59,716]: [MT_EXECUTE          ] topic : MT/EXECUTE/__az/sensor0 payload : {
    "type": "int",
    "value": 1044
}
[2022-11-18 21:41:59,718]: [MT_EXECUTE          ] topic : MT/EXECUTE/__moved/sensor0 payload : {
    "type": "int",
    "value": 0
}
[2022-11-18 21:42:01,705]: [MT_EXECUTE          ] topic : MT/EXECUTE/__temperature/sensor1 payload : {
    "type": "double",
    "value": 23.5
}
[2022-11-18 21:42:01,707]: [MT_EXECUTE          ] topic : MT/EXECUTE/__humidity/sensor1 payload : {
    "type": "double",
    "value": 75.8
}
[2022-11-18 21:42:01,709]: [MT_EXECUTE          ] topic : MT/EXECUTE/__pressure/sensor1 payload : {
    "type": "int",
    "value": 1019.7
}
[2022-11-18 21:42:01,711]: [MT_EXECUTE          ] topic : MT/EXECUTE/__ax/sensor1 payload : {
    "type": "int",
    "value": -26
}
[2022-11-18 21:42:01,713]: [MT_EXECUTE          ] topic : MT/EXECUTE/__ay/sensor1 payload : {
    "type": "int",
    "value": -58
}
[2022-11-18 21:42:01,715]: [MT_EXECUTE          ] topic : MT/EXECUTE/__az/sensor1 payload : {
    "type": "int",
    "value": 1099
}
[2022-11-18 21:42:01,717]: [MT_EXECUTE          ] topic : MT/EXECUTE/__moved/sensor1 payload : {
    "type": "int",
    "value": 0
}
[2022-11-18 21:42:02,708]: [MT_EXECUTE          ] topic : MT/EXECUTE/__temperature/sensor0 payload : {
    "type": "double",
    "value": 23.5
}
[2022-11-18 21:42:02,710]: [MT_EXECUTE          ] topic : MT/EXECUTE/__humidity/sensor0 payload : {
    "type": "double",
    "value": 75.8
}
[2022-11-18 21:42:02,711]: [MT_EXECUTE          ] topic : MT/EXECUTE/__pressure/sensor0 payload : {
    "type": "int",
    "value": 1019.7
}
[2022-11-18 21:42:02,713]: [MT_EXECUTE          ] topic : MT/EXECUTE/__ax/sensor0 payload : {
    "type": "int",
    "value": -26
}
[2022-11-18 21:42:02,715]: [MT_EXECUTE          ] topic : MT/EXECUTE/__ay/sensor0 payload : {
    "type": "int",
    "value": -58
}
[2022-11-18 21:42:02,717]: [MT_EXECUTE          ] topic : MT/EXECUTE/__az/sensor0 payload : {
    "type": "int",
    "value": 1099
}
[2022-11-18 21:42:02,719]: [MT_EXECUTE          ] topic : MT/EXECUTE/__moved/sensor0 payload : {
    "type": "int",
    "value": 0
}
[2022-11-18 21:42:04,706]: [MT_EXECUTE          ] topic : MT/EXECUTE/__temperature/sensor1 payload : {
    "type": "double",
    "value": 23.5
}
[2022-11-18 21:42:04,709]: [MT_EXECUTE          ] topic : MT/EXECUTE/__humidity/sensor1 payload : {
    "type": "double",
    "value": 75.7
}
[2022-11-18 21:42:04,712]: [MT_EXECUTE          ] topic : MT/EXECUTE/__pressure/sensor1 payload : {
    "type": "int",
    "value": 1019.6
}
[2022-11-18 21:42:04,713]: [MT_EXECUTE          ] topic : MT/EXECUTE/__ax/sensor1 payload : {
    "type": "int",
    "value": -26
}
[2022-11-18 21:42:04,715]: [MT_EXECUTE          ] topic : MT/EXECUTE/__ay/sensor1 payload : {
    "type": "int",
    "value": -63
}
[2022-11-18 21:42:04,717]: [MT_EXECUTE          ] topic : MT/EXECUTE/__az/sensor1 payload : {
    "type": "int",
    "value": 1043
}
[2022-11-18 21:42:04,719]: [MT_EXECUTE          ] topic : MT/EXECUTE/__moved/sensor1 payload : {
    "type": "int",
    "value": 0
}
[2022-11-18 21:42:05,702]: [TM_ALIVE            ] topic : TM/ALIVE/sensor0 payload : {}
[2022-11-18 21:42:05,704]: [TM_ALIVE            ] topic : TM/ALIVE/sensor1 payload : {}
[2022-11-18 21:42:05,705]: [TM_ALIVE            ] topic : TM/ALIVE/lora_manager_thing_D8F3BC801CFB payload : {}
[2022-11-18 21:42:05,708]: [MT_EXECUTE          ] topic : MT/EXECUTE/__temperature/sensor0 payload : {
    "type": "double",
    "value": 23.5
}
[2022-11-18 21:42:05,710]: [MT_EXECUTE          ] topic : MT/EXECUTE/__humidity/sensor0 payload : {
    "type": "double",
    "value": 75.7
}
[2022-11-18 21:42:05,712]: [MT_EXECUTE          ] topic : MT/EXECUTE/__pressure/sensor0 payload : {
    "type": "int",
    "value": 1019.6
}
[2022-11-18 21:42:05,713]: [MT_EXECUTE          ] topic : MT/EXECUTE/__ax/sensor0 payload : {
    "type": "int",
    "value": -26
}
[2022-11-18 21:42:05,715]: [MT_EXECUTE          ] topic : MT/EXECUTE/__ay/sensor0 payload : {
    "type": "int",
    "value": -63
}
[2022-11-18 21:42:05,717]: [MT_EXECUTE          ] topic : MT/EXECUTE/__az/sensor0 payload : {
    "type": "int",
    "value": 1043
}
[2022-11-18 21:42:05,719]: [MT_EXECUTE          ] topic : MT/EXECUTE/__moved/sensor0 payload : {
    "type": "int",
    "value": 0
}
[2022-11-18 21:42:07,705]: [MT_EXECUTE          ] topic : MT/EXECUTE/__temperature/sensor1 payload : {
    "type": "double",
    "value": 23.5
}
[2022-11-18 21:42:07,708]: [MT_EXECUTE          ] topic : MT/EXECUTE/__humidity/sensor1 payload : {
    "type": "double",
    "value": 75.7
}
[2022-11-18 21:42:07,710]: [MT_EXECUTE          ] topic : MT/EXECUTE/__pressure/sensor1 payload : {
    "type": "int",
    "value": 1019.1
}
[2022-11-18 21:42:07,711]: [MT_EXECUTE          ] topic : MT/EXECUTE/__ax/sensor1 payload : {
    "type": "int",
    "value": -25
}
[2022-11-18 21:42:07,713]: [MT_EXECUTE          ] topic : MT/EXECUTE/__ay/sensor1 payload : {
    "type": "int",
    "value": -58
}
[2022-11-18 21:42:07,715]: [MT_EXECUTE          ] topic : MT/EXECUTE/__az/sensor1 payload : {
    "type": "int",
    "value": 1099
}
[2022-11-18 21:42:07,717]: [MT_EXECUTE          ] topic : MT/EXECUTE/__moved/sensor1 payload : {
    "type": "int",
    "value": 0
}
[2022-11-18 21:42:08,708]: [MT_EXECUTE          ] topic : MT/EXECUTE/__temperature/sensor0 payload : {
    "type": "double",
    "value": 23.5
}
[2022-11-18 21:42:08,711]: [MT_EXECUTE          ] topic : MT/EXECUTE/__humidity/sensor0 payload : {
    "type": "double",
    "value": 75.7
}
[2022-11-18 21:42:08,713]: [MT_EXECUTE          ] topic : MT/EXECUTE/__pressure/sensor0 payload : {
    "type": "int",
    "value": 1019.1
}
[2022-11-18 21:42:08,715]: [MT_EXECUTE          ] topic : MT/EXECUTE/__ax/sensor0 payload : {
    "type": "int",
    "value": -25
}
[2022-11-18 21:42:08,717]: [MT_EXECUTE          ] topic : MT/EXECUTE/__ay/sensor0 payload : {
    "type": "int",
    "value": -58
}
[2022-11-18 21:42:08,719]: [MT_EXECUTE          ] topic : MT/EXECUTE/__az/sensor0 payload : {
    "type": "int",
    "value": 1099
}
[2022-11-18 21:42:08,722]: [MT_EXECUTE          ] topic : MT/EXECUTE/__moved/sensor0 payload : {
    "type": "int",
    "value": 0
}
[2022-11-18 21:42:10,706]: [MT_EXECUTE          ] topic : MT/EXECUTE/__temperature/sensor1 payload : {
    "type": "double",
    "value": 23.5
}
[2022-11-18 21:42:10,708]: [MT_EXECUTE          ] topic : MT/EXECUTE/__humidity/sensor1 payload : {
    "type": "double",
    "value": 75.6
}
[2022-11-18 21:42:10,710]: [MT_EXECUTE          ] topic : MT/EXECUTE/__pressure/sensor1 payload : {
    "type": "int",
    "value": 1019.5
}
[2022-11-18 21:42:10,712]: [MT_EXECUTE          ] topic : MT/EXECUTE/__ax/sensor1 payload : {
    "type": "int",
    "value": -28
}
[2022-11-18 21:42:10,714]: [MT_EXECUTE          ] topic : MT/EXECUTE/__ay/sensor1 payload : {
    "type": "int",
    "value": -64
}
[2022-11-18 21:42:10,716]: [MT_EXECUTE          ] topic : MT/EXECUTE/__az/sensor1 payload : {
    "type": "int",
    "value": 1046
}
[2022-11-18 21:42:10,718]: [MT_EXECUTE          ] topic : MT/EXECUTE/__moved/sensor1 payload : {
    "type": "int",
    "value": 0
}
[2022-11-18 21:42:11,708]: [MT_EXECUTE          ] topic : MT/EXECUTE/__temperature/sensor0 payload : {
    "type": "double",
    "value": 23.5
}
[2022-11-18 21:42:11,712]: [MT_EXECUTE          ] topic : MT/EXECUTE/__humidity/sensor0 payload : {
    "type": "double",
    "value": 75.6
}
[2022-11-18 21:42:11,713]: [MT_EXECUTE          ] topic : MT/EXECUTE/__pressure/sensor0 payload : {
    "type": "int",
    "value": 1019.5
}
[2022-11-18 21:42:11,715]: [MT_EXECUTE          ] topic : MT/EXECUTE/__ax/sensor0 payload : {
    "type": "int",
    "value": -28
}
[2022-11-18 21:42:11,717]: [MT_EXECUTE          ] topic : MT/EXECUTE/__ay/sensor0 payload : {
    "type": "int",
    "value": -64
}
[2022-11-18 21:42:11,719]: [MT_EXECUTE          ] topic : MT/EXECUTE/__az/sensor0 payload : {
    "type": "int",
    "value": 1046
}
[2022-11-18 21:42:11,721]: [MT_EXECUTE          ] topic : MT/EXECUTE/__moved/sensor0 payload : {
    "type": "int",
    "value": 0
}
[2022-11-18 21:42:13,708]: [MT_EXECUTE          ] topic : MT/EXECUTE/__temperature/sensor1 payload : {
    "type": "double",
    "value": 23.5
}
[2022-11-18 21:42:13,710]: [MT_EXECUTE          ] topic : MT/EXECUTE/__humidity/sensor1 payload : {
    "type": "double",
    "value": 75.5
}
[2022-11-18 21:42:13,712]: [MT_EXECUTE          ] topic : MT/EXECUTE/__pressure/sensor1 payload : {
    "type": "int",
    "value": 1019.6
}
[2022-11-18 21:42:13,713]: [MT_EXECUTE          ] topic : MT/EXECUTE/__ax/sensor1 payload : {
    "type": "int",
    "value": -24
}
[2022-11-18 21:42:13,715]: [MT_EXECUTE          ] topic : MT/EXECUTE/__ay/sensor1 payload : {
    "type": "int",
    "value": -57
}
[2022-11-18 21:42:13,717]: [MT_EXECUTE          ] topic : MT/EXECUTE/__az/sensor1 payload : {
    "type": "int",
    "value": 1100
}
[2022-11-18 21:42:13,720]: [MT_EXECUTE          ] topic : MT/EXECUTE/__moved/sensor1 payload : {
    "type": "int",
    "value": 0
}
[2022-11-18 21:42:14,710]: [MT_EXECUTE          ] topic : MT/EXECUTE/__temperature/sensor0 payload : {
    "type": "double",
    "value": 23.5
}
[2022-11-18 21:42:14,712]: [MT_EXECUTE          ] topic : MT/EXECUTE/__humidity/sensor0 payload : {
    "type": "double",
    "value": 75.5
}
[2022-11-18 21:42:14,714]: [MT_EXECUTE          ] topic : MT/EXECUTE/__pressure/sensor0 payload : {
    "type": "int",
    "value": 1019.6
}
[2022-11-18 21:42:14,716]: [MT_EXECUTE          ] topic : MT/EXECUTE/__ax/sensor0 payload : {
    "type": "int",
    "value": -24
}
[2022-11-18 21:42:14,717]: [MT_EXECUTE          ] topic : MT/EXECUTE/__ay/sensor0 payload : {
    "type": "int",
    "value": -57
}
[2022-11-18 21:42:14,719]: [MT_EXECUTE          ] topic : MT/EXECUTE/__az/sensor0 payload : {
    "type": "int",
    "value": 1100
}
[2022-11-18 21:42:14,721]: [MT_EXECUTE          ] topic : MT/EXECUTE/__moved/sensor0 payload : {
    "type": "int",
    "value": 0
}
[2022-11-18 21:42:15,702]: [TM_ALIVE            ] topic : TM/ALIVE/sensor0 payload : {}
[2022-11-18 21:42:15,705]: [TM_ALIVE            ] topic : TM/ALIVE/sensor1 payload : {}
[2022-11-18 21:42:16,709]: [MT_EXECUTE          ] topic : MT/EXECUTE/__temperature/sensor1 payload : {
    "type": "double",
    "value": 23.5
}
[2022-11-18 21:42:16,712]: [MT_EXECUTE          ] topic : MT/EXECUTE/__humidity/sensor1 payload : {
    "type": "double",
    "value": 75.5
}
[2022-11-18 21:42:16,713]: [MT_EXECUTE          ] topic : MT/EXECUTE/__pressure/sensor1 payload : {
    "type": "int",
    "value": 1019.3
}
[2022-11-18 21:42:16,715]: [MT_EXECUTE          ] topic : MT/EXECUTE/__ax/sensor1 payload : {
    "type": "int",
    "value": -27
}
[2022-11-18 21:42:16,717]: [MT_EXECUTE          ] topic : MT/EXECUTE/__ay/sensor1 payload : {
    "type": "int",
    "value": -64
}
[2022-11-18 21:42:16,719]: [MT_EXECUTE          ] topic : MT/EXECUTE/__az/sensor1 payload : {
    "type": "int",
    "value": 1043
}
[2022-11-18 21:42:16,721]: [MT_EXECUTE          ] topic : MT/EXECUTE/__moved/sensor1 payload : {
    "type": "int",
    "value": 0
}
[2022-11-18 21:42:17,710]: [MT_EXECUTE          ] topic : MT/EXECUTE/__temperature/sensor0 payload : {
    "type": "double",
    "value": 23.5
}
[2022-11-18 21:42:17,712]: [MT_EXECUTE          ] topic : MT/EXECUTE/__humidity/sensor0 payload : {
    "type": "double",
    "value": 75.5
}
[2022-11-18 21:42:17,714]: [MT_EXECUTE          ] topic : MT/EXECUTE/__pressure/sensor0 payload : {
    "type": "int",
    "value": 1019.3
}
[2022-11-18 21:42:17,715]: [MT_EXECUTE          ] topic : MT/EXECUTE/__ax/sensor0 payload : {
    "type": "int",
    "value": -27
}
[2022-11-18 21:42:17,718]: [MT_EXECUTE          ] topic : MT/EXECUTE/__ay/sensor0 payload : {
    "type": "int",
    "value": -64
}
[2022-11-18 21:42:17,720]: [MT_EXECUTE          ] topic : MT/EXECUTE/__az/sensor0 payload : {
    "type": "int",
    "value": 1043
}
[2022-11-18 21:42:17,722]: [MT_EXECUTE          ] topic : MT/EXECUTE/__moved/sensor0 payload : {
    "type": "int",
    "value": 0
}
[2022-11-18 21:42:19,709]: [MT_EXECUTE          ] topic : MT/EXECUTE/__temperature/sensor1 payload : {
    "type": "double",
    "value": 23.5
}
[2022-11-18 21:42:19,711]: [MT_EXECUTE          ] topic : MT/EXECUTE/__humidity/sensor1 payload : {
    "type": "double",
    "value": 75.4
}
[2022-11-18 21:42:19,713]: [MT_EXECUTE          ] topic : MT/EXECUTE/__pressure/sensor1 payload : {
    "type": "int",
    "value": 1019.2
}
[2022-11-18 21:42:19,715]: [MT_EXECUTE          ] topic : MT/EXECUTE/__ax/sensor1 payload : {
    "type": "int",
    "value": -25
}
[2022-11-18 21:42:19,717]: [MT_EXECUTE          ] topic : MT/EXECUTE/__ay/sensor1 payload : {
    "type": "int",
    "value": -58
}
[2022-11-18 21:42:19,719]: [MT_EXECUTE          ] topic : MT/EXECUTE/__az/sensor1 payload : {
    "type": "int",
    "value": 1099
}
[2022-11-18 21:42:19,721]: [MT_EXECUTE          ] topic : MT/EXECUTE/__moved/sensor1 payload : {
    "type": "int",
    "value": 0
}
[2022-11-18 21:42:20,711]: [MT_EXECUTE          ] topic : MT/EXECUTE/__temperature/sensor0 payload : {
    "type": "double",
    "value": 23.5
}
[2022-11-18 21:42:20,713]: [MT_EXECUTE          ] topic : MT/EXECUTE/__humidity/sensor0 payload : {
    "type": "double",
    "value": 75.4
}
[2022-11-18 21:42:20,715]: [MT_EXECUTE          ] topic : MT/EXECUTE/__pressure/sensor0 payload : {
    "type": "int",
    "value": 1019.2
}
[2022-11-18 21:42:20,717]: [MT_EXECUTE          ] topic : MT/EXECUTE/__ax/sensor0 payload : {
    "type": "int",
    "value": -25
}
[2022-11-18 21:42:20,728]: [MT_EXECUTE          ] topic : MT/EXECUTE/__ay/sensor0 payload : {
    "type": "int",
    "value": -58
}
[2022-11-18 21:42:20,730]: [MT_EXECUTE          ] topic : MT/EXECUTE/__az/sensor0 payload : {
    "type": "int",
    "value": 1099
}
[2022-11-18 21:42:20,733]: [MT_EXECUTE          ] topic : MT/EXECUTE/__moved/sensor0 payload : {
    "type": "int",
    "value": 0
}
[2022-11-18 21:42:22,710]: [MT_EXECUTE          ] topic : MT/EXECUTE/__temperature/sensor1 payload : {
    "type": "double",
    "value": 23.5
}
[2022-11-18 21:42:22,713]: [MT_EXECUTE          ] topic : MT/EXECUTE/__humidity/sensor1 payload : {
    "type": "double",
    "value": 75.4
}
[2022-11-18 21:42:22,715]: [MT_EXECUTE          ] topic : MT/EXECUTE/__pressure/sensor1 payload : {
    "type": "int",
    "value": 1020.1
}
[2022-11-18 21:42:22,716]: [MT_EXECUTE          ] topic : MT/EXECUTE/__ax/sensor1 payload : {
    "type": "int",
    "value": -27
}
[2022-11-18 21:42:22,719]: [MT_EXECUTE          ] topic : MT/EXECUTE/__ay/sensor1 payload : {
    "type": "int",
    "value": -63
}
[2022-11-18 21:42:22,721]: [MT_EXECUTE          ] topic : MT/EXECUTE/__az/sensor1 payload : {
    "type": "int",
    "value": 1044
}
[2022-11-18 21:42:22,723]: [MT_EXECUTE          ] topic : MT/EXECUTE/__moved/sensor1 payload : {
    "type": "int",
    "value": 0
}
[2022-11-18 21:42:23,711]: [MT_EXECUTE          ] topic : MT/EXECUTE/__temperature/sensor0 payload : {
    "type": "double",
    "value": 23.5
}
[2022-11-18 21:42:23,713]: [MT_EXECUTE          ] topic : MT/EXECUTE/__humidity/sensor0 payload : {
    "type": "double",
    "value": 75.4
}
[2022-11-18 21:42:23,715]: [MT_EXECUTE          ] topic : MT/EXECUTE/__pressure/sensor0 payload : {
    "type": "int",
    "value": 1020.1
}
[2022-11-18 21:42:23,717]: [MT_EXECUTE          ] topic : MT/EXECUTE/__ax/sensor0 payload : {
    "type": "int",
    "value": -27
}
[2022-11-18 21:42:23,719]: [MT_EXECUTE          ] topic : MT/EXECUTE/__ay/sensor0 payload : {
    "type": "int",
    "value": -63
}
[2022-11-18 21:42:23,721]: [MT_EXECUTE          ] topic : MT/EXECUTE/__az/sensor0 payload : {
    "type": "int",
    "value": 1044
}
[2022-11-18 21:42:23,723]: [MT_EXECUTE          ] topic : MT/EXECUTE/__moved/sensor0 payload : {
    "type": "int",
    "value": 0
}
[2022-11-18 21:42:25,703]: [TM_ALIVE            ] topic : TM/ALIVE/sensor0 payload : {}
[2022-11-18 21:42:25,705]: [TM_ALIVE            ] topic : TM/ALIVE/sensor1 payload : {}
[2022-11-18 21:42:25,711]: [MT_EXECUTE          ] topic : MT/EXECUTE/__temperature/sensor1 payload : {
    "type": "double",
    "value": 23.5
}
[2022-11-18 21:42:25,713]: [MT_EXECUTE          ] topic : MT/EXECUTE/__humidity/sensor1 payload : {
    "type": "double",
    "value": 75.4
}
[2022-11-18 21:42:25,715]: [MT_EXECUTE          ] topic : MT/EXECUTE/__pressure/sensor1 payload : {
    "type": "int",
    "value": 1019.2
}
[2022-11-18 21:42:25,717]: [MT_EXECUTE          ] topic : MT/EXECUTE/__ax/sensor1 payload : {
    "type": "int",
    "value": -26
}
[2022-11-18 21:42:25,719]: [MT_EXECUTE          ] topic : MT/EXECUTE/__ay/sensor1 payload : {
    "type": "int",
    "value": -58
}
[2022-11-18 21:42:25,721]: [MT_EXECUTE          ] topic : MT/EXECUTE/__az/sensor1 payload : {
    "type": "int",
    "value": 1100
}
[2022-11-18 21:42:25,723]: [MT_EXECUTE          ] topic : MT/EXECUTE/__moved/sensor1 payload : {
    "type": "int",
    "value": 0
}
[2022-11-18 21:42:26,711]: [MT_EXECUTE          ] topic : MT/EXECUTE/__temperature/sensor0 payload : {
    "type": "double",
    "value": 23.5
}
[2022-11-18 21:42:26,713]: [MT_EXECUTE          ] topic : MT/EXECUTE/__humidity/sensor0 payload : {
    "type": "double",
    "value": 75.4
}
[2022-11-18 21:42:26,717]: [MT_EXECUTE          ] topic : MT/EXECUTE/__pressure/sensor0 payload : {
    "type": "int",
    "value": 1019.2
}
[2022-11-18 21:42:26,718]: [MT_EXECUTE          ] topic : MT/EXECUTE/__ax/sensor0 payload : {
    "type": "int",
    "value": -26
}
[2022-11-18 21:42:26,721]: [MT_EXECUTE          ] topic : MT/EXECUTE/__ay/sensor0 payload : {
    "type": "int",
    "value": -58
}
[2022-11-18 21:42:26,722]: [MT_EXECUTE          ] topic : MT/EXECUTE/__az/sensor0 payload : {
    "type": "int",
    "value": 1100
}
[2022-11-18 21:42:26,725]: [MT_EXECUTE          ] topic : MT/EXECUTE/__moved/sensor0 payload : {
    "type": "int",
    "value": 0
}
[2022-11-18 21:42:28,711]: [MT_EXECUTE          ] topic : MT/EXECUTE/__temperature/sensor1 payload : {
    "type": "double",
    "value": 23.5
}
[2022-11-18 21:42:28,713]: [MT_EXECUTE          ] topic : MT/EXECUTE/__humidity/sensor1 payload : {
    "type": "double",
    "value": 75.3
}
[2022-11-18 21:42:28,715]: [MT_EXECUTE          ] topic : MT/EXECUTE/__pressure/sensor1 payload : {
    "type": "int",
    "value": 1019.0
}
[2022-11-18 21:42:28,717]: [MT_EXECUTE          ] topic : MT/EXECUTE/__ax/sensor1 payload : {
    "type": "int",
    "value": -26
}
[2022-11-18 21:42:28,719]: [MT_EXECUTE          ] topic : MT/EXECUTE/__ay/sensor1 payload : {
    "type": "int",
    "value": -63
}
[2022-11-18 21:42:28,720]: [MT_EXECUTE          ] topic : MT/EXECUTE/__az/sensor1 payload : {
    "type": "int",
    "value": 1042
}
[2022-11-18 21:42:28,722]: [MT_EXECUTE          ] topic : MT/EXECUTE/__moved/sensor1 payload : {
    "type": "int",
    "value": 0
}
[2022-11-18 21:42:29,711]: [MT_EXECUTE          ] topic : MT/EXECUTE/__temperature/sensor0 payload : {
    "type": "double",
    "value": 23.5
}
[2022-11-18 21:42:29,713]: [MT_EXECUTE          ] topic : MT/EXECUTE/__humidity/sensor0 payload : {
    "type": "double",
    "value": 75.3
}
[2022-11-18 21:42:29,717]: [MT_EXECUTE          ] topic : MT/EXECUTE/__pressure/sensor0 payload : {
    "type": "int",
    "value": 1019.0
}
[2022-11-18 21:42:29,719]: [MT_EXECUTE          ] topic : MT/EXECUTE/__ax/sensor0 payload : {
    "type": "int",
    "value": -26
}
[2022-11-18 21:42:29,721]: [MT_EXECUTE          ] topic : MT/EXECUTE/__ay/sensor0 payload : {
    "type": "int",
    "value": -63
}
[2022-11-18 21:42:29,722]: [MT_EXECUTE          ] topic : MT/EXECUTE/__az/sensor0 payload : {
    "type": "int",
    "value": 1042
}
[2022-11-18 21:42:29,724]: [MT_EXECUTE          ] topic : MT/EXECUTE/__moved/sensor0 payload : {
    "type": "int",
    "value": 0
}
[2022-11-18 21:42:31,711]: [MT_EXECUTE          ] topic : MT/EXECUTE/__temperature/sensor1 payload : {
    "type": "double",
    "value": 22.3
}
[2022-11-18 21:42:31,714]: [MT_EXECUTE          ] topic : MT/EXECUTE/__humidity/sensor1 payload : {
    "type": "double",
    "value": 76.4
}
[2022-11-18 21:42:31,716]: [MT_EXECUTE          ] topic : MT/EXECUTE/__pressure/sensor1 payload : {
    "type": "int",
    "value": 1022.0
}
[2022-11-18 21:42:31,717]: [MT_EXECUTE          ] topic : MT/EXECUTE/__ax/sensor1 payload : {
    "type": "int",
    "value": -14
}
[2022-11-18 21:42:31,719]: [MT_EXECUTE          ] topic : MT/EXECUTE/__ay/sensor1 payload : {
    "type": "int",
    "value": 3
}
[2022-11-18 21:42:31,721]: [MT_EXECUTE          ] topic : MT/EXECUTE/__az/sensor1 payload : {
    "type": "int",
    "value": 1038
}
[2022-11-18 21:42:31,723]: [MT_EXECUTE          ] topic : MT/EXECUTE/__moved/sensor1 payload : {
    "type": "int",
    "value": 0
}
[2022-11-18 21:42:32,713]: [MT_EXECUTE          ] topic : MT/EXECUTE/__temperature/sensor0 payload : {
    "type": "double",
    "value": 23.5
}
[2022-11-18 21:42:32,715]: [MT_EXECUTE          ] topic : MT/EXECUTE/__humidity/sensor0 payload : {
    "type": "double",
    "value": 75.3
}
[2022-11-18 21:42:32,717]: [MT_EXECUTE          ] topic : MT/EXECUTE/__pressure/sensor0 payload : {
    "type": "int",
    "value": 1019.7
}
[2022-11-18 21:42:32,719]: [MT_EXECUTE          ] topic : MT/EXECUTE/__ax/sensor0 payload : {
    "type": "int",
    "value": -25
}
[2022-11-18 21:42:32,721]: [MT_EXECUTE          ] topic : MT/EXECUTE/__ay/sensor0 payload : {
    "type": "int",
    "value": -57
}
[2022-11-18 21:42:32,723]: [MT_EXECUTE          ] topic : MT/EXECUTE/__az/sensor0 payload : {
    "type": "int",
    "value": 1100
}
[2022-11-18 21:42:32,725]: [MT_EXECUTE          ] topic : MT/EXECUTE/__moved/sensor0 payload : {
    "type": "int",
    "value": 0
}
[2022-11-18 21:42:34,713]: [MT_EXECUTE          ] topic : MT/EXECUTE/__temperature/sensor1 payload : {
    "type": "double",
    "value": 22.3
}
[2022-11-18 21:42:34,715]: [MT_EXECUTE          ] topic : MT/EXECUTE/__humidity/sensor1 payload : {
    "type": "double",
    "value": 76.4
}
[2022-11-18 21:42:34,717]: [MT_EXECUTE          ] topic : MT/EXECUTE/__pressure/sensor1 payload : {
    "type": "int",
    "value": 1022.1
}
[2022-11-18 21:42:34,719]: [MT_EXECUTE          ] topic : MT/EXECUTE/__ax/sensor1 payload : {
    "type": "int",
    "value": -12
}
[2022-11-18 21:42:34,720]: [MT_EXECUTE          ] topic : MT/EXECUTE/__ay/sensor1 payload : {
    "type": "int",
    "value": 6
}
[2022-11-18 21:42:34,723]: [MT_EXECUTE          ] topic : MT/EXECUTE/__az/sensor1 payload : {
    "type": "int",
    "value": 1096
}
[2022-11-18 21:42:34,725]: [MT_EXECUTE          ] topic : MT/EXECUTE/__moved/sensor1 payload : {
    "type": "int",
    "value": 0
}
[2022-11-18 21:42:35,705]: [TM_ALIVE            ] topic : TM/ALIVE/sensor0 payload : {}
[2022-11-18 21:42:35,709]: [TM_ALIVE            ] topic : TM/ALIVE/sensor1 payload : {}
[2022-11-18 21:42:35,713]: [MT_EXECUTE          ] topic : MT/EXECUTE/__temperature/sensor0 payload : {
    "type": "double",
    "value": 23.5
}
[2022-11-18 21:42:35,715]: [MT_EXECUTE          ] topic : MT/EXECUTE/__humidity/sensor0 payload : {
    "type": "double",
    "value": 75.3
}
[2022-11-18 21:42:35,717]: [MT_EXECUTE          ] topic : MT/EXECUTE/__pressure/sensor0 payload : {
    "type": "int",
    "value": 1019.3
}
[2022-11-18 21:42:35,719]: [MT_EXECUTE          ] topic : MT/EXECUTE/__ax/sensor0 payload : {
    "type": "int",
    "value": -26
}
[2022-11-18 21:42:35,721]: [MT_EXECUTE          ] topic : MT/EXECUTE/__ay/sensor0 payload : {
    "type": "int",
    "value": -63
}
[2022-11-18 21:42:35,723]: [MT_EXECUTE          ] topic : MT/EXECUTE/__az/sensor0 payload : {
    "type": "int",
    "value": 1044
}
[2022-11-18 21:42:35,726]: [MT_EXECUTE          ] topic : MT/EXECUTE/__moved/sensor0 payload : {
    "type": "int",
    "value": 0
}
[2022-11-18 21:42:37,713]: [MT_EXECUTE          ] topic : MT/EXECUTE/__temperature/sensor1 payload : {
    "type": "double",
    "value": 22.3
}
[2022-11-18 21:42:37,715]: [MT_EXECUTE          ] topic : MT/EXECUTE/__humidity/sensor1 payload : {
    "type": "double",
    "value": 76.4
}
[2022-11-18 21:42:37,716]: [MT_EXECUTE          ] topic : MT/EXECUTE/__pressure/sensor1 payload : {
    "type": "int",
    "value": 1022.1
}
[2022-11-18 21:42:37,718]: [MT_EXECUTE          ] topic : MT/EXECUTE/__ax/sensor1 payload : {
    "type": "int",
    "value": -13
}
[2022-11-18 21:42:37,720]: [MT_EXECUTE          ] topic : MT/EXECUTE/__ay/sensor1 payload : {
    "type": "int",
    "value": 4
}
[2022-11-18 21:42:37,721]: [MT_EXECUTE          ] topic : MT/EXECUTE/__az/sensor1 payload : {
    "type": "int",
    "value": 1040
}
[2022-11-18 21:42:37,723]: [MT_EXECUTE          ] topic : MT/EXECUTE/__moved/sensor1 payload : {
    "type": "int",
    "value": 0
}
[2022-11-18 21:42:38,713]: [MT_EXECUTE          ] topic : MT/EXECUTE/__temperature/sensor0 payload : {
    "type": "double",
    "value": 23.6
}
[2022-11-18 21:42:38,716]: [MT_EXECUTE          ] topic : MT/EXECUTE/__humidity/sensor0 payload : {
    "type": "double",
    "value": 75.2
}
[2022-11-18 21:42:38,720]: [MT_EXECUTE          ] topic : MT/EXECUTE/__pressure/sensor0 payload : {
    "type": "int",
    "value": 1019.1
}
[2022-11-18 21:42:38,722]: [MT_EXECUTE          ] topic : MT/EXECUTE/__ax/sensor0 payload : {
    "type": "int",
    "value": -25
}
[2022-11-18 21:42:38,724]: [MT_EXECUTE          ] topic : MT/EXECUTE/__ay/sensor0 payload : {
    "type": "int",
    "value": -59
}
[2022-11-18 21:42:38,726]: [MT_EXECUTE          ] topic : MT/EXECUTE/__az/sensor0 payload : {
    "type": "int",
    "value": 1101
}
[2022-11-18 21:42:38,728]: [MT_EXECUTE          ] topic : MT/EXECUTE/__moved/sensor0 payload : {
    "type": "int",
    "value": 0
}
[2022-11-18 21:42:40,713]: [MT_EXECUTE          ] topic : MT/EXECUTE/__temperature/sensor1 payload : {
    "type": "double",
    "value": 22.3
}
[2022-11-18 21:42:40,718]: [MT_EXECUTE          ] topic : MT/EXECUTE/__humidity/sensor1 payload : {
    "type": "double",
    "value": 76.4
}
[2022-11-18 21:42:40,721]: [MT_EXECUTE          ] topic : MT/EXECUTE/__pressure/sensor1 payload : {
    "type": "int",
    "value": 1022.1
}
[2022-11-18 21:42:40,733]: [MT_EXECUTE          ] topic : MT/EXECUTE/__ax/sensor1 payload : {
    "type": "int",
    "value": -13
}
[2022-11-18 21:42:40,735]: [MT_EXECUTE          ] topic : MT/EXECUTE/__ay/sensor1 payload : {
    "type": "int",
    "value": 7
}
[2022-11-18 21:42:40,737]: [MT_EXECUTE          ] topic : MT/EXECUTE/__az/sensor1 payload : {
    "type": "int",
    "value": 1097
}
[2022-11-18 21:42:40,739]: [MT_EXECUTE          ] topic : MT/EXECUTE/__moved/sensor1 payload : {
    "type": "int",
    "value": 0
}
[2022-11-18 21:42:41,713]: [MT_EXECUTE          ] topic : MT/EXECUTE/__temperature/sensor0 payload : {
    "type": "double",
    "value": 23.5
}
[2022-11-18 21:42:41,715]: [MT_EXECUTE          ] topic : MT/EXECUTE/__humidity/sensor0 payload : {
    "type": "double",
    "value": 75.2
}
[2022-11-18 21:42:41,718]: [MT_EXECUTE          ] topic : MT/EXECUTE/__pressure/sensor0 payload : {
    "type": "int",
    "value": 1019.4
}
[2022-11-18 21:42:41,721]: [MT_EXECUTE          ] topic : MT/EXECUTE/__ax/sensor0 payload : {
    "type": "int",
    "value": -26
}
[2022-11-18 21:42:41,723]: [MT_EXECUTE          ] topic : MT/EXECUTE/__ay/sensor0 payload : {
    "type": "int",
    "value": -63
}
[2022-11-18 21:42:41,725]: [MT_EXECUTE          ] topic : MT/EXECUTE/__az/sensor0 payload : {
    "type": "int",
    "value": 1042
}
[2022-11-18 21:42:41,727]: [MT_EXECUTE          ] topic : MT/EXECUTE/__moved/sensor0 payload : {
    "type": "int",
    "value": 0
}
[2022-11-18 21:42:43,714]: [MT_EXECUTE          ] topic : MT/EXECUTE/__temperature/sensor1 payload : {
    "type": "double",
    "value": 23.5
}
[2022-11-18 21:42:43,717]: [MT_EXECUTE          ] topic : MT/EXECUTE/__humidity/sensor1 payload : {
    "type": "double",
    "value": 75.2
}
[2022-11-18 21:42:43,719]: [MT_EXECUTE          ] topic : MT/EXECUTE/__pressure/sensor1 payload : {
    "type": "int",
    "value": 1019.4
}
[2022-11-18 21:42:43,721]: [MT_EXECUTE          ] topic : MT/EXECUTE/__ax/sensor1 payload : {
    "type": "int",
    "value": -26
}
[2022-11-18 21:42:43,723]: [MT_EXECUTE          ] topic : MT/EXECUTE/__ay/sensor1 payload : {
    "type": "int",
    "value": -63
}
[2022-11-18 21:42:43,725]: [MT_EXECUTE          ] topic : MT/EXECUTE/__az/sensor1 payload : {
    "type": "int",
    "value": 1042
}
[2022-11-18 21:42:43,728]: [MT_EXECUTE          ] topic : MT/EXECUTE/__moved/sensor1 payload : {
    "type": "int",
    "value": 0
}
[2022-11-18 21:42:44,714]: [MT_EXECUTE          ] topic : MT/EXECUTE/__temperature/sensor0 payload : {
    "type": "double",
    "value": 23.5
}
[2022-11-18 21:42:44,716]: [MT_EXECUTE          ] topic : MT/EXECUTE/__humidity/sensor0 payload : {
    "type": "double",
    "value": 75.1
}
[2022-11-18 21:42:44,719]: [MT_EXECUTE          ] topic : MT/EXECUTE/__pressure/sensor0 payload : {
    "type": "int",
    "value": 1019.4
}
[2022-11-18 21:42:44,721]: [MT_EXECUTE          ] topic : MT/EXECUTE/__ax/sensor0 payload : {
    "type": "int",
    "value": -26
}
[2022-11-18 21:42:44,723]: [MT_EXECUTE          ] topic : MT/EXECUTE/__ay/sensor0 payload : {
    "type": "int",
    "value": -57
}
[2022-11-18 21:42:44,725]: [MT_EXECUTE          ] topic : MT/EXECUTE/__az/sensor0 payload : {
    "type": "int",
    "value": 1100
}
[2022-11-18 21:42:44,727]: [MT_EXECUTE          ] topic : MT/EXECUTE/__moved/sensor0 payload : {
    "type": "int",
    "value": 0
}
[2022-11-18 21:42:45,704]: [TM_ALIVE            ] topic : TM/ALIVE/sensor0 payload : {}
[2022-11-18 21:42:45,708]: [TM_ALIVE            ] topic : TM/ALIVE/sensor1 payload : {}
[2022-11-18 21:42:46,714]: [MT_EXECUTE          ] topic : MT/EXECUTE/__temperature/sensor1 payload : {
    "type": "double",
    "value": 23.5
}
[2022-11-18 21:42:46,716]: [MT_EXECUTE          ] topic : MT/EXECUTE/__humidity/sensor1 payload : {
    "type": "double",
    "value": 75.1
}
[2022-11-18 21:42:46,719]: [MT_EXECUTE          ] topic : MT/EXECUTE/__pressure/sensor1 payload : {
    "type": "int",
    "value": 1019.4
}
[2022-11-18 21:42:46,721]: [MT_EXECUTE          ] topic : MT/EXECUTE/__ax/sensor1 payload : {
    "type": "int",
    "value": -26
}
[2022-11-18 21:42:46,723]: [MT_EXECUTE          ] topic : MT/EXECUTE/__ay/sensor1 payload : {
    "type": "int",
    "value": -57
}
[2022-11-18 21:42:46,726]: [MT_EXECUTE          ] topic : MT/EXECUTE/__az/sensor1 payload : {
    "type": "int",
    "value": 1100
}
[2022-11-18 21:42:46,727]: [MT_EXECUTE          ] topic : MT/EXECUTE/__moved/sensor1 payload : {
    "type": "int",
    "value": 0
}
[2022-11-18 21:42:47,716]: [MT_EXECUTE          ] topic : MT/EXECUTE/__temperature/sensor0 payload : {
    "type": "double",
    "value": 23.5
}
[2022-11-18 21:42:47,717]: [MT_EXECUTE          ] topic : MT/EXECUTE/__humidity/sensor0 payload : {
    "type": "double",
    "value": 75.2
}
[2022-11-18 21:42:47,719]: [MT_EXECUTE          ] topic : MT/EXECUTE/__pressure/sensor0 payload : {
    "type": "int",
    "value": 1019.2
}
[2022-11-18 21:42:47,721]: [MT_EXECUTE          ] topic : MT/EXECUTE/__ax/sensor0 payload : {
    "type": "int",
    "value": -26
}
[2022-11-18 21:42:47,722]: [MT_EXECUTE          ] topic : MT/EXECUTE/__ay/sensor0 payload : {
    "type": "int",
    "value": -63
}
[2022-11-18 21:42:47,725]: [MT_EXECUTE          ] topic : MT/EXECUTE/__az/sensor0 payload : {
    "type": "int",
    "value": 1044
}
[2022-11-18 21:42:47,727]: [MT_EXECUTE          ] topic : MT/EXECUTE/__moved/sensor0 payload : {
    "type": "int",
    "value": 0
}
[2022-11-18 21:42:49,715]: [MT_EXECUTE          ] topic : MT/EXECUTE/__temperature/sensor1 payload : {
    "type": "double",
    "value": 23.5
}
[2022-11-18 21:42:49,717]: [MT_EXECUTE          ] topic : MT/EXECUTE/__humidity/sensor1 payload : {
    "type": "double",
    "value": 75.2
}
[2022-11-18 21:42:49,719]: [MT_EXECUTE          ] topic : MT/EXECUTE/__pressure/sensor1 payload : {
    "type": "int",
    "value": 1019.2
}
[2022-11-18 21:42:49,721]: [MT_EXECUTE          ] topic : MT/EXECUTE/__ax/sensor1 payload : {
    "type": "int",
    "value": -26
}
[2022-11-18 21:42:49,723]: [MT_EXECUTE          ] topic : MT/EXECUTE/__ay/sensor1 payload : {
    "type": "int",
    "value": -63
}
[2022-11-18 21:42:49,725]: [MT_EXECUTE          ] topic : MT/EXECUTE/__az/sensor1 payload : {
    "type": "int",
    "value": 1044
}
[2022-11-18 21:42:49,727]: [MT_EXECUTE          ] topic : MT/EXECUTE/__moved/sensor1 payload : {
    "type": "int",
    "value": 0
}
[2022-11-18 21:42:50,715]: [MT_EXECUTE          ] topic : MT/EXECUTE/__temperature/sensor0 payload : {
    "type": "double",
    "value": 23.5
}
[2022-11-18 21:42:50,718]: [MT_EXECUTE          ] topic : MT/EXECUTE/__humidity/sensor0 payload : {
    "type": "double",
    "value": 75.1
}
[2022-11-18 21:42:50,721]: [MT_EXECUTE          ] topic : MT/EXECUTE/__pressure/sensor0 payload : {
    "type": "int",
    "value": 1019.1
}
[2022-11-18 21:42:50,723]: [MT_EXECUTE          ] topic : MT/EXECUTE/__ax/sensor0 payload : {
    "type": "int",
    "value": -25
}
[2022-11-18 21:42:50,725]: [MT_EXECUTE          ] topic : MT/EXECUTE/__ay/sensor0 payload : {
    "type": "int",
    "value": -58
}
[2022-11-18 21:42:50,727]: [MT_EXECUTE          ] topic : MT/EXECUTE/__az/sensor0 payload : {
    "type": "int",
    "value": 1100
}
[2022-11-18 21:42:50,729]: [MT_EXECUTE          ] topic : MT/EXECUTE/__moved/sensor0 payload : {
    "type": "int",
    "value": 0
}
[2022-11-18 21:42:52,716]: [MT_EXECUTE          ] topic : MT/EXECUTE/__temperature/sensor1 payload : {
    "type": "double",
    "value": 23.5
}
[2022-11-18 21:42:52,718]: [MT_EXECUTE          ] topic : MT/EXECUTE/__humidity/sensor1 payload : {
    "type": "double",
    "value": 75.1
}
[2022-11-18 21:42:52,720]: [MT_EXECUTE          ] topic : MT/EXECUTE/__pressure/sensor1 payload : {
    "type": "int",
    "value": 1019.1
}
[2022-11-18 21:42:52,721]: [MT_EXECUTE          ] topic : MT/EXECUTE/__ax/sensor1 payload : {
    "type": "int",
    "value": -25
}
[2022-11-18 21:42:52,723]: [MT_EXECUTE          ] topic : MT/EXECUTE/__ay/sensor1 payload : {
    "type": "int",
    "value": -58
}
[2022-11-18 21:42:52,726]: [MT_EXECUTE          ] topic : MT/EXECUTE/__az/sensor1 payload : {
    "type": "int",
    "value": 1100
}
[2022-11-18 21:42:52,727]: [MT_EXECUTE          ] topic : MT/EXECUTE/__moved/sensor1 payload : {
    "type": "int",
    "value": 0
}
[2022-11-18 21:42:53,716]: [MT_EXECUTE          ] topic : MT/EXECUTE/__temperature/sensor0 payload : {
    "type": "double",
    "value": 22.3
}
[2022-11-18 21:42:53,718]: [MT_EXECUTE          ] topic : MT/EXECUTE/__humidity/sensor0 payload : {
    "type": "double",
    "value": 76.3
}
[2022-11-18 21:42:53,721]: [MT_EXECUTE          ] topic : MT/EXECUTE/__pressure/sensor0 payload : {
    "type": "int",
    "value": 1022.2
}
[2022-11-18 21:42:53,724]: [MT_EXECUTE          ] topic : MT/EXECUTE/__ax/sensor0 payload : {
    "type": "int",
    "value": -13
}
[2022-11-18 21:42:53,727]: [MT_EXECUTE          ] topic : MT/EXECUTE/__ay/sensor0 payload : {
    "type": "int",
    "value": 7
}
[2022-11-18 21:42:53,728]: [MT_EXECUTE          ] topic : MT/EXECUTE/__az/sensor0 payload : {
    "type": "int",
    "value": 1095
}
[2022-11-18 21:42:53,731]: [MT_EXECUTE          ] topic : MT/EXECUTE/__moved/sensor0 payload : {
    "type": "int",
    "value": 0
}
[2022-11-18 21:42:55,706]: [TM_ALIVE            ] topic : TM/ALIVE/sensor0 payload : {}
[2022-11-18 21:42:55,708]: [TM_ALIVE            ] topic : TM/ALIVE/sensor1 payload : {}
[2022-11-18 21:42:55,715]: [MT_EXECUTE          ] topic : MT/EXECUTE/__temperature/sensor1 payload : {
    "type": "double",
    "value": 23.5
}
[2022-11-18 21:42:55,717]: [MT_EXECUTE          ] topic : MT/EXECUTE/__humidity/sensor1 payload : {
    "type": "double",
    "value": 75.1
}
[2022-11-18 21:42:55,721]: [MT_EXECUTE          ] topic : MT/EXECUTE/__pressure/sensor1 payload : {
    "type": "int",
    "value": 1019.5
}
[2022-11-18 21:42:55,752]: [MT_EXECUTE          ] topic : MT/EXECUTE/__ax/sensor1 payload : {
    "type": "int",
    "value": -26
}
[2022-11-18 21:42:55,754]: [MT_EXECUTE          ] topic : MT/EXECUTE/__ay/sensor1 payload : {
    "type": "int",
    "value": -64
}
[2022-11-18 21:42:55,757]: [MT_EXECUTE          ] topic : MT/EXECUTE/__az/sensor1 payload : {
    "type": "int",
    "value": 1043
}
[2022-11-18 21:42:55,759]: [MT_EXECUTE          ] topic : MT/EXECUTE/__moved/sensor1 payload : {
    "type": "int",
    "value": 0
}
[2022-11-18 21:42:56,717]: [MT_EXECUTE          ] topic : MT/EXECUTE/__temperature/sensor0 payload : {
    "type": "double",
    "value": 22.3
}
[2022-11-18 21:42:56,718]: [MT_EXECUTE          ] topic : MT/EXECUTE/__humidity/sensor0 payload : {
    "type": "double",
    "value": 76.3
}
[2022-11-18 21:42:56,723]: [MT_EXECUTE          ] topic : MT/EXECUTE/__pressure/sensor0 payload : {
    "type": "int",
    "value": 1022.1
}
[2022-11-18 21:42:56,726]: [MT_EXECUTE          ] topic : MT/EXECUTE/__ax/sensor0 payload : {
    "type": "int",
    "value": -13
}
[2022-11-18 21:42:56,728]: [MT_EXECUTE          ] topic : MT/EXECUTE/__ay/sensor0 payload : {
    "type": "int",
    "value": 4
}
[2022-11-18 21:42:56,730]: [MT_EXECUTE          ] topic : MT/EXECUTE/__az/sensor0 payload : {
    "type": "int",
    "value": 1039
}
[2022-11-18 21:42:56,732]: [MT_EXECUTE          ] topic : MT/EXECUTE/__moved/sensor0 payload : {
    "type": "int",
    "value": 0
}
[2022-11-18 21:42:58,716]: [MT_EXECUTE          ] topic : MT/EXECUTE/__temperature/sensor1 payload : {
    "type": "double",
    "value": 23.5
}
[2022-11-18 21:42:58,719]: [MT_EXECUTE          ] topic : MT/EXECUTE/__humidity/sensor1 payload : {
    "type": "double",
    "value": 75.1
}
[2022-11-18 21:42:58,722]: [MT_EXECUTE          ] topic : MT/EXECUTE/__pressure/sensor1 payload : {
    "type": "int",
    "value": 1019.1
}
[2022-11-18 21:42:58,724]: [MT_EXECUTE          ] topic : MT/EXECUTE/__ax/sensor1 payload : {
    "type": "int",
    "value": -26
}
[2022-11-18 21:42:58,726]: [MT_EXECUTE          ] topic : MT/EXECUTE/__ay/sensor1 payload : {
    "type": "int",
    "value": -58
}
[2022-11-18 21:42:58,728]: [MT_EXECUTE          ] topic : MT/EXECUTE/__az/sensor1 payload : {
    "type": "int",
    "value": 1101
}
[2022-11-18 21:42:58,730]: [MT_EXECUTE          ] topic : MT/EXECUTE/__moved/sensor1 payload : {
    "type": "int",
    "value": 0
}
[2022-11-18 21:42:59,718]: [MT_EXECUTE          ] topic : MT/EXECUTE/__temperature/sensor0 payload : {
    "type": "double",
    "value": 22.3
}
[2022-11-18 21:42:59,720]: [MT_EXECUTE          ] topic : MT/EXECUTE/__humidity/sensor0 payload : {
    "type": "double",
    "value": 76.3
}
[2022-11-18 21:42:59,722]: [MT_EXECUTE          ] topic : MT/EXECUTE/__pressure/sensor0 payload : {
    "type": "int",
    "value": 1022.1
}
[2022-11-18 21:42:59,724]: [MT_EXECUTE          ] topic : MT/EXECUTE/__ax/sensor0 payload : {
    "type": "int",
    "value": -12
}
[2022-11-18 21:42:59,726]: [MT_EXECUTE          ] topic : MT/EXECUTE/__ay/sensor0 payload : {
    "type": "int",
    "value": 7
}
[2022-11-18 21:42:59,728]: [MT_EXECUTE          ] topic : MT/EXECUTE/__az/sensor0 payload : {
    "type": "int",
    "value": 1096
}
[2022-11-18 21:42:59,730]: [MT_EXECUTE          ] topic : MT/EXECUTE/__moved/sensor0 payload : {
    "type": "int",
    "value": 0
}
[2022-11-18 21:43:01,718]: [MT_EXECUTE          ] topic : MT/EXECUTE/__temperature/sensor1 payload : {
    "type": "double",
    "value": 22.3
}
[2022-11-18 21:43:01,719]: [MT_EXECUTE          ] topic : MT/EXECUTE/__humidity/sensor1 payload : {
    "type": "double",
    "value": 76.3
}
[2022-11-18 21:43:01,721]: [MT_EXECUTE          ] topic : MT/EXECUTE/__pressure/sensor1 payload : {
    "type": "int",
    "value": 1022.1
}
[2022-11-18 21:43:01,723]: [MT_EXECUTE          ] topic : MT/EXECUTE/__ax/sensor1 payload : {
    "type": "int",
    "value": -12
}
[2022-11-18 21:43:01,725]: [MT_EXECUTE          ] topic : MT/EXECUTE/__ay/sensor1 payload : {
    "type": "int",
    "value": 7
}
[2022-11-18 21:43:01,727]: [MT_EXECUTE          ] topic : MT/EXECUTE/__az/sensor1 payload : {
    "type": "int",
    "value": 1096
}
[2022-11-18 21:43:01,729]: [MT_EXECUTE          ] topic : MT/EXECUTE/__moved/sensor1 payload : {
    "type": "int",
    "value": 0
}
[2022-11-18 21:43:02,718]: [MT_EXECUTE          ] topic : MT/EXECUTE/__temperature/sensor0 payload : {
    "type": "double",
    "value": 22.3
}
[2022-11-18 21:43:02,720]: [MT_EXECUTE          ] topic : MT/EXECUTE/__humidity/sensor0 payload : {
    "type": "double",
    "value": 76.3
}
[2022-11-18 21:43:02,723]: [MT_EXECUTE          ] topic : MT/EXECUTE/__pressure/sensor0 payload : {
    "type": "int",
    "value": 1022.3
}
[2022-11-18 21:43:02,726]: [MT_EXECUTE          ] topic : MT/EXECUTE/__ax/sensor0 payload : {
    "type": "int",
    "value": -20
}
[2022-11-18 21:43:02,728]: [MT_EXECUTE          ] topic : MT/EXECUTE/__ay/sensor0 payload : {
    "type": "int",
    "value": -42
}
[2022-11-18 21:43:02,729]: [MT_EXECUTE          ] topic : MT/EXECUTE/__az/sensor0 payload : {
    "type": "int",
    "value": 1047
}
[2022-11-18 21:43:02,731]: [MT_EXECUTE          ] topic : MT/EXECUTE/__moved/sensor0 payload : {
    "type": "int",
    "value": 0
}
[2022-11-18 21:43:04,594]: Ctrl + C Exit
