[2022-11-18 16:17:44,325]: Skip avahi_enable search...
[2022-11-18 16:17:44,326]: SSL is not enabled...
[2022-11-18 16:17:44,329]: [-> CONNECT           ] Connect to Host: 127.0.0.1:11083
[2022-11-18 16:17:44,331]: Some error
[2022-11-18 16:17:44,333]: Traceback message : Traceback (most recent call last):
  File "/home/jyeom/anaconda3/envs/py37tf26/lib/python3.7/site-packages/big_thing_py/manager_thing.py", line 157, in run
    raise Exception('_g_exit was set!!!')
Exception: _g_exit was set!!!

Error: _g_exit was set!!!
[2022-11-18 16:17:44,333]: Traceback message : Traceback (most recent call last):
  File "/home/jyeom/anaconda3/envs/py37tf26/lib/python3.7/site-packages/big_thing_py/manager_thing.py", line 263, in register_thread_func
    register_info)
  File "/home/jyeom/big-thing-py-examples/manager_thing/lora_manager_thing/lora_manager_thing.py", line 152, in _create_staff
    type=SoPType.FLOAT,
  File "/home/jyeom/anaconda3/envs/py37tf26/lib/python3.7/enum.py", line 346, in __getattr__
    raise AttributeError(name) from None
AttributeError: FLOAT

Error: FLOAT
[2022-11-18 16:17:46,335]: Traceback message : Traceback (most recent call last):
  File "/home/jyeom/anaconda3/envs/py37tf26/lib/python3.7/site-packages/big_thing_py/manager_thing.py", line 183, in wrapup
    thread.exit()
AttributeError: 'SoPThread' object has no attribute 'exit'

Error: 'SoPThread' object has no attribute 'exit'
