[2022-12-15 18:32:35,982]: Skip avahi_enable search...
[2022-12-15 18:32:35,982]: SSL is not enabled...
[2022-12-15 18:32:35,985]: [-> CONNECT           ] Connect to Host: 127.0.0.1:11083
[2022-12-15 18:32:35,985]: Register try 1
[2022-12-15 18:32:35,986]: [-> SUBSCRIBE         ] MT/RESULT/REGISTER/lora_manager_thing_D8F3BC801CFB
[2022-12-15 18:32:35,987]: [-> SUBSCRIBE         ] MT/RESULT/UNREGISTER/lora_manager_thing_D8F3BC801CFB
[2022-12-15 18:32:35,988]: New staff_thing!!! name: [sensor1]
[2022-12-15 18:32:35,988]: [-> SUBSCRIBE         ] MT/RESULT/BINARY_VALUE/lora_manager_thing_D8F3BC801CFB
[2022-12-15 18:32:35,989]: [TM_REGISTER         ] topic : TM/REGISTER/lora_manager_thing_D8F3BC801CFB payload : {
    "alive_cycle": 60,
    "functions": [],
    "is_parallel": true,
    "is_super": false,
    "values": []
}
[2022-12-15 18:32:35,990]: [-> SUBSCRIBE         ] MT/RESULT/REGISTER/sensor1
[2022-12-15 18:32:35,991]: [-> SUBSCRIBE         ] MT/RESULT/UNREGISTER/sensor1
[2022-12-15 18:32:35,992]: [-> SUBSCRIBE         ] MT/RESULT/BINARY_VALUE/sensor1
[2022-12-15 18:32:35,995]: [TM_REGISTER         ] topic : TM/REGISTER/sensor1 payload : {
    "alive_cycle": 10,
    "functions": [
        {
            "arguments": [],
            "description": "",
            "energy": null,
            "exec_time": 10000,
            "name": "__temperature",
            "return_type": "double",
skip... (print_packet mode=SoPPrintMode.ABBR)
[2022-12-15 18:32:35,995]: [MT_RESULT_REGISTER  ] topic : MT/RESULT/REGISTER/lora_manager_thing_D8F3BC801CFB payload : {
    "error": -4,
    "middleware_name": "SoPIoT-MW-Level1-0_000000000000"
}
[2022-12-15 18:32:35,996]: [print_packet] Unexpected topic!!! : MT/RESULT/REGISTER/lora_manager_thing_D8F3BC801CFB 
[2022-12-15 18:32:35,997]: [sensor1_temperature ] topic : sensor1/temperature payload : {
    "type": "double",
    "value": 29.5
}
[2022-12-15 18:32:35,997]: Wrong payload arrive... lora_manager_thing_D8F3BC801CFB should be arrive, not lora_manager_thing_D8F3BC801CFB
[2022-12-15 18:32:35,999]: [sensor1_humidity    ] topic : sensor1/humidity payload : {
    "type": "double",
    "value": 30.5
}
[2022-12-15 18:32:36,001]: [sensor1_pressure    ] topic : sensor1/pressure payload : {
    "type": "int",
    "value": 995.3
}
[2022-12-15 18:32:36,003]: [sensor1_ax          ] topic : sensor1/ax payload : {
    "type": "int",
    "value": -11
}
[2022-12-15 18:32:36,004]: [sensor1_ay          ] topic : sensor1/ay payload : {
    "type": "int",
    "value": -29
}
[2022-12-15 18:32:36,006]: [sensor1_az          ] topic : sensor1/az payload : {
    "type": "int",
    "value": 1046
}
[2022-12-15 18:32:36,009]: [sensor1_moved       ] topic : sensor1/moved payload : {
    "type": "int",
    "value": 0
}
[2022-12-15 18:32:38,996]: [sensor1_humidity    ] topic : sensor1/humidity payload : {
    "type": "double",
    "value": 30.3
}
[2022-12-15 18:32:38,997]: [sensor1_pressure    ] topic : sensor1/pressure payload : {
    "type": "int",
    "value": 995.7
}
[2022-12-15 18:32:38,999]: [sensor1_ax          ] topic : sensor1/ax payload : {
    "type": "int",
    "value": -12
}
[2022-12-15 18:32:39,001]: [sensor1_ay          ] topic : sensor1/ay payload : {
    "type": "int",
    "value": -27
}
[2022-12-15 18:32:39,003]: [sensor1_az          ] topic : sensor1/az payload : {
    "type": "int",
    "value": 1103
}
[2022-12-15 18:32:39,556]: [MT_RESULT_REGISTER  ] topic : MT/RESULT/REGISTER/sensor1 payload : {
    "error": -4,
    "middleware_name": "SoPIoT-MW-Level1-0_000000000000"
}
[2022-12-15 18:32:39,556]: [print_packet] Unexpected topic!!! : MT/RESULT/REGISTER/sensor1 
[2022-12-15 18:32:39,556]: [DUP✔                 ] Thing sensor1 register success!
[2022-12-15 18:32:41,997]: [sensor1_pressure    ] topic : sensor1/pressure payload : {
    "type": "int",
    "value": 995.6
}
[2022-12-15 18:32:41,999]: [sensor1_ax          ] topic : sensor1/ax payload : {
    "type": "int",
    "value": -14
}
[2022-12-15 18:32:42,001]: [sensor1_az          ] topic : sensor1/az payload : {
    "type": "int",
    "value": 1046
}
[2022-12-15 18:32:44,996]: [sensor1_humidity    ] topic : sensor1/humidity payload : {
    "type": "double",
    "value": 30.4
}
[2022-12-15 18:32:44,999]: [sensor1_pressure    ] topic : sensor1/pressure payload : {
    "type": "int",
    "value": 994.9
}
[2022-12-15 18:32:45,003]: [sensor1_ax          ] topic : sensor1/ax payload : {
    "type": "int",
    "value": -10
}
[2022-12-15 18:32:45,006]: [sensor1_az          ] topic : sensor1/az payload : {
    "type": "int",
    "value": 1101
}
[2022-12-15 18:32:45,990]: New staff_thing!!! name: [sensor2]
[2022-12-15 18:32:45,992]: [-> SUBSCRIBE         ] MT/RESULT/REGISTER/sensor2
[2022-12-15 18:32:45,993]: [-> SUBSCRIBE         ] MT/RESULT/UNREGISTER/sensor2
[2022-12-15 18:32:45,993]: [-> SUBSCRIBE         ] MT/RESULT/BINARY_VALUE/sensor2
[2022-12-15 18:32:45,996]: [TM_REGISTER         ] topic : TM/REGISTER/sensor2 payload : {
    "alive_cycle": 10,
    "functions": [
        {
            "arguments": [],
            "description": "",
            "energy": null,
            "exec_time": 10000,
            "name": "__temperature",
            "return_type": "double",
skip... (print_packet mode=SoPPrintMode.ABBR)
[2022-12-15 18:32:45,999]: [sensor2_temperature ] topic : sensor2/temperature payload : {
    "type": "double",
    "value": 29.5
}
[2022-12-15 18:32:46,001]: [sensor2_humidity    ] topic : sensor2/humidity payload : {
    "type": "double",
    "value": 30.4
}
[2022-12-15 18:32:46,003]: [sensor2_pressure    ] topic : sensor2/pressure payload : {
    "type": "int",
    "value": 994.9
}
[2022-12-15 18:32:46,005]: [sensor2_ax          ] topic : sensor2/ax payload : {
    "type": "int",
    "value": -10
}
[2022-12-15 18:32:46,007]: [sensor2_ay          ] topic : sensor2/ay payload : {
    "type": "int",
    "value": -27
}
[2022-12-15 18:32:46,009]: [sensor2_az          ] topic : sensor2/az payload : {
    "type": "int",
    "value": 1101
}
[2022-12-15 18:32:46,011]: [sensor2_moved       ] topic : sensor2/moved payload : {
    "type": "int",
    "value": 0
}
[2022-12-15 18:32:46,057]: [MT_RESULT_REGISTER  ] topic : MT/RESULT/REGISTER/sensor2 payload : {
    "error": -4,
    "middleware_name": "SoPIoT-MW-Level1-0_000000000000"
}
[2022-12-15 18:32:46,057]: [print_packet] Unexpected topic!!! : MT/RESULT/REGISTER/sensor2 
[2022-12-15 18:32:46,058]: [DUP✔                 ] Thing sensor2 register success!
[2022-12-15 18:32:48,997]: [sensor2_humidity    ] topic : sensor2/humidity payload : {
    "type": "double",
    "value": 30.3
}
[2022-12-15 18:32:48,999]: [sensor2_pressure    ] topic : sensor2/pressure payload : {
    "type": "int",
    "value": 995.4
}
[2022-12-15 18:32:49,001]: [sensor2_ax          ] topic : sensor2/ax payload : {
    "type": "int",
    "value": -11
}
[2022-12-15 18:32:49,003]: [sensor2_ay          ] topic : sensor2/ay payload : {
    "type": "int",
    "value": -29
}
[2022-12-15 18:32:49,004]: [sensor2_az          ] topic : sensor2/az payload : {
    "type": "int",
    "value": 1047
}
[2022-12-15 18:32:49,793]: Ctrl + C Exit
[2022-12-15 18:32:49,794]: [TM_UNREGISTER       ] topic : TM/UNREGISTER/sensor2 payload : {}
[2022-12-15 18:32:49,816]: [MT_RESULT_UNREGISTER] topic : MT/RESULT/UNREGISTER/sensor2 payload : {
    "error": -1
}
[2022-12-15 18:32:49,816]: [print_packet] Unexpected topic!!! : MT/RESULT/UNREGISTER/sensor2 
[2022-12-15 18:32:49,817]: [✖✖✖                  ] Thing lora_manager_thing_D8F3BC801CFB register packset was nonvaild
[2022-12-15 18:32:49,817]: [handle_MT_RESULT_UNREGISTER] Unregister failed... error code : -1
