[2022-11-18 21:29:53,149]: Skip avahi_enable search...
[2022-11-18 21:29:53,149]: SSL is not enabled...
[2022-11-18 21:29:53,151]: [-> CONNECT           ] Connect to Host: 127.0.0.1:11083
[2022-11-18 21:29:53,152]: Register try 1
[2022-11-18 21:29:53,153]: [-> SUBSCRIBE         ] MT/RESULT/REGISTER/lora_manager_thing_D8F3BC801CFB
[2022-11-18 21:29:53,153]: [-> SUBSCRIBE         ] MT/RESULT/UNREGISTER/lora_manager_thing_D8F3BC801CFB
[2022-11-18 21:29:53,154]: [-> SUBSCRIBE         ] MT/RESULT/BINARY_VALUE/lora_manager_thing_D8F3BC801CFB
[2022-11-18 21:29:53,155]: [TM_REGISTER         ] topic : TM/REGISTER/lora_manager_thing_D8F3BC801CFB payload : {
    "alive_cycle": 60,
    "functions": [],
    "is_parallel": true,
    "is_super": false,
    "values": []
}
[2022-11-18 21:29:53,174]: [MT_RESULT_REGISTER  ] topic : MT/RESULT/REGISTER/lora_manager_thing_D8F3BC801CFB payload : {
    "error": -4,
    "middleware_name": "SoPIoT-MW-Level1-0_000000000000"
}
[2022-11-18 21:29:53,175]: [DUP✔                 ] Thing lora_manager_thing_D8F3BC801CFB register success!
[2022-11-18 21:29:53,178]: [TM_ALIVE            ] topic : TM/ALIVE/lora_manager_thing_D8F3BC801CFB payload : {}
[2022-11-18 21:30:13,156]: New staff_thing!!! name = sensor0
[2022-11-18 21:30:13,156]: [-> SUBSCRIBE         ] MT/RESULT/REGISTER/sensor0
[2022-11-18 21:30:13,157]: [-> SUBSCRIBE         ] MT/RESULT/UNREGISTER/sensor0
[2022-11-18 21:30:13,158]: [-> SUBSCRIBE         ] MT/RESULT/BINARY_VALUE/sensor0
[2022-11-18 21:30:13,159]: [_send_staff_RESULT_REGISTER] Register sensor0 complete!!!
[2022-11-18 21:30:13,160]: [MT_EXECUTE          ] topic : MT/EXECUTE/__temperature/sensor0 payload : {
    "type": "double",
    "value": 22.5
}
[2022-11-18 21:30:13,161]: [MT_EXECUTE          ] topic : MT/EXECUTE/__humidity/sensor0 payload : {
    "type": "double",
    "value": 77.9
}
[2022-11-18 21:30:13,163]: [MT_EXECUTE          ] topic : MT/EXECUTE/__pressure/sensor0 payload : {
    "type": "int",
    "value": 1019.3
}
[2022-11-18 21:30:13,165]: [MT_EXECUTE          ] topic : MT/EXECUTE/__ax/sensor0 payload : {
    "type": "int",
    "value": -17
}
[2022-11-18 21:30:13,167]: [MT_EXECUTE          ] topic : MT/EXECUTE/__ay/sensor0 payload : {
    "type": "int",
    "value": -66
}
[2022-11-18 21:30:13,169]: [MT_EXECUTE          ] topic : MT/EXECUTE/__az/sensor0 payload : {
    "type": "int",
    "value": 1038
}
[2022-11-18 21:30:13,171]: [MT_EXECUTE          ] topic : MT/EXECUTE/__moved/sensor0 payload : {
    "type": "int",
    "value": 0
}
[2022-11-18 21:30:16,159]: [MT_EXECUTE          ] topic : MT/EXECUTE/__temperature/sensor0 payload : {
    "type": "double",
    "value": 22.4
}
[2022-11-18 21:30:16,161]: [MT_EXECUTE          ] topic : MT/EXECUTE/__humidity/sensor0 payload : {
    "type": "double",
    "value": 77.9
}
[2022-11-18 21:30:16,162]: [MT_EXECUTE          ] topic : MT/EXECUTE/__pressure/sensor0 payload : {
    "type": "int",
    "value": 1019.4
}
[2022-11-18 21:30:16,164]: [MT_EXECUTE          ] topic : MT/EXECUTE/__ax/sensor0 payload : {
    "type": "int",
    "value": -16
}
[2022-11-18 21:30:16,166]: [MT_EXECUTE          ] topic : MT/EXECUTE/__ay/sensor0 payload : {
    "type": "int",
    "value": -58
}
[2022-11-18 21:30:16,168]: [MT_EXECUTE          ] topic : MT/EXECUTE/__az/sensor0 payload : {
    "type": "int",
    "value": 1098
}
[2022-11-18 21:30:16,170]: [MT_EXECUTE          ] topic : MT/EXECUTE/__moved/sensor0 payload : {
    "type": "int",
    "value": 0
}
[2022-11-18 21:30:19,160]: [MT_EXECUTE          ] topic : MT/EXECUTE/__temperature/sensor0 payload : {
    "type": "double",
    "value": 22.5
}
[2022-11-18 21:30:19,163]: [MT_EXECUTE          ] topic : MT/EXECUTE/__humidity/sensor0 payload : {
    "type": "double",
    "value": 77.9
}
[2022-11-18 21:30:19,164]: [MT_EXECUTE          ] topic : MT/EXECUTE/__pressure/sensor0 payload : {
    "type": "int",
    "value": 1019.2
}
[2022-11-18 21:30:19,166]: [MT_EXECUTE          ] topic : MT/EXECUTE/__ax/sensor0 payload : {
    "type": "int",
    "value": -17
}
[2022-11-18 21:30:19,168]: [MT_EXECUTE          ] topic : MT/EXECUTE/__ay/sensor0 payload : {
    "type": "int",
    "value": -62
}
[2022-11-18 21:30:19,170]: [MT_EXECUTE          ] topic : MT/EXECUTE/__az/sensor0 payload : {
    "type": "int",
    "value": 1042
}
[2022-11-18 21:30:19,172]: [MT_EXECUTE          ] topic : MT/EXECUTE/__moved/sensor0 payload : {
    "type": "int",
    "value": 0
}
[2022-11-18 21:30:22,161]: [MT_EXECUTE          ] topic : MT/EXECUTE/__temperature/sensor0 payload : {
    "type": "double",
    "value": 22.5
}
[2022-11-18 21:30:22,163]: [MT_EXECUTE          ] topic : MT/EXECUTE/__humidity/sensor0 payload : {
    "type": "double",
    "value": 77.8
}
[2022-11-18 21:30:22,165]: [MT_EXECUTE          ] topic : MT/EXECUTE/__pressure/sensor0 payload : {
    "type": "int",
    "value": 1018.9
}
[2022-11-18 21:30:22,167]: [MT_EXECUTE          ] topic : MT/EXECUTE/__ax/sensor0 payload : {
    "type": "int",
    "value": -15
}
[2022-11-18 21:30:22,168]: [MT_EXECUTE          ] topic : MT/EXECUTE/__ay/sensor0 payload : {
    "type": "int",
    "value": -56
}
[2022-11-18 21:30:22,170]: [MT_EXECUTE          ] topic : MT/EXECUTE/__az/sensor0 payload : {
    "type": "int",
    "value": 1098
}
[2022-11-18 21:30:22,172]: [MT_EXECUTE          ] topic : MT/EXECUTE/__moved/sensor0 payload : {
    "type": "int",
    "value": 0
}
[2022-11-18 21:30:23,155]: [TM_ALIVE            ] topic : TM/ALIVE/sensor0 payload : {}
[2022-11-18 21:30:25,162]: [MT_EXECUTE          ] topic : MT/EXECUTE/__temperature/sensor0 payload : {
    "type": "double",
    "value": 22.5
}
[2022-11-18 21:30:25,164]: [MT_EXECUTE          ] topic : MT/EXECUTE/__humidity/sensor0 payload : {
    "type": "double",
    "value": 77.7
}
[2022-11-18 21:30:25,166]: [MT_EXECUTE          ] topic : MT/EXECUTE/__pressure/sensor0 payload : {
    "type": "int",
    "value": 1019.6
}
[2022-11-18 21:30:25,168]: [MT_EXECUTE          ] topic : MT/EXECUTE/__ax/sensor0 payload : {
    "type": "int",
    "value": -16
}
[2022-11-18 21:30:25,170]: [MT_EXECUTE          ] topic : MT/EXECUTE/__ay/sensor0 payload : {
    "type": "int",
    "value": -62
}
[2022-11-18 21:30:25,172]: [MT_EXECUTE          ] topic : MT/EXECUTE/__az/sensor0 payload : {
    "type": "int",
    "value": 1043
}
[2022-11-18 21:30:25,174]: [MT_EXECUTE          ] topic : MT/EXECUTE/__moved/sensor0 payload : {
    "type": "int",
    "value": 0
}
[2022-11-18 21:30:28,165]: [MT_EXECUTE          ] topic : MT/EXECUTE/__temperature/sensor0 payload : {
    "type": "double",
    "value": 22.5
}
[2022-11-18 21:30:28,167]: [MT_EXECUTE          ] topic : MT/EXECUTE/__humidity/sensor0 payload : {
    "type": "double",
    "value": 77.8
}
[2022-11-18 21:30:28,169]: [MT_EXECUTE          ] topic : MT/EXECUTE/__pressure/sensor0 payload : {
    "type": "int",
    "value": 1019.1
}
[2022-11-18 21:30:28,171]: [MT_EXECUTE          ] topic : MT/EXECUTE/__ax/sensor0 payload : {
    "type": "int",
    "value": -15
}
[2022-11-18 21:30:28,173]: [MT_EXECUTE          ] topic : MT/EXECUTE/__ay/sensor0 payload : {
    "type": "int",
    "value": -60
}
[2022-11-18 21:30:28,175]: [MT_EXECUTE          ] topic : MT/EXECUTE/__az/sensor0 payload : {
    "type": "int",
    "value": 1100
}
[2022-11-18 21:30:28,178]: [MT_EXECUTE          ] topic : MT/EXECUTE/__moved/sensor0 payload : {
    "type": "int",
    "value": 0
}
[2022-11-18 21:30:31,162]: [MT_EXECUTE          ] topic : MT/EXECUTE/__temperature/sensor0 payload : {
    "type": "double",
    "value": 22.5
}
[2022-11-18 21:30:31,164]: [MT_EXECUTE          ] topic : MT/EXECUTE/__humidity/sensor0 payload : {
    "type": "double",
    "value": 77.8
}
[2022-11-18 21:30:31,166]: [MT_EXECUTE          ] topic : MT/EXECUTE/__pressure/sensor0 payload : {
    "type": "int",
    "value": 1019.1
}
[2022-11-18 21:30:31,169]: [MT_EXECUTE          ] topic : MT/EXECUTE/__ax/sensor0 payload : {
    "type": "int",
    "value": -15
}
[2022-11-18 21:30:31,170]: [MT_EXECUTE          ] topic : MT/EXECUTE/__ay/sensor0 payload : {
    "type": "int",
    "value": -60
}
[2022-11-18 21:30:31,172]: [MT_EXECUTE          ] topic : MT/EXECUTE/__az/sensor0 payload : {
    "type": "int",
    "value": 1100
}
[2022-11-18 21:30:31,174]: [MT_EXECUTE          ] topic : MT/EXECUTE/__moved/sensor0 payload : {
    "type": "int",
    "value": 0
}
[2022-11-18 21:30:33,157]: New staff_thing!!! name = sensor1
[2022-11-18 21:30:33,158]: [TM_ALIVE            ] topic : TM/ALIVE/sensor0 payload : {}
[2022-11-18 21:30:33,159]: [-> SUBSCRIBE         ] MT/RESULT/REGISTER/sensor1
[2022-11-18 21:30:33,159]: [-> SUBSCRIBE         ] MT/RESULT/UNREGISTER/sensor1
[2022-11-18 21:30:33,160]: [-> SUBSCRIBE         ] MT/RESULT/BINARY_VALUE/sensor1
[2022-11-18 21:30:33,162]: [MT_EXECUTE          ] topic : MT/EXECUTE/__temperature/sensor1 payload : {
    "type": "double",
    "value": 0.0
}
[2022-11-18 21:30:33,162]: [_send_staff_RESULT_REGISTER] Register sensor1 complete!!!
[2022-11-18 21:30:33,164]: [MT_EXECUTE          ] topic : MT/EXECUTE/__humidity/sensor1 payload : {
    "type": "double",
    "value": 1019.7
}
[2022-11-18 21:30:33,165]: [MT_EXECUTE          ] topic : MT/EXECUTE/__pressure/sensor1 payload : {
    "type": "int",
    "value": 225.0
}
[2022-11-18 21:30:33,167]: [MT_EXECUTE          ] topic : MT/EXECUTE/__ax/sensor1 payload : {
    "type": "int",
    "value": 77
}
[2022-11-18 21:30:33,170]: [MT_EXECUTE          ] topic : MT/EXECUTE/__ay/sensor1 payload : {
    "type": "int",
    "value": -22
}
[2022-11-18 21:30:33,171]: [MT_EXECUTE          ] topic : MT/EXECUTE/__az/sensor1 payload : {
    "type": "int",
    "value": -69
}
[2022-11-18 21:30:33,173]: [MT_EXECUTE          ] topic : MT/EXECUTE/__moved/sensor1 payload : {
    "type": "int",
    "value": 8
}
[2022-11-18 21:30:34,163]: [MT_EXECUTE          ] topic : MT/EXECUTE/__temperature/sensor0 payload : {
    "type": "double",
    "value": 21.4
}
[2022-11-18 21:30:34,165]: [MT_EXECUTE          ] topic : MT/EXECUTE/__humidity/sensor0 payload : {
    "type": "double",
    "value": 79.1
}
[2022-11-18 21:30:34,167]: [MT_EXECUTE          ] topic : MT/EXECUTE/__pressure/sensor0 payload : {
    "type": "int",
    "value": 1022.1
}
[2022-11-18 21:30:34,169]: [MT_EXECUTE          ] topic : MT/EXECUTE/__ax/sensor0 payload : {
    "type": "int",
    "value": -114
}
[2022-11-18 21:30:34,170]: [MT_EXECUTE          ] topic : MT/EXECUTE/__ay/sensor0 payload : {
    "type": "int",
    "value": -214
}
[2022-11-18 21:30:34,172]: [MT_EXECUTE          ] topic : MT/EXECUTE/__az/sensor0 payload : {
    "type": "int",
    "value": 1010
}
[2022-11-18 21:30:34,174]: [MT_EXECUTE          ] topic : MT/EXECUTE/__moved/sensor0 payload : {
    "type": "int",
    "value": 0
}
[2022-11-18 21:30:36,163]: [MT_EXECUTE          ] topic : MT/EXECUTE/__temperature/sensor1 payload : {
    "type": "double",
    "value": 22.5
}
[2022-11-18 21:30:36,165]: [MT_EXECUTE          ] topic : MT/EXECUTE/__humidity/sensor1 payload : {
    "type": "double",
    "value": 77.7
}
[2022-11-18 21:30:36,167]: [MT_EXECUTE          ] topic : MT/EXECUTE/__pressure/sensor1 payload : {
    "type": "int",
    "value": 1019.3
}
[2022-11-18 21:30:36,168]: [MT_EXECUTE          ] topic : MT/EXECUTE/__ax/sensor1 payload : {
    "type": "int",
    "value": -17
}
[2022-11-18 21:30:36,170]: [MT_EXECUTE          ] topic : MT/EXECUTE/__ay/sensor1 payload : {
    "type": "int",
    "value": -65
}
[2022-11-18 21:30:36,172]: [MT_EXECUTE          ] topic : MT/EXECUTE/__az/sensor1 payload : {
    "type": "int",
    "value": 1044
}
[2022-11-18 21:30:36,174]: [MT_EXECUTE          ] topic : MT/EXECUTE/__moved/sensor1 payload : {
    "type": "int",
    "value": 0
}
[2022-11-18 21:30:37,164]: [MT_EXECUTE          ] topic : MT/EXECUTE/__temperature/sensor0 payload : {
    "type": "double",
    "value": 21.5
}
[2022-11-18 21:30:37,166]: [MT_EXECUTE          ] topic : MT/EXECUTE/__humidity/sensor0 payload : {
    "type": "double",
    "value": 79.1
}
[2022-11-18 21:30:37,167]: [MT_EXECUTE          ] topic : MT/EXECUTE/__pressure/sensor0 payload : {
    "type": "int",
    "value": 1022.2
}
[2022-11-18 21:30:37,169]: [MT_EXECUTE          ] topic : MT/EXECUTE/__ax/sensor0 payload : {
    "type": "int",
    "value": -114
}
[2022-11-18 21:30:37,170]: [MT_EXECUTE          ] topic : MT/EXECUTE/__ay/sensor0 payload : {
    "type": "int",
    "value": -209
}
[2022-11-18 21:30:37,172]: [MT_EXECUTE          ] topic : MT/EXECUTE/__az/sensor0 payload : {
    "type": "int",
    "value": 1069
}
[2022-11-18 21:30:37,174]: [MT_EXECUTE          ] topic : MT/EXECUTE/__moved/sensor0 payload : {
    "type": "int",
    "value": 0
}
[2022-11-18 21:30:39,162]: [MT_EXECUTE          ] topic : MT/EXECUTE/__temperature/sensor1 payload : {
    "type": "double",
    "value": 22.5
}
[2022-11-18 21:30:39,165]: [MT_EXECUTE          ] topic : MT/EXECUTE/__humidity/sensor1 payload : {
    "type": "double",
    "value": 77.7
}
[2022-11-18 21:30:39,167]: [MT_EXECUTE          ] topic : MT/EXECUTE/__pressure/sensor1 payload : {
    "type": "int",
    "value": 1019.1
}
[2022-11-18 21:30:39,170]: [MT_EXECUTE          ] topic : MT/EXECUTE/__ax/sensor1 payload : {
    "type": "int",
    "value": -16
}
[2022-11-18 21:30:39,171]: [MT_EXECUTE          ] topic : MT/EXECUTE/__ay/sensor1 payload : {
    "type": "int",
    "value": -59
}
[2022-11-18 21:30:39,173]: [MT_EXECUTE          ] topic : MT/EXECUTE/__az/sensor1 payload : {
    "type": "int",
    "value": 1099
}
[2022-11-18 21:30:39,174]: [MT_EXECUTE          ] topic : MT/EXECUTE/__moved/sensor1 payload : {
    "type": "int",
    "value": 0
}
[2022-11-18 21:30:40,165]: [MT_EXECUTE          ] topic : MT/EXECUTE/__temperature/sensor0 payload : {
    "type": "double",
    "value": 21.5
}
[2022-11-18 21:30:40,167]: [MT_EXECUTE          ] topic : MT/EXECUTE/__humidity/sensor0 payload : {
    "type": "double",
    "value": 79.1
}
[2022-11-18 21:30:40,169]: [MT_EXECUTE          ] topic : MT/EXECUTE/__pressure/sensor0 payload : {
    "type": "int",
    "value": 1022.1
}
[2022-11-18 21:30:40,171]: [MT_EXECUTE          ] topic : MT/EXECUTE/__ax/sensor0 payload : {
    "type": "int",
    "value": -115
}
[2022-11-18 21:30:40,173]: [MT_EXECUTE          ] topic : MT/EXECUTE/__ay/sensor0 payload : {
    "type": "int",
    "value": -213
}
[2022-11-18 21:30:40,175]: [MT_EXECUTE          ] topic : MT/EXECUTE/__az/sensor0 payload : {
    "type": "int",
    "value": 1010
}
[2022-11-18 21:30:40,177]: [MT_EXECUTE          ] topic : MT/EXECUTE/__moved/sensor0 payload : {
    "type": "int",
    "value": 0
}
[2022-11-18 21:30:42,163]: [MT_EXECUTE          ] topic : MT/EXECUTE/__temperature/sensor1 payload : {
    "type": "double",
    "value": 22.5
}
[2022-11-18 21:30:42,166]: [MT_EXECUTE          ] topic : MT/EXECUTE/__humidity/sensor1 payload : {
    "type": "double",
    "value": 77.6
}
[2022-11-18 21:30:42,169]: [MT_EXECUTE          ] topic : MT/EXECUTE/__pressure/sensor1 payload : {
    "type": "int",
    "value": 1019.2
}
[2022-11-18 21:30:42,171]: [MT_EXECUTE          ] topic : MT/EXECUTE/__ax/sensor1 payload : {
    "type": "int",
    "value": -17
}
[2022-11-18 21:30:42,172]: [MT_EXECUTE          ] topic : MT/EXECUTE/__ay/sensor1 payload : {
    "type": "int",
    "value": -65
}
[2022-11-18 21:30:42,174]: [MT_EXECUTE          ] topic : MT/EXECUTE/__az/sensor1 payload : {
    "type": "int",
    "value": 1043
}
[2022-11-18 21:30:42,179]: [MT_EXECUTE          ] topic : MT/EXECUTE/__moved/sensor1 payload : {
    "type": "int",
    "value": 0
}
[2022-11-18 21:30:43,157]: New staff_thing!!! name = sensor2
[2022-11-18 21:30:43,158]: [TM_ALIVE            ] topic : TM/ALIVE/sensor0 payload : {}
[2022-11-18 21:30:43,159]: [-> SUBSCRIBE         ] MT/RESULT/REGISTER/sensor2
[2022-11-18 21:30:43,160]: [-> SUBSCRIBE         ] MT/RESULT/UNREGISTER/sensor2
[2022-11-18 21:30:43,160]: [TM_ALIVE            ] topic : TM/ALIVE/sensor1 payload : {}
[2022-11-18 21:30:43,161]: [-> SUBSCRIBE         ] MT/RESULT/BINARY_VALUE/sensor2
[2022-11-18 21:30:43,162]: [_send_staff_RESULT_REGISTER] Register sensor2 complete!!!
[2022-11-18 21:30:43,163]: [MT_EXECUTE          ] topic : MT/EXECUTE/__temperature/sensor2 payload : {
    "type": "double",
    "value": 21.5
}
[2022-11-18 21:30:43,165]: [MT_EXECUTE          ] topic : MT/EXECUTE/__humidity/sensor2 payload : {
    "type": "double",
    "value": 79.1
}
[2022-11-18 21:30:43,167]: [MT_EXECUTE          ] topic : MT/EXECUTE/__pressure/sensor2 payload : {
    "type": "int",
    "value": 1022.2
}
[2022-11-18 21:30:43,169]: [MT_EXECUTE          ] topic : MT/EXECUTE/__ax/sensor2 payload : {
    "type": "int",
    "value": -115
}
[2022-11-18 21:30:43,171]: [MT_EXECUTE          ] topic : MT/EXECUTE/__ay/sensor2 payload : {
    "type": "int",
    "value": -211
}
[2022-11-18 21:30:43,173]: [MT_EXECUTE          ] topic : MT/EXECUTE/__az/sensor2 payload : {
    "type": "int",
    "value": 1068
}
[2022-11-18 21:30:43,175]: [MT_EXECUTE          ] topic : MT/EXECUTE/__moved/sensor2 payload : {
    "type": "int",
    "value": 0
}
[2022-11-18 21:30:43,177]: [MT_EXECUTE          ] topic : MT/EXECUTE/__temperature/sensor0 payload : {
    "type": "double",
    "value": 21.5
}
[2022-11-18 21:30:43,179]: [MT_EXECUTE          ] topic : MT/EXECUTE/__humidity/sensor0 payload : {
    "type": "double",
    "value": 79.1
}
[2022-11-18 21:30:43,181]: [MT_EXECUTE          ] topic : MT/EXECUTE/__pressure/sensor0 payload : {
    "type": "int",
    "value": 1022.2
}
[2022-11-18 21:30:43,183]: [MT_EXECUTE          ] topic : MT/EXECUTE/__ax/sensor0 payload : {
    "type": "int",
    "value": -115
}
[2022-11-18 21:30:43,186]: [MT_EXECUTE          ] topic : MT/EXECUTE/__ay/sensor0 payload : {
    "type": "int",
    "value": -211
}
[2022-11-18 21:30:43,189]: [MT_EXECUTE          ] topic : MT/EXECUTE/__az/sensor0 payload : {
    "type": "int",
    "value": 1068
}
[2022-11-18 21:30:43,191]: [MT_EXECUTE          ] topic : MT/EXECUTE/__moved/sensor0 payload : {
    "type": "int",
    "value": 0
}
[2022-11-18 21:30:45,162]: [MT_EXECUTE          ] topic : MT/EXECUTE/__temperature/sensor1 payload : {
    "type": "double",
    "value": 21.5
}
[2022-11-18 21:30:45,165]: [MT_EXECUTE          ] topic : MT/EXECUTE/__humidity/sensor1 payload : {
    "type": "double",
    "value": 79.1
}
[2022-11-18 21:30:45,166]: [MT_EXECUTE          ] topic : MT/EXECUTE/__pressure/sensor1 payload : {
    "type": "int",
    "value": 1022.2
}
[2022-11-18 21:30:45,168]: [MT_EXECUTE          ] topic : MT/EXECUTE/__ax/sensor1 payload : {
    "type": "int",
    "value": -115
}
[2022-11-18 21:30:45,170]: [MT_EXECUTE          ] topic : MT/EXECUTE/__ay/sensor1 payload : {
    "type": "int",
    "value": -211
}
[2022-11-18 21:30:45,172]: [MT_EXECUTE          ] topic : MT/EXECUTE/__az/sensor1 payload : {
    "type": "int",
    "value": 1068
}
[2022-11-18 21:30:45,174]: [MT_EXECUTE          ] topic : MT/EXECUTE/__moved/sensor1 payload : {
    "type": "int",
    "value": 0
}
[2022-11-18 21:30:46,161]: [MT_EXECUTE          ] topic : MT/EXECUTE/__temperature/sensor2 payload : {
    "type": "double",
    "value": 0.0
}
[2022-11-18 21:30:46,163]: [MT_EXECUTE          ] topic : MT/EXECUTE/__humidity/sensor2 payload : {
    "type": "double",
    "value": 1022.1
}
[2022-11-18 21:30:46,165]: [MT_EXECUTE          ] topic : MT/EXECUTE/__pressure/sensor2 payload : {
    "type": "int",
    "value": 215.0
}
[2022-11-18 21:30:46,166]: [MT_EXECUTE          ] topic : MT/EXECUTE/__ax/sensor2 payload : {
    "type": "int",
    "value": 91
}
[2022-11-18 21:30:46,169]: [MT_EXECUTE          ] topic : MT/EXECUTE/__ay/sensor2 payload : {
    "type": "int",
    "value": -115
}
[2022-11-18 21:30:46,171]: [MT_EXECUTE          ] topic : MT/EXECUTE/__az/sensor2 payload : {
    "type": "int",
    "value": -212
}
[2022-11-18 21:30:46,173]: [MT_EXECUTE          ] topic : MT/EXECUTE/__moved/sensor2 payload : {
    "type": "int",
    "value": 5
}
[2022-11-18 21:30:46,175]: [MT_EXECUTE          ] topic : MT/EXECUTE/__temperature/sensor0 payload : {
    "type": "double",
    "value": 0.0
}
[2022-11-18 21:30:46,176]: [MT_EXECUTE          ] topic : MT/EXECUTE/__humidity/sensor0 payload : {
    "type": "double",
    "value": 1022.1
}
[2022-11-18 21:30:46,179]: [MT_EXECUTE          ] topic : MT/EXECUTE/__pressure/sensor0 payload : {
    "type": "int",
    "value": 215.0
}
[2022-11-18 21:30:46,182]: [MT_EXECUTE          ] topic : MT/EXECUTE/__ax/sensor0 payload : {
    "type": "int",
    "value": 91
}
[2022-11-18 21:30:46,183]: [MT_EXECUTE          ] topic : MT/EXECUTE/__ay/sensor0 payload : {
    "type": "int",
    "value": -115
}
[2022-11-18 21:30:46,185]: [MT_EXECUTE          ] topic : MT/EXECUTE/__az/sensor0 payload : {
    "type": "int",
    "value": -212
}
[2022-11-18 21:30:46,187]: [MT_EXECUTE          ] topic : MT/EXECUTE/__moved/sensor0 payload : {
    "type": "int",
    "value": 5
}
[2022-11-18 21:30:48,163]: [MT_EXECUTE          ] topic : MT/EXECUTE/__temperature/sensor1 payload : {
    "type": "double",
    "value": 22.5
}
[2022-11-18 21:30:48,166]: [MT_EXECUTE          ] topic : MT/EXECUTE/__humidity/sensor1 payload : {
    "type": "double",
    "value": 77.6
}
[2022-11-18 21:30:48,170]: [MT_EXECUTE          ] topic : MT/EXECUTE/__pressure/sensor1 payload : {
    "type": "int",
    "value": 1019.1
}
[2022-11-18 21:30:48,172]: [MT_EXECUTE          ] topic : MT/EXECUTE/__ax/sensor1 payload : {
    "type": "int",
    "value": -17
}
[2022-11-18 21:30:48,174]: [MT_EXECUTE          ] topic : MT/EXECUTE/__ay/sensor1 payload : {
    "type": "int",
    "value": -66
}
[2022-11-18 21:30:48,177]: [MT_EXECUTE          ] topic : MT/EXECUTE/__az/sensor1 payload : {
    "type": "int",
    "value": 1044
}
[2022-11-18 21:30:48,179]: [MT_EXECUTE          ] topic : MT/EXECUTE/__moved/sensor1 payload : {
    "type": "int",
    "value": 0
}
[2022-11-18 21:30:49,161]: [MT_EXECUTE          ] topic : MT/EXECUTE/__temperature/sensor2 payload : {
    "type": "double",
    "value": 21.5
}
[2022-11-18 21:30:49,163]: [MT_EXECUTE          ] topic : MT/EXECUTE/__humidity/sensor2 payload : {
    "type": "double",
    "value": 79.0
}
[2022-11-18 21:30:49,165]: [MT_EXECUTE          ] topic : MT/EXECUTE/__pressure/sensor2 payload : {
    "type": "int",
    "value": 1022.1
}
[2022-11-18 21:30:49,167]: [MT_EXECUTE          ] topic : MT/EXECUTE/__ax/sensor2 payload : {
    "type": "int",
    "value": -115
}
[2022-11-18 21:30:49,169]: [MT_EXECUTE          ] topic : MT/EXECUTE/__ay/sensor2 payload : {
    "type": "int",
    "value": -210
}
[2022-11-18 21:30:49,171]: [MT_EXECUTE          ] topic : MT/EXECUTE/__az/sensor2 payload : {
    "type": "int",
    "value": 1067
}
[2022-11-18 21:30:49,173]: [MT_EXECUTE          ] topic : MT/EXECUTE/__moved/sensor2 payload : {
    "type": "int",
    "value": 0
}
[2022-11-18 21:30:49,175]: [MT_EXECUTE          ] topic : MT/EXECUTE/__temperature/sensor0 payload : {
    "type": "double",
    "value": 21.5
}
[2022-11-18 21:30:49,177]: [MT_EXECUTE          ] topic : MT/EXECUTE/__humidity/sensor0 payload : {
    "type": "double",
    "value": 79.0
}
[2022-11-18 21:30:49,179]: [MT_EXECUTE          ] topic : MT/EXECUTE/__pressure/sensor0 payload : {
    "type": "int",
    "value": 1022.1
}
[2022-11-18 21:30:49,181]: [MT_EXECUTE          ] topic : MT/EXECUTE/__ax/sensor0 payload : {
    "type": "int",
    "value": -115
}
[2022-11-18 21:30:49,182]: [MT_EXECUTE          ] topic : MT/EXECUTE/__ay/sensor0 payload : {
    "type": "int",
    "value": -210
}
[2022-11-18 21:30:49,184]: [MT_EXECUTE          ] topic : MT/EXECUTE/__az/sensor0 payload : {
    "type": "int",
    "value": 1067
}
[2022-11-18 21:30:49,186]: [MT_EXECUTE          ] topic : MT/EXECUTE/__moved/sensor0 payload : {
    "type": "int",
    "value": 0
}
[2022-11-18 21:30:51,165]: [MT_EXECUTE          ] topic : MT/EXECUTE/__temperature/sensor1 payload : {
    "type": "double",
    "value": 21.5
}
[2022-11-18 21:30:51,166]: [MT_EXECUTE          ] topic : MT/EXECUTE/__humidity/sensor1 payload : {
    "type": "double",
    "value": 79.0
}
[2022-11-18 21:30:51,168]: [MT_EXECUTE          ] topic : MT/EXECUTE/__pressure/sensor1 payload : {
    "type": "int",
    "value": 1022.1
}
[2022-11-18 21:30:51,171]: [MT_EXECUTE          ] topic : MT/EXECUTE/__ax/sensor1 payload : {
    "type": "int",
    "value": -115
}
[2022-11-18 21:30:51,173]: [MT_EXECUTE          ] topic : MT/EXECUTE/__ay/sensor1 payload : {
    "type": "int",
    "value": -210
}
[2022-11-18 21:30:51,175]: [MT_EXECUTE          ] topic : MT/EXECUTE/__az/sensor1 payload : {
    "type": "int",
    "value": 1067
}
[2022-11-18 21:30:51,177]: [MT_EXECUTE          ] topic : MT/EXECUTE/__moved/sensor1 payload : {
    "type": "int",
    "value": 0
}
[2022-11-18 21:30:52,163]: [MT_EXECUTE          ] topic : MT/EXECUTE/__temperature/sensor2 payload : {
    "type": "double",
    "value": 22.5
}
[2022-11-18 21:30:52,166]: [MT_EXECUTE          ] topic : MT/EXECUTE/__humidity/sensor2 payload : {
    "type": "double",
    "value": 77.6
}
[2022-11-18 21:30:52,167]: [MT_EXECUTE          ] topic : MT/EXECUTE/__pressure/sensor2 payload : {
    "type": "int",
    "value": 1019.4
}
[2022-11-18 21:30:52,169]: [MT_EXECUTE          ] topic : MT/EXECUTE/__ax/sensor2 payload : {
    "type": "int",
    "value": -15
}
[2022-11-18 21:30:52,171]: [MT_EXECUTE          ] topic : MT/EXECUTE/__ay/sensor2 payload : {
    "type": "int",
    "value": -61
}
[2022-11-18 21:30:52,173]: [MT_EXECUTE          ] topic : MT/EXECUTE/__az/sensor2 payload : {
    "type": "int",
    "value": 1101
}
[2022-11-18 21:30:52,175]: [MT_EXECUTE          ] topic : MT/EXECUTE/__moved/sensor2 payload : {
    "type": "int",
    "value": 0
}
[2022-11-18 21:30:52,177]: [MT_EXECUTE          ] topic : MT/EXECUTE/__temperature/sensor0 payload : {
    "type": "double",
    "value": 22.5
}
[2022-11-18 21:30:52,179]: [MT_EXECUTE          ] topic : MT/EXECUTE/__humidity/sensor0 payload : {
    "type": "double",
    "value": 77.6
}
[2022-11-18 21:30:52,182]: [MT_EXECUTE          ] topic : MT/EXECUTE/__pressure/sensor0 payload : {
    "type": "int",
    "value": 1019.4
}
[2022-11-18 21:30:52,183]: [MT_EXECUTE          ] topic : MT/EXECUTE/__ax/sensor0 payload : {
    "type": "int",
    "value": -15
}
[2022-11-18 21:30:52,185]: [MT_EXECUTE          ] topic : MT/EXECUTE/__ay/sensor0 payload : {
    "type": "int",
    "value": -61
}
[2022-11-18 21:30:52,187]: [MT_EXECUTE          ] topic : MT/EXECUTE/__az/sensor0 payload : {
    "type": "int",
    "value": 1101
}
[2022-11-18 21:30:52,189]: [MT_EXECUTE          ] topic : MT/EXECUTE/__moved/sensor0 payload : {
    "type": "int",
    "value": 0
}
[2022-11-18 21:30:53,157]: [TM_ALIVE            ] topic : TM/ALIVE/sensor0 payload : {}
[2022-11-18 21:30:53,159]: [TM_ALIVE            ] topic : TM/ALIVE/sensor1 payload : {}
[2022-11-18 21:30:53,161]: [TM_ALIVE            ] topic : TM/ALIVE/sensor2 payload : {}
[2022-11-18 21:30:53,177]: [TM_ALIVE            ] topic : TM/ALIVE/lora_manager_thing_D8F3BC801CFB payload : {}
[2022-11-18 21:30:54,163]: [MT_EXECUTE          ] topic : MT/EXECUTE/__temperature/sensor1 payload : {
    "type": "double",
    "value": 21.5
}
[2022-11-18 21:30:54,166]: [MT_EXECUTE          ] topic : MT/EXECUTE/__humidity/sensor1 payload : {
    "type": "double",
    "value": 79.0
}
[2022-11-18 21:30:54,167]: [MT_EXECUTE          ] topic : MT/EXECUTE/__pressure/sensor1 payload : {
    "type": "int",
    "value": 1022.2
}
[2022-11-18 21:30:54,169]: [MT_EXECUTE          ] topic : MT/EXECUTE/__ax/sensor1 payload : {
    "type": "int",
    "value": -116
}
[2022-11-18 21:30:54,171]: [MT_EXECUTE          ] topic : MT/EXECUTE/__ay/sensor1 payload : {
    "type": "int",
    "value": -213
}
[2022-11-18 21:30:54,173]: [MT_EXECUTE          ] topic : MT/EXECUTE/__az/sensor1 payload : {
    "type": "int",
    "value": 1011
}
[2022-11-18 21:30:54,175]: [MT_EXECUTE          ] topic : MT/EXECUTE/__moved/sensor1 payload : {
    "type": "int",
    "value": 0
}
[2022-11-18 21:30:55,163]: [MT_EXECUTE          ] topic : MT/EXECUTE/__temperature/sensor2 payload : {
    "type": "double",
    "value": 22.4
}
[2022-11-18 21:30:55,165]: [MT_EXECUTE          ] topic : MT/EXECUTE/__humidity/sensor2 payload : {
    "type": "double",
    "value": 77.5
}
[2022-11-18 21:30:55,167]: [MT_EXECUTE          ] topic : MT/EXECUTE/__pressure/sensor2 payload : {
    "type": "int",
    "value": 1019.1
}
[2022-11-18 21:30:55,169]: [MT_EXECUTE          ] topic : MT/EXECUTE/__ax/sensor2 payload : {
    "type": "int",
    "value": -17
}
[2022-11-18 21:30:55,171]: [MT_EXECUTE          ] topic : MT/EXECUTE/__ay/sensor2 payload : {
    "type": "int",
    "value": -66
}
[2022-11-18 21:30:55,173]: [MT_EXECUTE          ] topic : MT/EXECUTE/__az/sensor2 payload : {
    "type": "int",
    "value": 1044
}
[2022-11-18 21:30:55,175]: [MT_EXECUTE          ] topic : MT/EXECUTE/__moved/sensor2 payload : {
    "type": "int",
    "value": 0
}
[2022-11-18 21:30:55,177]: [MT_EXECUTE          ] topic : MT/EXECUTE/__temperature/sensor0 payload : {
    "type": "double",
    "value": 22.4
}
[2022-11-18 21:30:55,179]: [MT_EXECUTE          ] topic : MT/EXECUTE/__humidity/sensor0 payload : {
    "type": "double",
    "value": 77.5
}
[2022-11-18 21:30:55,181]: [MT_EXECUTE          ] topic : MT/EXECUTE/__pressure/sensor0 payload : {
    "type": "int",
    "value": 1019.1
}
[2022-11-18 21:30:55,183]: [MT_EXECUTE          ] topic : MT/EXECUTE/__ax/sensor0 payload : {
    "type": "int",
    "value": -17
}
[2022-11-18 21:30:55,185]: [MT_EXECUTE          ] topic : MT/EXECUTE/__ay/sensor0 payload : {
    "type": "int",
    "value": -66
}
[2022-11-18 21:30:55,188]: [MT_EXECUTE          ] topic : MT/EXECUTE/__az/sensor0 payload : {
    "type": "int",
    "value": 1044
}
[2022-11-18 21:30:55,189]: [MT_EXECUTE          ] topic : MT/EXECUTE/__moved/sensor0 payload : {
    "type": "int",
    "value": 0
}
[2022-11-18 21:30:57,165]: [MT_EXECUTE          ] topic : MT/EXECUTE/__temperature/sensor1 payload : {
    "type": "double",
    "value": 21.5
}
[2022-11-18 21:30:57,167]: [MT_EXECUTE          ] topic : MT/EXECUTE/__humidity/sensor1 payload : {
    "type": "double",
    "value": 79.0
}
[2022-11-18 21:30:57,169]: [MT_EXECUTE          ] topic : MT/EXECUTE/__pressure/sensor1 payload : {
    "type": "int",
    "value": 1022.2
}
[2022-11-18 21:30:57,171]: [MT_EXECUTE          ] topic : MT/EXECUTE/__ax/sensor1 payload : {
    "type": "int",
    "value": -114
}
[2022-11-18 21:30:57,173]: [MT_EXECUTE          ] topic : MT/EXECUTE/__ay/sensor1 payload : {
    "type": "int",
    "value": -210
}
[2022-11-18 21:30:57,175]: [MT_EXECUTE          ] topic : MT/EXECUTE/__az/sensor1 payload : {
    "type": "int",
    "value": 1068
}
[2022-11-18 21:30:57,177]: [MT_EXECUTE          ] topic : MT/EXECUTE/__moved/sensor1 payload : {
    "type": "int",
    "value": 0
}
[2022-11-18 21:30:58,165]: [MT_EXECUTE          ] topic : MT/EXECUTE/__temperature/sensor2 payload : {
    "type": "double",
    "value": 22.5
}
[2022-11-18 21:30:58,167]: [MT_EXECUTE          ] topic : MT/EXECUTE/__humidity/sensor2 payload : {
    "type": "double",
    "value": 77.5
}
[2022-11-18 21:30:58,169]: [MT_EXECUTE          ] topic : MT/EXECUTE/__pressure/sensor2 payload : {
    "type": "int",
    "value": 1019.2
}
[2022-11-18 21:30:58,171]: [MT_EXECUTE          ] topic : MT/EXECUTE/__ax/sensor2 payload : {
    "type": "int",
    "value": -16
}
[2022-11-18 21:30:58,173]: [MT_EXECUTE          ] topic : MT/EXECUTE/__ay/sensor2 payload : {
    "type": "int",
    "value": -60
}
[2022-11-18 21:30:58,175]: [MT_EXECUTE          ] topic : MT/EXECUTE/__az/sensor2 payload : {
    "type": "int",
    "value": 1100
}
[2022-11-18 21:30:58,178]: [MT_EXECUTE          ] topic : MT/EXECUTE/__moved/sensor2 payload : {
    "type": "int",
    "value": 0
}
[2022-11-18 21:30:58,180]: [MT_EXECUTE          ] topic : MT/EXECUTE/__temperature/sensor0 payload : {
    "type": "double",
    "value": 22.5
}
[2022-11-18 21:30:58,181]: [MT_EXECUTE          ] topic : MT/EXECUTE/__humidity/sensor0 payload : {
    "type": "double",
    "value": 77.5
}
[2022-11-18 21:30:58,219]: [MT_EXECUTE          ] topic : MT/EXECUTE/__pressure/sensor0 payload : {
    "type": "int",
    "value": 1019.2
}
[2022-11-18 21:30:58,220]: [MT_EXECUTE          ] topic : MT/EXECUTE/__ax/sensor0 payload : {
    "type": "int",
    "value": -16
}
[2022-11-18 21:30:58,222]: [MT_EXECUTE          ] topic : MT/EXECUTE/__ay/sensor0 payload : {
    "type": "int",
    "value": -60
}
[2022-11-18 21:30:58,224]: [MT_EXECUTE          ] topic : MT/EXECUTE/__az/sensor0 payload : {
    "type": "int",
    "value": 1100
}
[2022-11-18 21:30:58,225]: [MT_EXECUTE          ] topic : MT/EXECUTE/__moved/sensor0 payload : {
    "type": "int",
    "value": 0
}
[2022-11-18 21:31:00,165]: [MT_EXECUTE          ] topic : MT/EXECUTE/__temperature/sensor1 payload : {
    "type": "double",
    "value": 21.5
}
[2022-11-18 21:31:00,167]: [MT_EXECUTE          ] topic : MT/EXECUTE/__humidity/sensor1 payload : {
    "type": "double",
    "value": 79.0
}
[2022-11-18 21:31:00,168]: [MT_EXECUTE          ] topic : MT/EXECUTE/__pressure/sensor1 payload : {
    "type": "int",
    "value": 1022.2
}
[2022-11-18 21:31:00,170]: [MT_EXECUTE          ] topic : MT/EXECUTE/__ax/sensor1 payload : {
    "type": "int",
    "value": -116
}
[2022-11-18 21:31:00,172]: [MT_EXECUTE          ] topic : MT/EXECUTE/__ay/sensor1 payload : {
    "type": "int",
    "value": -212
}
[2022-11-18 21:31:00,173]: [MT_EXECUTE          ] topic : MT/EXECUTE/__az/sensor1 payload : {
    "type": "int",
    "value": 1010
}
[2022-11-18 21:31:00,175]: [MT_EXECUTE          ] topic : MT/EXECUTE/__moved/sensor1 payload : {
    "type": "int",
    "value": 0
}
[2022-11-18 21:31:01,165]: [MT_EXECUTE          ] topic : MT/EXECUTE/__temperature/sensor2 payload : {
    "type": "double",
    "value": 22.5
}
[2022-11-18 21:31:01,167]: [MT_EXECUTE          ] topic : MT/EXECUTE/__humidity/sensor2 payload : {
    "type": "double",
    "value": 77.5
}
[2022-11-18 21:31:01,169]: [MT_EXECUTE          ] topic : MT/EXECUTE/__pressure/sensor2 payload : {
    "type": "int",
    "value": 1019.6
}
[2022-11-18 21:31:01,170]: [MT_EXECUTE          ] topic : MT/EXECUTE/__ax/sensor2 payload : {
    "type": "int",
    "value": -17
}
[2022-11-18 21:31:01,172]: [MT_EXECUTE          ] topic : MT/EXECUTE/__ay/sensor2 payload : {
    "type": "int",
    "value": -66
}
[2022-11-18 21:31:01,175]: [MT_EXECUTE          ] topic : MT/EXECUTE/__az/sensor2 payload : {
    "type": "int",
    "value": 1044
}
[2022-11-18 21:31:01,178]: [MT_EXECUTE          ] topic : MT/EXECUTE/__moved/sensor2 payload : {
    "type": "int",
    "value": 0
}
[2022-11-18 21:31:01,180]: [MT_EXECUTE          ] topic : MT/EXECUTE/__temperature/sensor0 payload : {
    "type": "double",
    "value": 22.5
}
[2022-11-18 21:31:01,182]: [MT_EXECUTE          ] topic : MT/EXECUTE/__humidity/sensor0 payload : {
    "type": "double",
    "value": 77.5
}
[2022-11-18 21:31:01,184]: [MT_EXECUTE          ] topic : MT/EXECUTE/__pressure/sensor0 payload : {
    "type": "int",
    "value": 1019.6
}
[2022-11-18 21:31:01,185]: [MT_EXECUTE          ] topic : MT/EXECUTE/__ax/sensor0 payload : {
    "type": "int",
    "value": -17
}
[2022-11-18 21:31:01,187]: [MT_EXECUTE          ] topic : MT/EXECUTE/__ay/sensor0 payload : {
    "type": "int",
    "value": -66
}
[2022-11-18 21:31:01,189]: [MT_EXECUTE          ] topic : MT/EXECUTE/__az/sensor0 payload : {
    "type": "int",
    "value": 1044
}
[2022-11-18 21:31:01,191]: [MT_EXECUTE          ] topic : MT/EXECUTE/__moved/sensor0 payload : {
    "type": "int",
    "value": 0
}
[2022-11-18 21:31:03,157]: [TM_ALIVE            ] topic : TM/ALIVE/sensor0 payload : {}
[2022-11-18 21:31:03,159]: [TM_ALIVE            ] topic : TM/ALIVE/sensor1 payload : {}
[2022-11-18 21:31:03,161]: [TM_ALIVE            ] topic : TM/ALIVE/sensor2 payload : {}
[2022-11-18 21:31:06,166]: [MT_EXECUTE          ] topic : MT/EXECUTE/__temperature/sensor1 payload : {
    "type": "double",
    "value": 21.5
}
[2022-11-18 21:31:06,168]: [MT_EXECUTE          ] topic : MT/EXECUTE/__temperature/sensor0 payload : {
    "type": "double",
    "value": 21.5
}
[2022-11-18 21:31:06,169]: [MT_EXECUTE          ] topic : MT/EXECUTE/__humidity/sensor0 payload : {
    "type": "double",
    "value": 79.0
}
[2022-11-18 21:31:06,171]: [MT_EXECUTE          ] topic : MT/EXECUTE/__pressure/sensor0 payload : {
    "type": "int",
    "value": 1022.2
}
[2022-11-18 21:31:06,173]: [MT_EXECUTE          ] topic : MT/EXECUTE/__ax/sensor0 payload : {
    "type": "int",
    "value": -116
}
[2022-11-18 21:31:06,175]: [MT_EXECUTE          ] topic : MT/EXECUTE/__ay/sensor0 payload : {
    "type": "int",
    "value": -212
}
[2022-11-18 21:31:06,177]: [MT_EXECUTE          ] topic : MT/EXECUTE/__az/sensor0 payload : {
    "type": "int",
    "value": 1012
}
[2022-11-18 21:31:06,179]: [MT_EXECUTE          ] topic : MT/EXECUTE/__moved/sensor0 payload : {
    "type": "int",
    "value": 0
}
[2022-11-18 21:31:09,169]: [MT_EXECUTE          ] topic : MT/EXECUTE/__humidity/sensor1 payload : {
    "type": "double",
    "value": 79.0
}
[2022-11-18 21:31:12,174]: [MT_EXECUTE          ] topic : MT/EXECUTE/__pressure/sensor1 payload : {
    "type": "int",
    "value": 1022.3
}
[2022-11-18 21:31:15,174]: [MT_EXECUTE          ] topic : MT/EXECUTE/__ax/sensor1 payload : {
    "type": "int",
    "value": -115
}
[2022-11-18 21:31:18,175]: [MT_EXECUTE          ] topic : MT/EXECUTE/__ay/sensor1 payload : {
    "type": "int",
    "value": -212
}
[2022-11-18 21:31:21,177]: [MT_EXECUTE          ] topic : MT/EXECUTE/__az/sensor1 payload : {
    "type": "int",
    "value": 1068
}
[2022-11-18 21:31:24,178]: [MT_EXECUTE          ] topic : MT/EXECUTE/__moved/sensor1 payload : {
    "type": "int",
    "value": 0
}
[2022-11-18 21:31:24,181]: [MT_EXECUTE          ] topic : MT/EXECUTE/__temperature/sensor2 payload : {
    "type": "double",
    "value": 21.5
}
[2022-11-18 21:31:24,183]: [MT_EXECUTE          ] topic : MT/EXECUTE/__humidity/sensor2 payload : {
    "type": "double",
    "value": 78.9
}
[2022-11-18 21:31:24,185]: [MT_EXECUTE          ] topic : MT/EXECUTE/__pressure/sensor2 payload : {
    "type": "int",
    "value": 1022.2
}
[2022-11-18 21:31:24,187]: [MT_EXECUTE          ] topic : MT/EXECUTE/__ax/sensor2 payload : {
    "type": "int",
    "value": -117
}
[2022-11-18 21:31:24,188]: [MT_EXECUTE          ] topic : MT/EXECUTE/__ay/sensor2 payload : {
    "type": "int",
    "value": -212
}
[2022-11-18 21:31:24,190]: [MT_EXECUTE          ] topic : MT/EXECUTE/__az/sensor2 payload : {
    "type": "int",
    "value": 1011
}
[2022-11-18 21:31:24,193]: [MT_EXECUTE          ] topic : MT/EXECUTE/__moved/sensor2 payload : {
    "type": "int",
    "value": 0
}
[2022-11-18 21:31:24,194]: [TM_ALIVE            ] topic : TM/ALIVE/sensor0 payload : {}
[2022-11-18 21:31:24,196]: [TM_ALIVE            ] topic : TM/ALIVE/sensor1 payload : {}
[2022-11-18 21:31:24,198]: [TM_ALIVE            ] topic : TM/ALIVE/sensor2 payload : {}
[2022-11-18 21:31:24,200]: [MT_EXECUTE          ] topic : MT/EXECUTE/__temperature/sensor0 payload : {
    "type": "double",
    "value": 21.5
}
[2022-11-18 21:31:24,201]: [MT_EXECUTE          ] topic : MT/EXECUTE/__humidity/sensor0 payload : {
    "type": "double",
    "value": 78.9
}
[2022-11-18 21:31:24,203]: [MT_EXECUTE          ] topic : MT/EXECUTE/__pressure/sensor0 payload : {
    "type": "int",
    "value": 1022.2
}
[2022-11-18 21:31:24,205]: [MT_EXECUTE          ] topic : MT/EXECUTE/__ax/sensor0 payload : {
    "type": "int",
    "value": -117
}
[2022-11-18 21:31:24,206]: [MT_EXECUTE          ] topic : MT/EXECUTE/__ay/sensor0 payload : {
    "type": "int",
    "value": -212
}
[2022-11-18 21:31:24,208]: [MT_EXECUTE          ] topic : MT/EXECUTE/__az/sensor0 payload : {
    "type": "int",
    "value": 1011
}
[2022-11-18 21:31:24,210]: [MT_EXECUTE          ] topic : MT/EXECUTE/__moved/sensor0 payload : {
    "type": "int",
    "value": 0
}
[2022-11-18 21:31:27,182]: [MT_EXECUTE          ] topic : MT/EXECUTE/__temperature/sensor1 payload : {
    "type": "double",
    "value": 21.5
}
[2022-11-18 21:31:30,185]: [MT_EXECUTE          ] topic : MT/EXECUTE/__humidity/sensor1 payload : {
    "type": "double",
    "value": 78.9
}
[2022-11-18 21:31:33,187]: [MT_EXECUTE          ] topic : MT/EXECUTE/__pressure/sensor1 payload : {
    "type": "int",
    "value": 1022.2
}
[2022-11-18 21:31:36,189]: [MT_EXECUTE          ] topic : MT/EXECUTE/__ax/sensor1 payload : {
    "type": "int",
    "value": -116
}
[2022-11-18 21:31:39,193]: [MT_EXECUTE          ] topic : MT/EXECUTE/__ay/sensor1 payload : {
    "type": "int",
    "value": -212
}
[2022-11-18 21:31:42,194]: [MT_EXECUTE          ] topic : MT/EXECUTE/__az/sensor1 payload : {
    "type": "int",
    "value": 1100
}
[2022-11-18 21:31:42,196]: New staff_thing!!! name = sensor3
[2022-11-18 21:31:42,198]: [TM_ALIVE            ] topic : TM/ALIVE/sensor0 payload : {}
[2022-11-18 21:31:42,198]: [-> SUBSCRIBE         ] MT/RESULT/REGISTER/sensor3
[2022-11-18 21:31:42,199]: [-> SUBSCRIBE         ] MT/RESULT/UNREGISTER/sensor3
[2022-11-18 21:31:42,200]: [TM_ALIVE            ] topic : TM/ALIVE/sensor1 payload : {}
[2022-11-18 21:31:42,200]: [-> SUBSCRIBE         ] MT/RESULT/BINARY_VALUE/sensor3
[2022-11-18 21:31:42,201]: [_send_staff_RESULT_REGISTER] Register sensor3 complete!!!
[2022-11-18 21:31:42,202]: [TM_ALIVE            ] topic : TM/ALIVE/sensor2 payload : {}
[2022-11-18 21:31:42,204]: [MT_EXECUTE          ] topic : MT/EXECUTE/__temperature/sensor0 payload : {
    "type": "double",
    "value": 22.5
}
[2022-11-18 21:31:42,206]: [MT_EXECUTE          ] topic : MT/EXECUTE/__humidity/sensor0 payload : {
    "type": "double",
    "value": 77.4
}
[2022-11-18 21:31:42,209]: [MT_EXECUTE          ] topic : MT/EXECUTE/__pressure/sensor0 payload : {
    "type": "int",
    "value": 1018.9
}
[2022-11-18 21:31:42,210]: [MT_EXECUTE          ] topic : MT/EXECUTE/__ax/sensor0 payload : {
    "type": "int",
    "value": -16
}
[2022-11-18 21:31:42,212]: [MT_EXECUTE          ] topic : MT/EXECUTE/__ay/sensor0 payload : {
    "type": "int",
    "value": -60
}
[2022-11-18 21:31:42,214]: [MT_EXECUTE          ] topic : MT/EXECUTE/__az/sensor0 payload : {
    "type": "int",
    "value": 1100
}
[2022-11-18 21:31:42,215]: [MT_EXECUTE          ] topic : MT/EXECUTE/__moved/sensor0 payload : {
    "type": "int",
    "value": 0
}
[2022-11-18 21:31:42,217]: [MT_EXECUTE          ] topic : MT/EXECUTE/__temperature/sensor1 payload : {
    "type": "double",
    "value": 22.5
}
[2022-11-18 21:31:42,219]: [MT_EXECUTE          ] topic : MT/EXECUTE/__humidity/sensor1 payload : {
    "type": "double",
    "value": 77.4
}
[2022-11-18 21:31:42,221]: [MT_EXECUTE          ] topic : MT/EXECUTE/__pressure/sensor1 payload : {
    "type": "int",
    "value": 1018.9
}
[2022-11-18 21:31:42,223]: [MT_EXECUTE          ] topic : MT/EXECUTE/__ax/sensor1 payload : {
    "type": "int",
    "value": -16
}
[2022-11-18 21:31:42,224]: [MT_EXECUTE          ] topic : MT/EXECUTE/__ay/sensor1 payload : {
    "type": "int",
    "value": -60
}
[2022-11-18 21:31:42,227]: [MT_EXECUTE          ] topic : MT/EXECUTE/__moved/sensor1 payload : {
    "type": "int",
    "value": 0
}
[2022-11-18 21:31:42,228]: [MT_EXECUTE          ] topic : MT/EXECUTE/__temperature/sensor2 payload : {
    "type": "double",
    "value": 22.5
}
[2022-11-18 21:31:42,230]: [MT_EXECUTE          ] topic : MT/EXECUTE/__humidity/sensor2 payload : {
    "type": "double",
    "value": 77.4
}
[2022-11-18 21:31:42,232]: [MT_EXECUTE          ] topic : MT/EXECUTE/__pressure/sensor2 payload : {
    "type": "int",
    "value": 1018.9
}
[2022-11-18 21:31:42,233]: [MT_EXECUTE          ] topic : MT/EXECUTE/__ax/sensor2 payload : {
    "type": "int",
    "value": -16
}
[2022-11-18 21:31:42,235]: [MT_EXECUTE          ] topic : MT/EXECUTE/__ay/sensor2 payload : {
    "type": "int",
    "value": -60
}
[2022-11-18 21:31:42,237]: [MT_EXECUTE          ] topic : MT/EXECUTE/__az/sensor2 payload : {
    "type": "int",
    "value": 1100
}
[2022-11-18 21:31:42,238]: [MT_EXECUTE          ] topic : MT/EXECUTE/__moved/sensor2 payload : {
    "type": "int",
    "value": 0
}
[2022-11-18 21:31:42,240]: [MT_EXECUTE          ] topic : MT/EXECUTE/__temperature/sensor3 payload : {
    "type": "double",
    "value": 22.5
}
[2022-11-18 21:31:42,242]: [MT_EXECUTE          ] topic : MT/EXECUTE/__humidity/sensor3 payload : {
    "type": "double",
    "value": 77.4
}
[2022-11-18 21:31:42,244]: [MT_EXECUTE          ] topic : MT/EXECUTE/__pressure/sensor3 payload : {
    "type": "int",
    "value": 1018.9
}
[2022-11-18 21:31:42,246]: [MT_EXECUTE          ] topic : MT/EXECUTE/__ax/sensor3 payload : {
    "type": "int",
    "value": -16
}
[2022-11-18 21:31:42,248]: [MT_EXECUTE          ] topic : MT/EXECUTE/__ay/sensor3 payload : {
    "type": "int",
    "value": -60
}
[2022-11-18 21:31:42,250]: [MT_EXECUTE          ] topic : MT/EXECUTE/__az/sensor3 payload : {
    "type": "int",
    "value": 1100
}
[2022-11-18 21:31:42,253]: [MT_EXECUTE          ] topic : MT/EXECUTE/__moved/sensor3 payload : {
    "type": "int",
    "value": 0
}
[2022-11-18 21:31:45,193]: [MT_EXECUTE          ] topic : MT/EXECUTE/__az/sensor1 payload : {
    "type": "int",
    "value": 1043
}
[2022-11-18 21:31:45,199]: [MT_EXECUTE          ] topic : MT/EXECUTE/__temperature/sensor0 payload : {
    "type": "double",
    "value": 22.5
}
[2022-11-18 21:31:45,202]: [MT_EXECUTE          ] topic : MT/EXECUTE/__humidity/sensor0 payload : {
    "type": "double",
    "value": 77.5
}
[2022-11-18 21:31:45,205]: [MT_EXECUTE          ] topic : MT/EXECUTE/__pressure/sensor0 payload : {
    "type": "int",
    "value": 1019.4
}
[2022-11-18 21:31:45,207]: [MT_EXECUTE          ] topic : MT/EXECUTE/__ax/sensor0 payload : {
    "type": "int",
    "value": -16
}
[2022-11-18 21:31:45,209]: [MT_EXECUTE          ] topic : MT/EXECUTE/__ay/sensor0 payload : {
    "type": "int",
    "value": -65
}
[2022-11-18 21:31:45,210]: [MT_EXECUTE          ] topic : MT/EXECUTE/__az/sensor0 payload : {
    "type": "int",
    "value": 1043
}
[2022-11-18 21:31:45,212]: [MT_EXECUTE          ] topic : MT/EXECUTE/__moved/sensor0 payload : {
    "type": "int",
    "value": 0
}
[2022-11-18 21:31:45,214]: [MT_EXECUTE          ] topic : MT/EXECUTE/__temperature/sensor1 payload : {
    "type": "double",
    "value": 22.5
}
[2022-11-18 21:31:45,216]: [MT_EXECUTE          ] topic : MT/EXECUTE/__humidity/sensor1 payload : {
    "type": "double",
    "value": 77.5
}
[2022-11-18 21:31:45,218]: [MT_EXECUTE          ] topic : MT/EXECUTE/__pressure/sensor1 payload : {
    "type": "int",
    "value": 1019.4
}
[2022-11-18 21:31:45,220]: [MT_EXECUTE          ] topic : MT/EXECUTE/__ax/sensor1 payload : {
    "type": "int",
    "value": -16
}
[2022-11-18 21:31:45,222]: [MT_EXECUTE          ] topic : MT/EXECUTE/__ay/sensor1 payload : {
    "type": "int",
    "value": -65
}
[2022-11-18 21:31:45,224]: [MT_EXECUTE          ] topic : MT/EXECUTE/__moved/sensor1 payload : {
    "type": "int",
    "value": 0
}
[2022-11-18 21:31:45,226]: [MT_EXECUTE          ] topic : MT/EXECUTE/__temperature/sensor2 payload : {
    "type": "double",
    "value": 22.5
}
[2022-11-18 21:31:45,228]: [MT_EXECUTE          ] topic : MT/EXECUTE/__humidity/sensor2 payload : {
    "type": "double",
    "value": 77.5
}
[2022-11-18 21:31:45,229]: [MT_EXECUTE          ] topic : MT/EXECUTE/__pressure/sensor2 payload : {
    "type": "int",
    "value": 1019.4
}
[2022-11-18 21:31:45,231]: [MT_EXECUTE          ] topic : MT/EXECUTE/__ax/sensor2 payload : {
    "type": "int",
    "value": -16
}
[2022-11-18 21:31:45,232]: [MT_EXECUTE          ] topic : MT/EXECUTE/__ay/sensor2 payload : {
    "type": "int",
    "value": -65
}
[2022-11-18 21:31:45,234]: [MT_EXECUTE          ] topic : MT/EXECUTE/__az/sensor2 payload : {
    "type": "int",
    "value": 1043
}
[2022-11-18 21:31:45,235]: [MT_EXECUTE          ] topic : MT/EXECUTE/__moved/sensor2 payload : {
    "type": "int",
    "value": 0
}
[2022-11-18 21:31:45,237]: [MT_EXECUTE          ] topic : MT/EXECUTE/__temperature/sensor3 payload : {
    "type": "double",
    "value": 22.5
}
[2022-11-18 21:31:45,238]: [MT_EXECUTE          ] topic : MT/EXECUTE/__humidity/sensor3 payload : {
    "type": "double",
    "value": 77.5
}
[2022-11-18 21:31:45,241]: [MT_EXECUTE          ] topic : MT/EXECUTE/__pressure/sensor3 payload : {
    "type": "int",
    "value": 1019.4
}
[2022-11-18 21:31:45,243]: [MT_EXECUTE          ] topic : MT/EXECUTE/__ax/sensor3 payload : {
    "type": "int",
    "value": -16
}
[2022-11-18 21:31:45,245]: [MT_EXECUTE          ] topic : MT/EXECUTE/__ay/sensor3 payload : {
    "type": "int",
    "value": -65
}
[2022-11-18 21:31:45,247]: [MT_EXECUTE          ] topic : MT/EXECUTE/__az/sensor3 payload : {
    "type": "int",
    "value": 1043
}
[2022-11-18 21:31:45,249]: [MT_EXECUTE          ] topic : MT/EXECUTE/__moved/sensor3 payload : {
    "type": "int",
    "value": 0
}
[2022-11-18 21:31:48,193]: [MT_EXECUTE          ] topic : MT/EXECUTE/__az/sensor1 payload : {
    "type": "int",
    "value": 1100
}
[2022-11-18 21:31:48,199]: [MT_EXECUTE          ] topic : MT/EXECUTE/__temperature/sensor0 payload : {
    "type": "double",
    "value": 22.5
}
[2022-11-18 21:31:48,203]: [MT_EXECUTE          ] topic : MT/EXECUTE/__humidity/sensor0 payload : {
    "type": "double",
    "value": 77.5
}
[2022-11-18 21:31:48,205]: [MT_EXECUTE          ] topic : MT/EXECUTE/__pressure/sensor0 payload : {
    "type": "int",
    "value": 1019.2
}
[2022-11-18 21:31:48,207]: [MT_EXECUTE          ] topic : MT/EXECUTE/__ax/sensor0 payload : {
    "type": "int",
    "value": -16
}
[2022-11-18 21:31:48,209]: [MT_EXECUTE          ] topic : MT/EXECUTE/__ay/sensor0 payload : {
    "type": "int",
    "value": -60
}
[2022-11-18 21:31:48,211]: [MT_EXECUTE          ] topic : MT/EXECUTE/__az/sensor0 payload : {
    "type": "int",
    "value": 1100
}
[2022-11-18 21:31:48,214]: [MT_EXECUTE          ] topic : MT/EXECUTE/__moved/sensor0 payload : {
    "type": "int",
    "value": 0
}
[2022-11-18 21:31:48,216]: [MT_EXECUTE          ] topic : MT/EXECUTE/__temperature/sensor1 payload : {
    "type": "double",
    "value": 22.5
}
[2022-11-18 21:31:48,217]: [MT_EXECUTE          ] topic : MT/EXECUTE/__humidity/sensor1 payload : {
    "type": "double",
    "value": 77.5
}
[2022-11-18 21:31:48,219]: [MT_EXECUTE          ] topic : MT/EXECUTE/__pressure/sensor1 payload : {
    "type": "int",
    "value": 1019.2
}
[2022-11-18 21:31:48,220]: [MT_EXECUTE          ] topic : MT/EXECUTE/__ax/sensor1 payload : {
    "type": "int",
    "value": -16
}
[2022-11-18 21:31:48,222]: [MT_EXECUTE          ] topic : MT/EXECUTE/__ay/sensor1 payload : {
    "type": "int",
    "value": -60
}
[2022-11-18 21:31:48,224]: [MT_EXECUTE          ] topic : MT/EXECUTE/__moved/sensor1 payload : {
    "type": "int",
    "value": 0
}
[2022-11-18 21:31:48,225]: [MT_EXECUTE          ] topic : MT/EXECUTE/__temperature/sensor2 payload : {
    "type": "double",
    "value": 22.5
}
[2022-11-18 21:31:48,228]: [MT_EXECUTE          ] topic : MT/EXECUTE/__humidity/sensor2 payload : {
    "type": "double",
    "value": 77.5
}
[2022-11-18 21:31:48,230]: [MT_EXECUTE          ] topic : MT/EXECUTE/__pressure/sensor2 payload : {
    "type": "int",
    "value": 1019.2
}
[2022-11-18 21:31:48,233]: [MT_EXECUTE          ] topic : MT/EXECUTE/__ax/sensor2 payload : {
    "type": "int",
    "value": -16
}
[2022-11-18 21:31:48,235]: [MT_EXECUTE          ] topic : MT/EXECUTE/__ay/sensor2 payload : {
    "type": "int",
    "value": -60
}
[2022-11-18 21:31:48,237]: [MT_EXECUTE          ] topic : MT/EXECUTE/__az/sensor2 payload : {
    "type": "int",
    "value": 1100
}
[2022-11-18 21:31:48,239]: [MT_EXECUTE          ] topic : MT/EXECUTE/__moved/sensor2 payload : {
    "type": "int",
    "value": 0
}
[2022-11-18 21:31:48,241]: [MT_EXECUTE          ] topic : MT/EXECUTE/__temperature/sensor3 payload : {
    "type": "double",
    "value": 22.5
}
[2022-11-18 21:31:48,242]: [MT_EXECUTE          ] topic : MT/EXECUTE/__humidity/sensor3 payload : {
    "type": "double",
    "value": 77.5
}
[2022-11-18 21:31:48,244]: [MT_EXECUTE          ] topic : MT/EXECUTE/__pressure/sensor3 payload : {
    "type": "int",
    "value": 1019.2
}
[2022-11-18 21:31:48,246]: [MT_EXECUTE          ] topic : MT/EXECUTE/__ax/sensor3 payload : {
    "type": "int",
    "value": -16
}
[2022-11-18 21:31:48,247]: [MT_EXECUTE          ] topic : MT/EXECUTE/__ay/sensor3 payload : {
    "type": "int",
    "value": -60
}
[2022-11-18 21:31:48,249]: [MT_EXECUTE          ] topic : MT/EXECUTE/__az/sensor3 payload : {
    "type": "int",
    "value": 1100
}
[2022-11-18 21:31:48,251]: [MT_EXECUTE          ] topic : MT/EXECUTE/__moved/sensor3 payload : {
    "type": "int",
    "value": 0
}
[2022-11-18 21:31:51,194]: [MT_EXECUTE          ] topic : MT/EXECUTE/__az/sensor1 payload : {
    "type": "int",
    "value": 1012
}
[2022-11-18 21:31:51,198]: [MT_EXECUTE          ] topic : MT/EXECUTE/__temperature/sensor0 payload : {
    "type": "double",
    "value": 21.6
}
[2022-11-18 21:31:51,201]: [MT_EXECUTE          ] topic : MT/EXECUTE/__humidity/sensor0 payload : {
    "type": "double",
    "value": 78.8
}
[2022-11-18 21:31:51,204]: [MT_EXECUTE          ] topic : MT/EXECUTE/__pressure/sensor0 payload : {
    "type": "int",
    "value": 1022.1
}
[2022-11-18 21:31:51,206]: [MT_EXECUTE          ] topic : MT/EXECUTE/__ax/sensor0 payload : {
    "type": "int",
    "value": -117
}
[2022-11-18 21:31:51,209]: [MT_EXECUTE          ] topic : MT/EXECUTE/__ay/sensor0 payload : {
    "type": "int",
    "value": -212
}
[2022-11-18 21:31:51,210]: [MT_EXECUTE          ] topic : MT/EXECUTE/__az/sensor0 payload : {
    "type": "int",
    "value": 1012
}
[2022-11-18 21:31:51,212]: [MT_EXECUTE          ] topic : MT/EXECUTE/__moved/sensor0 payload : {
    "type": "int",
    "value": 0
}
[2022-11-18 21:31:51,214]: [MT_EXECUTE          ] topic : MT/EXECUTE/__temperature/sensor1 payload : {
    "type": "double",
    "value": 21.6
}
[2022-11-18 21:31:51,217]: [MT_EXECUTE          ] topic : MT/EXECUTE/__humidity/sensor1 payload : {
    "type": "double",
    "value": 78.8
}
[2022-11-18 21:31:51,219]: [MT_EXECUTE          ] topic : MT/EXECUTE/__pressure/sensor1 payload : {
    "type": "int",
    "value": 1022.1
}
[2022-11-18 21:31:51,223]: [MT_EXECUTE          ] topic : MT/EXECUTE/__ax/sensor1 payload : {
    "type": "int",
    "value": -117
}
[2022-11-18 21:31:51,226]: [MT_EXECUTE          ] topic : MT/EXECUTE/__ay/sensor1 payload : {
    "type": "int",
    "value": -212
}
[2022-11-18 21:31:51,229]: [MT_EXECUTE          ] topic : MT/EXECUTE/__moved/sensor1 payload : {
    "type": "int",
    "value": 0
}
[2022-11-18 21:31:51,231]: [MT_EXECUTE          ] topic : MT/EXECUTE/__temperature/sensor2 payload : {
    "type": "double",
    "value": 21.6
}
[2022-11-18 21:31:51,233]: [MT_EXECUTE          ] topic : MT/EXECUTE/__humidity/sensor2 payload : {
    "type": "double",
    "value": 78.8
}
[2022-11-18 21:31:51,235]: [MT_EXECUTE          ] topic : MT/EXECUTE/__pressure/sensor2 payload : {
    "type": "int",
    "value": 1022.1
}
[2022-11-18 21:31:51,237]: [MT_EXECUTE          ] topic : MT/EXECUTE/__ax/sensor2 payload : {
    "type": "int",
    "value": -117
}
[2022-11-18 21:31:51,238]: [MT_EXECUTE          ] topic : MT/EXECUTE/__ay/sensor2 payload : {
    "type": "int",
    "value": -212
}
[2022-11-18 21:31:51,242]: [MT_EXECUTE          ] topic : MT/EXECUTE/__az/sensor2 payload : {
    "type": "int",
    "value": 1012
}
[2022-11-18 21:31:51,243]: [MT_EXECUTE          ] topic : MT/EXECUTE/__moved/sensor2 payload : {
    "type": "int",
    "value": 0
}
[2022-11-18 21:31:51,245]: [MT_EXECUTE          ] topic : MT/EXECUTE/__temperature/sensor3 payload : {
    "type": "double",
    "value": 21.6
}
[2022-11-18 21:31:51,247]: [MT_EXECUTE          ] topic : MT/EXECUTE/__humidity/sensor3 payload : {
    "type": "double",
    "value": 78.8
}
[2022-11-18 21:31:51,249]: [MT_EXECUTE          ] topic : MT/EXECUTE/__pressure/sensor3 payload : {
    "type": "int",
    "value": 1022.1
}
[2022-11-18 21:31:51,250]: [MT_EXECUTE          ] topic : MT/EXECUTE/__ax/sensor3 payload : {
    "type": "int",
    "value": -117
}
[2022-11-18 21:31:51,253]: [MT_EXECUTE          ] topic : MT/EXECUTE/__ay/sensor3 payload : {
    "type": "int",
    "value": -212
}
[2022-11-18 21:31:51,254]: [MT_EXECUTE          ] topic : MT/EXECUTE/__az/sensor3 payload : {
    "type": "int",
    "value": 1012
}
[2022-11-18 21:31:51,257]: [MT_EXECUTE          ] topic : MT/EXECUTE/__moved/sensor3 payload : {
    "type": "int",
    "value": 0
}
[2022-11-18 21:31:52,195]: [TM_ALIVE            ] topic : TM/ALIVE/sensor0 payload : {}
[2022-11-18 21:31:52,197]: [TM_ALIVE            ] topic : TM/ALIVE/sensor1 payload : {}
[2022-11-18 21:31:52,199]: [TM_ALIVE            ] topic : TM/ALIVE/sensor2 payload : {}
[2022-11-18 21:31:52,201]: [TM_ALIVE            ] topic : TM/ALIVE/sensor3 payload : {}
[2022-11-18 21:31:53,178]: [TM_ALIVE            ] topic : TM/ALIVE/lora_manager_thing_D8F3BC801CFB payload : {}
[2022-11-18 21:31:53,311]: Ctrl + C Exit
