[2022-12-15 16:47:09,899]: Skip avahi_enable search...
[2022-12-15 16:47:09,899]: SSL is not enabled...
[2022-12-15 16:47:09,901]: [-> CONNECT           ] Connect to Host: 127.0.0.1:11083
[2022-12-15 16:47:09,902]: Register try 1
[2022-12-15 16:47:09,903]: [-> SUBSCRIBE         ] MT/RESULT/REGISTER/lora_manager_thing_D8F3BC801CFB
[2022-12-15 16:47:09,903]: [-> SUBSCRIBE         ] MT/RESULT/UNREGISTER/lora_manager_thing_D8F3BC801CFB
[2022-12-15 16:47:09,904]: New staff_thing!!! name: [sensor0]
[2022-12-15 16:47:09,904]: [-> SUBSCRIBE         ] MT/RESULT/BINARY_VALUE/lora_manager_thing_D8F3BC801CFB
[2022-12-15 16:47:09,906]: [TM_ALIVE            ] topic : TM/ALIVE/sensor0 payload : {}
[2022-12-15 16:47:09,909]: [TM_REGISTER         ] topic : TM/REGISTER/lora_manager_thing_D8F3BC801CFB payload : {
    "alive_cycle": 60,
    "functions": [],
    "is_parallel": true,
    "is_super": false,
    "values": []
}
[2022-12-15 16:47:09,911]: [sensor0_temperature ] topic : sensor0/temperature payload : {
    "type": "double",
    "value": 28.3
}
[2022-12-15 16:47:09,913]: [sensor0_humidity    ] topic : sensor0/humidity payload : {
    "type": "double",
    "value": 27.7
}
[2022-12-15 16:47:09,915]: [sensor0_pressure    ] topic : sensor0/pressure payload : {
    "type": "int",
    "value": 992.7
}
[2022-12-15 16:47:09,917]: [sensor0_ax          ] topic : sensor0/ax payload : {
    "type": "int",
    "value": -16
}
[2022-12-15 16:47:09,919]: [sensor0_ay          ] topic : sensor0/ay payload : {
    "type": "int",
    "value": -27
}
[2022-12-15 16:47:09,921]: [sensor0_az          ] topic : sensor0/az payload : {
    "type": "int",
    "value": 1047
}
[2022-12-15 16:47:09,923]: [sensor0_moved       ] topic : sensor0/moved payload : {
    "type": "int",
    "value": 0
}
[2022-12-15 16:47:09,925]: [MT_RESULT_REGISTER  ] topic : MT/RESULT/REGISTER/lora_manager_thing_D8F3BC801CFB payload : {
    "error": -4,
    "middleware_name": "SoPIoT-MW-Level1-0_000000000000"
}
[2022-12-15 16:47:09,926]: [TM_ALIVE            ] topic : TM/ALIVE/sensor0 payload : {}
[2022-12-15 16:47:09,928]: [print_packet] Unexpected topic!!! : MT/RESULT/REGISTER/lora_manager_thing_D8F3BC801CFB 
[2022-12-15 16:47:09,929]: Wrong payload arrive... lora_manager_thing_D8F3BC801CFB should be arrive, not lora_manager_thing_D8F3BC801CFB
[2022-12-15 16:47:09,929]: [TM_ALIVE            ] topic : TM/ALIVE/sensor0 payload : {}
[2022-12-15 16:47:09,932]: Traceback message : Traceback (most recent call last):
  File "/home/jyeom/anaconda3/envs/py37tf26/lib/python3.7/site-packages/big_thing_py/big_thing.py", line 213, in _receive_message_thread_func
    self._handle_mqtt_message(recv_msg)
  File "/home/jyeom/anaconda3/envs/py37tf26/lib/python3.7/site-packages/big_thing_py/big_thing.py", line 286, in _handle_mqtt_message
    self._handle_MT_RESULT_REGISTER(msg)
  File "/home/jyeom/anaconda3/envs/py37tf26/lib/python3.7/site-packages/big_thing_py/manager_thing.py", line 261, in _handle_MT_RESULT_REGISTER
    raise
RuntimeError: No active exception to reraise

Error: No active exception to reraise
[2022-12-15 16:47:14,912]: Register try 2
[2022-12-15 16:47:14,912]: [-> SUBSCRIBE         ] MT/RESULT/REGISTER/lora_manager_thing_D8F3BC801CFB
[2022-12-15 16:47:14,913]: [-> SUBSCRIBE         ] MT/RESULT/UNREGISTER/lora_manager_thing_D8F3BC801CFB
[2022-12-15 16:47:14,913]: [-> SUBSCRIBE         ] MT/RESULT/BINARY_VALUE/lora_manager_thing_D8F3BC801CFB
[2022-12-15 16:47:19,907]: New staff_thing!!! name: [sensor1]
[2022-12-15 16:47:19,920]: Register try 3
[2022-12-15 16:47:19,920]: [-> SUBSCRIBE         ] MT/RESULT/REGISTER/lora_manager_thing_D8F3BC801CFB
[2022-12-15 16:47:19,920]: [-> SUBSCRIBE         ] MT/RESULT/UNREGISTER/lora_manager_thing_D8F3BC801CFB
[2022-12-15 16:47:19,921]: [-> SUBSCRIBE         ] MT/RESULT/BINARY_VALUE/lora_manager_thing_D8F3BC801CFB
[2022-12-15 16:47:24,942]: Register try 4
[2022-12-15 16:47:24,943]: [-> SUBSCRIBE         ] MT/RESULT/REGISTER/lora_manager_thing_D8F3BC801CFB
[2022-12-15 16:47:24,944]: [-> SUBSCRIBE         ] MT/RESULT/UNREGISTER/lora_manager_thing_D8F3BC801CFB
[2022-12-15 16:47:24,944]: [-> SUBSCRIBE         ] MT/RESULT/BINARY_VALUE/lora_manager_thing_D8F3BC801CFB
[2022-12-15 16:47:27,949]: Ctrl + C Exit
[2022-12-15 16:47:27,949]: _alive_thread is terminated
[2022-12-15 16:47:27,950]: _value_publish_thread is terminated
[2022-12-15 16:47:27,950]: _scan_staff_message_thread is terminated
[2022-12-15 16:47:27,950]: _receive_staff_message_thread is terminated
[2022-12-15 16:47:27,950]: _publish_staff_message_thread is terminated
[2022-12-15 16:47:39,011]: Skip avahi_enable search...
[2022-12-15 16:47:39,011]: SSL is not enabled...
[2022-12-15 16:47:39,013]: [-> CONNECT           ] Connect to Host: 127.0.0.1:11083
[2022-12-15 16:47:39,014]: Register try 1
[2022-12-15 16:47:39,014]: [-> SUBSCRIBE         ] MT/RESULT/REGISTER/lora_manager_thing_D8F3BC801CFB
[2022-12-15 16:47:39,015]: [-> SUBSCRIBE         ] MT/RESULT/UNREGISTER/lora_manager_thing_D8F3BC801CFB
[2022-12-15 16:47:39,016]: New staff_thing!!! name: [sensor0]
[2022-12-15 16:47:39,017]: [-> SUBSCRIBE         ] MT/RESULT/BINARY_VALUE/lora_manager_thing_D8F3BC801CFB
[2022-12-15 16:47:39,018]: [TM_REGISTER         ] topic : TM/REGISTER/lora_manager_thing_D8F3BC801CFB payload : {
    "alive_cycle": 60,
    "functions": [],
    "is_parallel": true,
    "is_super": false,
    "values": []
}
[2022-12-15 16:47:39,020]: [sensor0_temperature ] topic : sensor0/temperature payload : {
    "type": "double",
    "value": 28.3
}
[2022-12-15 16:47:39,021]: [MT_RESULT_REGISTER  ] topic : MT/RESULT/REGISTER/lora_manager_thing_D8F3BC801CFB payload : {
    "error": -4,
    "middleware_name": "SoPIoT-MW-Level1-0_000000000000"
}
[2022-12-15 16:47:39,021]: [print_packet] Unexpected topic!!! : MT/RESULT/REGISTER/lora_manager_thing_D8F3BC801CFB 
[2022-12-15 16:47:39,023]: [sensor0_humidity    ] topic : sensor0/humidity payload : {
    "type": "double",
    "value": 27.5
}
[2022-12-15 16:47:39,023]: Wrong payload arrive... lora_manager_thing_D8F3BC801CFB should be arrive, not lora_manager_thing_D8F3BC801CFB
[2022-12-15 16:47:39,024]: Traceback message : Traceback (most recent call last):
  File "/home/jyeom/anaconda3/envs/py37tf26/lib/python3.7/site-packages/big_thing_py/big_thing.py", line 213, in _receive_message_thread_func
    self._handle_mqtt_message(recv_msg)
  File "/home/jyeom/anaconda3/envs/py37tf26/lib/python3.7/site-packages/big_thing_py/big_thing.py", line 286, in _handle_mqtt_message
    self._handle_MT_RESULT_REGISTER(msg)
  File "/home/jyeom/anaconda3/envs/py37tf26/lib/python3.7/site-packages/big_thing_py/manager_thing.py", line 261, in _handle_MT_RESULT_REGISTER
    raise
RuntimeError: No active exception to reraise

Error: No active exception to reraise
[2022-12-15 16:47:44,024]: Register try 2
[2022-12-15 16:47:44,025]: [-> SUBSCRIBE         ] MT/RESULT/REGISTER/lora_manager_thing_D8F3BC801CFB
[2022-12-15 16:47:44,025]: [-> SUBSCRIBE         ] MT/RESULT/UNREGISTER/lora_manager_thing_D8F3BC801CFB
[2022-12-15 16:47:44,025]: [-> SUBSCRIBE         ] MT/RESULT/BINARY_VALUE/lora_manager_thing_D8F3BC801CFB
[2022-12-15 16:47:49,019]: New staff_thing!!! name: [sensor1]
[2022-12-15 16:47:49,032]: Register try 3
[2022-12-15 16:47:49,032]: [-> SUBSCRIBE         ] MT/RESULT/REGISTER/lora_manager_thing_D8F3BC801CFB
[2022-12-15 16:47:49,032]: [-> SUBSCRIBE         ] MT/RESULT/UNREGISTER/lora_manager_thing_D8F3BC801CFB
[2022-12-15 16:47:49,033]: [-> SUBSCRIBE         ] MT/RESULT/BINARY_VALUE/lora_manager_thing_D8F3BC801CFB
[2022-12-15 16:47:54,040]: Register try 4
[2022-12-15 16:47:54,040]: [-> SUBSCRIBE         ] MT/RESULT/REGISTER/lora_manager_thing_D8F3BC801CFB
[2022-12-15 16:47:54,041]: [-> SUBSCRIBE         ] MT/RESULT/UNREGISTER/lora_manager_thing_D8F3BC801CFB
[2022-12-15 16:47:54,041]: [-> SUBSCRIBE         ] MT/RESULT/BINARY_VALUE/lora_manager_thing_D8F3BC801CFB
[2022-12-15 16:47:59,021]: New staff_thing!!! name: [sensor2]
[2022-12-15 16:47:59,049]: Register try 5
[2022-12-15 16:47:59,049]: [-> SUBSCRIBE         ] MT/RESULT/REGISTER/lora_manager_thing_D8F3BC801CFB
[2022-12-15 16:47:59,049]: [-> SUBSCRIBE         ] MT/RESULT/UNREGISTER/lora_manager_thing_D8F3BC801CFB
[2022-12-15 16:47:59,050]: [-> SUBSCRIBE         ] MT/RESULT/BINARY_VALUE/lora_manager_thing_D8F3BC801CFB
[2022-12-15 16:48:00,421]: Ctrl + C Exit
[2022-12-15 16:48:00,421]: _alive_thread is terminated
[2022-12-15 16:48:00,422]: _value_publish_thread is terminated
[2022-12-15 16:48:00,422]: _scan_staff_message_thread is terminated
[2022-12-15 16:48:00,422]: _receive_staff_message_thread is terminated
[2022-12-15 16:48:00,422]: _publish_staff_message_thread is terminated
