[2022-12-15 15:58:59,766]: Skip avahi_enable search...
[2022-12-15 15:58:59,766]: SSL is not enabled...
[2022-12-15 15:58:59,768]: [-> CONNECT           ] Connect to Host: 127.0.0.1:11083
[2022-12-15 15:58:59,769]: Register try 1
[2022-12-15 15:58:59,770]: [-> SUBSCRIBE         ] MT/RESULT/REGISTER/lora_manager_thing_D8F3BC801CFB
[2022-12-15 15:58:59,770]: [-> SUBSCRIBE         ] MT/RESULT/UNREGISTER/lora_manager_thing_D8F3BC801CFB
[2022-12-15 15:58:59,771]: [-> SUBSCRIBE         ] MT/RESULT/BINARY_VALUE/lora_manager_thing_D8F3BC801CFB
[2022-12-15 15:58:59,772]: New staff_thing!!! name: [sensor0]
[2022-12-15 15:58:59,773]: [TM_REGISTER         ] topic : TM/REGISTER/lora_manager_thing_D8F3BC801CFB payload : {
    "alive_cycle": 60,
    "functions": [],
    "is_parallel": true,
    "is_super": false,
    "values": []
}
[2022-12-15 15:58:59,775]: [TM_ALIVE            ] topic : TM/ALIVE/sensor0 payload : {}
[2022-12-15 15:58:59,776]: Traceback message : Traceback (most recent call last):
  File "/home/jyeom/anaconda3/envs/py37tf26/lib/python3.7/site-packages/big_thing_py/manager_thing.py", line 219, in _receive_staff_message_thread_func
    self._handle_staff_message(staff_msg)
  File "/home/jyeom/1214iot/big-thing-py-examples/manager_thing/lora_manager_thing/lora_manager_thing.py", line 50, in _handle_staff_message
    self._handle_REGISTER_staff_message(msg)
TypeError: _handle_REGISTER_staff_message() missing 1 required positional argument: 'payload'

Error: _handle_REGISTER_staff_message() missing 1 required positional argument: 'payload'
[2022-12-15 15:58:59,778]: [MT_RESULT_REGISTER  ] topic : MT/RESULT/REGISTER/lora_manager_thing_D8F3BC801CFB payload : {
    "error": -4,
    "middleware_name": "SoPIoT-MW-Level1-0_000000000000"
}
[2022-12-15 15:58:59,778]: [print_packet] Unexpected topic!!! : MT/RESULT/REGISTER/lora_manager_thing_D8F3BC801CFB 
[2022-12-15 15:58:59,779]: Wrong payload arrive... lora_manager_thing_D8F3BC801CFB should be arrive, not lora_manager_thing_D8F3BC801CFB
[2022-12-15 15:58:59,780]: Traceback message : Traceback (most recent call last):
  File "/home/jyeom/anaconda3/envs/py37tf26/lib/python3.7/site-packages/big_thing_py/big_thing.py", line 213, in _receive_message_thread_func
    self._handle_mqtt_message(recv_msg)
  File "/home/jyeom/anaconda3/envs/py37tf26/lib/python3.7/site-packages/big_thing_py/big_thing.py", line 286, in _handle_mqtt_message
    self._handle_MT_RESULT_REGISTER(msg)
  File "/home/jyeom/anaconda3/envs/py37tf26/lib/python3.7/site-packages/big_thing_py/manager_thing.py", line 261, in _handle_MT_RESULT_REGISTER
    raise
RuntimeError: No active exception to reraise

Error: No active exception to reraise
[2022-12-15 15:59:04,779]: Register try 2
[2022-12-15 15:59:04,780]: [-> SUBSCRIBE         ] MT/RESULT/REGISTER/lora_manager_thing_D8F3BC801CFB
[2022-12-15 15:59:04,780]: [-> SUBSCRIBE         ] MT/RESULT/UNREGISTER/lora_manager_thing_D8F3BC801CFB
[2022-12-15 15:59:04,780]: [-> SUBSCRIBE         ] MT/RESULT/BINARY_VALUE/lora_manager_thing_D8F3BC801CFB
[2022-12-15 15:59:09,789]: Register try 3
[2022-12-15 15:59:09,789]: [-> SUBSCRIBE         ] MT/RESULT/REGISTER/lora_manager_thing_D8F3BC801CFB
[2022-12-15 15:59:09,789]: [-> SUBSCRIBE         ] MT/RESULT/UNREGISTER/lora_manager_thing_D8F3BC801CFB
[2022-12-15 15:59:09,789]: [-> SUBSCRIBE         ] MT/RESULT/BINARY_VALUE/lora_manager_thing_D8F3BC801CFB
[2022-12-15 15:59:14,797]: Register try 4
[2022-12-15 15:59:14,798]: [-> SUBSCRIBE         ] MT/RESULT/REGISTER/lora_manager_thing_D8F3BC801CFB
[2022-12-15 15:59:14,798]: [-> SUBSCRIBE         ] MT/RESULT/UNREGISTER/lora_manager_thing_D8F3BC801CFB
[2022-12-15 15:59:14,799]: [-> SUBSCRIBE         ] MT/RESULT/BINARY_VALUE/lora_manager_thing_D8F3BC801CFB
[2022-12-15 15:59:16,409]: Ctrl + C Exit
[2022-12-15 15:59:16,410]: _alive_thread is terminated
[2022-12-15 15:59:16,420]: _value_publish_thread is terminated
[2022-12-15 15:59:16,421]: _scan_staff_message_thread is terminated
[2022-12-15 15:59:16,421]: _receive_staff_message_thread is terminated
[2022-12-15 15:59:16,421]: _publish_staff_message_thread is terminated
