[2022-11-18 17:14:53,017]: Skip avahi_enable search...
[2022-11-18 17:14:53,018]: SSL is not enabled...
[2022-11-18 17:14:53,021]: [-> CONNECT           ] Connect to Host: 127.0.0.1:11083
[2022-11-18 17:14:53,024]: New staff_thing!!! name = sensor0
[2022-11-18 17:14:53,025]: [-> SUBSCRIBE         ] MT/RESULT/REGISTER/sensor0
[2022-11-18 17:14:53,026]: [-> SUBSCRIBE         ] MT/RESULT/UNREGISTER/sensor0
[2022-11-18 17:14:53,027]: [-> SUBSCRIBE         ] MT/RESULT/BINARY_VALUE/sensor0
[2022-11-18 17:14:53,027]: [print_packet] Unexpected topic!!! : sensor0/temperature 
[2022-11-18 17:14:53,028]: [_send_staff_RESULT_REGISTER] Register sensor0 complete!!!
[2022-11-18 17:14:53,029]: [print_packet] Unexpected topic!!! : sensor0/humidity 
[2022-11-18 17:14:53,031]: [print_packet] Unexpected topic!!! : sensor0/pressure 
[2022-11-18 17:14:53,033]: [print_packet] Unexpected topic!!! : sensor0/ax 
[2022-11-18 17:14:53,034]: [print_packet] Unexpected topic!!! : sensor0/ay 
[2022-11-18 17:14:53,036]: [print_packet] Unexpected topic!!! : sensor0/az 
[2022-11-18 17:14:53,038]: [print_packet] Unexpected topic!!! : sensor0/moved 
[2022-11-18 17:14:53,041]: [TM_REGISTER         ] topic : TM/REGISTER/sensor0 payload : {
    "alive_cycle": 10,
    "functions": [
        {
            "arguments": [],
            "description": "",
            "energy": null,
            "exec_time": -1,
            "name": "__temperature",
            "return_type": "double",
skip... (print_packet mode=SoPPrintMode.ABBR)
[2022-11-18 17:14:53,166]: [MT_RESULT_REGISTER  ] topic : MT/RESULT/REGISTER/sensor0 payload : {
    "error": 0,
    "middleware_name": "SoPIoT-MW-Level1-0_000000000000"
}
[2022-11-18 17:14:53,168]: [✔✔✔                  ] Thing lora_manager_thing_D8F3BC801CFB register success!
[2022-11-18 17:14:53,168]: [-> SUBSCRIBE         ] MT/EXECUTE/__temperature/sensor0/+/#
[2022-11-18 17:14:53,169]: [-> SUBSCRIBE         ] MT/EXECUTE/__temperature/sensor0
[2022-11-18 17:14:53,170]: [-> SUBSCRIBE         ] MT/EXECUTE/__humidity/sensor0/+/#
[2022-11-18 17:14:53,170]: New staff_thing!!! name = sensor1
[2022-11-18 17:14:53,171]: [TM_ALIVE            ] topic : TM/ALIVE/sensor0 payload : {}
[2022-11-18 17:14:53,171]: [-> SUBSCRIBE         ] MT/RESULT/REGISTER/sensor1
[2022-11-18 17:14:53,171]: [-> SUBSCRIBE         ] MT/EXECUTE/__humidity/sensor0
[2022-11-18 17:14:53,172]: [-> SUBSCRIBE         ] MT/RESULT/UNREGISTER/sensor1
[2022-11-18 17:14:53,172]: [-> SUBSCRIBE         ] MT/EXECUTE/__pressure/sensor0/+/#
[2022-11-18 17:14:53,172]: [-> SUBSCRIBE         ] MT/RESULT/BINARY_VALUE/sensor1
[2022-11-18 17:14:53,173]: [-> SUBSCRIBE         ] MT/EXECUTE/__pressure/sensor0
[2022-11-18 17:14:53,174]: [print_packet] Unexpected topic!!! : sensor1/temperature 
[2022-11-18 17:14:53,174]: [_send_staff_RESULT_REGISTER] Register sensor1 complete!!!
[2022-11-18 17:14:53,174]: [-> SUBSCRIBE         ] MT/EXECUTE/__ax/sensor0/+/#
[2022-11-18 17:14:53,175]: [-> SUBSCRIBE         ] MT/EXECUTE/__ax/sensor0
[2022-11-18 17:14:53,176]: [-> SUBSCRIBE         ] MT/EXECUTE/__ay/sensor0/+/#
[2022-11-18 17:14:53,176]: [-> SUBSCRIBE         ] MT/EXECUTE/__ay/sensor0
[2022-11-18 17:14:53,176]: [-> SUBSCRIBE         ] MT/EXECUTE/__az/sensor0/+/#
[2022-11-18 17:14:53,177]: [-> SUBSCRIBE         ] MT/EXECUTE/__az/sensor0
[2022-11-18 17:14:53,177]: [print_packet] Unexpected topic!!! : sensor1/humidity 
[2022-11-18 17:14:53,178]: [-> SUBSCRIBE         ] MT/EXECUTE/__moved/sensor0/+/#
[2022-11-18 17:14:53,178]: [-> SUBSCRIBE         ] MT/EXECUTE/__moved/sensor0
[2022-11-18 17:14:53,179]: [print_packet] Unexpected topic!!! : sensor1/pressure 
[2022-11-18 17:14:53,181]: [print_packet] Unexpected topic!!! : sensor1/ax 
[2022-11-18 17:14:53,183]: [print_packet] Unexpected topic!!! : sensor1/ay 
[2022-11-18 17:14:53,185]: [print_packet] Unexpected topic!!! : sensor1/az 
[2022-11-18 17:14:53,187]: [print_packet] Unexpected topic!!! : sensor1/moved 
[2022-11-18 17:14:53,192]: [TM_REGISTER         ] topic : TM/REGISTER/sensor1 payload : {
    "alive_cycle": 10,
    "functions": [
        {
            "arguments": [],
            "description": "",
            "energy": null,
            "exec_time": -1,
            "name": "__temperature",
            "return_type": "double",
skip... (print_packet mode=SoPPrintMode.ABBR)
[2022-11-18 17:14:53,244]: [MT_RESULT_REGISTER  ] topic : MT/RESULT/REGISTER/sensor1 payload : {
    "error": -4,
    "middleware_name": "SoPIoT-MW-Level1-0_000000000000"
}
[2022-11-18 17:14:53,246]: [DUP✔                 ] Thing lora_manager_thing_D8F3BC801CFB register success!
[2022-11-18 17:14:53,247]: [-> SUBSCRIBE         ] MT/EXECUTE/__temperature/sensor1/+/#
[2022-11-18 17:14:53,247]: [-> SUBSCRIBE         ] MT/EXECUTE/__temperature/sensor1
[2022-11-18 17:14:53,248]: [TM_ALIVE            ] topic : TM/ALIVE/sensor1 payload : {}
[2022-11-18 17:14:53,248]: [-> SUBSCRIBE         ] MT/EXECUTE/__humidity/sensor1/+/#
[2022-11-18 17:14:53,249]: [-> SUBSCRIBE         ] MT/EXECUTE/__humidity/sensor1
[2022-11-18 17:14:53,249]: [-> SUBSCRIBE         ] MT/EXECUTE/__pressure/sensor1/+/#
[2022-11-18 17:14:53,249]: [-> SUBSCRIBE         ] MT/EXECUTE/__pressure/sensor1
[2022-11-18 17:14:53,249]: [-> SUBSCRIBE         ] MT/EXECUTE/__ax/sensor1/+/#
[2022-11-18 17:14:53,250]: [-> SUBSCRIBE         ] MT/EXECUTE/__ax/sensor1
[2022-11-18 17:14:53,250]: [-> SUBSCRIBE         ] MT/EXECUTE/__ay/sensor1/+/#
[2022-11-18 17:14:53,250]: [-> SUBSCRIBE         ] MT/EXECUTE/__ay/sensor1
[2022-11-18 17:14:53,250]: [-> SUBSCRIBE         ] MT/EXECUTE/__az/sensor1/+/#
[2022-11-18 17:14:53,250]: [-> SUBSCRIBE         ] MT/EXECUTE/__az/sensor1
[2022-11-18 17:14:53,250]: [-> SUBSCRIBE         ] MT/EXECUTE/__moved/sensor1/+/#
[2022-11-18 17:14:53,250]: [-> SUBSCRIBE         ] MT/EXECUTE/__moved/sensor1
[2022-11-18 17:14:54,028]: [print_packet] Unexpected topic!!! : sensor0/temperature 
[2022-11-18 17:14:54,030]: [print_packet] Unexpected topic!!! : sensor0/humidity 
[2022-11-18 17:14:54,031]: [print_packet] Unexpected topic!!! : sensor0/pressure 
[2022-11-18 17:14:54,033]: [print_packet] Unexpected topic!!! : sensor0/ax 
[2022-11-18 17:14:54,035]: [print_packet] Unexpected topic!!! : sensor0/ay 
[2022-11-18 17:14:54,036]: [print_packet] Unexpected topic!!! : sensor0/az 
[2022-11-18 17:14:54,039]: [print_packet] Unexpected topic!!! : sensor0/moved 
[2022-11-18 17:14:54,175]: [print_packet] Unexpected topic!!! : sensor1/temperature 
[2022-11-18 17:14:54,177]: [print_packet] Unexpected topic!!! : sensor1/humidity 
[2022-11-18 17:14:54,179]: [print_packet] Unexpected topic!!! : sensor1/pressure 
[2022-11-18 17:14:54,181]: [print_packet] Unexpected topic!!! : sensor1/ax 
[2022-11-18 17:14:54,183]: [print_packet] Unexpected topic!!! : sensor1/ay 
[2022-11-18 17:14:54,185]: [print_packet] Unexpected topic!!! : sensor1/az 
[2022-11-18 17:14:54,187]: [print_packet] Unexpected topic!!! : sensor1/moved 
[2022-11-18 17:14:55,028]: [print_packet] Unexpected topic!!! : sensor0/temperature 
[2022-11-18 17:14:55,031]: [print_packet] Unexpected topic!!! : sensor0/humidity 
[2022-11-18 17:14:55,033]: [print_packet] Unexpected topic!!! : sensor0/pressure 
[2022-11-18 17:14:55,034]: [print_packet] Unexpected topic!!! : sensor0/ax 
[2022-11-18 17:14:55,037]: [print_packet] Unexpected topic!!! : sensor0/ay 
[2022-11-18 17:14:55,039]: [print_packet] Unexpected topic!!! : sensor0/az 
[2022-11-18 17:14:55,041]: [print_packet] Unexpected topic!!! : sensor0/moved 
[2022-11-18 17:14:55,175]: [print_packet] Unexpected topic!!! : sensor1/temperature 
[2022-11-18 17:14:55,177]: [print_packet] Unexpected topic!!! : sensor1/humidity 
[2022-11-18 17:14:55,179]: [print_packet] Unexpected topic!!! : sensor1/pressure 
[2022-11-18 17:14:55,181]: [print_packet] Unexpected topic!!! : sensor1/ax 
[2022-11-18 17:14:55,182]: [print_packet] Unexpected topic!!! : sensor1/ay 
[2022-11-18 17:14:55,186]: [print_packet] Unexpected topic!!! : sensor1/az 
[2022-11-18 17:14:55,187]: [print_packet] Unexpected topic!!! : sensor1/moved 
[2022-11-18 17:14:55,627]: Ctrl + C Exit
