[2022-12-15 16:25:48,007]: Skip avahi_enable search...
[2022-12-15 16:25:48,007]: SSL is not enabled...
[2022-12-15 16:25:48,009]: [-> CONNECT           ] Connect to Host: 127.0.0.1:11083
[2022-12-15 16:25:48,010]: Register try 1
[2022-12-15 16:25:48,010]: [-> SUBSCRIBE         ] MT/RESULT/REGISTER/lora_manager_thing_D8F3BC801CFB
[2022-12-15 16:25:48,011]: [-> SUBSCRIBE         ] MT/RESULT/UNREGISTER/lora_manager_thing_D8F3BC801CFB
[2022-12-15 16:25:48,011]: [-> SUBSCRIBE         ] MT/RESULT/BINARY_VALUE/lora_manager_thing_D8F3BC801CFB
[2022-12-15 16:25:48,013]: New staff_thing!!! name: [sensor0]
[2022-12-15 16:25:48,013]: [TM_REGISTER         ] topic : TM/REGISTER/lora_manager_thing_D8F3BC801CFB payload : {
    "alive_cycle": 60,
    "functions": [],
    "is_parallel": true,
    "is_super": false,
    "values": []
}
[2022-12-15 16:25:48,015]: [TM_ALIVE            ] topic : TM/ALIVE/sensor0 payload : {}
[2022-12-15 16:25:48,016]: [MT_RESULT_REGISTER  ] topic : MT/RESULT/REGISTER/lora_manager_thing_D8F3BC801CFB payload : {
    "error": -4,
    "middleware_name": "SoPIoT-MW-Level1-0_000000000000"
}
[2022-12-15 16:25:48,016]: [print_packet] Unexpected topic!!! : MT/RESULT/REGISTER/lora_manager_thing_D8F3BC801CFB 
[2022-12-15 16:25:48,017]: [sensor0_temperature ] topic : sensor0/temperature payload : {
    "type": "double",
    "value": 27.9
}
[2022-12-15 16:25:48,017]: Wrong payload arrive... lora_manager_thing_D8F3BC801CFB should be arrive, not lora_manager_thing_D8F3BC801CFB
[2022-12-15 16:25:48,019]: Traceback message : Traceback (most recent call last):
  File "/home/jyeom/anaconda3/envs/py37tf26/lib/python3.7/site-packages/big_thing_py/big_thing.py", line 213, in _receive_message_thread_func
    self._handle_mqtt_message(recv_msg)
  File "/home/jyeom/anaconda3/envs/py37tf26/lib/python3.7/site-packages/big_thing_py/big_thing.py", line 286, in _handle_mqtt_message
    self._handle_MT_RESULT_REGISTER(msg)
  File "/home/jyeom/anaconda3/envs/py37tf26/lib/python3.7/site-packages/big_thing_py/manager_thing.py", line 263, in _handle_MT_RESULT_REGISTER
    raise
RuntimeError: No active exception to reraise

Error: No active exception to reraise
[2022-12-15 16:25:53,018]: Register try 2
[2022-12-15 16:25:53,019]: [-> SUBSCRIBE         ] MT/RESULT/REGISTER/lora_manager_thing_D8F3BC801CFB
[2022-12-15 16:25:53,029]: [-> SUBSCRIBE         ] MT/RESULT/UNREGISTER/lora_manager_thing_D8F3BC801CFB
[2022-12-15 16:25:53,029]: [-> SUBSCRIBE         ] MT/RESULT/BINARY_VALUE/lora_manager_thing_D8F3BC801CFB
[2022-12-15 16:25:55,384]: Ctrl + C Exit
[2022-12-15 16:25:55,385]: _alive_thread is terminated
[2022-12-15 16:25:55,385]: _value_publish_thread is terminated
[2022-12-15 16:25:55,386]: _scan_staff_message_thread is terminated
[2022-12-15 16:25:55,386]: _receive_staff_message_thread is terminated
[2022-12-15 16:25:55,387]: _publish_staff_message_thread is terminated
