[2022-12-14 21:19:08,664]: Skip avahi_enable search...
[2022-12-14 21:19:08,665]: SSL is not enabled...
[2022-12-14 21:19:08,667]: [-> CONNECT           ] Connect to Host: 127.0.0.1:11083
[2022-12-14 21:19:08,668]: Register try 1
[2022-12-14 21:19:08,668]: [-> SUBSCRIBE         ] MT/RESULT/REGISTER/lora_manager_thing_D8F3BC801CFB
[2022-12-14 21:19:08,668]: [-> SUBSCRIBE         ] MT/RESULT/UNREGISTER/lora_manager_thing_D8F3BC801CFB
[2022-12-14 21:19:08,669]: [-> SUBSCRIBE         ] MT/RESULT/BINARY_VALUE/lora_manager_thing_D8F3BC801CFB
[2022-12-14 21:19:08,670]: New staff_thing!!! name = sensor0
[2022-12-14 21:19:08,671]: [TM_REGISTER         ] topic : TM/REGISTER/lora_manager_thing_D8F3BC801CFB payload : {
    "alive_cycle": 60,
    "functions": [],
    "is_parallel": true,
    "is_super": false,
    "values": []
}
[2022-12-14 21:19:08,671]: [-> SUBSCRIBE         ] MT/RESULT/REGISTER/sensor0
[2022-12-14 21:19:08,673]: [-> SUBSCRIBE         ] MT/RESULT/UNREGISTER/sensor0
[2022-12-14 21:19:08,673]: [print_packet] Unknown MT Topic!!!
[2022-12-14 21:19:08,674]: [-> SUBSCRIBE         ] MT/RESULT/BINARY_VALUE/sensor0
[2022-12-14 21:19:08,675]: [_send_staff_RESULT_REGISTER] Register sensor0 complete!!!
[2022-12-14 21:19:08,676]: [print_packet] Unknown MT Topic!!!
[2022-12-14 21:19:08,677]: [MT_RESULT_REGISTER  ] topic : MT/RESULT/REGISTER/lora_manager_thing_D8F3BC801CFB payload : {
    "error": -4,
    "middleware_name": "SoPIoT-MW-Level1-0_000000000000"
}
[2022-12-14 21:19:08,678]: [print_packet] Unknown MT Topic!!!
[2022-12-14 21:19:08,678]: [DUP✔                 ] Thing lora_manager_thing_D8F3BC801CFB register success!
[2022-12-14 21:19:08,680]: [print_packet] Unknown MT Topic!!!
[2022-12-14 21:19:08,681]: [print_packet] Unknown MT Topic!!!
[2022-12-14 21:19:08,683]: [print_packet] Unknown MT Topic!!!
[2022-12-14 21:19:08,685]: [print_packet] Unknown MT Topic!!!
[2022-12-14 21:19:08,686]: [TM_ALIVE            ] topic : TM/ALIVE/lora_manager_thing_D8F3BC801CFB payload : {}
[2022-12-14 21:19:11,674]: [print_packet] Unknown MT Topic!!!
[2022-12-14 21:19:11,677]: [print_packet] Unknown MT Topic!!!
[2022-12-14 21:19:11,681]: [print_packet] Unknown MT Topic!!!
[2022-12-14 21:19:11,684]: [print_packet] Unknown MT Topic!!!
[2022-12-14 21:19:11,687]: [print_packet] Unknown MT Topic!!!
[2022-12-14 21:19:11,690]: [print_packet] Unknown MT Topic!!!
[2022-12-14 21:19:11,693]: [print_packet] Unknown MT Topic!!!
[2022-12-14 21:19:14,675]: [print_packet] Unknown MT Topic!!!
[2022-12-14 21:19:14,677]: [print_packet] Unknown MT Topic!!!
[2022-12-14 21:19:14,679]: [print_packet] Unknown MT Topic!!!
[2022-12-14 21:19:14,681]: [print_packet] Unknown MT Topic!!!
[2022-12-14 21:19:14,683]: [print_packet] Unknown MT Topic!!!
[2022-12-14 21:19:14,685]: [print_packet] Unknown MT Topic!!!
[2022-12-14 21:19:14,687]: [print_packet] Unknown MT Topic!!!
[2022-12-14 21:19:15,087]: Ctrl + C Exit
[2022-12-14 21:19:25,937]: Skip avahi_enable search...
[2022-12-14 21:19:25,937]: SSL is not enabled...
[2022-12-14 21:19:25,939]: [-> CONNECT           ] Connect to Host: 127.0.0.1:11083
[2022-12-14 21:19:25,941]: Register try 1
[2022-12-14 21:19:25,941]: [-> SUBSCRIBE         ] MT/RESULT/REGISTER/lora_manager_thing_D8F3BC801CFB
[2022-12-14 21:19:25,941]: [-> SUBSCRIBE         ] MT/RESULT/UNREGISTER/lora_manager_thing_D8F3BC801CFB
[2022-12-14 21:19:25,943]: New staff_thing!!! name = sensor0
[2022-12-14 21:19:25,943]: [-> SUBSCRIBE         ] MT/RESULT/BINARY_VALUE/lora_manager_thing_D8F3BC801CFB
[2022-12-14 21:19:25,943]: [-> SUBSCRIBE         ] MT/RESULT/REGISTER/sensor0
[2022-12-14 21:19:25,944]: [-> SUBSCRIBE         ] MT/RESULT/UNREGISTER/sensor0
[2022-12-14 21:19:25,945]: [TM_REGISTER         ] topic : TM/REGISTER/lora_manager_thing_D8F3BC801CFB payload : {
    "alive_cycle": 60,
    "functions": [],
    "is_parallel": true,
    "is_super": false,
    "values": []
}
[2022-12-14 21:19:25,945]: [-> SUBSCRIBE         ] MT/RESULT/BINARY_VALUE/sensor0
[2022-12-14 21:19:25,946]: [_send_staff_RESULT_REGISTER] Register sensor0 complete!!!
[2022-12-14 21:19:25,947]: [print_packet] Unknown MT Topic!!!
[2022-12-14 21:19:25,948]: [MT_RESULT_REGISTER  ] topic : MT/RESULT/REGISTER/lora_manager_thing_D8F3BC801CFB payload : {
    "error": -4,
    "middleware_name": "SoPIoT-MW-Level1-0_000000000000"
}
[2022-12-14 21:19:25,950]: [DUP✔                 ] Thing lora_manager_thing_D8F3BC801CFB register success!
[2022-12-14 21:19:25,951]: [print_packet] Unknown MT Topic!!!
[2022-12-14 21:19:25,953]: [print_packet] Unknown MT Topic!!!
[2022-12-14 21:19:25,956]: [print_packet] Unknown MT Topic!!!
[2022-12-14 21:19:25,957]: [print_packet] Unknown MT Topic!!!
[2022-12-14 21:19:25,958]: [print_packet] Unknown MT Topic!!!
[2022-12-14 21:19:25,960]: [print_packet] Unknown MT Topic!!!
[2022-12-14 21:19:25,962]: [TM_ALIVE            ] topic : TM/ALIVE/lora_manager_thing_D8F3BC801CFB payload : {}
[2022-12-14 21:19:28,946]: [print_packet] Unknown MT Topic!!!
[2022-12-14 21:19:28,947]: [print_packet] Unknown MT Topic!!!
[2022-12-14 21:19:28,949]: [print_packet] Unknown MT Topic!!!
[2022-12-14 21:19:28,951]: [print_packet] Unknown MT Topic!!!
[2022-12-14 21:19:28,953]: [print_packet] Unknown MT Topic!!!
[2022-12-14 21:19:28,955]: [print_packet] Unknown MT Topic!!!
[2022-12-14 21:19:28,957]: [print_packet] Unknown MT Topic!!!
[2022-12-14 21:19:31,947]: [print_packet] Unknown MT Topic!!!
[2022-12-14 21:19:31,949]: [print_packet] Unknown MT Topic!!!
[2022-12-14 21:19:31,951]: [print_packet] Unknown MT Topic!!!
[2022-12-14 21:19:31,953]: [print_packet] Unknown MT Topic!!!
[2022-12-14 21:19:31,955]: [print_packet] Unknown MT Topic!!!
[2022-12-14 21:19:31,957]: [print_packet] Unknown MT Topic!!!
[2022-12-14 21:19:31,959]: [print_packet] Unknown MT Topic!!!
[2022-12-14 21:19:32,239]: Ctrl + C Exit
[2022-12-14 21:19:47,643]: Skip avahi_enable search...
[2022-12-14 21:19:47,643]: SSL is not enabled...
[2022-12-14 21:19:47,646]: [-> CONNECT           ] Connect to Host: 127.0.0.1:11083
[2022-12-14 21:19:47,647]: Register try 1
[2022-12-14 21:19:47,648]: [-> SUBSCRIBE         ] MT/RESULT/REGISTER/lora_manager_thing_D8F3BC801CFB
[2022-12-14 21:19:47,649]: New staff_thing!!! name = sensor0
[2022-12-14 21:19:47,649]: [-> SUBSCRIBE         ] MT/RESULT/UNREGISTER/lora_manager_thing_D8F3BC801CFB
[2022-12-14 21:19:47,650]: [-> SUBSCRIBE         ] MT/RESULT/REGISTER/sensor0
[2022-12-14 21:19:47,650]: [-> SUBSCRIBE         ] MT/RESULT/BINARY_VALUE/lora_manager_thing_D8F3BC801CFB
[2022-12-14 21:19:47,651]: [-> SUBSCRIBE         ] MT/RESULT/UNREGISTER/sensor0
[2022-12-14 21:19:47,652]: [-> SUBSCRIBE         ] MT/RESULT/BINARY_VALUE/sensor0
[2022-12-14 21:19:47,652]: [TM_REGISTER         ] topic : TM/REGISTER/lora_manager_thing_D8F3BC801CFB payload : {
    "alive_cycle": 60,
    "functions": [],
    "is_parallel": true,
    "is_super": false,
    "values": []
}
[2022-12-14 21:19:47,653]: [_send_staff_RESULT_REGISTER] Register sensor0 complete!!!
[2022-12-14 21:19:47,655]: [print_packet] Unknown MT Topic!!!
[2022-12-14 21:19:47,657]: [MT_RESULT_REGISTER  ] topic : MT/RESULT/REGISTER/lora_manager_thing_D8F3BC801CFB payload : {
    "error": -4,
    "middleware_name": "SoPIoT-MW-Level1-0_000000000000"
}
[2022-12-14 21:19:47,657]: [print_packet] Unknown MT Topic!!!
[2022-12-14 21:19:47,658]: [DUP✔                 ] Thing lora_manager_thing_D8F3BC801CFB register success!
[2022-12-14 21:19:47,659]: [print_packet] Unknown MT Topic!!!
[2022-12-14 21:19:47,660]: [print_packet] Unknown MT Topic!!!
[2022-12-14 21:19:47,662]: [print_packet] Unknown MT Topic!!!
[2022-12-14 21:19:47,664]: [print_packet] Unknown MT Topic!!!
[2022-12-14 21:19:47,665]: [print_packet] Unknown MT Topic!!!
[2022-12-14 21:19:47,667]: [TM_ALIVE            ] topic : TM/ALIVE/lora_manager_thing_D8F3BC801CFB payload : {}
[2022-12-14 21:19:50,654]: [print_packet] Unknown MT Topic!!!
[2022-12-14 21:19:50,657]: [print_packet] Unknown MT Topic!!!
[2022-12-14 21:19:50,660]: [print_packet] Unknown MT Topic!!!
[2022-12-14 21:19:50,663]: [print_packet] Unknown MT Topic!!!
[2022-12-14 21:19:50,666]: [print_packet] Unknown MT Topic!!!
[2022-12-14 21:19:50,670]: [print_packet] Unknown MT Topic!!!
[2022-12-14 21:19:50,673]: [print_packet] Unknown MT Topic!!!
[2022-12-14 21:19:51,520]: Ctrl + C Exit
[2022-12-14 21:20:02,135]: Skip avahi_enable search...
[2022-12-14 21:20:02,135]: SSL is not enabled...
[2022-12-14 21:20:02,137]: [-> CONNECT           ] Connect to Host: 127.0.0.1:11083
[2022-12-14 21:20:02,139]: Register try 1
[2022-12-14 21:20:02,140]: New staff_thing!!! name = sensor0
[2022-12-14 21:20:02,141]: [-> SUBSCRIBE         ] MT/RESULT/REGISTER/lora_manager_thing_D8F3BC801CFB
[2022-12-14 21:20:02,141]: [-> SUBSCRIBE         ] MT/RESULT/REGISTER/sensor0
[2022-12-14 21:20:02,142]: [-> SUBSCRIBE         ] MT/RESULT/UNREGISTER/lora_manager_thing_D8F3BC801CFB
[2022-12-14 21:20:02,143]: [-> SUBSCRIBE         ] MT/RESULT/UNREGISTER/sensor0
[2022-12-14 21:20:02,144]: [-> SUBSCRIBE         ] MT/RESULT/BINARY_VALUE/lora_manager_thing_D8F3BC801CFB
[2022-12-14 21:20:02,145]: [MT_EXECUTE          ] topic : MT/EXECUTE/__temperature/sensor0 payload : {
    "type": "double",
    "value": 18.9
}
[2022-12-14 21:20:02,145]: [-> SUBSCRIBE         ] MT/RESULT/BINARY_VALUE/sensor0
[2022-12-14 21:20:02,146]: [_send_staff_RESULT_REGISTER] Register sensor0 complete!!!
[2022-12-14 21:20:02,147]: [MT_EXECUTE          ] topic : MT/EXECUTE/__humidity/sensor0 payload : {
    "type": "double",
    "value": 22.7
}
[2022-12-14 21:20:02,149]: [MT_EXECUTE          ] topic : MT/EXECUTE/__pressure/sensor0 payload : {
    "type": "int",
    "value": 998.0
}
[2022-12-14 21:20:02,150]: [MT_EXECUTE          ] topic : MT/EXECUTE/__ax/sensor0 payload : {
    "type": "int",
    "value": 0
}
[2022-12-14 21:20:02,152]: [MT_EXECUTE          ] topic : MT/EXECUTE/__ay/sensor0 payload : {
    "type": "int",
    "value": -9
}
[2022-12-14 21:20:02,154]: [MT_EXECUTE          ] topic : MT/EXECUTE/__az/sensor0 payload : {
    "type": "int",
    "value": 1044
}
[2022-12-14 21:20:02,156]: [MT_EXECUTE          ] topic : MT/EXECUTE/__moved/sensor0 payload : {
    "type": "int",
    "value": 0
}
[2022-12-14 21:20:02,158]: [TM_REGISTER         ] topic : TM/REGISTER/lora_manager_thing_D8F3BC801CFB payload : {
    "alive_cycle": 60,
    "functions": [],
    "is_parallel": true,
    "is_super": false,
    "values": []
}
[2022-12-14 21:20:02,159]: [MT_RESULT_REGISTER  ] topic : MT/RESULT/REGISTER/lora_manager_thing_D8F3BC801CFB payload : {
    "error": -4,
    "middleware_name": "SoPIoT-MW-Level1-0_000000000000"
}
[2022-12-14 21:20:02,161]: [DUP✔                 ] Thing lora_manager_thing_D8F3BC801CFB register success!
[2022-12-14 21:20:02,163]: [TM_ALIVE            ] topic : TM/ALIVE/lora_manager_thing_D8F3BC801CFB payload : {}
[2022-12-14 21:20:05,143]: [MT_EXECUTE          ] topic : MT/EXECUTE/__temperature/sensor0 payload : {
    "type": "double",
    "value": 18.9
}
[2022-12-14 21:20:05,144]: [MT_EXECUTE          ] topic : MT/EXECUTE/__humidity/sensor0 payload : {
    "type": "double",
    "value": 22.7
}
[2022-12-14 21:20:05,146]: [MT_EXECUTE          ] topic : MT/EXECUTE/__pressure/sensor0 payload : {
    "type": "int",
    "value": 998.0
}
[2022-12-14 21:20:05,149]: [MT_EXECUTE          ] topic : MT/EXECUTE/__ax/sensor0 payload : {
    "type": "int",
    "value": 0
}
[2022-12-14 21:20:05,150]: [MT_EXECUTE          ] topic : MT/EXECUTE/__ay/sensor0 payload : {
    "type": "int",
    "value": -9
}
[2022-12-14 21:20:05,153]: [MT_EXECUTE          ] topic : MT/EXECUTE/__az/sensor0 payload : {
    "type": "int",
    "value": 1044
}
[2022-12-14 21:20:05,155]: [MT_EXECUTE          ] topic : MT/EXECUTE/__moved/sensor0 payload : {
    "type": "int",
    "value": 0
}
[2022-12-14 21:20:08,144]: [MT_EXECUTE          ] topic : MT/EXECUTE/__temperature/sensor0 payload : {
    "type": "double",
    "value": 18.9
}
[2022-12-14 21:20:08,146]: [MT_EXECUTE          ] topic : MT/EXECUTE/__humidity/sensor0 payload : {
    "type": "double",
    "value": 22.7
}
[2022-12-14 21:20:08,148]: [MT_EXECUTE          ] topic : MT/EXECUTE/__pressure/sensor0 payload : {
    "type": "int",
    "value": 998.2
}
[2022-12-14 21:20:08,150]: [MT_EXECUTE          ] topic : MT/EXECUTE/__ax/sensor0 payload : {
    "type": "int",
    "value": 0
}
[2022-12-14 21:20:08,151]: [MT_EXECUTE          ] topic : MT/EXECUTE/__ay/sensor0 payload : {
    "type": "int",
    "value": -6
}
[2022-12-14 21:20:08,153]: [MT_EXECUTE          ] topic : MT/EXECUTE/__az/sensor0 payload : {
    "type": "int",
    "value": 1100
}
[2022-12-14 21:20:08,156]: [MT_EXECUTE          ] topic : MT/EXECUTE/__moved/sensor0 payload : {
    "type": "int",
    "value": 0
}
[2022-12-14 21:20:11,147]: [MT_EXECUTE          ] topic : MT/EXECUTE/__temperature/sensor0 payload : {
    "type": "double",
    "value": 18.9
}
[2022-12-14 21:20:11,151]: [MT_EXECUTE          ] topic : MT/EXECUTE/__humidity/sensor0 payload : {
    "type": "double",
    "value": 22.8
}
[2022-12-14 21:20:11,154]: [MT_EXECUTE          ] topic : MT/EXECUTE/__pressure/sensor0 payload : {
    "type": "int",
    "value": 997.8
}
[2022-12-14 21:20:11,157]: [MT_EXECUTE          ] topic : MT/EXECUTE/__ax/sensor0 payload : {
    "type": "int",
    "value": 0
}
[2022-12-14 21:20:11,161]: [MT_EXECUTE          ] topic : MT/EXECUTE/__ay/sensor0 payload : {
    "type": "int",
    "value": -9
}
[2022-12-14 21:20:11,164]: [MT_EXECUTE          ] topic : MT/EXECUTE/__az/sensor0 payload : {
    "type": "int",
    "value": 1044
}
[2022-12-14 21:20:11,166]: [MT_EXECUTE          ] topic : MT/EXECUTE/__moved/sensor0 payload : {
    "type": "int",
    "value": 0
}
[2022-12-14 21:20:12,142]: [TM_ALIVE            ] topic : TM/ALIVE/sensor0 payload : {}
[2022-12-14 21:20:14,147]: [MT_EXECUTE          ] topic : MT/EXECUTE/__temperature/sensor0 payload : {
    "type": "double",
    "value": 18.9
}
[2022-12-14 21:20:14,151]: [MT_EXECUTE          ] topic : MT/EXECUTE/__humidity/sensor0 payload : {
    "type": "double",
    "value": 22.7
}
[2022-12-14 21:20:14,154]: [MT_EXECUTE          ] topic : MT/EXECUTE/__pressure/sensor0 payload : {
    "type": "int",
    "value": 998.2
}
[2022-12-14 21:20:14,158]: [MT_EXECUTE          ] topic : MT/EXECUTE/__ax/sensor0 payload : {
    "type": "int",
    "value": 0
}
[2022-12-14 21:20:14,163]: [MT_EXECUTE          ] topic : MT/EXECUTE/__ay/sensor0 payload : {
    "type": "int",
    "value": -6
}
[2022-12-14 21:20:14,165]: [MT_EXECUTE          ] topic : MT/EXECUTE/__az/sensor0 payload : {
    "type": "int",
    "value": 1101
}
[2022-12-14 21:20:14,167]: [MT_EXECUTE          ] topic : MT/EXECUTE/__moved/sensor0 payload : {
    "type": "int",
    "value": 0
}
[2022-12-14 21:20:17,147]: [MT_EXECUTE          ] topic : MT/EXECUTE/__temperature/sensor0 payload : {
    "type": "double",
    "value": 18.9
}
[2022-12-14 21:20:17,152]: [MT_EXECUTE          ] topic : MT/EXECUTE/__humidity/sensor0 payload : {
    "type": "double",
    "value": 22.7
}
[2022-12-14 21:20:17,156]: [MT_EXECUTE          ] topic : MT/EXECUTE/__pressure/sensor0 payload : {
    "type": "int",
    "value": 998.1
}
[2022-12-14 21:20:17,159]: [MT_EXECUTE          ] topic : MT/EXECUTE/__ax/sensor0 payload : {
    "type": "int",
    "value": 0
}
[2022-12-14 21:20:17,162]: [MT_EXECUTE          ] topic : MT/EXECUTE/__ay/sensor0 payload : {
    "type": "int",
    "value": -9
}
[2022-12-14 21:20:17,166]: [MT_EXECUTE          ] topic : MT/EXECUTE/__az/sensor0 payload : {
    "type": "int",
    "value": 1044
}
[2022-12-14 21:20:17,170]: [MT_EXECUTE          ] topic : MT/EXECUTE/__moved/sensor0 payload : {
    "type": "int",
    "value": 0
}
[2022-12-14 21:20:20,149]: [MT_EXECUTE          ] topic : MT/EXECUTE/__temperature/sensor0 payload : {
    "type": "double",
    "value": 18.9
}
[2022-12-14 21:20:20,153]: [MT_EXECUTE          ] topic : MT/EXECUTE/__humidity/sensor0 payload : {
    "type": "double",
    "value": 22.8
}
[2022-12-14 21:20:20,157]: [MT_EXECUTE          ] topic : MT/EXECUTE/__pressure/sensor0 payload : {
    "type": "int",
    "value": 997.6
}
[2022-12-14 21:20:20,161]: [MT_EXECUTE          ] topic : MT/EXECUTE/__ax/sensor0 payload : {
    "type": "int",
    "value": 0
}
[2022-12-14 21:20:20,164]: [MT_EXECUTE          ] topic : MT/EXECUTE/__ay/sensor0 payload : {
    "type": "int",
    "value": -6
}
[2022-12-14 21:20:20,167]: [MT_EXECUTE          ] topic : MT/EXECUTE/__az/sensor0 payload : {
    "type": "int",
    "value": 1100
}
[2022-12-14 21:20:20,169]: [MT_EXECUTE          ] topic : MT/EXECUTE/__moved/sensor0 payload : {
    "type": "int",
    "value": 0
}
[2022-12-14 21:20:22,142]: [TM_ALIVE            ] topic : TM/ALIVE/sensor0 payload : {}
[2022-12-14 21:20:23,149]: [MT_EXECUTE          ] topic : MT/EXECUTE/__temperature/sensor0 payload : {
    "type": "double",
    "value": 18.9
}
[2022-12-14 21:20:23,153]: [MT_EXECUTE          ] topic : MT/EXECUTE/__humidity/sensor0 payload : {
    "type": "double",
    "value": 22.7
}
[2022-12-14 21:20:23,157]: [MT_EXECUTE          ] topic : MT/EXECUTE/__pressure/sensor0 payload : {
    "type": "int",
    "value": 998.3
}
[2022-12-14 21:20:23,160]: [MT_EXECUTE          ] topic : MT/EXECUTE/__ax/sensor0 payload : {
    "type": "int",
    "value": 0
}
[2022-12-14 21:20:23,164]: [MT_EXECUTE          ] topic : MT/EXECUTE/__ay/sensor0 payload : {
    "type": "int",
    "value": -8
}
[2022-12-14 21:20:23,167]: [MT_EXECUTE          ] topic : MT/EXECUTE/__az/sensor0 payload : {
    "type": "int",
    "value": 1045
}
[2022-12-14 21:20:23,169]: [MT_EXECUTE          ] topic : MT/EXECUTE/__moved/sensor0 payload : {
    "type": "int",
    "value": 0
}
[2022-12-14 21:20:26,149]: [MT_EXECUTE          ] topic : MT/EXECUTE/__temperature/sensor0 payload : {
    "type": "double",
    "value": 18.9
}
[2022-12-14 21:20:26,151]: [MT_EXECUTE          ] topic : MT/EXECUTE/__humidity/sensor0 payload : {
    "type": "double",
    "value": 22.7
}
[2022-12-14 21:20:26,153]: [MT_EXECUTE          ] topic : MT/EXECUTE/__pressure/sensor0 payload : {
    "type": "int",
    "value": 998.2
}
[2022-12-14 21:20:26,155]: [MT_EXECUTE          ] topic : MT/EXECUTE/__ax/sensor0 payload : {
    "type": "int",
    "value": 0
}
[2022-12-14 21:20:26,158]: [MT_EXECUTE          ] topic : MT/EXECUTE/__ay/sensor0 payload : {
    "type": "int",
    "value": -5
}
[2022-12-14 21:20:26,160]: [MT_EXECUTE          ] topic : MT/EXECUTE/__az/sensor0 payload : {
    "type": "int",
    "value": 1099
}
[2022-12-14 21:20:26,163]: [MT_EXECUTE          ] topic : MT/EXECUTE/__moved/sensor0 payload : {
    "type": "int",
    "value": 0
}
[2022-12-14 21:20:29,149]: [MT_EXECUTE          ] topic : MT/EXECUTE/__temperature/sensor0 payload : {
    "type": "double",
    "value": 18.9
}
[2022-12-14 21:20:29,153]: [MT_EXECUTE          ] topic : MT/EXECUTE/__humidity/sensor0 payload : {
    "type": "double",
    "value": 22.7
}
[2022-12-14 21:20:29,155]: [MT_EXECUTE          ] topic : MT/EXECUTE/__pressure/sensor0 payload : {
    "type": "int",
    "value": 997.9
}
[2022-12-14 21:20:29,157]: [MT_EXECUTE          ] topic : MT/EXECUTE/__ax/sensor0 payload : {
    "type": "int",
    "value": 0
}
[2022-12-14 21:20:29,159]: [MT_EXECUTE          ] topic : MT/EXECUTE/__ay/sensor0 payload : {
    "type": "int",
    "value": -8
}
[2022-12-14 21:20:29,162]: [MT_EXECUTE          ] topic : MT/EXECUTE/__az/sensor0 payload : {
    "type": "int",
    "value": 1043
}
[2022-12-14 21:20:29,163]: [MT_EXECUTE          ] topic : MT/EXECUTE/__moved/sensor0 payload : {
    "type": "int",
    "value": 0
}
[2022-12-14 21:20:32,143]: [TM_ALIVE            ] topic : TM/ALIVE/sensor0 payload : {}
[2022-12-14 21:20:32,151]: [MT_EXECUTE          ] topic : MT/EXECUTE/__temperature/sensor0 payload : {
    "type": "double",
    "value": 18.9
}
[2022-12-14 21:20:32,155]: [MT_EXECUTE          ] topic : MT/EXECUTE/__humidity/sensor0 payload : {
    "type": "double",
    "value": 22.8
}
[2022-12-14 21:20:32,159]: [MT_EXECUTE          ] topic : MT/EXECUTE/__pressure/sensor0 payload : {
    "type": "int",
    "value": 997.6
}
[2022-12-14 21:20:32,162]: [MT_EXECUTE          ] topic : MT/EXECUTE/__ax/sensor0 payload : {
    "type": "int",
    "value": 0
}
[2022-12-14 21:20:32,165]: [MT_EXECUTE          ] topic : MT/EXECUTE/__ay/sensor0 payload : {
    "type": "int",
    "value": -6
}
[2022-12-14 21:20:32,167]: [MT_EXECUTE          ] topic : MT/EXECUTE/__az/sensor0 payload : {
    "type": "int",
    "value": 1100
}
[2022-12-14 21:20:32,169]: [MT_EXECUTE          ] topic : MT/EXECUTE/__moved/sensor0 payload : {
    "type": "int",
    "value": 0
}
[2022-12-14 21:20:35,152]: [MT_EXECUTE          ] topic : MT/EXECUTE/__temperature/sensor0 payload : {
    "type": "double",
    "value": 18.9
}
[2022-12-14 21:20:35,156]: [MT_EXECUTE          ] topic : MT/EXECUTE/__humidity/sensor0 payload : {
    "type": "double",
    "value": 22.7
}
[2022-12-14 21:20:35,160]: [MT_EXECUTE          ] topic : MT/EXECUTE/__pressure/sensor0 payload : {
    "type": "int",
    "value": 998.1
}
[2022-12-14 21:20:35,164]: [MT_EXECUTE          ] topic : MT/EXECUTE/__ax/sensor0 payload : {
    "type": "int",
    "value": 0
}
[2022-12-14 21:20:35,167]: [MT_EXECUTE          ] topic : MT/EXECUTE/__ay/sensor0 payload : {
    "type": "int",
    "value": -9
}
[2022-12-14 21:20:35,171]: [MT_EXECUTE          ] topic : MT/EXECUTE/__az/sensor0 payload : {
    "type": "int",
    "value": 1044
}
[2022-12-14 21:20:35,173]: [MT_EXECUTE          ] topic : MT/EXECUTE/__moved/sensor0 payload : {
    "type": "int",
    "value": 0
}
[2022-12-14 21:20:36,003]: Ctrl + C Exit
