[2022-11-18 20:17:55,873]: Skip avahi_enable search...
[2022-11-18 20:17:55,874]: SSL is not enabled...
[2022-11-18 20:17:55,876]: [-> CONNECT           ] Connect to Host: 127.0.0.1:11083
[2022-11-18 20:17:55,878]: Register try 1
[2022-11-18 20:17:55,878]: [-> SUBSCRIBE         ] MT/RESULT/REGISTER/lora_manager_thing_D8F3BC801CFB
[2022-11-18 20:17:55,879]: New staff_thing!!! name = sensor0
[2022-11-18 20:17:55,880]: [-> SUBSCRIBE         ] MT/RESULT/REGISTER/sensor0
[2022-11-18 20:17:55,880]: [-> SUBSCRIBE         ] MT/RESULT/UNREGISTER/lora_manager_thing_D8F3BC801CFB
[2022-11-18 20:17:55,881]: [-> SUBSCRIBE         ] MT/RESULT/UNREGISTER/sensor0
[2022-11-18 20:17:55,882]: [-> SUBSCRIBE         ] MT/RESULT/BINARY_VALUE/sensor0
[2022-11-18 20:17:55,883]: [-> SUBSCRIBE         ] MT/RESULT/BINARY_VALUE/lora_manager_thing_D8F3BC801CFB
[2022-11-18 20:17:55,883]: [MT_EXECUTE          ] topic : MT/EXECUTE/__temperature/sensor0 payload : {
    "type": "double",
    "value": 22.3
}
[2022-11-18 20:17:55,884]: [_send_staff_RESULT_REGISTER] Register sensor0 complete!!!
[2022-11-18 20:17:55,885]: [MT_EXECUTE          ] topic : MT/EXECUTE/__humidity/sensor0 payload : {
    "type": "double",
    "value": 76.9
}
[2022-11-18 20:17:55,887]: [MT_EXECUTE          ] topic : MT/EXECUTE/__pressure/sensor0 payload : {
    "type": "int",
    "value": 1019.6
}
[2022-11-18 20:17:55,889]: [MT_EXECUTE          ] topic : MT/EXECUTE/__ax/sensor0 payload : {
    "type": "int",
    "value": -15
}
[2022-11-18 20:17:55,892]: [MT_EXECUTE          ] topic : MT/EXECUTE/__ay/sensor0 payload : {
    "type": "int",
    "value": -74
}
[2022-11-18 20:17:55,893]: [MT_EXECUTE          ] topic : MT/EXECUTE/__az/sensor0 payload : {
    "type": "int",
    "value": 1044
}
[2022-11-18 20:17:55,895]: [MT_EXECUTE          ] topic : MT/EXECUTE/__moved/sensor0 payload : {
    "type": "int",
    "value": 0
}
[2022-11-18 20:17:55,897]: [TM_REGISTER         ] topic : TM/REGISTER/lora_manager_thing_D8F3BC801CFB payload : {
    "alive_cycle": 60,
    "functions": [],
    "is_parallel": true,
    "is_super": false,
    "values": []
}
[2022-11-18 20:17:55,918]: [MT_RESULT_REGISTER  ] topic : MT/RESULT/REGISTER/lora_manager_thing_D8F3BC801CFB payload : {
    "error": -4,
    "middleware_name": "SoPIoT-MW-Level1-0_000000000000"
}
[2022-11-18 20:17:55,919]: [DUP✔                 ] Thing lora_manager_thing_D8F3BC801CFB register success!
[2022-11-18 20:17:55,921]: [TM_ALIVE            ] topic : TM/ALIVE/lora_manager_thing_D8F3BC801CFB payload : {}
[2022-11-18 20:17:58,882]: [MT_EXECUTE          ] topic : MT/EXECUTE/__temperature/sensor0 payload : {
    "type": "double",
    "value": 22.3
}
[2022-11-18 20:17:58,884]: [MT_EXECUTE          ] topic : MT/EXECUTE/__humidity/sensor0 payload : {
    "type": "double",
    "value": 76.9
}
[2022-11-18 20:17:58,885]: [MT_EXECUTE          ] topic : MT/EXECUTE/__pressure/sensor0 payload : {
    "type": "int",
    "value": 1019.3
}
[2022-11-18 20:17:58,887]: [MT_EXECUTE          ] topic : MT/EXECUTE/__ax/sensor0 payload : {
    "type": "int",
    "value": -14
}
[2022-11-18 20:17:58,890]: [MT_EXECUTE          ] topic : MT/EXECUTE/__ay/sensor0 payload : {
    "type": "int",
    "value": -69
}
[2022-11-18 20:17:58,892]: [MT_EXECUTE          ] topic : MT/EXECUTE/__az/sensor0 payload : {
    "type": "int",
    "value": 1101
}
[2022-11-18 20:17:58,894]: [MT_EXECUTE          ] topic : MT/EXECUTE/__moved/sensor0 payload : {
    "type": "int",
    "value": 0
}
[2022-11-18 20:18:01,883]: [MT_EXECUTE          ] topic : MT/EXECUTE/__temperature/sensor0 payload : {
    "type": "double",
    "value": 22.3
}
[2022-11-18 20:18:01,886]: [MT_EXECUTE          ] topic : MT/EXECUTE/__humidity/sensor0 payload : {
    "type": "double",
    "value": 76.9
}
[2022-11-18 20:18:01,887]: [MT_EXECUTE          ] topic : MT/EXECUTE/__pressure/sensor0 payload : {
    "type": "int",
    "value": 1019.4
}
[2022-11-18 20:18:01,890]: [MT_EXECUTE          ] topic : MT/EXECUTE/__ax/sensor0 payload : {
    "type": "int",
    "value": -14
}
[2022-11-18 20:18:01,892]: [MT_EXECUTE          ] topic : MT/EXECUTE/__ay/sensor0 payload : {
    "type": "int",
    "value": -75
}
[2022-11-18 20:18:01,894]: [MT_EXECUTE          ] topic : MT/EXECUTE/__az/sensor0 payload : {
    "type": "int",
    "value": 1044
}
[2022-11-18 20:18:01,896]: [MT_EXECUTE          ] topic : MT/EXECUTE/__moved/sensor0 payload : {
    "type": "int",
    "value": 0
}
[2022-11-18 20:18:04,884]: [MT_EXECUTE          ] topic : MT/EXECUTE/__temperature/sensor0 payload : {
    "type": "double",
    "value": 22.3
}
[2022-11-18 20:18:04,888]: [MT_EXECUTE          ] topic : MT/EXECUTE/__humidity/sensor0 payload : {
    "type": "double",
    "value": 76.9
}
[2022-11-18 20:18:04,890]: [MT_EXECUTE          ] topic : MT/EXECUTE/__pressure/sensor0 payload : {
    "type": "int",
    "value": 1019.0
}
[2022-11-18 20:18:04,893]: [MT_EXECUTE          ] topic : MT/EXECUTE/__ax/sensor0 payload : {
    "type": "int",
    "value": -14
}
[2022-11-18 20:18:04,895]: [MT_EXECUTE          ] topic : MT/EXECUTE/__ay/sensor0 payload : {
    "type": "int",
    "value": -68
}
[2022-11-18 20:18:04,897]: [MT_EXECUTE          ] topic : MT/EXECUTE/__az/sensor0 payload : {
    "type": "int",
    "value": 1101
}
[2022-11-18 20:18:04,899]: [MT_EXECUTE          ] topic : MT/EXECUTE/__moved/sensor0 payload : {
    "type": "int",
    "value": 0
}
[2022-11-18 20:18:05,880]: [TM_ALIVE            ] topic : TM/ALIVE/sensor0 payload : {}
[2022-11-18 20:18:07,886]: [MT_EXECUTE          ] topic : MT/EXECUTE/__temperature/sensor0 payload : {
    "type": "double",
    "value": 22.3
}
[2022-11-18 20:18:07,888]: [MT_EXECUTE          ] topic : MT/EXECUTE/__humidity/sensor0 payload : {
    "type": "double",
    "value": 76.8
}
[2022-11-18 20:18:07,890]: [MT_EXECUTE          ] topic : MT/EXECUTE/__pressure/sensor0 payload : {
    "type": "int",
    "value": 1019.1
}
[2022-11-18 20:18:07,893]: [MT_EXECUTE          ] topic : MT/EXECUTE/__ax/sensor0 payload : {
    "type": "int",
    "value": -15
}
[2022-11-18 20:18:07,895]: [MT_EXECUTE          ] topic : MT/EXECUTE/__ay/sensor0 payload : {
    "type": "int",
    "value": -75
}
[2022-11-18 20:18:07,897]: [MT_EXECUTE          ] topic : MT/EXECUTE/__az/sensor0 payload : {
    "type": "int",
    "value": 1045
}
[2022-11-18 20:18:07,899]: [MT_EXECUTE          ] topic : MT/EXECUTE/__moved/sensor0 payload : {
    "type": "int",
    "value": 0
}
[2022-11-18 20:18:10,885]: [MT_EXECUTE          ] topic : MT/EXECUTE/__temperature/sensor0 payload : {
    "type": "double",
    "value": 22.3
}
[2022-11-18 20:18:10,887]: [MT_EXECUTE          ] topic : MT/EXECUTE/__humidity/sensor0 payload : {
    "type": "double",
    "value": 77.0
}
[2022-11-18 20:18:10,889]: [MT_EXECUTE          ] topic : MT/EXECUTE/__pressure/sensor0 payload : {
    "type": "int",
    "value": 1018.9
}
[2022-11-18 20:18:10,891]: [MT_EXECUTE          ] topic : MT/EXECUTE/__ax/sensor0 payload : {
    "type": "int",
    "value": -14
}
[2022-11-18 20:18:10,894]: [MT_EXECUTE          ] topic : MT/EXECUTE/__ay/sensor0 payload : {
    "type": "int",
    "value": -70
}
[2022-11-18 20:18:10,896]: [MT_EXECUTE          ] topic : MT/EXECUTE/__az/sensor0 payload : {
    "type": "int",
    "value": 1100
}
[2022-11-18 20:18:10,898]: [MT_EXECUTE          ] topic : MT/EXECUTE/__moved/sensor0 payload : {
    "type": "int",
    "value": 0
}
[2022-11-18 20:18:13,886]: [MT_EXECUTE          ] topic : MT/EXECUTE/__temperature/sensor0 payload : {
    "type": "double",
    "value": 22.3
}
[2022-11-18 20:18:13,888]: [MT_EXECUTE          ] topic : MT/EXECUTE/__humidity/sensor0 payload : {
    "type": "double",
    "value": 76.9
}
[2022-11-18 20:18:13,891]: [MT_EXECUTE          ] topic : MT/EXECUTE/__pressure/sensor0 payload : {
    "type": "int",
    "value": 1019.1
}
[2022-11-18 20:18:13,893]: [MT_EXECUTE          ] topic : MT/EXECUTE/__ax/sensor0 payload : {
    "type": "int",
    "value": -16
}
[2022-11-18 20:18:13,895]: [MT_EXECUTE          ] topic : MT/EXECUTE/__ay/sensor0 payload : {
    "type": "int",
    "value": -74
}
[2022-11-18 20:18:13,898]: [MT_EXECUTE          ] topic : MT/EXECUTE/__az/sensor0 payload : {
    "type": "int",
    "value": 1044
}
[2022-11-18 20:18:13,900]: [MT_EXECUTE          ] topic : MT/EXECUTE/__moved/sensor0 payload : {
    "type": "int",
    "value": 0
}
[2022-11-18 20:18:15,879]: [TM_ALIVE            ] topic : TM/ALIVE/sensor0 payload : {}
[2022-11-18 20:18:16,887]: [MT_EXECUTE          ] topic : MT/EXECUTE/__temperature/sensor0 payload : {
    "type": "double",
    "value": 22.3
}
[2022-11-18 20:18:16,889]: [MT_EXECUTE          ] topic : MT/EXECUTE/__humidity/sensor0 payload : {
    "type": "double",
    "value": 76.9
}
[2022-11-18 20:18:16,891]: [MT_EXECUTE          ] topic : MT/EXECUTE/__pressure/sensor0 payload : {
    "type": "int",
    "value": 1019.4
}
[2022-11-18 20:18:16,894]: [MT_EXECUTE          ] topic : MT/EXECUTE/__ax/sensor0 payload : {
    "type": "int",
    "value": -15
}
[2022-11-18 20:18:16,895]: [MT_EXECUTE          ] topic : MT/EXECUTE/__ay/sensor0 payload : {
    "type": "int",
    "value": -69
}
[2022-11-18 20:18:16,897]: [MT_EXECUTE          ] topic : MT/EXECUTE/__az/sensor0 payload : {
    "type": "int",
    "value": 1100
}
[2022-11-18 20:18:16,899]: [MT_EXECUTE          ] topic : MT/EXECUTE/__moved/sensor0 payload : {
    "type": "int",
    "value": 0
}
[2022-11-18 20:18:19,886]: [MT_EXECUTE          ] topic : MT/EXECUTE/__temperature/sensor0 payload : {
    "type": "double",
    "value": 22.3
}
[2022-11-18 20:18:19,888]: [MT_EXECUTE          ] topic : MT/EXECUTE/__humidity/sensor0 payload : {
    "type": "double",
    "value": 76.9
}
[2022-11-18 20:18:19,892]: [MT_EXECUTE          ] topic : MT/EXECUTE/__pressure/sensor0 payload : {
    "type": "int",
    "value": 1019.3
}
[2022-11-18 20:18:19,896]: [MT_EXECUTE          ] topic : MT/EXECUTE/__ax/sensor0 payload : {
    "type": "int",
    "value": -16
}
[2022-11-18 20:18:19,898]: [MT_EXECUTE          ] topic : MT/EXECUTE/__ay/sensor0 payload : {
    "type": "int",
    "value": -74
}
[2022-11-18 20:18:19,900]: [MT_EXECUTE          ] topic : MT/EXECUTE/__az/sensor0 payload : {
    "type": "int",
    "value": 1044
}
[2022-11-18 20:18:19,902]: [MT_EXECUTE          ] topic : MT/EXECUTE/__moved/sensor0 payload : {
    "type": "int",
    "value": 0
}
[2022-11-18 20:18:22,886]: [MT_EXECUTE          ] topic : MT/EXECUTE/__temperature/sensor0 payload : {
    "type": "double",
    "value": 22.3
}
[2022-11-18 20:18:22,890]: [MT_EXECUTE          ] topic : MT/EXECUTE/__humidity/sensor0 payload : {
    "type": "double",
    "value": 77.0
}
[2022-11-18 20:18:22,891]: [MT_EXECUTE          ] topic : MT/EXECUTE/__pressure/sensor0 payload : {
    "type": "int",
    "value": 1019.7
}
[2022-11-18 20:18:22,893]: [MT_EXECUTE          ] topic : MT/EXECUTE/__ax/sensor0 payload : {
    "type": "int",
    "value": -14
}
[2022-11-18 20:18:22,895]: [MT_EXECUTE          ] topic : MT/EXECUTE/__ay/sensor0 payload : {
    "type": "int",
    "value": -68
}
[2022-11-18 20:18:22,897]: [MT_EXECUTE          ] topic : MT/EXECUTE/__az/sensor0 payload : {
    "type": "int",
    "value": 1101
}
[2022-11-18 20:18:22,899]: [MT_EXECUTE          ] topic : MT/EXECUTE/__moved/sensor0 payload : {
    "type": "int",
    "value": 0
}
[2022-11-18 20:18:25,880]: [TM_ALIVE            ] topic : TM/ALIVE/sensor0 payload : {}
[2022-11-18 20:18:25,886]: [MT_EXECUTE          ] topic : MT/EXECUTE/__temperature/sensor0 payload : {
    "type": "double",
    "value": 22.3
}
[2022-11-18 20:18:25,889]: [MT_EXECUTE          ] topic : MT/EXECUTE/__humidity/sensor0 payload : {
    "type": "double",
    "value": 77.0
}
[2022-11-18 20:18:25,891]: [MT_EXECUTE          ] topic : MT/EXECUTE/__pressure/sensor0 payload : {
    "type": "int",
    "value": 1019.7
}
[2022-11-18 20:18:25,893]: [MT_EXECUTE          ] topic : MT/EXECUTE/__ax/sensor0 payload : {
    "type": "int",
    "value": -14
}
[2022-11-18 20:18:25,895]: [MT_EXECUTE          ] topic : MT/EXECUTE/__ay/sensor0 payload : {
    "type": "int",
    "value": -68
}
[2022-11-18 20:18:25,897]: [MT_EXECUTE          ] topic : MT/EXECUTE/__az/sensor0 payload : {
    "type": "int",
    "value": 1101
}
[2022-11-18 20:18:25,899]: [MT_EXECUTE          ] topic : MT/EXECUTE/__moved/sensor0 payload : {
    "type": "int",
    "value": 0
}
[2022-11-18 20:18:28,887]: [MT_EXECUTE          ] topic : MT/EXECUTE/__temperature/sensor0 payload : {
    "type": "double",
    "value": 22.3
}
[2022-11-18 20:18:28,890]: [MT_EXECUTE          ] topic : MT/EXECUTE/__humidity/sensor0 payload : {
    "type": "double",
    "value": 77.0
}
[2022-11-18 20:18:28,892]: [MT_EXECUTE          ] topic : MT/EXECUTE/__pressure/sensor0 payload : {
    "type": "int",
    "value": 1019.5
}
[2022-11-18 20:18:28,894]: [MT_EXECUTE          ] topic : MT/EXECUTE/__ax/sensor0 payload : {
    "type": "int",
    "value": -16
}
[2022-11-18 20:18:28,896]: [MT_EXECUTE          ] topic : MT/EXECUTE/__ay/sensor0 payload : {
    "type": "int",
    "value": -74
}
[2022-11-18 20:18:28,898]: [MT_EXECUTE          ] topic : MT/EXECUTE/__az/sensor0 payload : {
    "type": "int",
    "value": 1043
}
[2022-11-18 20:18:28,900]: [MT_EXECUTE          ] topic : MT/EXECUTE/__moved/sensor0 payload : {
    "type": "int",
    "value": 0
}
[2022-11-18 20:18:31,888]: [MT_EXECUTE          ] topic : MT/EXECUTE/__temperature/sensor0 payload : {
    "type": "double",
    "value": 22.3
}
[2022-11-18 20:18:31,891]: [MT_EXECUTE          ] topic : MT/EXECUTE/__humidity/sensor0 payload : {
    "type": "double",
    "value": 77.0
}
[2022-11-18 20:18:31,893]: [MT_EXECUTE          ] topic : MT/EXECUTE/__pressure/sensor0 payload : {
    "type": "int",
    "value": 1019.6
}
[2022-11-18 20:18:31,895]: [MT_EXECUTE          ] topic : MT/EXECUTE/__ax/sensor0 payload : {
    "type": "int",
    "value": -15
}
[2022-11-18 20:18:31,897]: [MT_EXECUTE          ] topic : MT/EXECUTE/__ay/sensor0 payload : {
    "type": "int",
    "value": -76
}
[2022-11-18 20:18:31,899]: [MT_EXECUTE          ] topic : MT/EXECUTE/__az/sensor0 payload : {
    "type": "int",
    "value": 1102
}
[2022-11-18 20:18:31,902]: [MT_EXECUTE          ] topic : MT/EXECUTE/__moved/sensor0 payload : {
    "type": "int",
    "value": 0
}
[2022-11-18 20:18:34,889]: [MT_EXECUTE          ] topic : MT/EXECUTE/__temperature/sensor0 payload : {
    "type": "double",
    "value": 22.3
}
[2022-11-18 20:18:34,891]: [MT_EXECUTE          ] topic : MT/EXECUTE/__humidity/sensor0 payload : {
    "type": "double",
    "value": 77.0
}
[2022-11-18 20:18:34,894]: [MT_EXECUTE          ] topic : MT/EXECUTE/__pressure/sensor0 payload : {
    "type": "int",
    "value": 1019.7
}
[2022-11-18 20:18:34,896]: [MT_EXECUTE          ] topic : MT/EXECUTE/__ax/sensor0 payload : {
    "type": "int",
    "value": -13
}
[2022-11-18 20:18:34,898]: [MT_EXECUTE          ] topic : MT/EXECUTE/__ay/sensor0 payload : {
    "type": "int",
    "value": -75
}
[2022-11-18 20:18:34,900]: [MT_EXECUTE          ] topic : MT/EXECUTE/__az/sensor0 payload : {
    "type": "int",
    "value": 1043
}
[2022-11-18 20:18:34,902]: [MT_EXECUTE          ] topic : MT/EXECUTE/__moved/sensor0 payload : {
    "type": "int",
    "value": 0
}
[2022-11-18 20:18:35,880]: [TM_ALIVE            ] topic : TM/ALIVE/sensor0 payload : {}
[2022-11-18 20:18:37,889]: [MT_EXECUTE          ] topic : MT/EXECUTE/__temperature/sensor0 payload : {
    "type": "double",
    "value": 22.2
}
[2022-11-18 20:18:37,891]: [MT_EXECUTE          ] topic : MT/EXECUTE/__humidity/sensor0 payload : {
    "type": "double",
    "value": 77.1
}
[2022-11-18 20:18:37,893]: [MT_EXECUTE          ] topic : MT/EXECUTE/__pressure/sensor0 payload : {
    "type": "int",
    "value": 1019.1
}
[2022-11-18 20:18:37,895]: [MT_EXECUTE          ] topic : MT/EXECUTE/__ax/sensor0 payload : {
    "type": "int",
    "value": -14
}
[2022-11-18 20:18:37,897]: [MT_EXECUTE          ] topic : MT/EXECUTE/__ay/sensor0 payload : {
    "type": "int",
    "value": -71
}
[2022-11-18 20:18:37,899]: [MT_EXECUTE          ] topic : MT/EXECUTE/__az/sensor0 payload : {
    "type": "int",
    "value": 1101
}
[2022-11-18 20:18:37,901]: [MT_EXECUTE          ] topic : MT/EXECUTE/__moved/sensor0 payload : {
    "type": "int",
    "value": 0
}
[2022-11-18 20:18:40,890]: [MT_EXECUTE          ] topic : MT/EXECUTE/__temperature/sensor0 payload : {
    "type": "double",
    "value": 22.3
}
[2022-11-18 20:18:40,892]: [MT_EXECUTE          ] topic : MT/EXECUTE/__humidity/sensor0 payload : {
    "type": "double",
    "value": 77.0
}
[2022-11-18 20:18:40,894]: [MT_EXECUTE          ] topic : MT/EXECUTE/__pressure/sensor0 payload : {
    "type": "int",
    "value": 1019.2
}
[2022-11-18 20:18:40,896]: [MT_EXECUTE          ] topic : MT/EXECUTE/__ax/sensor0 payload : {
    "type": "int",
    "value": -15
}
[2022-11-18 20:18:40,899]: [MT_EXECUTE          ] topic : MT/EXECUTE/__ay/sensor0 payload : {
    "type": "int",
    "value": -74
}
[2022-11-18 20:18:40,901]: [MT_EXECUTE          ] topic : MT/EXECUTE/__az/sensor0 payload : {
    "type": "int",
    "value": 1044
}
[2022-11-18 20:18:40,903]: [MT_EXECUTE          ] topic : MT/EXECUTE/__moved/sensor0 payload : {
    "type": "int",
    "value": 0
}
[2022-11-18 20:18:43,892]: [MT_EXECUTE          ] topic : MT/EXECUTE/__temperature/sensor0 payload : {
    "type": "double",
    "value": 22.2
}
[2022-11-18 20:18:43,895]: [MT_EXECUTE          ] topic : MT/EXECUTE/__humidity/sensor0 payload : {
    "type": "double",
    "value": 77.0
}
[2022-11-18 20:18:43,897]: [MT_EXECUTE          ] topic : MT/EXECUTE/__pressure/sensor0 payload : {
    "type": "int",
    "value": 1019.9
}
[2022-11-18 20:18:43,900]: [MT_EXECUTE          ] topic : MT/EXECUTE/__ax/sensor0 payload : {
    "type": "int",
    "value": -15
}
[2022-11-18 20:18:43,903]: [MT_EXECUTE          ] topic : MT/EXECUTE/__ay/sensor0 payload : {
    "type": "int",
    "value": -69
}
[2022-11-18 20:18:43,905]: [MT_EXECUTE          ] topic : MT/EXECUTE/__az/sensor0 payload : {
    "type": "int",
    "value": 1100
}
[2022-11-18 20:18:43,907]: [MT_EXECUTE          ] topic : MT/EXECUTE/__moved/sensor0 payload : {
    "type": "int",
    "value": 0
}
[2022-11-18 20:18:45,881]: [TM_ALIVE            ] topic : TM/ALIVE/sensor0 payload : {}
[2022-11-18 20:18:46,892]: [MT_EXECUTE          ] topic : MT/EXECUTE/__temperature/sensor0 payload : {
    "type": "double",
    "value": 22.3
}
[2022-11-18 20:18:46,897]: [MT_EXECUTE          ] topic : MT/EXECUTE/__humidity/sensor0 payload : {
    "type": "double",
    "value": 77.0
}
[2022-11-18 20:18:46,899]: [MT_EXECUTE          ] topic : MT/EXECUTE/__pressure/sensor0 payload : {
    "type": "int",
    "value": 1019.1
}
[2022-11-18 20:18:46,902]: [MT_EXECUTE          ] topic : MT/EXECUTE/__ax/sensor0 payload : {
    "type": "int",
    "value": -16
}
[2022-11-18 20:18:46,905]: [MT_EXECUTE          ] topic : MT/EXECUTE/__ay/sensor0 payload : {
    "type": "int",
    "value": -75
}
[2022-11-18 20:18:46,906]: [MT_EXECUTE          ] topic : MT/EXECUTE/__az/sensor0 payload : {
    "type": "int",
    "value": 1045
}
[2022-11-18 20:18:46,909]: [MT_EXECUTE          ] topic : MT/EXECUTE/__moved/sensor0 payload : {
    "type": "int",
    "value": 0
}
[2022-11-18 20:18:49,893]: [MT_EXECUTE          ] topic : MT/EXECUTE/__temperature/sensor0 payload : {
    "type": "double",
    "value": 21.0
}
[2022-11-18 20:18:49,895]: [MT_EXECUTE          ] topic : MT/EXECUTE/__humidity/sensor0 payload : {
    "type": "double",
    "value": 81.6
}
[2022-11-18 20:18:49,897]: [MT_EXECUTE          ] topic : MT/EXECUTE/__pressure/sensor0 payload : {
    "type": "int",
    "value": 1022.1
}
[2022-11-18 20:18:49,899]: [MT_EXECUTE          ] topic : MT/EXECUTE/__ax/sensor0 payload : {
    "type": "int",
    "value": 11
}
[2022-11-18 20:18:49,901]: [MT_EXECUTE          ] topic : MT/EXECUTE/__ay/sensor0 payload : {
    "type": "int",
    "value": 6
}
[2022-11-18 20:18:49,903]: [MT_EXECUTE          ] topic : MT/EXECUTE/__az/sensor0 payload : {
    "type": "int",
    "value": 1044
}
[2022-11-18 20:18:49,905]: [MT_EXECUTE          ] topic : MT/EXECUTE/__moved/sensor0 payload : {
    "type": "int",
    "value": 0
}
[2022-11-18 20:18:52,893]: [MT_EXECUTE          ] topic : MT/EXECUTE/__temperature/sensor0 payload : {
    "type": "double",
    "value": 22.3
}
[2022-11-18 20:18:52,897]: [MT_EXECUTE          ] topic : MT/EXECUTE/__humidity/sensor0 payload : {
    "type": "double",
    "value": 77.0
}
[2022-11-18 20:18:52,900]: [MT_EXECUTE          ] topic : MT/EXECUTE/__pressure/sensor0 payload : {
    "type": "int",
    "value": 1019.5
}
[2022-11-18 20:18:52,902]: [MT_EXECUTE          ] topic : MT/EXECUTE/__ax/sensor0 payload : {
    "type": "int",
    "value": -16
}
[2022-11-18 20:18:52,905]: [MT_EXECUTE          ] topic : MT/EXECUTE/__ay/sensor0 payload : {
    "type": "int",
    "value": -77
}
[2022-11-18 20:18:52,907]: [MT_EXECUTE          ] topic : MT/EXECUTE/__az/sensor0 payload : {
    "type": "int",
    "value": 1044
}
[2022-11-18 20:18:52,909]: [MT_EXECUTE          ] topic : MT/EXECUTE/__moved/sensor0 payload : {
    "type": "int",
    "value": 0
}
[2022-11-18 20:18:55,882]: New staff_thing!!! name = sensor1
[2022-11-18 20:18:55,883]: [TM_ALIVE            ] topic : TM/ALIVE/sensor0 payload : {}
[2022-11-18 20:18:55,885]: [-> SUBSCRIBE         ] MT/RESULT/REGISTER/sensor1
[2022-11-18 20:18:55,886]: [-> SUBSCRIBE         ] MT/RESULT/UNREGISTER/sensor1
[2022-11-18 20:18:55,887]: [MT_EXECUTE          ] topic : MT/EXECUTE/__temperature/sensor1 payload : {
    "type": "double",
    "value": 22.3
}
[2022-11-18 20:18:55,887]: [-> SUBSCRIBE         ] MT/RESULT/BINARY_VALUE/sensor1
[2022-11-18 20:18:55,888]: [_send_staff_RESULT_REGISTER] Register sensor1 complete!!!
[2022-11-18 20:18:55,890]: [MT_EXECUTE          ] topic : MT/EXECUTE/__humidity/sensor1 payload : {
    "type": "double",
    "value": 76.9
}
[2022-11-18 20:18:55,892]: [MT_EXECUTE          ] topic : MT/EXECUTE/__pressure/sensor1 payload : {
    "type": "int",
    "value": 1019.2
}
[2022-11-18 20:18:55,894]: [MT_EXECUTE          ] topic : MT/EXECUTE/__ax/sensor1 payload : {
    "type": "int",
    "value": -16
}
[2022-11-18 20:18:55,896]: [MT_EXECUTE          ] topic : MT/EXECUTE/__ay/sensor1 payload : {
    "type": "int",
    "value": -71
}
[2022-11-18 20:18:55,897]: [MT_EXECUTE          ] topic : MT/EXECUTE/__az/sensor1 payload : {
    "type": "int",
    "value": 1101
}
[2022-11-18 20:18:55,899]: [MT_EXECUTE          ] topic : MT/EXECUTE/__moved/sensor1 payload : {
    "type": "int",
    "value": 0
}
[2022-11-18 20:18:55,901]: [MT_EXECUTE          ] topic : MT/EXECUTE/__temperature/sensor0 payload : {
    "type": "double",
    "value": 22.3
}
[2022-11-18 20:18:55,903]: [MT_EXECUTE          ] topic : MT/EXECUTE/__humidity/sensor0 payload : {
    "type": "double",
    "value": 76.9
}
[2022-11-18 20:18:55,906]: [MT_EXECUTE          ] topic : MT/EXECUTE/__pressure/sensor0 payload : {
    "type": "int",
    "value": 1019.2
}
[2022-11-18 20:18:55,908]: [MT_EXECUTE          ] topic : MT/EXECUTE/__ax/sensor0 payload : {
    "type": "int",
    "value": -16
}
[2022-11-18 20:18:55,910]: [MT_EXECUTE          ] topic : MT/EXECUTE/__ay/sensor0 payload : {
    "type": "int",
    "value": -71
}
[2022-11-18 20:18:55,912]: [MT_EXECUTE          ] topic : MT/EXECUTE/__az/sensor0 payload : {
    "type": "int",
    "value": 1101
}
[2022-11-18 20:18:55,913]: [MT_EXECUTE          ] topic : MT/EXECUTE/__moved/sensor0 payload : {
    "type": "int",
    "value": 0
}
[2022-11-18 20:18:55,922]: [TM_ALIVE            ] topic : TM/ALIVE/lora_manager_thing_D8F3BC801CFB payload : {}
[2022-11-18 20:18:58,886]: [MT_EXECUTE          ] topic : MT/EXECUTE/__temperature/sensor1 payload : {
    "type": "double",
    "value": 22.3
}
[2022-11-18 20:18:58,890]: [MT_EXECUTE          ] topic : MT/EXECUTE/__humidity/sensor1 payload : {
    "type": "double",
    "value": 77.0
}
[2022-11-18 20:18:58,892]: [MT_EXECUTE          ] topic : MT/EXECUTE/__pressure/sensor1 payload : {
    "type": "int",
    "value": 1019.3
}
[2022-11-18 20:18:58,895]: [MT_EXECUTE          ] topic : MT/EXECUTE/__ax/sensor1 payload : {
    "type": "int",
    "value": -16
}
[2022-11-18 20:18:58,897]: [MT_EXECUTE          ] topic : MT/EXECUTE/__ay/sensor1 payload : {
    "type": "int",
    "value": -77
}
[2022-11-18 20:18:58,899]: [MT_EXECUTE          ] topic : MT/EXECUTE/__az/sensor1 payload : {
    "type": "int",
    "value": 1043
}
[2022-11-18 20:18:58,901]: [MT_EXECUTE          ] topic : MT/EXECUTE/__moved/sensor1 payload : {
    "type": "int",
    "value": 0
}
[2022-11-18 20:18:58,903]: [MT_EXECUTE          ] topic : MT/EXECUTE/__temperature/sensor0 payload : {
    "type": "double",
    "value": 22.3
}
[2022-11-18 20:18:58,905]: [MT_EXECUTE          ] topic : MT/EXECUTE/__humidity/sensor0 payload : {
    "type": "double",
    "value": 77.0
}
[2022-11-18 20:18:58,907]: [MT_EXECUTE          ] topic : MT/EXECUTE/__pressure/sensor0 payload : {
    "type": "int",
    "value": 1019.3
}
[2022-11-18 20:18:58,909]: [MT_EXECUTE          ] topic : MT/EXECUTE/__ax/sensor0 payload : {
    "type": "int",
    "value": -16
}
[2022-11-18 20:18:58,911]: [MT_EXECUTE          ] topic : MT/EXECUTE/__ay/sensor0 payload : {
    "type": "int",
    "value": -77
}
[2022-11-18 20:18:58,914]: [MT_EXECUTE          ] topic : MT/EXECUTE/__az/sensor0 payload : {
    "type": "int",
    "value": 1043
}
[2022-11-18 20:18:58,917]: [MT_EXECUTE          ] topic : MT/EXECUTE/__moved/sensor0 payload : {
    "type": "int",
    "value": 0
}
[2022-11-18 20:19:01,887]: [MT_EXECUTE          ] topic : MT/EXECUTE/__temperature/sensor1 payload : {
    "type": "double",
    "value": 22.3
}
[2022-11-18 20:19:01,889]: [MT_EXECUTE          ] topic : MT/EXECUTE/__humidity/sensor1 payload : {
    "type": "double",
    "value": 77.0
}
[2022-11-18 20:19:01,890]: [MT_EXECUTE          ] topic : MT/EXECUTE/__pressure/sensor1 payload : {
    "type": "int",
    "value": 1019.0
}
[2022-11-18 20:19:01,892]: [MT_EXECUTE          ] topic : MT/EXECUTE/__ax/sensor1 payload : {
    "type": "int",
    "value": -16
}
[2022-11-18 20:19:01,894]: [MT_EXECUTE          ] topic : MT/EXECUTE/__ay/sensor1 payload : {
    "type": "int",
    "value": -72
}
[2022-11-18 20:19:01,896]: [MT_EXECUTE          ] topic : MT/EXECUTE/__az/sensor1 payload : {
    "type": "int",
    "value": 1101
}
[2022-11-18 20:19:01,897]: [MT_EXECUTE          ] topic : MT/EXECUTE/__moved/sensor1 payload : {
    "type": "int",
    "value": 0
}
[2022-11-18 20:19:01,900]: [MT_EXECUTE          ] topic : MT/EXECUTE/__temperature/sensor0 payload : {
    "type": "double",
    "value": 22.3
}
[2022-11-18 20:19:01,901]: [MT_EXECUTE          ] topic : MT/EXECUTE/__humidity/sensor0 payload : {
    "type": "double",
    "value": 77.0
}
[2022-11-18 20:19:01,904]: [MT_EXECUTE          ] topic : MT/EXECUTE/__pressure/sensor0 payload : {
    "type": "int",
    "value": 1019.0
}
[2022-11-18 20:19:01,906]: [MT_EXECUTE          ] topic : MT/EXECUTE/__ax/sensor0 payload : {
    "type": "int",
    "value": -16
}
[2022-11-18 20:19:01,908]: [MT_EXECUTE          ] topic : MT/EXECUTE/__ay/sensor0 payload : {
    "type": "int",
    "value": -72
}
[2022-11-18 20:19:01,910]: [MT_EXECUTE          ] topic : MT/EXECUTE/__az/sensor0 payload : {
    "type": "int",
    "value": 1101
}
[2022-11-18 20:19:01,912]: [MT_EXECUTE          ] topic : MT/EXECUTE/__moved/sensor0 payload : {
    "type": "int",
    "value": 0
}
[2022-11-18 20:19:04,887]: [MT_EXECUTE          ] topic : MT/EXECUTE/__temperature/sensor1 payload : {
    "type": "double",
    "value": 22.3
}
[2022-11-18 20:19:04,888]: [MT_EXECUTE          ] topic : MT/EXECUTE/__humidity/sensor1 payload : {
    "type": "double",
    "value": 77.0
}
[2022-11-18 20:19:04,890]: [MT_EXECUTE          ] topic : MT/EXECUTE/__pressure/sensor1 payload : {
    "type": "int",
    "value": 1019.6
}
[2022-11-18 20:19:04,892]: [MT_EXECUTE          ] topic : MT/EXECUTE/__ax/sensor1 payload : {
    "type": "int",
    "value": -16
}
[2022-11-18 20:19:04,894]: [MT_EXECUTE          ] topic : MT/EXECUTE/__ay/sensor1 payload : {
    "type": "int",
    "value": -75
}
[2022-11-18 20:19:04,896]: [MT_EXECUTE          ] topic : MT/EXECUTE/__az/sensor1 payload : {
    "type": "int",
    "value": 1043
}
[2022-11-18 20:19:04,899]: [MT_EXECUTE          ] topic : MT/EXECUTE/__moved/sensor1 payload : {
    "type": "int",
    "value": 0
}
[2022-11-18 20:19:04,901]: [MT_EXECUTE          ] topic : MT/EXECUTE/__temperature/sensor0 payload : {
    "type": "double",
    "value": 22.3
}
[2022-11-18 20:19:04,903]: [MT_EXECUTE          ] topic : MT/EXECUTE/__humidity/sensor0 payload : {
    "type": "double",
    "value": 77.0
}
[2022-11-18 20:19:04,905]: [MT_EXECUTE          ] topic : MT/EXECUTE/__pressure/sensor0 payload : {
    "type": "int",
    "value": 1019.6
}
[2022-11-18 20:19:04,908]: [MT_EXECUTE          ] topic : MT/EXECUTE/__ax/sensor0 payload : {
    "type": "int",
    "value": -16
}
[2022-11-18 20:19:04,909]: [MT_EXECUTE          ] topic : MT/EXECUTE/__ay/sensor0 payload : {
    "type": "int",
    "value": -75
}
[2022-11-18 20:19:04,911]: [MT_EXECUTE          ] topic : MT/EXECUTE/__az/sensor0 payload : {
    "type": "int",
    "value": 1043
}
[2022-11-18 20:19:04,913]: [MT_EXECUTE          ] topic : MT/EXECUTE/__moved/sensor0 payload : {
    "type": "int",
    "value": 0
}
[2022-11-18 20:19:05,881]: New staff_thing!!! name = sensor2
[2022-11-18 20:19:05,883]: [TM_ALIVE            ] topic : TM/ALIVE/sensor0 payload : {}
[2022-11-18 20:19:05,883]: [-> SUBSCRIBE         ] MT/RESULT/REGISTER/sensor2
[2022-11-18 20:19:05,884]: [-> SUBSCRIBE         ] MT/RESULT/UNREGISTER/sensor2
[2022-11-18 20:19:05,885]: [-> SUBSCRIBE         ] MT/RESULT/BINARY_VALUE/sensor2
[2022-11-18 20:19:05,885]: [TM_ALIVE            ] topic : TM/ALIVE/sensor1 payload : {}
[2022-11-18 20:19:05,886]: [_send_staff_RESULT_REGISTER] Register sensor2 complete!!!
[2022-11-18 20:19:05,887]: [MT_EXECUTE          ] topic : MT/EXECUTE/__temperature/sensor2 payload : {
    "type": "double",
    "value": 22.3
}
[2022-11-18 20:19:05,890]: [MT_EXECUTE          ] topic : MT/EXECUTE/__humidity/sensor2 payload : {
    "type": "double",
    "value": 77.0
}
[2022-11-18 20:19:05,893]: [MT_EXECUTE          ] topic : MT/EXECUTE/__pressure/sensor2 payload : {
    "type": "int",
    "value": 1019.6
}
[2022-11-18 20:19:05,895]: [MT_EXECUTE          ] topic : MT/EXECUTE/__ax/sensor2 payload : {
    "type": "int",
    "value": -16
}
[2022-11-18 20:19:05,898]: [MT_EXECUTE          ] topic : MT/EXECUTE/__ay/sensor2 payload : {
    "type": "int",
    "value": -75
}
[2022-11-18 20:19:05,900]: [MT_EXECUTE          ] topic : MT/EXECUTE/__az/sensor2 payload : {
    "type": "int",
    "value": 1043
}
[2022-11-18 20:19:05,902]: [MT_EXECUTE          ] topic : MT/EXECUTE/__moved/sensor2 payload : {
    "type": "int",
    "value": 0
}
[2022-11-18 20:19:07,887]: [MT_EXECUTE          ] topic : MT/EXECUTE/__temperature/sensor1 payload : {
    "type": "double",
    "value": 22.3
}
[2022-11-18 20:19:07,891]: [MT_EXECUTE          ] topic : MT/EXECUTE/__humidity/sensor1 payload : {
    "type": "double",
    "value": 77.0
}
[2022-11-18 20:19:07,893]: [MT_EXECUTE          ] topic : MT/EXECUTE/__pressure/sensor1 payload : {
    "type": "int",
    "value": 1019.7
}
[2022-11-18 20:19:07,896]: [MT_EXECUTE          ] topic : MT/EXECUTE/__ax/sensor1 payload : {
    "type": "int",
    "value": -15
}
[2022-11-18 20:19:07,898]: [MT_EXECUTE          ] topic : MT/EXECUTE/__ay/sensor1 payload : {
    "type": "int",
    "value": -71
}
[2022-11-18 20:19:07,900]: [MT_EXECUTE          ] topic : MT/EXECUTE/__az/sensor1 payload : {
    "type": "int",
    "value": 1101
}
[2022-11-18 20:19:07,902]: [MT_EXECUTE          ] topic : MT/EXECUTE/__moved/sensor1 payload : {
    "type": "int",
    "value": 0
}
[2022-11-18 20:19:07,906]: [MT_EXECUTE          ] topic : MT/EXECUTE/__temperature/sensor0 payload : {
    "type": "double",
    "value": 22.3
}
[2022-11-18 20:19:07,908]: [MT_EXECUTE          ] topic : MT/EXECUTE/__humidity/sensor0 payload : {
    "type": "double",
    "value": 77.0
}
[2022-11-18 20:19:07,909]: [MT_EXECUTE          ] topic : MT/EXECUTE/__pressure/sensor0 payload : {
    "type": "int",
    "value": 1019.7
}
[2022-11-18 20:19:07,911]: [MT_EXECUTE          ] topic : MT/EXECUTE/__ax/sensor0 payload : {
    "type": "int",
    "value": -15
}
[2022-11-18 20:19:07,912]: [MT_EXECUTE          ] topic : MT/EXECUTE/__ay/sensor0 payload : {
    "type": "int",
    "value": -71
}
[2022-11-18 20:19:07,914]: [MT_EXECUTE          ] topic : MT/EXECUTE/__az/sensor0 payload : {
    "type": "int",
    "value": 1101
}
[2022-11-18 20:19:07,916]: [MT_EXECUTE          ] topic : MT/EXECUTE/__moved/sensor0 payload : {
    "type": "int",
    "value": 0
}
[2022-11-18 20:19:11,885]: [MT_EXECUTE          ] topic : MT/EXECUTE/__temperature/sensor2 payload : {
    "type": "double",
    "value": 21.0
}
[2022-11-18 20:19:14,889]: [MT_EXECUTE          ] topic : MT/EXECUTE/__humidity/sensor2 payload : {
    "type": "double",
    "value": 1022.2
}
[2022-11-18 20:19:14,892]: [MT_EXECUTE          ] topic : MT/EXECUTE/__pressure/sensor2 payload : {
    "type": "int",
    "value": 210.0
}
[2022-11-18 20:19:14,893]: [MT_EXECUTE          ] topic : MT/EXECUTE/__ax/sensor2 payload : {
    "type": "int",
    "value": 13
}
[2022-11-18 20:19:14,895]: [MT_EXECUTE          ] topic : MT/EXECUTE/__ay/sensor2 payload : {
    "type": "int",
    "value": 13
}
[2022-11-18 20:19:14,897]: [MT_EXECUTE          ] topic : MT/EXECUTE/__az/sensor2 payload : {
    "type": "int",
    "value": 7
}
[2022-11-18 20:19:14,900]: [MT_EXECUTE          ] topic : MT/EXECUTE/__moved/sensor2 payload : {
    "type": "int",
    "value": 9
}
[2022-11-18 20:19:14,902]: [MT_EXECUTE          ] topic : MT/EXECUTE/__temperature/sensor0 payload : {
    "type": "double",
    "value": 0.0
}
[2022-11-18 20:19:14,904]: [MT_EXECUTE          ] topic : MT/EXECUTE/__humidity/sensor0 payload : {
    "type": "double",
    "value": 1022.2
}
[2022-11-18 20:19:14,906]: [MT_EXECUTE          ] topic : MT/EXECUTE/__pressure/sensor0 payload : {
    "type": "int",
    "value": 210.0
}
[2022-11-18 20:19:14,909]: [MT_EXECUTE          ] topic : MT/EXECUTE/__ax/sensor0 payload : {
    "type": "int",
    "value": 13
}
[2022-11-18 20:19:14,913]: [MT_EXECUTE          ] topic : MT/EXECUTE/__ay/sensor0 payload : {
    "type": "int",
    "value": 13
}
[2022-11-18 20:19:14,915]: [MT_EXECUTE          ] topic : MT/EXECUTE/__az/sensor0 payload : {
    "type": "int",
    "value": 7
}
[2022-11-18 20:19:14,918]: [MT_EXECUTE          ] topic : MT/EXECUTE/__moved/sensor0 payload : {
    "type": "int",
    "value": 9
}
[2022-11-18 20:19:14,920]: [MT_EXECUTE          ] topic : MT/EXECUTE/__temperature/sensor1 payload : {
    "type": "double",
    "value": 0.0
}
[2022-11-18 20:19:14,922]: [MT_EXECUTE          ] topic : MT/EXECUTE/__humidity/sensor1 payload : {
    "type": "double",
    "value": 1022.2
}
[2022-11-18 20:19:14,924]: [MT_EXECUTE          ] topic : MT/EXECUTE/__pressure/sensor1 payload : {
    "type": "int",
    "value": 210.0
}
[2022-11-18 20:19:14,926]: [MT_EXECUTE          ] topic : MT/EXECUTE/__ax/sensor1 payload : {
    "type": "int",
    "value": 13
}
[2022-11-18 20:19:14,928]: [MT_EXECUTE          ] topic : MT/EXECUTE/__ay/sensor1 payload : {
    "type": "int",
    "value": 13
}
[2022-11-18 20:19:14,930]: [MT_EXECUTE          ] topic : MT/EXECUTE/__az/sensor1 payload : {
    "type": "int",
    "value": 7
}
[2022-11-18 20:19:14,932]: [MT_EXECUTE          ] topic : MT/EXECUTE/__moved/sensor1 payload : {
    "type": "int",
    "value": 9
}
[2022-11-18 20:19:14,934]: [MT_EXECUTE          ] topic : MT/EXECUTE/__temperature/sensor2 payload : {
    "type": "double",
    "value": 0.0
}
[2022-11-18 20:19:15,883]: [TM_ALIVE            ] topic : TM/ALIVE/sensor0 payload : {}
[2022-11-18 20:19:15,883]: New staff_thing!!! name = sensor3
[2022-11-18 20:19:15,883]: [-> SUBSCRIBE         ] MT/RESULT/REGISTER/sensor3
[2022-11-18 20:19:15,883]: [-> SUBSCRIBE         ] MT/RESULT/UNREGISTER/sensor3
[2022-11-18 20:19:15,885]: [-> SUBSCRIBE         ] MT/RESULT/BINARY_VALUE/sensor3
[2022-11-18 20:19:15,885]: [TM_ALIVE            ] topic : TM/ALIVE/sensor1 payload : {}
[2022-11-18 20:19:15,886]: [_send_staff_RESULT_REGISTER] Register sensor3 complete!!!
[2022-11-18 20:19:15,887]: [TM_ALIVE            ] topic : TM/ALIVE/sensor2 payload : {}
[2022-11-18 20:19:15,889]: [MT_EXECUTE          ] topic : MT/EXECUTE/__temperature/sensor3 payload : {
    "type": "double",
    "value": 0.0
}
[2022-11-18 20:19:15,891]: [MT_EXECUTE          ] topic : MT/EXECUTE/__humidity/sensor3 payload : {
    "type": "double",
    "value": 1022.2
}
[2022-11-18 20:19:15,893]: [MT_EXECUTE          ] topic : MT/EXECUTE/__pressure/sensor3 payload : {
    "type": "int",
    "value": 210.0
}
[2022-11-18 20:19:15,894]: [MT_EXECUTE          ] topic : MT/EXECUTE/__ax/sensor3 payload : {
    "type": "int",
    "value": 11
}
[2022-11-18 20:19:15,897]: [MT_EXECUTE          ] topic : MT/EXECUTE/__ay/sensor3 payload : {
    "type": "int",
    "value": 14
}
[2022-11-18 20:19:15,899]: [MT_EXECUTE          ] topic : MT/EXECUTE/__az/sensor3 payload : {
    "type": "int",
    "value": 11
}
[2022-11-18 20:19:15,900]: [MT_EXECUTE          ] topic : MT/EXECUTE/__moved/sensor3 payload : {
    "type": "int",
    "value": 1
}
[2022-11-18 20:19:17,889]: [MT_EXECUTE          ] topic : MT/EXECUTE/__humidity/sensor2 payload : {
    "type": "double",
    "value": 1022.2
}
[2022-11-18 20:19:17,893]: [MT_EXECUTE          ] topic : MT/EXECUTE/__pressure/sensor2 payload : {
    "type": "int",
    "value": 210.0
}
[2022-11-18 20:19:17,895]: [MT_EXECUTE          ] topic : MT/EXECUTE/__ax/sensor2 payload : {
    "type": "int",
    "value": 11
}
[2022-11-18 20:19:17,897]: [MT_EXECUTE          ] topic : MT/EXECUTE/__ay/sensor2 payload : {
    "type": "int",
    "value": 14
}
[2022-11-18 20:19:17,899]: [MT_EXECUTE          ] topic : MT/EXECUTE/__temperature/sensor0 payload : {
    "type": "double",
    "value": 0.0
}
[2022-11-18 20:19:17,901]: [MT_EXECUTE          ] topic : MT/EXECUTE/__humidity/sensor0 payload : {
    "type": "double",
    "value": 1022.2
}
[2022-11-18 20:19:17,904]: [MT_EXECUTE          ] topic : MT/EXECUTE/__pressure/sensor0 payload : {
    "type": "int",
    "value": 210.0
}
[2022-11-18 20:19:17,907]: [MT_EXECUTE          ] topic : MT/EXECUTE/__ax/sensor0 payload : {
    "type": "int",
    "value": 11
}
[2022-11-18 20:19:17,910]: [MT_EXECUTE          ] topic : MT/EXECUTE/__ay/sensor0 payload : {
    "type": "int",
    "value": 14
}
[2022-11-18 20:19:17,912]: [MT_EXECUTE          ] topic : MT/EXECUTE/__az/sensor0 payload : {
    "type": "int",
    "value": 11
}
[2022-11-18 20:19:17,913]: [MT_EXECUTE          ] topic : MT/EXECUTE/__moved/sensor0 payload : {
    "type": "int",
    "value": 1
}
[2022-11-18 20:19:17,915]: [MT_EXECUTE          ] topic : MT/EXECUTE/__temperature/sensor1 payload : {
    "type": "double",
    "value": 0.0
}
[2022-11-18 20:19:17,918]: [MT_EXECUTE          ] topic : MT/EXECUTE/__az/sensor2 payload : {
    "type": "int",
    "value": 11
}
[2022-11-18 20:19:17,921]: [MT_EXECUTE          ] topic : MT/EXECUTE/__moved/sensor2 payload : {
    "type": "int",
    "value": 1
}
[2022-11-18 20:19:17,924]: [MT_EXECUTE          ] topic : MT/EXECUTE/__humidity/sensor1 payload : {
    "type": "double",
    "value": 1022.2
}
[2022-11-18 20:19:17,925]: [MT_EXECUTE          ] topic : MT/EXECUTE/__pressure/sensor1 payload : {
    "type": "int",
    "value": 210.0
}
[2022-11-18 20:19:17,927]: [MT_EXECUTE          ] topic : MT/EXECUTE/__ax/sensor1 payload : {
    "type": "int",
    "value": 11
}
[2022-11-18 20:19:17,928]: [MT_EXECUTE          ] topic : MT/EXECUTE/__ay/sensor1 payload : {
    "type": "int",
    "value": 14
}
[2022-11-18 20:19:17,931]: [MT_EXECUTE          ] topic : MT/EXECUTE/__az/sensor1 payload : {
    "type": "int",
    "value": 11
}
[2022-11-18 20:19:17,933]: [MT_EXECUTE          ] topic : MT/EXECUTE/__moved/sensor1 payload : {
    "type": "int",
    "value": 1
}
[2022-11-18 20:19:17,936]: [MT_EXECUTE          ] topic : MT/EXECUTE/__temperature/sensor2 payload : {
    "type": "double",
    "value": 0.0
}
[2022-11-18 20:19:18,886]: [MT_EXECUTE          ] topic : MT/EXECUTE/__temperature/sensor3 payload : {
    "type": "double",
    "value": 0.0
}
[2022-11-18 20:19:18,889]: [MT_EXECUTE          ] topic : MT/EXECUTE/__humidity/sensor3 payload : {
    "type": "double",
    "value": 1022.2
}
[2022-11-18 20:19:18,893]: [MT_EXECUTE          ] topic : MT/EXECUTE/__pressure/sensor3 payload : {
    "type": "int",
    "value": 210.0
}
[2022-11-18 20:19:18,895]: [MT_EXECUTE          ] topic : MT/EXECUTE/__ax/sensor3 payload : {
    "type": "int",
    "value": 11
}
[2022-11-18 20:19:18,897]: [MT_EXECUTE          ] topic : MT/EXECUTE/__ay/sensor3 payload : {
    "type": "int",
    "value": 14
}
[2022-11-18 20:19:18,899]: [MT_EXECUTE          ] topic : MT/EXECUTE/__az/sensor3 payload : {
    "type": "int",
    "value": 11
}
[2022-11-18 20:19:18,901]: [MT_EXECUTE          ] topic : MT/EXECUTE/__moved/sensor3 payload : {
    "type": "int",
    "value": 1
}
[2022-11-18 20:19:20,890]: [MT_EXECUTE          ] topic : MT/EXECUTE/__humidity/sensor2 payload : {
    "type": "double",
    "value": 1022.3
}
[2022-11-18 20:19:20,893]: [MT_EXECUTE          ] topic : MT/EXECUTE/__pressure/sensor2 payload : {
    "type": "int",
    "value": 210.0
}
[2022-11-18 20:19:20,896]: [MT_EXECUTE          ] topic : MT/EXECUTE/__ax/sensor2 payload : {
    "type": "int",
    "value": 12
}
[2022-11-18 20:19:20,899]: [MT_EXECUTE          ] topic : MT/EXECUTE/__ay/sensor2 payload : {
    "type": "int",
    "value": 12
}
[2022-11-18 20:19:20,901]: [MT_EXECUTE          ] topic : MT/EXECUTE/__temperature/sensor0 payload : {
    "type": "double",
    "value": 0.0
}
[2022-11-18 20:19:20,903]: [MT_EXECUTE          ] topic : MT/EXECUTE/__humidity/sensor0 payload : {
    "type": "double",
    "value": 1022.3
}
[2022-11-18 20:19:20,905]: [MT_EXECUTE          ] topic : MT/EXECUTE/__pressure/sensor0 payload : {
    "type": "int",
    "value": 210.0
}
[2022-11-18 20:19:20,907]: [MT_EXECUTE          ] topic : MT/EXECUTE/__ax/sensor0 payload : {
    "type": "int",
    "value": 12
}
[2022-11-18 20:19:20,909]: [MT_EXECUTE          ] topic : MT/EXECUTE/__ay/sensor0 payload : {
    "type": "int",
    "value": 12
}
[2022-11-18 20:19:20,911]: [MT_EXECUTE          ] topic : MT/EXECUTE/__az/sensor0 payload : {
    "type": "int",
    "value": 7
}
[2022-11-18 20:19:20,913]: [MT_EXECUTE          ] topic : MT/EXECUTE/__moved/sensor0 payload : {
    "type": "int",
    "value": 1
}
[2022-11-18 20:19:20,915]: [MT_EXECUTE          ] topic : MT/EXECUTE/__temperature/sensor1 payload : {
    "type": "double",
    "value": 0.0
}
[2022-11-18 20:19:20,917]: [MT_EXECUTE          ] topic : MT/EXECUTE/__az/sensor2 payload : {
    "type": "int",
    "value": 7
}
[2022-11-18 20:19:20,919]: [MT_EXECUTE          ] topic : MT/EXECUTE/__moved/sensor2 payload : {
    "type": "int",
    "value": 1
}
[2022-11-18 20:19:20,922]: [MT_EXECUTE          ] topic : MT/EXECUTE/__humidity/sensor1 payload : {
    "type": "double",
    "value": 1022.3
}
[2022-11-18 20:19:20,925]: [MT_EXECUTE          ] topic : MT/EXECUTE/__pressure/sensor1 payload : {
    "type": "int",
    "value": 210.0
}
[2022-11-18 20:19:20,928]: [MT_EXECUTE          ] topic : MT/EXECUTE/__ax/sensor1 payload : {
    "type": "int",
    "value": 12
}
[2022-11-18 20:19:20,929]: [MT_EXECUTE          ] topic : MT/EXECUTE/__ay/sensor1 payload : {
    "type": "int",
    "value": 12
}
[2022-11-18 20:19:20,942]: [MT_EXECUTE          ] topic : MT/EXECUTE/__az/sensor1 payload : {
    "type": "int",
    "value": 7
}
[2022-11-18 20:19:20,943]: [MT_EXECUTE          ] topic : MT/EXECUTE/__moved/sensor1 payload : {
    "type": "int",
    "value": 1
}
[2022-11-18 20:19:20,945]: [MT_EXECUTE          ] topic : MT/EXECUTE/__temperature/sensor2 payload : {
    "type": "double",
    "value": 0.0
}
[2022-11-18 20:19:21,886]: [MT_EXECUTE          ] topic : MT/EXECUTE/__temperature/sensor3 payload : {
    "type": "double",
    "value": 0.0
}
[2022-11-18 20:19:21,888]: [MT_EXECUTE          ] topic : MT/EXECUTE/__humidity/sensor3 payload : {
    "type": "double",
    "value": 1022.3
}
[2022-11-18 20:19:21,890]: [MT_EXECUTE          ] topic : MT/EXECUTE/__pressure/sensor3 payload : {
    "type": "int",
    "value": 210.0
}
[2022-11-18 20:19:21,892]: [MT_EXECUTE          ] topic : MT/EXECUTE/__ax/sensor3 payload : {
    "type": "int",
    "value": 12
}
[2022-11-18 20:19:21,893]: [MT_EXECUTE          ] topic : MT/EXECUTE/__ay/sensor3 payload : {
    "type": "int",
    "value": 12
}
[2022-11-18 20:19:21,895]: [MT_EXECUTE          ] topic : MT/EXECUTE/__az/sensor3 payload : {
    "type": "int",
    "value": 7
}
[2022-11-18 20:19:21,898]: [MT_EXECUTE          ] topic : MT/EXECUTE/__moved/sensor3 payload : {
    "type": "int",
    "value": 1
}
[2022-11-18 20:19:23,892]: [MT_EXECUTE          ] topic : MT/EXECUTE/__humidity/sensor2 payload : {
    "type": "double",
    "value": 81.1
}
[2022-11-18 20:19:23,895]: [MT_EXECUTE          ] topic : MT/EXECUTE/__pressure/sensor2 payload : {
    "type": "int",
    "value": 1022.3
}
[2022-11-18 20:19:23,897]: [MT_EXECUTE          ] topic : MT/EXECUTE/__ax/sensor2 payload : {
    "type": "int",
    "value": 13
}
[2022-11-18 20:19:23,899]: [MT_EXECUTE          ] topic : MT/EXECUTE/__ay/sensor2 payload : {
    "type": "int",
    "value": 9
}
[2022-11-18 20:19:26,897]: [MT_EXECUTE          ] topic : MT/EXECUTE/__temperature/sensor0 payload : {
    "type": "double",
    "value": 0.0
}
[2022-11-18 20:19:29,897]: [MT_EXECUTE          ] topic : MT/EXECUTE/__humidity/sensor0 payload : {
    "type": "double",
    "value": 1022.2
}
[2022-11-18 20:19:32,902]: [MT_EXECUTE          ] topic : MT/EXECUTE/__pressure/sensor0 payload : {
    "type": "int",
    "value": 210.0
}
[2022-11-18 20:19:35,903]: [MT_EXECUTE          ] topic : MT/EXECUTE/__ax/sensor0 payload : {
    "type": "int",
    "value": 10
}
[2022-11-18 20:19:38,905]: [MT_EXECUTE          ] topic : MT/EXECUTE/__ay/sensor0 payload : {
    "type": "int",
    "value": 7
}
[2022-11-18 20:19:41,906]: [MT_EXECUTE          ] topic : MT/EXECUTE/__az/sensor0 payload : {
    "type": "int",
    "value": 10
}
[2022-11-18 20:19:44,910]: [MT_EXECUTE          ] topic : MT/EXECUTE/__moved/sensor0 payload : {
    "type": "int",
    "value": 1
}
[2022-11-18 20:19:44,912]: [MT_EXECUTE          ] topic : MT/EXECUTE/__temperature/sensor1 payload : {
    "type": "double",
    "value": 0.0
}
[2022-11-18 20:19:44,914]: [MT_EXECUTE          ] topic : MT/EXECUTE/__az/sensor2 payload : {
    "type": "int",
    "value": 7
}
[2022-11-18 20:19:44,916]: [MT_EXECUTE          ] topic : MT/EXECUTE/__moved/sensor2 payload : {
    "type": "int",
    "value": 1
}
[2022-11-18 20:19:44,918]: [TM_ALIVE            ] topic : TM/ALIVE/sensor0 payload : {}
[2022-11-18 20:19:44,920]: [TM_ALIVE            ] topic : TM/ALIVE/sensor1 payload : {}
[2022-11-18 20:19:44,922]: [TM_ALIVE            ] topic : TM/ALIVE/sensor2 payload : {}
[2022-11-18 20:19:44,924]: [TM_ALIVE            ] topic : TM/ALIVE/sensor3 payload : {}
[2022-11-18 20:19:47,917]: [MT_EXECUTE          ] topic : MT/EXECUTE/__temperature/sensor0 payload : {
    "type": "double",
    "value": 0.0
}
[2022-11-18 20:19:50,920]: [MT_EXECUTE          ] topic : MT/EXECUTE/__humidity/sensor0 payload : {
    "type": "double",
    "value": 80.8
}
[2022-11-18 20:19:52,920]: Ctrl + C Exit
