[2022-11-18 17:39:23,307]: Skip avahi_enable search...
[2022-11-18 17:39:23,307]: SSL is not enabled...
[2022-11-18 17:39:23,309]: [-> CONNECT           ] Connect to Host: 127.0.0.1:11083
[2022-11-18 17:39:23,313]: New staff_thing!!! name = sensor0
[2022-11-18 17:39:23,313]: [-> SUBSCRIBE         ] MT/RESULT/REGISTER/sensor0
[2022-11-18 17:39:23,315]: [-> SUBSCRIBE         ] MT/RESULT/UNREGISTER/sensor0
[2022-11-18 17:39:23,317]: [print_packet] Unexpected topic!!! : sensor0/temperature 
[2022-11-18 17:39:23,317]: [-> SUBSCRIBE         ] MT/RESULT/BINARY_VALUE/sensor0
[2022-11-18 17:39:23,319]: [print_packet] Unexpected topic!!! : sensor0/humidity 
[2022-11-18 17:39:23,320]: [_send_staff_RESULT_REGISTER] Register sensor0 complete!!!
[2022-11-18 17:39:23,321]: [print_packet] Unexpected topic!!! : sensor0/pressure 
[2022-11-18 17:39:23,323]: [print_packet] Unexpected topic!!! : sensor0/ax 
[2022-11-18 17:39:23,325]: [print_packet] Unexpected topic!!! : sensor0/ay 
[2022-11-18 17:39:23,327]: [print_packet] Unexpected topic!!! : sensor0/az 
[2022-11-18 17:39:23,328]: [print_packet] Unexpected topic!!! : sensor0/moved 
[2022-11-18 17:39:23,333]: [TM_REGISTER         ] topic : TM/REGISTER/sensor0 payload : {
    "alive_cycle": 10,
    "functions": [
        {
            "arguments": [],
            "description": "",
            "energy": null,
            "exec_time": -1,
            "name": "__temperature",
            "return_type": "double",
skip... (print_packet mode=SoPPrintMode.ABBR)
[2022-11-18 17:39:23,371]: [MT_RESULT_REGISTER  ] topic : MT/RESULT/REGISTER/sensor0 payload : {
    "error": -4,
    "middleware_name": "SoPIoT-MW-Level1-0_000000000000"
}
[2022-11-18 17:39:23,372]: [DUP✔                 ] Thing lora_manager_thing_D8F3BC801CFB register success!
[2022-11-18 17:39:23,372]: [-> SUBSCRIBE         ] MT/EXECUTE/__temperature/sensor0/+/#
[2022-11-18 17:39:23,373]: [-> SUBSCRIBE         ] MT/EXECUTE/__temperature/sensor0
[2022-11-18 17:39:23,373]: [-> SUBSCRIBE         ] MT/EXECUTE/__humidity/sensor0/+/#
[2022-11-18 17:39:23,374]: [TM_ALIVE            ] topic : TM/ALIVE/sensor0 payload : {}
[2022-11-18 17:39:23,374]: [-> SUBSCRIBE         ] MT/EXECUTE/__humidity/sensor0
[2022-11-18 17:39:23,375]: [-> SUBSCRIBE         ] MT/EXECUTE/__pressure/sensor0/+/#
[2022-11-18 17:39:23,376]: [-> SUBSCRIBE         ] MT/EXECUTE/__pressure/sensor0
[2022-11-18 17:39:23,376]: [-> SUBSCRIBE         ] MT/EXECUTE/__ax/sensor0/+/#
[2022-11-18 17:39:23,376]: [-> SUBSCRIBE         ] MT/EXECUTE/__ax/sensor0
[2022-11-18 17:39:23,377]: [-> SUBSCRIBE         ] MT/EXECUTE/__ay/sensor0/+/#
[2022-11-18 17:39:23,377]: [-> SUBSCRIBE         ] MT/EXECUTE/__ay/sensor0
[2022-11-18 17:39:23,378]: [-> SUBSCRIBE         ] MT/EXECUTE/__az/sensor0/+/#
[2022-11-18 17:39:23,378]: [-> SUBSCRIBE         ] MT/EXECUTE/__az/sensor0
[2022-11-18 17:39:23,378]: [-> SUBSCRIBE         ] MT/EXECUTE/__moved/sensor0/+/#
[2022-11-18 17:39:23,378]: [-> SUBSCRIBE         ] MT/EXECUTE/__moved/sensor0
[2022-11-18 17:39:24,315]: [print_packet] Unexpected topic!!! : sensor0/temperature 
[2022-11-18 17:39:24,318]: [print_packet] Unexpected topic!!! : sensor0/humidity 
[2022-11-18 17:39:24,320]: [print_packet] Unexpected topic!!! : sensor0/pressure 
[2022-11-18 17:39:24,322]: [print_packet] Unexpected topic!!! : sensor0/ax 
[2022-11-18 17:39:24,324]: [print_packet] Unexpected topic!!! : sensor0/ay 
[2022-11-18 17:39:24,326]: [print_packet] Unexpected topic!!! : sensor0/az 
[2022-11-18 17:39:24,328]: [print_packet] Unexpected topic!!! : sensor0/moved 
[2022-11-18 17:39:25,316]: [print_packet] Unexpected topic!!! : sensor0/temperature 
[2022-11-18 17:39:25,318]: [print_packet] Unexpected topic!!! : sensor0/humidity 
[2022-11-18 17:39:25,320]: [print_packet] Unexpected topic!!! : sensor0/pressure 
[2022-11-18 17:39:25,322]: [print_packet] Unexpected topic!!! : sensor0/ax 
[2022-11-18 17:39:25,324]: [print_packet] Unexpected topic!!! : sensor0/ay 
[2022-11-18 17:39:25,326]: [print_packet] Unexpected topic!!! : sensor0/az 
[2022-11-18 17:39:25,328]: [print_packet] Unexpected topic!!! : sensor0/moved 
[2022-11-18 17:39:26,315]: [TM_ALIVE            ] topic : TM/ALIVE/sensor0 payload : {}
[2022-11-18 17:39:26,317]: [print_packet] Unexpected topic!!! : sensor0/temperature 
[2022-11-18 17:39:26,320]: [print_packet] Unexpected topic!!! : sensor0/humidity 
[2022-11-18 17:39:26,321]: [print_packet] Unexpected topic!!! : sensor0/pressure 
[2022-11-18 17:39:26,323]: [print_packet] Unexpected topic!!! : sensor0/ax 
[2022-11-18 17:39:26,325]: [print_packet] Unexpected topic!!! : sensor0/ay 
[2022-11-18 17:39:26,327]: [print_packet] Unexpected topic!!! : sensor0/az 
[2022-11-18 17:39:26,329]: [print_packet] Unexpected topic!!! : sensor0/moved 
[2022-11-18 17:39:27,317]: [print_packet] Unexpected topic!!! : sensor0/temperature 
[2022-11-18 17:39:27,319]: [print_packet] Unexpected topic!!! : sensor0/humidity 
[2022-11-18 17:39:27,321]: [print_packet] Unexpected topic!!! : sensor0/pressure 
[2022-11-18 17:39:27,323]: [print_packet] Unexpected topic!!! : sensor0/ax 
[2022-11-18 17:39:27,325]: [print_packet] Unexpected topic!!! : sensor0/ay 
[2022-11-18 17:39:27,327]: [print_packet] Unexpected topic!!! : sensor0/az 
[2022-11-18 17:39:27,329]: [print_packet] Unexpected topic!!! : sensor0/moved 
[2022-11-18 17:39:28,317]: [print_packet] Unexpected topic!!! : sensor0/temperature 
[2022-11-18 17:39:28,319]: [print_packet] Unexpected topic!!! : sensor0/humidity 
[2022-11-18 17:39:28,322]: [print_packet] Unexpected topic!!! : sensor0/pressure 
[2022-11-18 17:39:28,324]: [print_packet] Unexpected topic!!! : sensor0/ax 
[2022-11-18 17:39:28,326]: [print_packet] Unexpected topic!!! : sensor0/ay 
[2022-11-18 17:39:28,329]: [print_packet] Unexpected topic!!! : sensor0/az 
[2022-11-18 17:39:28,331]: [print_packet] Unexpected topic!!! : sensor0/moved 
[2022-11-18 17:39:29,314]: [TM_ALIVE            ] topic : TM/ALIVE/sensor0 payload : {}
[2022-11-18 17:39:29,318]: [print_packet] Unexpected topic!!! : sensor0/temperature 
[2022-11-18 17:39:29,321]: [print_packet] Unexpected topic!!! : sensor0/humidity 
[2022-11-18 17:39:29,323]: [print_packet] Unexpected topic!!! : sensor0/pressure 
[2022-11-18 17:39:29,325]: [print_packet] Unexpected topic!!! : sensor0/ax 
[2022-11-18 17:39:29,327]: [print_packet] Unexpected topic!!! : sensor0/ay 
[2022-11-18 17:39:29,329]: [print_packet] Unexpected topic!!! : sensor0/az 
[2022-11-18 17:39:29,333]: [print_packet] Unexpected topic!!! : sensor0/moved 
[2022-11-18 17:39:30,318]: [print_packet] Unexpected topic!!! : sensor0/temperature 
[2022-11-18 17:39:30,321]: [print_packet] Unexpected topic!!! : sensor0/humidity 
[2022-11-18 17:39:30,323]: [print_packet] Unexpected topic!!! : sensor0/pressure 
[2022-11-18 17:39:30,325]: [print_packet] Unexpected topic!!! : sensor0/ax 
[2022-11-18 17:39:30,327]: [print_packet] Unexpected topic!!! : sensor0/ay 
[2022-11-18 17:39:30,329]: [print_packet] Unexpected topic!!! : sensor0/az 
[2022-11-18 17:39:30,330]: [print_packet] Unexpected topic!!! : sensor0/moved 
[2022-11-18 17:39:31,320]: [print_packet] Unexpected topic!!! : sensor0/temperature 
[2022-11-18 17:39:31,323]: [print_packet] Unexpected topic!!! : sensor0/humidity 
[2022-11-18 17:39:31,325]: [print_packet] Unexpected topic!!! : sensor0/pressure 
[2022-11-18 17:39:31,327]: [print_packet] Unexpected topic!!! : sensor0/ax 
[2022-11-18 17:39:31,329]: [print_packet] Unexpected topic!!! : sensor0/ay 
[2022-11-18 17:39:31,332]: [print_packet] Unexpected topic!!! : sensor0/az 
[2022-11-18 17:39:31,333]: [print_packet] Unexpected topic!!! : sensor0/moved 
[2022-11-18 17:39:32,315]: [TM_ALIVE            ] topic : TM/ALIVE/sensor0 payload : {}
[2022-11-18 17:39:32,321]: [print_packet] Unexpected topic!!! : sensor0/temperature 
[2022-11-18 17:39:32,323]: [print_packet] Unexpected topic!!! : sensor0/humidity 
[2022-11-18 17:39:32,325]: [print_packet] Unexpected topic!!! : sensor0/pressure 
[2022-11-18 17:39:32,328]: [print_packet] Unexpected topic!!! : sensor0/ax 
[2022-11-18 17:39:32,329]: [print_packet] Unexpected topic!!! : sensor0/ay 
[2022-11-18 17:39:32,331]: [print_packet] Unexpected topic!!! : sensor0/az 
[2022-11-18 17:39:32,333]: [print_packet] Unexpected topic!!! : sensor0/moved 
[2022-11-18 17:39:33,320]: [print_packet] Unexpected topic!!! : sensor0/temperature 
[2022-11-18 17:39:33,325]: [print_packet] Unexpected topic!!! : sensor0/humidity 
[2022-11-18 17:39:33,328]: [print_packet] Unexpected topic!!! : sensor0/pressure 
[2022-11-18 17:39:33,329]: [print_packet] Unexpected topic!!! : sensor0/ax 
[2022-11-18 17:39:33,331]: [print_packet] Unexpected topic!!! : sensor0/ay 
[2022-11-18 17:39:33,333]: [print_packet] Unexpected topic!!! : sensor0/az 
[2022-11-18 17:39:33,335]: [print_packet] Unexpected topic!!! : sensor0/moved 
[2022-11-18 17:39:34,321]: [print_packet] Unexpected topic!!! : sensor0/temperature 
[2022-11-18 17:39:34,325]: [print_packet] Unexpected topic!!! : sensor0/humidity 
[2022-11-18 17:39:34,327]: [print_packet] Unexpected topic!!! : sensor0/pressure 
[2022-11-18 17:39:34,329]: [print_packet] Unexpected topic!!! : sensor0/ax 
[2022-11-18 17:39:34,331]: [print_packet] Unexpected topic!!! : sensor0/ay 
[2022-11-18 17:39:34,333]: [print_packet] Unexpected topic!!! : sensor0/az 
[2022-11-18 17:39:34,335]: [print_packet] Unexpected topic!!! : sensor0/moved 
[2022-11-18 17:39:35,316]: [TM_ALIVE            ] topic : TM/ALIVE/sensor0 payload : {}
[2022-11-18 17:39:35,322]: [print_packet] Unexpected topic!!! : sensor0/temperature 
[2022-11-18 17:39:35,326]: [print_packet] Unexpected topic!!! : sensor0/humidity 
[2022-11-18 17:39:35,328]: [print_packet] Unexpected topic!!! : sensor0/pressure 
[2022-11-18 17:39:35,330]: [print_packet] Unexpected topic!!! : sensor0/ax 
[2022-11-18 17:39:35,332]: [print_packet] Unexpected topic!!! : sensor0/ay 
[2022-11-18 17:39:35,333]: [print_packet] Unexpected topic!!! : sensor0/az 
[2022-11-18 17:39:35,335]: [print_packet] Unexpected topic!!! : sensor0/moved 
[2022-11-18 17:39:36,321]: [print_packet] Unexpected topic!!! : sensor0/temperature 
[2022-11-18 17:39:36,326]: [print_packet] Unexpected topic!!! : sensor0/humidity 
[2022-11-18 17:39:36,328]: [print_packet] Unexpected topic!!! : sensor0/pressure 
[2022-11-18 17:39:36,330]: [print_packet] Unexpected topic!!! : sensor0/ax 
[2022-11-18 17:39:36,332]: [print_packet] Unexpected topic!!! : sensor0/ay 
[2022-11-18 17:39:36,334]: [print_packet] Unexpected topic!!! : sensor0/az 
[2022-11-18 17:39:36,336]: [print_packet] Unexpected topic!!! : sensor0/moved 
[2022-11-18 17:39:37,323]: [print_packet] Unexpected topic!!! : sensor0/temperature 
[2022-11-18 17:39:37,327]: [print_packet] Unexpected topic!!! : sensor0/humidity 
[2022-11-18 17:39:37,329]: [print_packet] Unexpected topic!!! : sensor0/pressure 
[2022-11-18 17:39:37,331]: [print_packet] Unexpected topic!!! : sensor0/ax 
[2022-11-18 17:39:37,334]: [print_packet] Unexpected topic!!! : sensor0/ay 
[2022-11-18 17:39:37,335]: [print_packet] Unexpected topic!!! : sensor0/az 
[2022-11-18 17:39:37,337]: [print_packet] Unexpected topic!!! : sensor0/moved 
[2022-11-18 17:39:38,317]: [TM_ALIVE            ] topic : TM/ALIVE/sensor0 payload : {}
[2022-11-18 17:39:38,322]: [print_packet] Unexpected topic!!! : sensor0/temperature 
[2022-11-18 17:39:38,327]: [print_packet] Unexpected topic!!! : sensor0/humidity 
[2022-11-18 17:39:38,329]: [print_packet] Unexpected topic!!! : sensor0/pressure 
[2022-11-18 17:39:38,331]: [print_packet] Unexpected topic!!! : sensor0/ax 
[2022-11-18 17:39:38,333]: [print_packet] Unexpected topic!!! : sensor0/ay 
[2022-11-18 17:39:38,335]: [print_packet] Unexpected topic!!! : sensor0/az 
[2022-11-18 17:39:38,337]: [print_packet] Unexpected topic!!! : sensor0/moved 
[2022-11-18 17:39:39,323]: [print_packet] Unexpected topic!!! : sensor0/temperature 
[2022-11-18 17:39:39,327]: [print_packet] Unexpected topic!!! : sensor0/humidity 
[2022-11-18 17:39:39,330]: [print_packet] Unexpected topic!!! : sensor0/pressure 
[2022-11-18 17:39:39,332]: [print_packet] Unexpected topic!!! : sensor0/ax 
[2022-11-18 17:39:39,333]: [print_packet] Unexpected topic!!! : sensor0/ay 
[2022-11-18 17:39:39,335]: [print_packet] Unexpected topic!!! : sensor0/az 
[2022-11-18 17:39:39,337]: [print_packet] Unexpected topic!!! : sensor0/moved 
[2022-11-18 17:39:40,324]: [print_packet] Unexpected topic!!! : sensor0/temperature 
[2022-11-18 17:39:40,329]: [print_packet] Unexpected topic!!! : sensor0/humidity 
[2022-11-18 17:39:40,330]: [print_packet] Unexpected topic!!! : sensor0/pressure 
[2022-11-18 17:39:40,332]: [print_packet] Unexpected topic!!! : sensor0/ax 
[2022-11-18 17:39:40,335]: [print_packet] Unexpected topic!!! : sensor0/ay 
[2022-11-18 17:39:40,336]: [print_packet] Unexpected topic!!! : sensor0/az 
[2022-11-18 17:39:40,339]: [print_packet] Unexpected topic!!! : sensor0/moved 
[2022-11-18 17:39:41,318]: [TM_ALIVE            ] topic : TM/ALIVE/sensor0 payload : {}
[2022-11-18 17:39:41,326]: [print_packet] Unexpected topic!!! : sensor0/temperature 
[2022-11-18 17:39:41,329]: [print_packet] Unexpected topic!!! : sensor0/humidity 
[2022-11-18 17:39:41,331]: [print_packet] Unexpected topic!!! : sensor0/pressure 
[2022-11-18 17:39:41,335]: [print_packet] Unexpected topic!!! : sensor0/ax 
[2022-11-18 17:39:41,338]: [print_packet] Unexpected topic!!! : sensor0/ay 
[2022-11-18 17:39:41,342]: [print_packet] Unexpected topic!!! : sensor0/az 
[2022-11-18 17:39:41,344]: [print_packet] Unexpected topic!!! : sensor0/moved 
[2022-11-18 17:39:42,325]: [print_packet] Unexpected topic!!! : sensor0/temperature 
[2022-11-18 17:39:42,329]: [print_packet] Unexpected topic!!! : sensor0/humidity 
[2022-11-18 17:39:42,331]: [print_packet] Unexpected topic!!! : sensor0/pressure 
[2022-11-18 17:39:42,333]: [print_packet] Unexpected topic!!! : sensor0/ax 
[2022-11-18 17:39:42,335]: [print_packet] Unexpected topic!!! : sensor0/ay 
[2022-11-18 17:39:42,337]: [print_packet] Unexpected topic!!! : sensor0/az 
[2022-11-18 17:39:42,339]: [print_packet] Unexpected topic!!! : sensor0/moved 
[2022-11-18 17:39:43,326]: [print_packet] Unexpected topic!!! : sensor0/temperature 
[2022-11-18 17:39:43,330]: [print_packet] Unexpected topic!!! : sensor0/humidity 
[2022-11-18 17:39:43,331]: [print_packet] Unexpected topic!!! : sensor0/pressure 
[2022-11-18 17:39:43,333]: [print_packet] Unexpected topic!!! : sensor0/ax 
[2022-11-18 17:39:43,337]: [print_packet] Unexpected topic!!! : sensor0/ay 
[2022-11-18 17:39:43,339]: [print_packet] Unexpected topic!!! : sensor0/az 
[2022-11-18 17:39:43,341]: [print_packet] Unexpected topic!!! : sensor0/moved 
[2022-11-18 17:39:44,318]: [TM_ALIVE            ] topic : TM/ALIVE/sensor0 payload : {}
[2022-11-18 17:39:44,326]: [print_packet] Unexpected topic!!! : sensor0/temperature 
[2022-11-18 17:39:44,332]: [print_packet] Unexpected topic!!! : sensor0/humidity 
[2022-11-18 17:39:44,334]: [print_packet] Unexpected topic!!! : sensor0/pressure 
[2022-11-18 17:39:44,336]: [print_packet] Unexpected topic!!! : sensor0/ax 
[2022-11-18 17:39:44,339]: [print_packet] Unexpected topic!!! : sensor0/ay 
[2022-11-18 17:39:44,342]: [print_packet] Unexpected topic!!! : sensor0/az 
[2022-11-18 17:39:44,344]: [print_packet] Unexpected topic!!! : sensor0/moved 
[2022-11-18 17:39:45,327]: [print_packet] Unexpected topic!!! : sensor0/temperature 
[2022-11-18 17:39:45,332]: [print_packet] Unexpected topic!!! : sensor0/humidity 
[2022-11-18 17:39:45,333]: [print_packet] Unexpected topic!!! : sensor0/pressure 
[2022-11-18 17:39:45,335]: [print_packet] Unexpected topic!!! : sensor0/ax 
[2022-11-18 17:39:45,339]: [print_packet] Unexpected topic!!! : sensor0/ay 
[2022-11-18 17:39:45,341]: [print_packet] Unexpected topic!!! : sensor0/az 
[2022-11-18 17:39:45,343]: [print_packet] Unexpected topic!!! : sensor0/moved 
[2022-11-18 17:39:46,328]: [print_packet] Unexpected topic!!! : sensor0/temperature 
[2022-11-18 17:39:46,333]: [print_packet] Unexpected topic!!! : sensor0/humidity 
[2022-11-18 17:39:46,335]: [print_packet] Unexpected topic!!! : sensor0/pressure 
[2022-11-18 17:39:46,338]: [print_packet] Unexpected topic!!! : sensor0/ax 
[2022-11-18 17:39:46,340]: [print_packet] Unexpected topic!!! : sensor0/ay 
[2022-11-18 17:39:46,341]: [print_packet] Unexpected topic!!! : sensor0/az 
[2022-11-18 17:39:46,343]: [print_packet] Unexpected topic!!! : sensor0/moved 
[2022-11-18 17:39:47,317]: [TM_ALIVE            ] topic : TM/ALIVE/sensor0 payload : {}
[2022-11-18 17:39:47,329]: [print_packet] Unexpected topic!!! : sensor0/temperature 
[2022-11-18 17:39:47,333]: [print_packet] Unexpected topic!!! : sensor0/humidity 
[2022-11-18 17:39:47,335]: [print_packet] Unexpected topic!!! : sensor0/pressure 
[2022-11-18 17:39:47,337]: [print_packet] Unexpected topic!!! : sensor0/ax 
[2022-11-18 17:39:47,340]: [print_packet] Unexpected topic!!! : sensor0/ay 
[2022-11-18 17:39:47,342]: [print_packet] Unexpected topic!!! : sensor0/az 
[2022-11-18 17:39:47,345]: [print_packet] Unexpected topic!!! : sensor0/moved 
[2022-11-18 17:39:48,330]: [print_packet] Unexpected topic!!! : sensor0/temperature 
[2022-11-18 17:39:48,335]: [print_packet] Unexpected topic!!! : sensor0/humidity 
[2022-11-18 17:39:48,337]: [print_packet] Unexpected topic!!! : sensor0/pressure 
[2022-11-18 17:39:48,338]: [print_packet] Unexpected topic!!! : sensor0/ax 
[2022-11-18 17:39:48,340]: [print_packet] Unexpected topic!!! : sensor0/ay 
[2022-11-18 17:39:48,342]: [print_packet] Unexpected topic!!! : sensor0/az 
[2022-11-18 17:39:48,344]: [print_packet] Unexpected topic!!! : sensor0/moved 
[2022-11-18 17:39:49,329]: [print_packet] Unexpected topic!!! : sensor0/temperature 
[2022-11-18 17:39:49,335]: [print_packet] Unexpected topic!!! : sensor0/humidity 
[2022-11-18 17:39:49,338]: [print_packet] Unexpected topic!!! : sensor0/pressure 
[2022-11-18 17:39:49,339]: [print_packet] Unexpected topic!!! : sensor0/ax 
[2022-11-18 17:39:49,341]: [print_packet] Unexpected topic!!! : sensor0/ay 
[2022-11-18 17:39:49,343]: [print_packet] Unexpected topic!!! : sensor0/az 
[2022-11-18 17:39:49,345]: [print_packet] Unexpected topic!!! : sensor0/moved 
[2022-11-18 17:39:50,318]: [TM_ALIVE            ] topic : TM/ALIVE/sensor0 payload : {}
[2022-11-18 17:39:50,330]: [print_packet] Unexpected topic!!! : sensor0/temperature 
[2022-11-18 17:39:50,337]: [print_packet] Unexpected topic!!! : sensor0/humidity 
[2022-11-18 17:39:50,339]: [print_packet] Unexpected topic!!! : sensor0/pressure 
[2022-11-18 17:39:50,341]: [print_packet] Unexpected topic!!! : sensor0/ax 
[2022-11-18 17:39:50,345]: [print_packet] Unexpected topic!!! : sensor0/ay 
[2022-11-18 17:39:50,347]: [print_packet] Unexpected topic!!! : sensor0/az 
[2022-11-18 17:39:50,349]: [print_packet] Unexpected topic!!! : sensor0/moved 
[2022-11-18 17:39:51,330]: [print_packet] Unexpected topic!!! : sensor0/temperature 
[2022-11-18 17:39:51,336]: [print_packet] Unexpected topic!!! : sensor0/humidity 
[2022-11-18 17:39:51,339]: [print_packet] Unexpected topic!!! : sensor0/pressure 
[2022-11-18 17:39:51,342]: [print_packet] Unexpected topic!!! : sensor0/ax 
[2022-11-18 17:39:51,344]: [print_packet] Unexpected topic!!! : sensor0/ay 
[2022-11-18 17:39:51,346]: [print_packet] Unexpected topic!!! : sensor0/az 
[2022-11-18 17:39:51,348]: [print_packet] Unexpected topic!!! : sensor0/moved 
[2022-11-18 17:39:52,331]: [print_packet] Unexpected topic!!! : sensor0/temperature 
[2022-11-18 17:39:52,337]: [print_packet] Unexpected topic!!! : sensor0/humidity 
[2022-11-18 17:39:52,340]: [print_packet] Unexpected topic!!! : sensor0/pressure 
[2022-11-18 17:39:52,342]: [print_packet] Unexpected topic!!! : sensor0/ax 
[2022-11-18 17:39:52,343]: [print_packet] Unexpected topic!!! : sensor0/ay 
[2022-11-18 17:39:52,346]: [print_packet] Unexpected topic!!! : sensor0/az 
[2022-11-18 17:39:52,348]: [print_packet] Unexpected topic!!! : sensor0/moved 
[2022-11-18 17:39:52,942]: Ctrl + C Exit
